-- The C compiler identification is GNU 7.5.0
-- The CXX compiler identification is GNU 7.5.0
-- Check for working C compiler: /usr/bin/cc
-- Check for working C compiler: /usr/bin/cc -- works
-- Detecting C compiler ABI info
-- Detecting C compiler ABI info - done
-- Detecting C compile features
-- Detecting C compile features - done
-- Check for working CXX compiler: /usr/bin/c++
-- Check for working CXX compiler: /usr/bin/c++ -- works
-- Detecting CXX compiler ABI info
-- Detecting CXX compiler ABI info - done
-- Detecting CXX compile features
-- Detecting CXX compile features - done
-- Using CATKIN_DEVEL_PREFIX: /kanaloa_vorc/build/usv_gazebo_plugins/devel
-- Using CMAKE_PREFIX_PATH: /kanaloa_vorc/install/wave_gazebo_plugins;/kanaloa_vorc/install/usv_msgs;/vorc_ws/install/vorc_gazebo;/vorc_ws/install/vrx_gazebo;/vorc_ws/install/wave_gazebo;/vorc_ws/install/cora_description;/vorc_ws/install/wamv_gazebo;/vorc_ws/install/usv_gazebo_plugins;/vorc_ws/install/wave_gazebo_plugins;/vorc_ws/install/wamv_description;/vorc_ws/install/usv_msgs;/opt/ros/melodic
-- This workspace overlays: /kanaloa_vorc/install/wave_gazebo_plugins;/kanaloa_vorc/install/usv_msgs;/opt/ros/melodic
-- Found PythonInterp: /usr/bin/python2 (found suitable version "2.7.17", minimum required is "2") 
-- Using PYTHON_EXECUTABLE: /usr/bin/python2
-- Using Debian Python package layout
-- Using empy: /usr/bin/empy
-- Using CATKIN_ENABLE_TESTING: ON
-- Call enable_testing()
-- Using CATKIN_TEST_RESULTS_DIR: /kanaloa_vorc/build/usv_gazebo_plugins/test_results
-- Found gtest sources under '/usr/src/googletest': gtests will be built
-- Found gmock sources under '/usr/src/googletest': gmock will be built
-- Found PythonInterp: /usr/bin/python2 (found version "2.7.17") 
-- Looking for pthread.h
-- Looking for pthread.h - found
-- Looking for pthread_create
-- Looking for pthread_create - not found
-- Looking for pthread_create in pthreads
-- Looking for pthread_create in pthreads - not found
-- Looking for pthread_create in pthread
-- Looking for pthread_create in pthread - found
-- Found Threads: TRUE  
-- Using Python nosetests: /usr/bin/nosetests-2.7
-- catkin 0.7.29
-- BUILD_SHARED_LIBS is on
-- Found PkgConfig: /usr/bin/pkg-config (found version "0.29.1") 
-- Checking for module 'bullet>=2.82'
--   Found bullet, version 2.87
-- Found Simbody: /usr/include/simbody  
-- Boost version: 1.65.1
-- Found the following Boost libraries:
--   thread
--   system
--   filesystem
--   program_options
--   regex
--   iostreams
--   date_time
--   chrono
--   atomic
-- Found Protobuf: /usr/lib/x86_64-linux-gnu/libprotobuf.so;-lpthread (found version "3.0.0") 
-- Boost version: 1.65.1
-- Looking for OGRE...
-- OGRE_PREFIX_WATCH changed.
-- Checking for module 'OGRE'
--   Found OGRE, version 1.9.0
-- Found Ogre Ghadamon (1.9.0)
-- Found OGRE: optimized;/usr/lib/x86_64-linux-gnu/libOgreMain.so;debug;/usr/lib/x86_64-linux-gnu/libOgreMain.so
-- Looking for OGRE_Paging...
-- Found OGRE_Paging: optimized;/usr/lib/x86_64-linux-gnu/libOgrePaging.so;debug;/usr/lib/x86_64-linux-gnu/libOgrePaging.so
-- Looking for OGRE_Terrain...
-- Found OGRE_Terrain: optimized;/usr/lib/x86_64-linux-gnu/libOgreTerrain.so;debug;/usr/lib/x86_64-linux-gnu/libOgreTerrain.so
-- Looking for OGRE_Property...
-- Found OGRE_Property: optimized;/usr/lib/x86_64-linux-gnu/libOgreProperty.so;debug;/usr/lib/x86_64-linux-gnu/libOgreProperty.so
-- Looking for OGRE_RTShaderSystem...
-- Found OGRE_RTShaderSystem: optimized;/usr/lib/x86_64-linux-gnu/libOgreRTShaderSystem.so;debug;/usr/lib/x86_64-linux-gnu/libOgreRTShaderSystem.so
-- Looking for OGRE_Volume...
-- Found OGRE_Volume: optimized;/usr/lib/x86_64-linux-gnu/libOgreVolume.so;debug;/usr/lib/x86_64-linux-gnu/libOgreVolume.so
-- Looking for OGRE_Overlay...
-- Found OGRE_Overlay: optimized;/usr/lib/x86_64-linux-gnu/libOgreOverlay.so;debug;/usr/lib/x86_64-linux-gnu/libOgreOverlay.so
-- Found Protobuf: /usr/lib/x86_64-linux-gnu/libprotobuf.so;-lpthread;-lpthread (found suitable version "3.0.0", minimum required is "2.3.0") 
-- Config-file not installed for ZeroMQ -- checking for pkg-config
-- Checking for module 'libzmq >= 4'
--   Found libzmq , version 4.2.5
-- Found ZeroMQ: TRUE (Required is at least version "4") 
-- Checking for module 'uuid'
--   Found uuid, version 2.31.1
-- Found UUID: TRUE  
-- Checking for module 'tinyxml2'
--   Found tinyxml2, version 6.0.0
-- Looking for dlfcn.h - found
-- Looking for libdl - found
-- Found DL: TRUE  
-- FreeImage.pc not found, we will search for FreeImage_INCLUDE_DIRS and FreeImage_LIBRARIES
-- Checking for module 'gts'
--   Found gts, version 0.7.6
-- Found GTS: TRUE  
-- Checking for module 'libswscale'
--   Found libswscale, version 4.8.100
-- Found SWSCALE: TRUE  
-- Checking for module 'libavdevice >= 56.4.100'
--   Found libavdevice , version 57.10.100
-- Found AVDEVICE: TRUE (Required is at least version "56.4.100") 
-- Checking for module 'libavformat'
--   Found libavformat, version 57.83.100
-- Found AVFORMAT: TRUE  
-- Checking for module 'libavcodec'
--   Found libavcodec, version 57.107.100
-- Found AVCODEC: TRUE  
-- Checking for module 'libavutil'
--   Found libavutil, version 55.78.100
-- Found AVUTIL: TRUE  
-- Found CURL: /usr/lib/x86_64-linux-gnu/libcurl.so (found version "7.58.0") 
-- Checking for module 'jsoncpp'
--   Found jsoncpp, version 1.7.4
-- Found JSONCPP: TRUE  
-- Checking for module 'yaml-0.1'
--   Found yaml-0.1, version 0.1.7
-- Found YAML: TRUE  
-- Checking for module 'libzip'
--   Found libzip, version 1.1.2
-- Found ZIP: TRUE  
-- Gazebo version: 9.16
-- Using these message generators: gencpp;geneus;genlisp;gennodejs;genpy
-- xacro: determining deps for: worlds/buoyancy_plugin_demo.world.xacro ...
-- Configuring done
-- Generating done
-- Build files have been written to: /kanaloa_vorc/build/usv_gazebo_plugins
[35m[1mScanning dependencies of target usv_gazebo_plugins__xacro_auto_generate[0m
[35m[1mScanning dependencies of target usv_gazebo_thrust_plugin[0m
[35m[1mScanning dependencies of target usv_gazebo_dynamics_plugin[0m
[35m[1mScanning dependencies of target usv_gazebo_wind_plugin[0m
[35m[1mScanning dependencies of target buoyancy_gazebo_plugin[0m
[35m[1mScanning dependencies of target usv_msgs_generate_messages_cpp[0m
[  6%] [34m[1mxacro: generating worlds/buoyancy_plugin_demo.world from worlds/buoyancy_plugin_demo.world.xacro[0m
[  6%] Built target usv_msgs_generate_messages_cpp
[35m[1mScanning dependencies of target usv_gazebo_plugins__xacro_auto_generate_to_devel_space_[0m
[ 12%] [34m[1mxacro: generating worlds/buoyancy_plugin_demo.world from worlds/buoyancy_plugin_demo.world.xacro[0m


[ 12%] Built target usv_gazebo_plugins__xacro_auto_generate
[ 18%] [32mBuilding CXX object CMakeFiles/usv_gazebo_wind_plugin.dir/src/usv_gazebo_wind_plugin.cc.o[0m
[ 25%] [32mBuilding CXX object CMakeFiles/buoyancy_gazebo_plugin.dir/src/buoyancy_gazebo_plugin.cc.o[0m
[ 31%] [32mBuilding CXX object CMakeFiles/usv_gazebo_thrust_plugin.dir/src/usv_gazebo_thrust_plugin.cc.o[0m
[ 37%] [32mBuilding CXX object CMakeFiles/buoyancy_gazebo_plugin.dir/src/shape_volume.cc.o[0m
[ 43%] [34m[1mcreating dir /kanaloa_vorc/build/usv_gazebo_plugins/devel/share/usv_gazebo_plugins/worlds[0m
[ 50%] [34m[1mCopying to devel space: /kanaloa_vorc/build/usv_gazebo_plugins/devel/share/usv_gazebo_plugins/worlds/buoyancy_plugin_demo.world[0m
[ 56%] [32mBuilding CXX object CMakeFiles/usv_gazebo_dynamics_plugin.dir/src/usv_gazebo_dynamics_plugin.cc.o[0m
[ 56%] Built target usv_gazebo_plugins__xacro_auto_generate_to_devel_space_
[35m[1mScanning dependencies of target usv_gazebo_acoustic_pinger_plugin[0m
[ 62%] [32mBuilding CXX object CMakeFiles/usv_gazebo_acoustic_pinger_plugin.dir/src/acoustic_pinger_plugin.cc.o[0m
[ 68%] [32mBuilding CXX object CMakeFiles/buoyancy_gazebo_plugin.dir/src/polyhedron_volume.cc.o[0m
[35m[1mScanning dependencies of target usv_gazebo_plugins_xacro_generated_to_devel_space_[0m
[ 68%] Built target usv_gazebo_plugins_xacro_generated_to_devel_space_
[ 75%] [32m[1mLinking CXX shared library devel/lib/libusv_gazebo_wind_plugin.so[0m
[ 81%] [32m[1mLinking CXX shared library devel/lib/libusv_gazebo_acoustic_pinger_plugin.so[0m
[ 87%] [32m[1mLinking CXX shared library devel/lib/libusv_gazebo_thrust_plugin.so[0m
[ 93%] [32m[1mLinking CXX shared library devel/lib/libbuoyancy_gazebo_plugin.so[0m
[ 93%] Built target usv_gazebo_wind_plugin
[ 93%] Built target usv_gazebo_acoustic_pinger_plugin
[ 93%] Built target usv_gazebo_thrust_plugin
[ 93%] Built target buoyancy_gazebo_plugin
[100%] [32m[1mLinking CXX shared library devel/lib/libusv_gazebo_dynamics_plugin.so[0m
[100%] Built target usv_gazebo_dynamics_plugin
[35m[1mScanning dependencies of target gtest[0m
[ 12%] [32mBuilding CXX object gtest/googlemock/gtest/CMakeFiles/gtest.dir/src/gtest-all.cc.o[0m
[ 62%] Built target buoyancy_gazebo_plugin
[ 75%] [32m[1mLinking CXX shared library libgtest.so[0m
[ 75%] Built target gtest
[35m[1mScanning dependencies of target buoyancy_plugin_test[0m
[ 87%] [32mBuilding CXX object CMakeFiles/buoyancy_plugin_test.dir/test/buoyancy_test.cc.o[0m
[100%] [32m[1mLinking CXX executable devel/lib/usv_gazebo_plugins/buoyancy_plugin_test[0m
[100%] Built target buoyancy_plugin_test
[35m[1mScanning dependencies of target tests[0m
[100%] Built target tests
[  0%] Built target usv_msgs_generate_messages_cpp
[  6%] Built target usv_gazebo_plugins__xacro_auto_generate
[ 37%] Built target usv_gazebo_wind_plugin
[ 43%] Built target buoyancy_gazebo_plugin
[ 56%] Built target usv_gazebo_thrust_plugin
[ 75%] Built target usv_gazebo_plugins__xacro_auto_generate_to_devel_space_
[ 87%] Built target usv_gazebo_dynamics_plugin
[100%] Built target usv_gazebo_acoustic_pinger_plugin
[100%] Built target usv_gazebo_plugins_xacro_generated_to_devel_space_
[36mInstall the project...[0m
-- Install configuration: ""
-- Installing: /kanaloa_vorc/install/usv_gazebo_plugins/lib/pkgconfig/usv_gazebo_plugins.pc
-- Installing: /kanaloa_vorc/install/usv_gazebo_plugins/share/usv_gazebo_plugins/cmake/usv_gazebo_pluginsConfig.cmake
-- Installing: /kanaloa_vorc/install/usv_gazebo_plugins/share/usv_gazebo_plugins/cmake/usv_gazebo_pluginsConfig-version.cmake
-- Installing: /kanaloa_vorc/install/usv_gazebo_plugins/share/usv_gazebo_plugins/package.xml
-- Installing: /kanaloa_vorc/install/usv_gazebo_plugins/lib/libbuoyancy_gazebo_plugin.so
-- Set runtime path of "/kanaloa_vorc/install/usv_gazebo_plugins/lib/libbuoyancy_gazebo_plugin.so" to ""
-- Installing: /kanaloa_vorc/install/usv_gazebo_plugins/lib/libusv_gazebo_dynamics_plugin.so
-- Set runtime path of "/kanaloa_vorc/install/usv_gazebo_plugins/lib/libusv_gazebo_dynamics_plugin.so" to ""
-- Installing: /kanaloa_vorc/install/usv_gazebo_plugins/lib/libusv_gazebo_thrust_plugin.so
-- Set runtime path of "/kanaloa_vorc/install/usv_gazebo_plugins/lib/libusv_gazebo_thrust_plugin.so" to ""
-- Installing: /kanaloa_vorc/install/usv_gazebo_plugins/lib/libusv_gazebo_wind_plugin.so
-- Set runtime path of "/kanaloa_vorc/install/usv_gazebo_plugins/lib/libusv_gazebo_wind_plugin.so" to ""
-- Installing: /kanaloa_vorc/install/usv_gazebo_plugins/lib/libusv_gazebo_acoustic_pinger_plugin.so
-- Set runtime path of "/kanaloa_vorc/install/usv_gazebo_plugins/lib/libusv_gazebo_acoustic_pinger_plugin.so" to ""
-- Installing: /kanaloa_vorc/install/usv_gazebo_plugins/share/usv_gazebo_plugins/worlds/buoyancy_plugin_demo.world
-- Up-to-date: /kanaloa_vorc/install/usv_gazebo_plugins/share/usv_gazebo_plugins/worlds
-- Installing: /kanaloa_vorc/install/usv_gazebo_plugins/share/usv_gazebo_plugins/worlds/buoyancy_plugin_demo.world.xacro
-- Installing: /kanaloa_vorc/install/usv_gazebo_plugins/include/usv_gazebo_plugins
-- Installing: /kanaloa_vorc/install/usv_gazebo_plugins/include/usv_gazebo_plugins/usv_gazebo_thrust_plugin.hh
-- Installing: /kanaloa_vorc/install/usv_gazebo_plugins/include/usv_gazebo_plugins/acoustic_pinger_plugin.hh
-- Installing: /kanaloa_vorc/install/usv_gazebo_plugins/include/usv_gazebo_plugins/polyhedron_volume.hh
-- Installing: /kanaloa_vorc/install/usv_gazebo_plugins/include/usv_gazebo_plugins/usv_gazebo_wind_plugin.hh
-- Installing: /kanaloa_vorc/install/usv_gazebo_plugins/include/usv_gazebo_plugins/usv_gazebo_dynamics_plugin.hh
-- Installing: /kanaloa_vorc/install/usv_gazebo_plugins/include/usv_gazebo_plugins/shape_volume.hh
-- Installing: /kanaloa_vorc/install/usv_gazebo_plugins/include/usv_gazebo_plugins/buoyancy_gazebo_plugin.hh
