-- The C compiler identification is GNU 7.5.0
-- The CXX compiler identification is GNU 7.5.0
-- Check for working C compiler: /usr/bin/cc
-- Check for working C compiler: /usr/bin/cc -- works
-- Detecting C compiler ABI info
-- Detecting C compiler ABI info - done
-- Detecting C compile features
-- Detecting C compile features - done
-- Check for working CXX compiler: /usr/bin/c++
-- Check for working CXX compiler: /usr/bin/c++ -- works
-- Detecting CXX compiler ABI info
-- Detecting CXX compiler ABI info - done
-- Detecting CXX compile features
-- Detecting CXX compile features - done
-- Using CATKIN_DEVEL_PREFIX: /kanaloa_vorc/build/vorc_gazebo/devel
-- Using CMAKE_PREFIX_PATH: /kanaloa_vorc/install/vrx_gazebo;/kanaloa_vorc/install/wamv_gazebo;/kanaloa_vorc/install/wave_gazebo;/kanaloa_vorc/install/usv_gazebo_plugins;/kanaloa_vorc/install/wave_gazebo_plugins;/kanaloa_vorc/install/wamv_description;/kanaloa_vorc/install/usv_msgs;/vorc_ws/install/vorc_gazebo;/vorc_ws/install/vrx_gazebo;/vorc_ws/install/wave_gazebo;/vorc_ws/install/cora_description;/vorc_ws/install/wamv_gazebo;/vorc_ws/install/usv_gazebo_plugins;/vorc_ws/install/wave_gazebo_plugins;/vorc_ws/install/wamv_description;/vorc_ws/install/usv_msgs;/opt/ros/melodic
-- This workspace overlays: /kanaloa_vorc/install/vrx_gazebo;/kanaloa_vorc/install/wamv_gazebo;/kanaloa_vorc/install/wave_gazebo;/kanaloa_vorc/install/usv_gazebo_plugins;/kanaloa_vorc/install/wave_gazebo_plugins;/kanaloa_vorc/install/wamv_description;/kanaloa_vorc/install/usv_msgs;/opt/ros/melodic
-- Found PythonInterp: /usr/bin/python2 (found suitable version "2.7.17", minimum required is "2") 
-- Using PYTHON_EXECUTABLE: /usr/bin/python2
-- Using Debian Python package layout
-- Using empy: /usr/bin/empy
-- Using CATKIN_ENABLE_TESTING: ON
-- Call enable_testing()
-- Using CATKIN_TEST_RESULTS_DIR: /kanaloa_vorc/build/vorc_gazebo/test_results
-- Found gtest sources under '/usr/src/googletest': gtests will be built
-- Found gmock sources under '/usr/src/googletest': gmock will be built
-- Found PythonInterp: /usr/bin/python2 (found version "2.7.17") 
-- Looking for pthread.h
-- Looking for pthread.h - found
-- Looking for pthread_create
-- Looking for pthread_create - not found
-- Looking for pthread_create in pthreads
-- Looking for pthread_create in pthreads - not found
-- Looking for pthread_create in pthread
-- Looking for pthread_create in pthread - found
-- Found Threads: TRUE  
-- Using Python nosetests: /usr/bin/nosetests-2.7
-- catkin 0.7.29
-- BUILD_SHARED_LIBS is on
-- Found PkgConfig: /usr/bin/pkg-config (found version "0.29.1") 
-- Checking for module 'bullet>=2.82'
--   Found bullet, version 2.87
-- Found Simbody: /usr/include/simbody  
-- Boost version: 1.65.1
-- Found the following Boost libraries:
--   thread
--   system
--   filesystem
--   program_options
--   regex
--   iostreams
--   date_time
--   chrono
--   atomic
-- Found Protobuf: /usr/lib/x86_64-linux-gnu/libprotobuf.so;-lpthread (found version "3.0.0") 
-- Boost version: 1.65.1
-- Looking for OGRE...
-- OGRE_PREFIX_WATCH changed.
-- Checking for module 'OGRE'
--   Found OGRE, version 1.9.0
-- Found Ogre Ghadamon (1.9.0)
-- Found OGRE: optimized;/usr/lib/x86_64-linux-gnu/libOgreMain.so;debug;/usr/lib/x86_64-linux-gnu/libOgreMain.so
-- Looking for OGRE_Paging...
-- Found OGRE_Paging: optimized;/usr/lib/x86_64-linux-gnu/libOgrePaging.so;debug;/usr/lib/x86_64-linux-gnu/libOgrePaging.so
-- Looking for OGRE_Terrain...
-- Found OGRE_Terrain: optimized;/usr/lib/x86_64-linux-gnu/libOgreTerrain.so;debug;/usr/lib/x86_64-linux-gnu/libOgreTerrain.so
-- Looking for OGRE_Property...
-- Found OGRE_Property: optimized;/usr/lib/x86_64-linux-gnu/libOgreProperty.so;debug;/usr/lib/x86_64-linux-gnu/libOgreProperty.so
-- Looking for OGRE_RTShaderSystem...
-- Found OGRE_RTShaderSystem: optimized;/usr/lib/x86_64-linux-gnu/libOgreRTShaderSystem.so;debug;/usr/lib/x86_64-linux-gnu/libOgreRTShaderSystem.so
-- Looking for OGRE_Volume...
-- Found OGRE_Volume: optimized;/usr/lib/x86_64-linux-gnu/libOgreVolume.so;debug;/usr/lib/x86_64-linux-gnu/libOgreVolume.so
-- Looking for OGRE_Overlay...
-- Found OGRE_Overlay: optimized;/usr/lib/x86_64-linux-gnu/libOgreOverlay.so;debug;/usr/lib/x86_64-linux-gnu/libOgreOverlay.so
-- Found Protobuf: /usr/lib/x86_64-linux-gnu/libprotobuf.so;-lpthread;-lpthread (found suitable version "3.0.0", minimum required is "2.3.0") 
-- Config-file not installed for ZeroMQ -- checking for pkg-config
-- Checking for module 'libzmq >= 4'
--   Found libzmq , version 4.2.5
-- Found ZeroMQ: TRUE (Required is at least version "4") 
-- Checking for module 'uuid'
--   Found uuid, version 2.31.1
-- Found UUID: TRUE  
-- Checking for module 'tinyxml2'
--   Found tinyxml2, version 6.0.0
-- Looking for dlfcn.h - found
-- Looking for libdl - found
-- Found DL: TRUE  
-- FreeImage.pc not found, we will search for FreeImage_INCLUDE_DIRS and FreeImage_LIBRARIES
-- Checking for module 'gts'
--   Found gts, version 0.7.6
-- Found GTS: TRUE  
-- Checking for module 'libswscale'
--   Found libswscale, version 4.8.100
-- Found SWSCALE: TRUE  
-- Checking for module 'libavdevice >= 56.4.100'
--   Found libavdevice , version 57.10.100
-- Found AVDEVICE: TRUE (Required is at least version "56.4.100") 
-- Checking for module 'libavformat'
--   Found libavformat, version 57.83.100
-- Found AVFORMAT: TRUE  
-- Checking for module 'libavcodec'
--   Found libavcodec, version 57.107.100
-- Found AVCODEC: TRUE  
-- Checking for module 'libavutil'
--   Found libavutil, version 55.78.100
-- Found AVUTIL: TRUE  
-- Found CURL: /usr/lib/x86_64-linux-gnu/libcurl.so (found version "7.58.0") 
-- Checking for module 'jsoncpp'
--   Found jsoncpp, version 1.7.4
-- Found JSONCPP: TRUE  
-- Checking for module 'yaml-0.1'
--   Found yaml-0.1, version 0.1.7
-- Found YAML: TRUE  
-- Checking for module 'libzip'
--   Found libzip, version 1.1.2
-- Found ZIP: TRUE  
-- Gazebo version: 9.16
-- Using these message generators: gencpp;geneus;genlisp;gennodejs;genpy
-- xacro: determining deps for: worlds/marina.world.xacro ...
-- xacro: determining deps for: worlds/perception.world.xacro ...
-- xacro: determining deps for: worlds/station_keeping.world.xacro ...
-- xacro: determining deps for: worlds/wayfinding.world.xacro ...
-- xacro: determining deps for: worlds/gymkhana.world.xacro ...
-- Configuring done
-- Generating done
-- Build files have been written to: /kanaloa_vorc/build/vorc_gazebo
[35m[1mScanning dependencies of target vorc_gazebo__xacro_auto_generate_to_devel_space_[0m
[35m[1mScanning dependencies of target vorc_gazebo__xacro_auto_generate[0m
[35m[1mScanning dependencies of target gymkhana_scoring_plugin[0m
[ 22%] [34m[1mxacro: generating worlds/station_keeping.world from worlds/station_keeping.world.xacro[0m
[ 22%] [34m[1mcreating dir /kanaloa_vorc/build/vorc_gazebo/devel/share/vorc_gazebo/worlds[0m
[ 22%] [34m[1mxacro: generating worlds/perception.world from worlds/perception.world.xacro[0m
[ 22%] [34m[1mxacro: generating worlds/marina.world from worlds/marina.world.xacro[0m
[ 27%] [34m[1mxacro: generating worlds/marina.world from worlds/marina.world.xacro[0m
[ 33%] [34m[1mxacro: generating worlds/perception.world from worlds/perception.world.xacro[0m
[ 38%] [32mBuilding CXX object CMakeFiles/gymkhana_scoring_plugin.dir/src/gymkhana_scoring_plugin.cc.o[0m





[ 44%] [34m[1mxacro: generating worlds/wayfinding.world from worlds/wayfinding.world.xacro[0m
[ 50%] [34m[1mxacro: generating worlds/station_keeping.world from worlds/station_keeping.world.xacro[0m
[ 61%] [34m[1mxacro: generating worlds/gymkhana.world from worlds/gymkhana.world.xacro[0m
[ 61%] [34m[1mxacro: generating worlds/wayfinding.world from worlds/wayfinding.world.xacro[0m
[ 66%] [34m[1mxacro: generating worlds/gymkhana.world from worlds/gymkhana.world.xacro[0m





[ 72%] [34m[1mCopying to devel space: /kanaloa_vorc/build/vorc_gazebo/devel/share/vorc_gazebo/worlds/perception.world[0m
[ 72%] Built target vorc_gazebo__xacro_auto_generate
[ 77%] [34m[1mCopying to devel space: /kanaloa_vorc/build/vorc_gazebo/devel/share/vorc_gazebo/worlds/marina.world[0m
[ 83%] [34m[1mCopying to devel space: /kanaloa_vorc/build/vorc_gazebo/devel/share/vorc_gazebo/worlds/station_keeping.world[0m
[ 94%] [34m[1mCopying to devel space: /kanaloa_vorc/build/vorc_gazebo/devel/share/vorc_gazebo/worlds/gymkhana.world[0m
[ 94%] [34m[1mCopying to devel space: /kanaloa_vorc/build/vorc_gazebo/devel/share/vorc_gazebo/worlds/wayfinding.world[0m
[ 94%] Built target vorc_gazebo__xacro_auto_generate_to_devel_space_
[35m[1mScanning dependencies of target vorc_gazebo_xacro_generated_to_devel_space_[0m
[ 94%] Built target vorc_gazebo_xacro_generated_to_devel_space_
[100%] [32m[1mLinking CXX shared library devel/lib/libgymkhana_scoring_plugin.so[0m
[100%] Built target gymkhana_scoring_plugin
[35m[1mScanning dependencies of target tests[0m
Built target tests
[ 22%] [34m[1mCopying to devel space: /kanaloa_vorc/build/vorc_gazebo/devel/share/vorc_gazebo/worlds/station_keeping.world[0m
[ 22%] [34m[1mCopying to devel space: /kanaloa_vorc/build/vorc_gazebo/devel/share/vorc_gazebo/worlds/perception.world[0m
[ 27%] [34m[1mCopying to devel space: /kanaloa_vorc/build/vorc_gazebo/devel/share/vorc_gazebo/worlds/marina.world[0m
[ 44%] Built target vorc_gazebo__xacro_auto_generate
[ 55%] Built target gymkhana_scoring_plugin
[100%] Built target vorc_gazebo__xacro_auto_generate_to_devel_space_
[100%] Built target vorc_gazebo_xacro_generated_to_devel_space_
[36mInstall the project...[0m
-- Install configuration: ""
-- Installing: /kanaloa_vorc/install/vorc_gazebo/lib/pkgconfig/vorc_gazebo.pc
-- Installing: /kanaloa_vorc/install/vorc_gazebo/share/vorc_gazebo/cmake/vorc_gazeboConfig.cmake
-- Installing: /kanaloa_vorc/install/vorc_gazebo/share/vorc_gazebo/cmake/vorc_gazeboConfig-version.cmake
-- Installing: /kanaloa_vorc/install/vorc_gazebo/share/vorc_gazebo/package.xml
-- Installing: /kanaloa_vorc/install/vorc_gazebo/share/vorc_gazebo/worlds/marina.world
-- Installing: /kanaloa_vorc/install/vorc_gazebo/share/vorc_gazebo/worlds/perception.world
-- Installing: /kanaloa_vorc/install/vorc_gazebo/share/vorc_gazebo/worlds/station_keeping.world
-- Installing: /kanaloa_vorc/install/vorc_gazebo/share/vorc_gazebo/worlds/wayfinding.world
-- Installing: /kanaloa_vorc/install/vorc_gazebo/share/vorc_gazebo/worlds/gymkhana.world
-- Up-to-date: /kanaloa_vorc/install/vorc_gazebo/share/vorc_gazebo/worlds
-- Installing: /kanaloa_vorc/install/vorc_gazebo/share/vorc_gazebo/worlds/station_keeping.world.xacro
-- Installing: /kanaloa_vorc/install/vorc_gazebo/share/vorc_gazebo/worlds/xacros
-- Installing: /kanaloa_vorc/install/vorc_gazebo/share/vorc_gazebo/worlds/xacros/gymkhana.xacro
-- Installing: /kanaloa_vorc/install/vorc_gazebo/share/vorc_gazebo/worlds/xacros/marina_minus_scene.xacro
-- Installing: /kanaloa_vorc/install/vorc_gazebo/share/vorc_gazebo/worlds/xacros/include_all_xacros.xacro
-- Installing: /kanaloa_vorc/install/vorc_gazebo/share/vorc_gazebo/worlds/gymkhana.world.xacro
-- Installing: /kanaloa_vorc/install/vorc_gazebo/share/vorc_gazebo/worlds/wayfinding.world.xacro
-- Installing: /kanaloa_vorc/install/vorc_gazebo/share/vorc_gazebo/worlds/marina.xacro
-- Installing: /kanaloa_vorc/install/vorc_gazebo/share/vorc_gazebo/worlds/marina.world.xacro
-- Installing: /kanaloa_vorc/install/vorc_gazebo/share/vorc_gazebo/worlds/perception.world.xacro
-- Installing: /kanaloa_vorc/install/vorc_gazebo/share/vorc_gazebo/models
-- Installing: /kanaloa_vorc/install/vorc_gazebo/share/vorc_gazebo/models/marina
-- Installing: /kanaloa_vorc/install/vorc_gazebo/share/vorc_gazebo/models/marina/model.config
-- Installing: /kanaloa_vorc/install/vorc_gazebo/share/vorc_gazebo/models/marina/model.sdf
-- Installing: /kanaloa_vorc/install/vorc_gazebo/share/vorc_gazebo/models/marina/meshes
-- Installing: /kanaloa_vorc/install/vorc_gazebo/share/vorc_gazebo/models/marina/meshes/terrain.dae
-- Installing: /kanaloa_vorc/install/vorc_gazebo/share/vorc_gazebo/models/marina/meshes/terrain.png
-- Installing: /kanaloa_vorc/install/vorc_gazebo/share/vorc_gazebo/models/short_navigation_course0
-- Installing: /kanaloa_vorc/install/vorc_gazebo/share/vorc_gazebo/models/short_navigation_course0/model.config
-- Installing: /kanaloa_vorc/install/vorc_gazebo/share/vorc_gazebo/models/short_navigation_course0/model.sdf
-- Installing: /kanaloa_vorc/install/vorc_gazebo/share/vorc_gazebo/models/buoy_red
-- Installing: /kanaloa_vorc/install/vorc_gazebo/share/vorc_gazebo/models/buoy_red/model.config
-- Installing: /kanaloa_vorc/install/vorc_gazebo/share/vorc_gazebo/models/buoy_red/model.sdf
-- Installing: /kanaloa_vorc/install/vorc_gazebo/share/vorc_gazebo/models/buoy_red/meshes
-- Installing: /kanaloa_vorc/install/vorc_gazebo/share/vorc_gazebo/models/buoy_red/meshes/Buoy01.dae
-- Installing: /kanaloa_vorc/install/vorc_gazebo/share/vorc_gazebo/models/buoy_red/materials
-- Installing: /kanaloa_vorc/install/vorc_gazebo/share/vorc_gazebo/models/buoy_red/materials/scripts
-- Installing: /kanaloa_vorc/install/vorc_gazebo/share/vorc_gazebo/models/buoy_red/materials/scripts/model.material
-- Installing: /kanaloa_vorc/install/vorc_gazebo/share/vorc_gazebo/models/buoy_red/materials/textures
-- Installing: /kanaloa_vorc/install/vorc_gazebo/share/vorc_gazebo/models/buoy_red/materials/textures/Buoy01_Emissive.png
-- Installing: /kanaloa_vorc/install/vorc_gazebo/share/vorc_gazebo/models/buoy_red/materials/textures/Buoy01_Metalness.png
-- Installing: /kanaloa_vorc/install/vorc_gazebo/share/vorc_gazebo/models/buoy_red/materials/textures/Buoy01_Albedo.png
-- Installing: /kanaloa_vorc/install/vorc_gazebo/share/vorc_gazebo/models/buoy_red/materials/textures/Buoy01_Roughness.png
-- Installing: /kanaloa_vorc/install/vorc_gazebo/share/vorc_gazebo/models/buoy_red/materials/textures/Buoy01_Normal.png
-- Installing: /kanaloa_vorc/install/vorc_gazebo/share/vorc_gazebo/models/obstacle_course
-- Installing: /kanaloa_vorc/install/vorc_gazebo/share/vorc_gazebo/models/obstacle_course/model.config
-- Installing: /kanaloa_vorc/install/vorc_gazebo/share/vorc_gazebo/models/obstacle_course/model.sdf
-- Installing: /kanaloa_vorc/install/vorc_gazebo/share/vorc_gazebo/launch
-- Installing: /kanaloa_vorc/install/vorc_gazebo/share/vorc_gazebo/launch/gymkhana.launch
-- Installing: /kanaloa_vorc/install/vorc_gazebo/share/vorc_gazebo/launch/perception.launch
-- Installing: /kanaloa_vorc/install/vorc_gazebo/share/vorc_gazebo/launch/marina.launch
-- Installing: /kanaloa_vorc/install/vorc_gazebo/share/vorc_gazebo/launch/localization_example.launch
-- Installing: /kanaloa_vorc/install/vorc_gazebo/share/vorc_gazebo/launch/rviz.launch
-- Installing: /kanaloa_vorc/install/vorc_gazebo/share/vorc_gazebo/launch/station_keeping.launch
-- Installing: /kanaloa_vorc/install/vorc_gazebo/share/vorc_gazebo/launch/playback.launch
-- Installing: /kanaloa_vorc/install/vorc_gazebo/share/vorc_gazebo/launch/usv_keydrive.launch
-- Installing: /kanaloa_vorc/install/vorc_gazebo/share/vorc_gazebo/launch/usv_joydrive.launch
-- Installing: /kanaloa_vorc/install/vorc_gazebo/share/vorc_gazebo/launch/wayfinding.launch
-- Installing: /kanaloa_vorc/install/vorc_gazebo/share/vorc_gazebo/config
-- Installing: /kanaloa_vorc/install/vorc_gazebo/share/vorc_gazebo/config/rviz_cora.rviz
-- Installing: /kanaloa_vorc/install/vorc_gazebo/share/vorc_gazebo/config/pinger.yaml
-- Installing: /kanaloa_vorc/install/vorc_gazebo/lib/vorc_gazebo/pinger_visualization.py
-- Installing: /kanaloa_vorc/install/vorc_gazebo/lib/vorc_gazebo/set_pinger_position.py
-- Installing: /kanaloa_vorc/install/vorc_gazebo/lib/libgymkhana_scoring_plugin.so
-- Set runtime path of "/kanaloa_vorc/install/vorc_gazebo/lib/libgymkhana_scoring_plugin.so" to ""
