-- The C compiler identification is GNU 7.5.0
-- The CXX compiler identification is GNU 7.5.0
-- Check for working C compiler: /usr/bin/cc
-- Check for working C compiler: /usr/bin/cc -- works
-- Detecting C compiler ABI info
-- Detecting C compiler ABI info - done
-- Detecting C compile features
-- Detecting C compile features - done
-- Check for working CXX compiler: /usr/bin/c++
-- Check for working CXX compiler: /usr/bin/c++ -- works
-- Detecting CXX compiler ABI info
-- Detecting CXX compiler ABI info - done
-- Detecting CXX compile features
-- Detecting CXX compile features - done
-- Using CATKIN_DEVEL_PREFIX: /kanaloa_vorc/build/way_point_wamv/devel
-- Using CMAKE_PREFIX_PATH: /vorc_ws/install/vorc_gazebo;/vorc_ws/install/vrx_gazebo;/vorc_ws/install/wave_gazebo;/vorc_ws/install/cora_description;/vorc_ws/install/wamv_gazebo;/vorc_ws/install/usv_gazebo_plugins;/vorc_ws/install/wave_gazebo_plugins;/vorc_ws/install/wamv_description;/vorc_ws/install/usv_msgs;/opt/ros/melodic
-- This workspace overlays: /opt/ros/melodic
-- Found PythonInterp: /usr/bin/python2 (found suitable version "2.7.17", minimum required is "2") 
-- Using PYTHON_EXECUTABLE: /usr/bin/python2
-- Using Debian Python package layout
-- Using empy: /usr/bin/empy
-- Using CATKIN_ENABLE_TESTING: ON
-- Call enable_testing()
-- Using CATKIN_TEST_RESULTS_DIR: /kanaloa_vorc/build/way_point_wamv/test_results
-- Found gtest sources under '/usr/src/googletest': gtests will be built
-- Found gmock sources under '/usr/src/googletest': gmock will be built
-- Found PythonInterp: /usr/bin/python2 (found version "2.7.17") 
-- Looking for pthread.h
-- Looking for pthread.h - found
-- Looking for pthread_create
-- Looking for pthread_create - not found
-- Looking for pthread_create in pthreads
-- Looking for pthread_create in pthreads - not found
-- Looking for pthread_create in pthread
-- Looking for pthread_create in pthread - found
-- Found Threads: TRUE  
-- Using Python nosetests: /usr/bin/nosetests-2.7
-- catkin 0.7.29
-- BUILD_SHARED_LIBS is on
-- Using these message generators: gencpp;geneus;genlisp;gennodejs;genpy
-- way_point_wamv: 0 messages, 2 services
-- Configuring done
-- Generating done
-- Build files have been written to: /kanaloa_vorc/build/way_point_wamv
[35m[1mScanning dependencies of target std_msgs_generate_messages_eus[0m
[35m[1mScanning dependencies of target std_msgs_generate_messages_py[0m
[35m[1mScanning dependencies of target _way_point_wamv_generate_messages_check_deps_way_point_cmd[0m
[35m[1mScanning dependencies of target _way_point_wamv_generate_messages_check_deps_add_way_point[0m
[35m[1mScanning dependencies of target sensor_msgs_generate_messages_py[0m
[35m[1mScanning dependencies of target sensor_msgs_generate_messages_eus[0m
[  0%] Built target std_msgs_generate_messages_eus
[  0%] Built target std_msgs_generate_messages_py
[  0%] Built target sensor_msgs_generate_messages_py
[  0%] Built target sensor_msgs_generate_messages_eus
[35m[1mScanning dependencies of target std_msgs_generate_messages_lisp[0m
[  0%] Built target _way_point_wamv_generate_messages_check_deps_add_way_point
[35m[1mScanning dependencies of target sensor_msgs_generate_messages_lisp[0m
[  0%] Built target std_msgs_generate_messages_lisp
[35m[1mScanning dependencies of target std_msgs_generate_messages_nodejs[0m
[35m[1mScanning dependencies of target sensor_msgs_generate_messages_nodejs[0m
[35m[1mScanning dependencies of target std_msgs_generate_messages_cpp[0m
[  0%] Built target _way_point_wamv_generate_messages_check_deps_way_point_cmd
[  0%] Built target std_msgs_generate_messages_nodejs
[  0%] Built target sensor_msgs_generate_messages_lisp
[35m[1mScanning dependencies of target sensor_msgs_generate_messages_cpp[0m
[  0%] Built target std_msgs_generate_messages_cpp
[  0%] Built target sensor_msgs_generate_messages_nodejs
[35m[1mScanning dependencies of target way_point_wamv_generate_messages_eus[0m
[35m[1mScanning dependencies of target way_point_wamv_generate_messages_lisp[0m
[35m[1mScanning dependencies of target way_point_wamv_generate_messages_py[0m
[  8%] [34m[1mGenerating EusLisp code from way_point_wamv/add_way_point.srv[0m
[  8%] Built target sensor_msgs_generate_messages_cpp
[ 16%] [34m[1mGenerating EusLisp code from way_point_wamv/way_point_cmd.srv[0m
[ 25%] [34m[1mGenerating EusLisp manifest code for way_point_wamv[0m
[35m[1mScanning dependencies of target way_point_wamv_generate_messages_nodejs[0m
[ 33%] [34m[1mGenerating Lisp code from way_point_wamv/add_way_point.srv[0m
[ 41%] [34m[1mGenerating Python code from SRV way_point_wamv/add_way_point[0m
[ 50%] [34m[1mGenerating Javascript code from way_point_wamv/add_way_point.srv[0m
[ 58%] [34m[1mGenerating Lisp code from way_point_wamv/way_point_cmd.srv[0m
[ 66%] [34m[1mGenerating Javascript code from way_point_wamv/way_point_cmd.srv[0m
[35m[1mScanning dependencies of target way_point_wamv_generate_messages_cpp[0m
[ 75%] [34m[1mGenerating Python code from SRV way_point_wamv/way_point_cmd[0m
[ 83%] [34m[1mGenerating C++ code from way_point_wamv/add_way_point.srv[0m
[ 83%] Built target way_point_wamv_generate_messages_lisp
[ 83%] Built target way_point_wamv_generate_messages_nodejs
[ 91%] [34m[1mGenerating C++ code from way_point_wamv/way_point_cmd.srv[0m
[100%] [34m[1mGenerating Python srv __init__.py for way_point_wamv[0m
[100%] Built target way_point_wamv_generate_messages_eus
[100%] Built target way_point_wamv_generate_messages_cpp
[100%] Built target way_point_wamv_generate_messages_py
[35m[1mScanning dependencies of target way_point_wamv_generate_messages[0m
[100%] Built target way_point_wamv_generate_messages
[35m[1mScanning dependencies of target tests[0m
Built target tests
[  0%] Built target sensor_msgs_generate_messages_py
[  0%] Built target std_msgs_generate_messages_eus
[  0%] Built target sensor_msgs_generate_messages_eus
[  0%] Built target std_msgs_generate_messages_py
[  0%] Built target std_msgs_generate_messages_lisp
[  0%] Built target _way_point_wamv_generate_messages_check_deps_add_way_point
[  0%] Built target _way_point_wamv_generate_messages_check_deps_way_point_cmd
[  0%] Built target sensor_msgs_generate_messages_nodejs
[  0%] Built target std_msgs_generate_messages_nodejs
[  0%] Built target sensor_msgs_generate_messages_lisp
[ 25%] Built target way_point_wamv_generate_messages_eus
[ 41%] Built target way_point_wamv_generate_messages_nodejs
[ 41%] Built target std_msgs_generate_messages_cpp
[ 41%] Built target sensor_msgs_generate_messages_cpp
[ 66%] Built target way_point_wamv_generate_messages_py
[ 83%] Built target way_point_wamv_generate_messages_lisp
[100%] Built target way_point_wamv_generate_messages_cpp
[100%] Built target way_point_wamv_generate_messages
[36mInstall the project...[0m
-- Install configuration: ""
-- Installing: /kanaloa_vorc/install/way_point_wamv/share/way_point_wamv/srv/add_way_point.srv
-- Installing: /kanaloa_vorc/install/way_point_wamv/share/way_point_wamv/srv/way_point_cmd.srv
-- Installing: /kanaloa_vorc/install/way_point_wamv/share/way_point_wamv/cmake/way_point_wamv-msg-paths.cmake
-- Installing: /kanaloa_vorc/install/way_point_wamv/include/way_point_wamv
-- Installing: /kanaloa_vorc/install/way_point_wamv/include/way_point_wamv/add_way_pointResponse.h
-- Installing: /kanaloa_vorc/install/way_point_wamv/include/way_point_wamv/add_way_point.h
-- Installing: /kanaloa_vorc/install/way_point_wamv/include/way_point_wamv/way_point_cmdResponse.h
-- Installing: /kanaloa_vorc/install/way_point_wamv/include/way_point_wamv/add_way_pointRequest.h
-- Installing: /kanaloa_vorc/install/way_point_wamv/include/way_point_wamv/way_point_cmd.h
-- Installing: /kanaloa_vorc/install/way_point_wamv/include/way_point_wamv/way_point_cmdRequest.h
-- Installing: /kanaloa_vorc/install/way_point_wamv/share/roseus/ros/way_point_wamv
-- Installing: /kanaloa_vorc/install/way_point_wamv/share/roseus/ros/way_point_wamv/srv
-- Installing: /kanaloa_vorc/install/way_point_wamv/share/roseus/ros/way_point_wamv/srv/add_way_point.l
-- Installing: /kanaloa_vorc/install/way_point_wamv/share/roseus/ros/way_point_wamv/srv/way_point_cmd.l
-- Installing: /kanaloa_vorc/install/way_point_wamv/share/roseus/ros/way_point_wamv/manifest.l
-- Installing: /kanaloa_vorc/install/way_point_wamv/share/common-lisp/ros/way_point_wamv
-- Installing: /kanaloa_vorc/install/way_point_wamv/share/common-lisp/ros/way_point_wamv/srv
-- Installing: /kanaloa_vorc/install/way_point_wamv/share/common-lisp/ros/way_point_wamv/srv/way_point_cmd.lisp
-- Installing: /kanaloa_vorc/install/way_point_wamv/share/common-lisp/ros/way_point_wamv/srv/_package_add_way_point.lisp
-- Installing: /kanaloa_vorc/install/way_point_wamv/share/common-lisp/ros/way_point_wamv/srv/add_way_point.lisp
-- Installing: /kanaloa_vorc/install/way_point_wamv/share/common-lisp/ros/way_point_wamv/srv/way_point_wamv-srv.asd
-- Installing: /kanaloa_vorc/install/way_point_wamv/share/common-lisp/ros/way_point_wamv/srv/_package_way_point_cmd.lisp
-- Installing: /kanaloa_vorc/install/way_point_wamv/share/common-lisp/ros/way_point_wamv/srv/_package.lisp
-- Installing: /kanaloa_vorc/install/way_point_wamv/share/gennodejs/ros/way_point_wamv
-- Installing: /kanaloa_vorc/install/way_point_wamv/share/gennodejs/ros/way_point_wamv/_index.js
-- Installing: /kanaloa_vorc/install/way_point_wamv/share/gennodejs/ros/way_point_wamv/srv
-- Installing: /kanaloa_vorc/install/way_point_wamv/share/gennodejs/ros/way_point_wamv/srv/add_way_point.js
-- Installing: /kanaloa_vorc/install/way_point_wamv/share/gennodejs/ros/way_point_wamv/srv/_index.js
-- Installing: /kanaloa_vorc/install/way_point_wamv/share/gennodejs/ros/way_point_wamv/srv/way_point_cmd.js
Listing /kanaloa_vorc/build/way_point_wamv/devel/lib/python2.7/dist-packages/way_point_wamv ...
Compiling /kanaloa_vorc/build/way_point_wamv/devel/lib/python2.7/dist-packages/way_point_wamv/__init__.py ...
Listing /kanaloa_vorc/build/way_point_wamv/devel/lib/python2.7/dist-packages/way_point_wamv/srv ...
Compiling /kanaloa_vorc/build/way_point_wamv/devel/lib/python2.7/dist-packages/way_point_wamv/srv/__init__.py ...
Compiling /kanaloa_vorc/build/way_point_wamv/devel/lib/python2.7/dist-packages/way_point_wamv/srv/_add_way_point.py ...
Compiling /kanaloa_vorc/build/way_point_wamv/devel/lib/python2.7/dist-packages/way_point_wamv/srv/_way_point_cmd.py ...
-- Installing: /kanaloa_vorc/install/way_point_wamv/lib/python2.7/dist-packages/way_point_wamv
-- Installing: /kanaloa_vorc/install/way_point_wamv/lib/python2.7/dist-packages/way_point_wamv/__init__.py
-- Installing: /kanaloa_vorc/install/way_point_wamv/lib/python2.7/dist-packages/way_point_wamv/__init__.pyc
-- Installing: /kanaloa_vorc/install/way_point_wamv/lib/python2.7/dist-packages/way_point_wamv/srv
-- Installing: /kanaloa_vorc/install/way_point_wamv/lib/python2.7/dist-packages/way_point_wamv/srv/__init__.py
-- Installing: /kanaloa_vorc/install/way_point_wamv/lib/python2.7/dist-packages/way_point_wamv/srv/__init__.pyc
-- Installing: /kanaloa_vorc/install/way_point_wamv/lib/python2.7/dist-packages/way_point_wamv/srv/_way_point_cmd.pyc
-- Installing: /kanaloa_vorc/install/way_point_wamv/lib/python2.7/dist-packages/way_point_wamv/srv/_add_way_point.pyc
-- Installing: /kanaloa_vorc/install/way_point_wamv/lib/python2.7/dist-packages/way_point_wamv/srv/_add_way_point.py
-- Installing: /kanaloa_vorc/install/way_point_wamv/lib/python2.7/dist-packages/way_point_wamv/srv/_way_point_cmd.py
-- Installing: /kanaloa_vorc/install/way_point_wamv/lib/pkgconfig/way_point_wamv.pc
-- Installing: /kanaloa_vorc/install/way_point_wamv/share/way_point_wamv/cmake/way_point_wamv-msg-extras.cmake
-- Installing: /kanaloa_vorc/install/way_point_wamv/share/way_point_wamv/cmake/way_point_wamvConfig.cmake
-- Installing: /kanaloa_vorc/install/way_point_wamv/share/way_point_wamv/cmake/way_point_wamvConfig-version.cmake
-- Installing: /kanaloa_vorc/install/way_point_wamv/share/way_point_wamv/package.xml
