[0.041s] Invoking command in '/kanaloa_vorc/build/way_point_wamv': /usr/bin/cmake /kanaloa_vorc/src/kanaloa_pkg -DCATKIN_INSTALL_INTO_PREFIX_ROOT=0 -DCMAKE_INSTALL_PREFIX=/kanaloa_vorc/install/way_point_wamv
[0.131s] -- The C compiler identification is GNU 7.5.0
[0.193s] -- The CXX compiler identification is GNU 7.5.0
[0.197s] -- Check for working C compiler: /usr/bin/cc
[0.254s] -- Check for working C compiler: /usr/bin/cc -- works
[0.254s] -- Detecting C compiler ABI info
[0.314s] -- Detecting C compiler ABI info - done
[0.323s] -- Detecting C compile features
[0.514s] -- Detecting C compile features - done
[0.516s] -- Check for working CXX compiler: /usr/bin/c++
[0.580s] -- Check for working CXX compiler: /usr/bin/c++ -- works
[0.580s] -- Detecting CXX compiler ABI info
[0.647s] -- Detecting CXX compiler ABI info - done
[0.655s] -- Detecting CXX compile features
[0.957s] -- Detecting CXX compile features - done
[0.958s] -- Using CATKIN_DEVEL_PREFIX: /kanaloa_vorc/build/way_point_wamv/devel
[0.958s] -- Using CMAKE_PREFIX_PATH: /vorc_ws/install/vorc_gazebo;/vorc_ws/install/vrx_gazebo;/vorc_ws/install/wave_gazebo;/vorc_ws/install/cora_description;/vorc_ws/install/wamv_gazebo;/vorc_ws/install/usv_gazebo_plugins;/vorc_ws/install/wave_gazebo_plugins;/vorc_ws/install/wamv_description;/vorc_ws/install/usv_msgs;/opt/ros/melodic
[0.959s] -- This workspace overlays: /opt/ros/melodic
[0.971s] -- Found PythonInterp: /usr/bin/python2 (found suitable version "2.7.17", minimum required is "2") 
[0.971s] -- Using PYTHON_EXECUTABLE: /usr/bin/python2
[0.971s] -- Using Debian Python package layout
[0.971s] -- Using empy: /usr/bin/empy
[1.088s] -- Using CATKIN_ENABLE_TESTING: ON
[1.088s] -- Call enable_testing()
[1.090s] -- Using CATKIN_TEST_RESULTS_DIR: /kanaloa_vorc/build/way_point_wamv/test_results
[1.105s] -- Found gtest sources under '/usr/src/googletest': gtests will be built
[1.105s] -- Found gmock sources under '/usr/src/googletest': gmock will be built
[1.117s] -- Found PythonInterp: /usr/bin/python2 (found version "2.7.17") 
[1.117s] -- Looking for pthread.h
[1.176s] -- Looking for pthread.h - found
[1.176s] -- Looking for pthread_create
[1.248s] -- Looking for pthread_create - not found
[1.248s] -- Looking for pthread_create in pthreads
[1.307s] -- Looking for pthread_create in pthreads - not found
[1.308s] -- Looking for pthread_create in pthread
[1.366s] -- Looking for pthread_create in pthread - found
[1.367s] -- Found Threads: TRUE  
[1.371s] -- Using Python nosetests: /usr/bin/nosetests-2.7
[1.405s] -- catkin 0.7.29
[1.405s] -- BUILD_SHARED_LIBS is on
[1.567s] -- Using these message generators: gencpp;geneus;genlisp;gennodejs;genpy
[1.738s] -- way_point_wamv: 0 messages, 2 services
[1.851s] -- Configuring done
[1.877s] -- Generating done
[1.885s] -- Build files have been written to: /kanaloa_vorc/build/way_point_wamv
[1.890s] Invoked command in '/kanaloa_vorc/build/way_point_wamv' returned '0': /usr/bin/cmake /kanaloa_vorc/src/kanaloa_pkg -DCATKIN_INSTALL_INTO_PREFIX_ROOT=0 -DCMAKE_INSTALL_PREFIX=/kanaloa_vorc/install/way_point_wamv
[1.893s] Invoking command in '/kanaloa_vorc/build/way_point_wamv': /usr/bin/cmake --build /kanaloa_vorc/build/way_point_wamv -- -j6 -l6
[1.939s] [35m[1mScanning dependencies of target std_msgs_generate_messages_eus[0m
[1.939s] [35m[1mScanning dependencies of target std_msgs_generate_messages_py[0m
[1.940s] [35m[1mScanning dependencies of target _way_point_wamv_generate_messages_check_deps_way_point_cmd[0m
[1.941s] [35m[1mScanning dependencies of target _way_point_wamv_generate_messages_check_deps_add_way_point[0m
[1.945s] [35m[1mScanning dependencies of target sensor_msgs_generate_messages_py[0m
[1.950s] [35m[1mScanning dependencies of target sensor_msgs_generate_messages_eus[0m
[1.952s] [  0%] Built target std_msgs_generate_messages_eus
[1.965s] [  0%] Built target std_msgs_generate_messages_py
[1.967s] [  0%] Built target sensor_msgs_generate_messages_py
[1.973s] [  0%] Built target sensor_msgs_generate_messages_eus
[1.982s] [35m[1mScanning dependencies of target std_msgs_generate_messages_lisp[0m
[1.985s] [  0%] Built target _way_point_wamv_generate_messages_check_deps_add_way_point
[1.990s] [35m[1mScanning dependencies of target sensor_msgs_generate_messages_lisp[0m
[1.995s] [  0%] Built target std_msgs_generate_messages_lisp
[1.995s] [35m[1mScanning dependencies of target std_msgs_generate_messages_nodejs[0m
[1.997s] [35m[1mScanning dependencies of target sensor_msgs_generate_messages_nodejs[0m
[2.013s] [35m[1mScanning dependencies of target std_msgs_generate_messages_cpp[0m
[2.013s] [  0%] Built target _way_point_wamv_generate_messages_check_deps_way_point_cmd
[2.026s] [  0%] Built target std_msgs_generate_messages_nodejs
[2.028s] [  0%] Built target sensor_msgs_generate_messages_lisp
[2.034s] [35m[1mScanning dependencies of target sensor_msgs_generate_messages_cpp[0m
[2.046s] [  0%] Built target std_msgs_generate_messages_cpp
[2.047s] [  0%] Built target sensor_msgs_generate_messages_nodejs
[2.049s] [35m[1mScanning dependencies of target way_point_wamv_generate_messages_eus[0m
[2.061s] [35m[1mScanning dependencies of target way_point_wamv_generate_messages_lisp[0m
[2.061s] [35m[1mScanning dependencies of target way_point_wamv_generate_messages_py[0m
[2.062s] [  8%] [34m[1mGenerating EusLisp code from way_point_wamv/add_way_point.srv[0m
[2.063s] [  8%] Built target sensor_msgs_generate_messages_cpp
[2.073s] [ 16%] [34m[1mGenerating EusLisp code from way_point_wamv/way_point_cmd.srv[0m
[2.073s] [ 25%] [34m[1mGenerating EusLisp manifest code for way_point_wamv[0m
[2.085s] [35m[1mScanning dependencies of target way_point_wamv_generate_messages_nodejs[0m
[2.092s] [ 33%] [34m[1mGenerating Lisp code from way_point_wamv/add_way_point.srv[0m
[2.116s] [ 41%] [34m[1mGenerating Python code from SRV way_point_wamv/add_way_point[0m
[2.149s] [ 50%] [34m[1mGenerating Javascript code from way_point_wamv/add_way_point.srv[0m
[2.150s] [ 58%] [34m[1mGenerating Lisp code from way_point_wamv/way_point_cmd.srv[0m
[2.168s] [ 66%] [34m[1mGenerating Javascript code from way_point_wamv/way_point_cmd.srv[0m
[2.191s] [35m[1mScanning dependencies of target way_point_wamv_generate_messages_cpp[0m
[2.238s] [ 75%] [34m[1mGenerating Python code from SRV way_point_wamv/way_point_cmd[0m
[2.264s] [ 83%] [34m[1mGenerating C++ code from way_point_wamv/add_way_point.srv[0m
[2.300s] [ 83%] Built target way_point_wamv_generate_messages_lisp
[2.314s] [ 83%] Built target way_point_wamv_generate_messages_nodejs
[2.319s] [ 91%] [34m[1mGenerating C++ code from way_point_wamv/way_point_cmd.srv[0m
[2.427s] [100%] [34m[1mGenerating Python srv __init__.py for way_point_wamv[0m
[2.568s] [100%] Built target way_point_wamv_generate_messages_eus
[2.568s] [100%] Built target way_point_wamv_generate_messages_cpp
[2.577s] [100%] Built target way_point_wamv_generate_messages_py
[2.586s] [35m[1mScanning dependencies of target way_point_wamv_generate_messages[0m
[2.596s] [100%] Built target way_point_wamv_generate_messages
[2.616s] Invoked command in '/kanaloa_vorc/build/way_point_wamv' returned '0': /usr/bin/cmake --build /kanaloa_vorc/build/way_point_wamv -- -j6 -l6
[2.691s] Invoking command in '/kanaloa_vorc/build/way_point_wamv': /usr/bin/cmake --build /kanaloa_vorc/build/way_point_wamv --target tests -- -j6 -l6
[2.753s] [35m[1mScanning dependencies of target tests[0m
[2.764s] Built target tests
[2.773s] Invoked command in '/kanaloa_vorc/build/way_point_wamv' returned '0': /usr/bin/cmake --build /kanaloa_vorc/build/way_point_wamv --target tests -- -j6 -l6
[2.823s] Invoking command in '/kanaloa_vorc/build/way_point_wamv': /usr/bin/cmake --build /kanaloa_vorc/build/way_point_wamv --target install -- -j6 -l6
[2.872s] [  0%] Built target sensor_msgs_generate_messages_py
[2.878s] [  0%] Built target std_msgs_generate_messages_eus
[2.878s] [  0%] Built target sensor_msgs_generate_messages_eus
[2.883s] [  0%] Built target std_msgs_generate_messages_py
[2.894s] [  0%] Built target std_msgs_generate_messages_lisp
[2.903s] [  0%] Built target _way_point_wamv_generate_messages_check_deps_add_way_point
[2.906s] [  0%] Built target _way_point_wamv_generate_messages_check_deps_way_point_cmd
[2.909s] [  0%] Built target sensor_msgs_generate_messages_nodejs
[2.911s] [  0%] Built target std_msgs_generate_messages_nodejs
[2.913s] [  0%] Built target sensor_msgs_generate_messages_lisp
[2.933s] [ 25%] Built target way_point_wamv_generate_messages_eus
[2.936s] [ 41%] Built target way_point_wamv_generate_messages_nodejs
[2.937s] [ 41%] Built target std_msgs_generate_messages_cpp
[2.945s] [ 41%] Built target sensor_msgs_generate_messages_cpp
[2.949s] [ 66%] Built target way_point_wamv_generate_messages_py
[2.950s] [ 83%] Built target way_point_wamv_generate_messages_lisp
[2.969s] [100%] Built target way_point_wamv_generate_messages_cpp
[2.988s] [100%] Built target way_point_wamv_generate_messages
[3.009s] [36mInstall the project...[0m
[3.016s] -- Install configuration: ""
[3.016s] -- Installing: /kanaloa_vorc/install/way_point_wamv/share/way_point_wamv/srv/add_way_point.srv
[3.017s] -- Installing: /kanaloa_vorc/install/way_point_wamv/share/way_point_wamv/srv/way_point_cmd.srv
[3.017s] -- Installing: /kanaloa_vorc/install/way_point_wamv/share/way_point_wamv/cmake/way_point_wamv-msg-paths.cmake
[3.017s] -- Installing: /kanaloa_vorc/install/way_point_wamv/include/way_point_wamv
[3.017s] -- Installing: /kanaloa_vorc/install/way_point_wamv/include/way_point_wamv/add_way_pointResponse.h
[3.017s] -- Installing: /kanaloa_vorc/install/way_point_wamv/include/way_point_wamv/add_way_point.h
[3.017s] -- Installing: /kanaloa_vorc/install/way_point_wamv/include/way_point_wamv/way_point_cmdResponse.h
[3.017s] -- Installing: /kanaloa_vorc/install/way_point_wamv/include/way_point_wamv/add_way_pointRequest.h
[3.018s] -- Installing: /kanaloa_vorc/install/way_point_wamv/include/way_point_wamv/way_point_cmd.h
[3.018s] -- Installing: /kanaloa_vorc/install/way_point_wamv/include/way_point_wamv/way_point_cmdRequest.h
[3.018s] -- Installing: /kanaloa_vorc/install/way_point_wamv/share/roseus/ros/way_point_wamv
[3.018s] -- Installing: /kanaloa_vorc/install/way_point_wamv/share/roseus/ros/way_point_wamv/srv
[3.018s] -- Installing: /kanaloa_vorc/install/way_point_wamv/share/roseus/ros/way_point_wamv/srv/add_way_point.l
[3.019s] -- Installing: /kanaloa_vorc/install/way_point_wamv/share/roseus/ros/way_point_wamv/srv/way_point_cmd.l
[3.019s] -- Installing: /kanaloa_vorc/install/way_point_wamv/share/roseus/ros/way_point_wamv/manifest.l
[3.019s] -- Installing: /kanaloa_vorc/install/way_point_wamv/share/common-lisp/ros/way_point_wamv
[3.019s] -- Installing: /kanaloa_vorc/install/way_point_wamv/share/common-lisp/ros/way_point_wamv/srv
[3.019s] -- Installing: /kanaloa_vorc/install/way_point_wamv/share/common-lisp/ros/way_point_wamv/srv/way_point_cmd.lisp
[3.019s] -- Installing: /kanaloa_vorc/install/way_point_wamv/share/common-lisp/ros/way_point_wamv/srv/_package_add_way_point.lisp
[3.019s] -- Installing: /kanaloa_vorc/install/way_point_wamv/share/common-lisp/ros/way_point_wamv/srv/add_way_point.lisp
[3.019s] -- Installing: /kanaloa_vorc/install/way_point_wamv/share/common-lisp/ros/way_point_wamv/srv/way_point_wamv-srv.asd
[3.019s] -- Installing: /kanaloa_vorc/install/way_point_wamv/share/common-lisp/ros/way_point_wamv/srv/_package_way_point_cmd.lisp
[3.020s] -- Installing: /kanaloa_vorc/install/way_point_wamv/share/common-lisp/ros/way_point_wamv/srv/_package.lisp
[3.020s] -- Installing: /kanaloa_vorc/install/way_point_wamv/share/gennodejs/ros/way_point_wamv
[3.020s] -- Installing: /kanaloa_vorc/install/way_point_wamv/share/gennodejs/ros/way_point_wamv/_index.js
[3.020s] -- Installing: /kanaloa_vorc/install/way_point_wamv/share/gennodejs/ros/way_point_wamv/srv
[3.020s] -- Installing: /kanaloa_vorc/install/way_point_wamv/share/gennodejs/ros/way_point_wamv/srv/add_way_point.js
[3.020s] -- Installing: /kanaloa_vorc/install/way_point_wamv/share/gennodejs/ros/way_point_wamv/srv/_index.js
[3.020s] -- Installing: /kanaloa_vorc/install/way_point_wamv/share/gennodejs/ros/way_point_wamv/srv/way_point_cmd.js
[3.033s] Listing /kanaloa_vorc/build/way_point_wamv/devel/lib/python2.7/dist-packages/way_point_wamv ...
[3.034s] Compiling /kanaloa_vorc/build/way_point_wamv/devel/lib/python2.7/dist-packages/way_point_wamv/__init__.py ...
[3.034s] Listing /kanaloa_vorc/build/way_point_wamv/devel/lib/python2.7/dist-packages/way_point_wamv/srv ...
[3.034s] Compiling /kanaloa_vorc/build/way_point_wamv/devel/lib/python2.7/dist-packages/way_point_wamv/srv/__init__.py ...
[3.034s] Compiling /kanaloa_vorc/build/way_point_wamv/devel/lib/python2.7/dist-packages/way_point_wamv/srv/_add_way_point.py ...
[3.034s] Compiling /kanaloa_vorc/build/way_point_wamv/devel/lib/python2.7/dist-packages/way_point_wamv/srv/_way_point_cmd.py ...
[3.035s] -- Installing: /kanaloa_vorc/install/way_point_wamv/lib/python2.7/dist-packages/way_point_wamv
[3.035s] -- Installing: /kanaloa_vorc/install/way_point_wamv/lib/python2.7/dist-packages/way_point_wamv/__init__.py
[3.035s] -- Installing: /kanaloa_vorc/install/way_point_wamv/lib/python2.7/dist-packages/way_point_wamv/__init__.pyc
[3.035s] -- Installing: /kanaloa_vorc/install/way_point_wamv/lib/python2.7/dist-packages/way_point_wamv/srv
[3.035s] -- Installing: /kanaloa_vorc/install/way_point_wamv/lib/python2.7/dist-packages/way_point_wamv/srv/__init__.py
[3.035s] -- Installing: /kanaloa_vorc/install/way_point_wamv/lib/python2.7/dist-packages/way_point_wamv/srv/__init__.pyc
[3.036s] -- Installing: /kanaloa_vorc/install/way_point_wamv/lib/python2.7/dist-packages/way_point_wamv/srv/_way_point_cmd.pyc
[3.036s] -- Installing: /kanaloa_vorc/install/way_point_wamv/lib/python2.7/dist-packages/way_point_wamv/srv/_add_way_point.pyc
[3.036s] -- Installing: /kanaloa_vorc/install/way_point_wamv/lib/python2.7/dist-packages/way_point_wamv/srv/_add_way_point.py
[3.036s] -- Installing: /kanaloa_vorc/install/way_point_wamv/lib/python2.7/dist-packages/way_point_wamv/srv/_way_point_cmd.py
[3.036s] -- Installing: /kanaloa_vorc/install/way_point_wamv/lib/pkgconfig/way_point_wamv.pc
[3.036s] -- Installing: /kanaloa_vorc/install/way_point_wamv/share/way_point_wamv/cmake/way_point_wamv-msg-extras.cmake
[3.036s] -- Installing: /kanaloa_vorc/install/way_point_wamv/share/way_point_wamv/cmake/way_point_wamvConfig.cmake
[3.036s] -- Installing: /kanaloa_vorc/install/way_point_wamv/share/way_point_wamv/cmake/way_point_wamvConfig-version.cmake
[3.036s] -- Installing: /kanaloa_vorc/install/way_point_wamv/share/way_point_wamv/package.xml
[3.039s] Invoked command in '/kanaloa_vorc/build/way_point_wamv' returned '0': /usr/bin/cmake --build /kanaloa_vorc/build/way_point_wamv --target install -- -j6 -l6
