[0.023s] Invoking command in '/kanaloa_vorc/build/vorc_gazebo': CMAKE_PREFIX_PATH=/kanaloa_vorc/install/vrx_gazebo:/kanaloa_vorc/install/wamv_gazebo:/kanaloa_vorc/install/wave_gazebo:/kanaloa_vorc/install/usv_gazebo_plugins:/kanaloa_vorc/install/wave_gazebo_plugins:/kanaloa_vorc/install/wamv_description:/kanaloa_vorc/install/usv_msgs:${CMAKE_PREFIX_PATH} LD_LIBRARY_PATH=/kanaloa_vorc/install/vrx_gazebo/lib:/kanaloa_vorc/install/usv_gazebo_plugins/lib:/kanaloa_vorc/install/wave_gazebo_plugins/lib:${LD_LIBRARY_PATH} PKG_CONFIG_PATH=/kanaloa_vorc/install/vrx_gazebo/lib/x86_64-linux-gnu/pkgconfig:/kanaloa_vorc/install/vrx_gazebo/lib/pkgconfig:/kanaloa_vorc/install/wamv_gazebo/lib/x86_64-linux-gnu/pkgconfig:/kanaloa_vorc/install/wamv_gazebo/lib/pkgconfig:/kanaloa_vorc/install/wave_gazebo/lib/x86_64-linux-gnu/pkgconfig:/kanaloa_vorc/install/wave_gazebo/lib/pkgconfig:/kanaloa_vorc/install/usv_gazebo_plugins/lib/x86_64-linux-gnu/pkgconfig:/kanaloa_vorc/install/usv_gazebo_plugins/lib/pkgconfig:/kanaloa_vorc/install/wave_gazebo_plugins/lib/x86_64-linux-gnu/pkgconfig:/kanaloa_vorc/install/wave_gazebo_plugins/lib/pkgconfig:/kanaloa_vorc/install/wamv_description/lib/x86_64-linux-gnu/pkgconfig:/kanaloa_vorc/install/wamv_description/lib/pkgconfig:/kanaloa_vorc/install/usv_msgs/lib/x86_64-linux-gnu/pkgconfig:/kanaloa_vorc/install/usv_msgs/lib/pkgconfig:${PKG_CONFIG_PATH} PYTHONPATH=/kanaloa_vorc/install/vrx_gazebo/lib/python2.7/dist-packages:/kanaloa_vorc/install/usv_msgs/lib/python2.7/dist-packages:${PYTHONPATH} ROS_PACKAGE_PATH=/kanaloa_vorc/install/vrx_gazebo/share:/kanaloa_vorc/install/wamv_gazebo/share:/kanaloa_vorc/install/wave_gazebo/share:/kanaloa_vorc/install/usv_gazebo_plugins/share:/kanaloa_vorc/install/wave_gazebo_plugins/share:/kanaloa_vorc/install/wamv_description/share:/kanaloa_vorc/install/usv_msgs/share:${ROS_PACKAGE_PATH} /usr/bin/cmake /kanaloa_vorc/src/vorc/vorc_gazebo -DCATKIN_INSTALL_INTO_PREFIX_ROOT=0 -DCMAKE_INSTALL_PREFIX=/kanaloa_vorc/install/vorc_gazebo
[0.080s] -- The C compiler identification is GNU 7.5.0
[0.153s] -- The CXX compiler identification is GNU 7.5.0
[0.157s] -- Check for working C compiler: /usr/bin/cc
[0.211s] -- Check for working C compiler: /usr/bin/cc -- works
[0.212s] -- Detecting C compiler ABI info
[0.266s] -- Detecting C compiler ABI info - done
[0.273s] -- Detecting C compile features
[0.439s] -- Detecting C compile features - done
[0.442s] -- Check for working CXX compiler: /usr/bin/c++
[0.503s] -- Check for working CXX compiler: /usr/bin/c++ -- works
[0.504s] -- Detecting CXX compiler ABI info
[0.568s] -- Detecting CXX compiler ABI info - done
[0.575s] -- Detecting CXX compile features
[0.856s] -- Detecting CXX compile features - done
[0.858s] -- Using CATKIN_DEVEL_PREFIX: /kanaloa_vorc/build/vorc_gazebo/devel
[0.858s] -- Using CMAKE_PREFIX_PATH: /kanaloa_vorc/install/vrx_gazebo;/kanaloa_vorc/install/wamv_gazebo;/kanaloa_vorc/install/wave_gazebo;/kanaloa_vorc/install/usv_gazebo_plugins;/kanaloa_vorc/install/wave_gazebo_plugins;/kanaloa_vorc/install/wamv_description;/kanaloa_vorc/install/usv_msgs;/vorc_ws/install/vorc_gazebo;/vorc_ws/install/vrx_gazebo;/vorc_ws/install/wave_gazebo;/vorc_ws/install/cora_description;/vorc_ws/install/wamv_gazebo;/vorc_ws/install/usv_gazebo_plugins;/vorc_ws/install/wave_gazebo_plugins;/vorc_ws/install/wamv_description;/vorc_ws/install/usv_msgs;/opt/ros/melodic
[0.858s] -- This workspace overlays: /kanaloa_vorc/install/vrx_gazebo;/kanaloa_vorc/install/wamv_gazebo;/kanaloa_vorc/install/wave_gazebo;/kanaloa_vorc/install/usv_gazebo_plugins;/kanaloa_vorc/install/wave_gazebo_plugins;/kanaloa_vorc/install/wamv_description;/kanaloa_vorc/install/usv_msgs;/opt/ros/melodic
[0.871s] -- Found PythonInterp: /usr/bin/python2 (found suitable version "2.7.17", minimum required is "2") 
[0.871s] -- Using PYTHON_EXECUTABLE: /usr/bin/python2
[0.871s] -- Using Debian Python package layout
[0.871s] -- Using empy: /usr/bin/empy
[0.980s] -- Using CATKIN_ENABLE_TESTING: ON
[0.980s] -- Call enable_testing()
[0.981s] -- Using CATKIN_TEST_RESULTS_DIR: /kanaloa_vorc/build/vorc_gazebo/test_results
[0.999s] -- Found gtest sources under '/usr/src/googletest': gtests will be built
[0.999s] -- Found gmock sources under '/usr/src/googletest': gmock will be built
[1.010s] -- Found PythonInterp: /usr/bin/python2 (found version "2.7.17") 
[1.011s] -- Looking for pthread.h
[1.068s] -- Looking for pthread.h - found
[1.068s] -- Looking for pthread_create
[1.126s] -- Looking for pthread_create - not found
[1.126s] -- Looking for pthread_create in pthreads
[1.173s] -- Looking for pthread_create in pthreads - not found
[1.173s] -- Looking for pthread_create in pthread
[1.229s] -- Looking for pthread_create in pthread - found
[1.230s] -- Found Threads: TRUE  
[1.234s] -- Using Python nosetests: /usr/bin/nosetests-2.7
[1.270s] -- catkin 0.7.29
[1.270s] -- BUILD_SHARED_LIBS is on
[1.348s] -- Found PkgConfig: /usr/bin/pkg-config (found version "0.29.1") 
[1.350s] -- Checking for module 'bullet>=2.82'
[1.361s] --   Found bullet, version 2.87
[1.393s] -- Found Simbody: /usr/include/simbody  
[1.464s] -- Boost version: 1.65.1
[1.464s] -- Found the following Boost libraries:
[1.464s] --   thread
[1.464s] --   system
[1.464s] --   filesystem
[1.464s] --   program_options
[1.464s] --   regex
[1.464s] --   iostreams
[1.464s] --   date_time
[1.464s] --   chrono
[1.464s] --   atomic
[1.476s] -- Found Protobuf: /usr/lib/x86_64-linux-gnu/libprotobuf.so;-lpthread (found version "3.0.0") 
[1.495s] -- Boost version: 1.65.1
[1.497s] -- Looking for OGRE...
[1.498s] -- OGRE_PREFIX_WATCH changed.
[1.502s] -- Checking for module 'OGRE'
[1.516s] --   Found OGRE, version 1.9.0
[1.549s] -- Found Ogre Ghadamon (1.9.0)
[1.554s] -- Found OGRE: optimized;/usr/lib/x86_64-linux-gnu/libOgreMain.so;debug;/usr/lib/x86_64-linux-gnu/libOgreMain.so
[1.596s] -- Looking for OGRE_Paging...
[1.599s] -- Found OGRE_Paging: optimized;/usr/lib/x86_64-linux-gnu/libOgrePaging.so;debug;/usr/lib/x86_64-linux-gnu/libOgrePaging.so
[1.600s] -- Looking for OGRE_Terrain...
[1.603s] -- Found OGRE_Terrain: optimized;/usr/lib/x86_64-linux-gnu/libOgreTerrain.so;debug;/usr/lib/x86_64-linux-gnu/libOgreTerrain.so
[1.603s] -- Looking for OGRE_Property...
[1.607s] -- Found OGRE_Property: optimized;/usr/lib/x86_64-linux-gnu/libOgreProperty.so;debug;/usr/lib/x86_64-linux-gnu/libOgreProperty.so
[1.607s] -- Looking for OGRE_RTShaderSystem...
[1.610s] -- Found OGRE_RTShaderSystem: optimized;/usr/lib/x86_64-linux-gnu/libOgreRTShaderSystem.so;debug;/usr/lib/x86_64-linux-gnu/libOgreRTShaderSystem.so
[1.610s] -- Looking for OGRE_Volume...
[1.613s] -- Found OGRE_Volume: optimized;/usr/lib/x86_64-linux-gnu/libOgreVolume.so;debug;/usr/lib/x86_64-linux-gnu/libOgreVolume.so
[1.613s] -- Looking for OGRE_Overlay...
[1.616s] -- Found OGRE_Overlay: optimized;/usr/lib/x86_64-linux-gnu/libOgreOverlay.so;debug;/usr/lib/x86_64-linux-gnu/libOgreOverlay.so
[1.701s] -- Found Protobuf: /usr/lib/x86_64-linux-gnu/libprotobuf.so;-lpthread;-lpthread (found suitable version "3.0.0", minimum required is "2.3.0") 
[1.708s] -- Config-file not installed for ZeroMQ -- checking for pkg-config
[1.712s] -- Checking for module 'libzmq >= 4'
[1.725s] --   Found libzmq , version 4.2.5
[1.756s] -- Found ZeroMQ: TRUE (Required is at least version "4") 
[1.760s] -- Checking for module 'uuid'
[1.771s] --   Found uuid, version 2.31.1
[1.802s] -- Found UUID: TRUE  
[1.811s] -- Checking for module 'tinyxml2'
[1.824s] --   Found tinyxml2, version 6.0.0
[1.857s] -- Looking for dlfcn.h - found
[1.858s] -- Looking for libdl - found
[1.859s] -- Found DL: TRUE  
[1.859s] -- FreeImage.pc not found, we will search for FreeImage_INCLUDE_DIRS and FreeImage_LIBRARIES
[1.926s] -- Checking for module 'gts'
[1.939s] --   Found gts, version 0.7.6
[1.970s] -- Found GTS: TRUE  
[1.973s] -- Checking for module 'libswscale'
[1.985s] --   Found libswscale, version 4.8.100
[2.017s] -- Found SWSCALE: TRUE  
[2.020s] -- Checking for module 'libavdevice >= 56.4.100'
[2.033s] --   Found libavdevice , version 57.10.100
[2.068s] -- Found AVDEVICE: TRUE (Required is at least version "56.4.100") 
[2.071s] -- Checking for module 'libavformat'
[2.083s] --   Found libavformat, version 57.83.100
[2.115s] -- Found AVFORMAT: TRUE  
[2.119s] -- Checking for module 'libavcodec'
[2.132s] --   Found libavcodec, version 57.107.100
[2.165s] -- Found AVCODEC: TRUE  
[2.168s] -- Checking for module 'libavutil'
[2.181s] --   Found libavutil, version 55.78.100
[2.212s] -- Found AVUTIL: TRUE  
[2.216s] -- Found CURL: /usr/lib/x86_64-linux-gnu/libcurl.so (found version "7.58.0") 
[2.222s] -- Checking for module 'jsoncpp'
[2.236s] --   Found jsoncpp, version 1.7.4
[2.268s] -- Found JSONCPP: TRUE  
[2.278s] -- Checking for module 'yaml-0.1'
[2.290s] --   Found yaml-0.1, version 0.1.7
[2.322s] -- Found YAML: TRUE  
[2.325s] -- Checking for module 'libzip'
[2.338s] --   Found libzip, version 1.1.2
[2.370s] -- Found ZIP: TRUE  
[2.370s] -- Gazebo version: 9.16
[2.498s] -- Using these message generators: gencpp;geneus;genlisp;gennodejs;genpy
[2.816s] -- xacro: determining deps for: worlds/marina.world.xacro ...
[2.975s] -- xacro: determining deps for: worlds/perception.world.xacro ...
[3.129s] -- xacro: determining deps for: worlds/station_keeping.world.xacro ...
[3.288s] -- xacro: determining deps for: worlds/wayfinding.world.xacro ...
[3.445s] -- xacro: determining deps for: worlds/gymkhana.world.xacro ...
[3.610s] -- Configuring done
[3.651s] -- Generating done
[3.661s] -- Build files have been written to: /kanaloa_vorc/build/vorc_gazebo
[3.666s] Invoked command in '/kanaloa_vorc/build/vorc_gazebo' returned '0': CMAKE_PREFIX_PATH=/kanaloa_vorc/install/vrx_gazebo:/kanaloa_vorc/install/wamv_gazebo:/kanaloa_vorc/install/wave_gazebo:/kanaloa_vorc/install/usv_gazebo_plugins:/kanaloa_vorc/install/wave_gazebo_plugins:/kanaloa_vorc/install/wamv_description:/kanaloa_vorc/install/usv_msgs:${CMAKE_PREFIX_PATH} LD_LIBRARY_PATH=/kanaloa_vorc/install/vrx_gazebo/lib:/kanaloa_vorc/install/usv_gazebo_plugins/lib:/kanaloa_vorc/install/wave_gazebo_plugins/lib:${LD_LIBRARY_PATH} PKG_CONFIG_PATH=/kanaloa_vorc/install/vrx_gazebo/lib/x86_64-linux-gnu/pkgconfig:/kanaloa_vorc/install/vrx_gazebo/lib/pkgconfig:/kanaloa_vorc/install/wamv_gazebo/lib/x86_64-linux-gnu/pkgconfig:/kanaloa_vorc/install/wamv_gazebo/lib/pkgconfig:/kanaloa_vorc/install/wave_gazebo/lib/x86_64-linux-gnu/pkgconfig:/kanaloa_vorc/install/wave_gazebo/lib/pkgconfig:/kanaloa_vorc/install/usv_gazebo_plugins/lib/x86_64-linux-gnu/pkgconfig:/kanaloa_vorc/install/usv_gazebo_plugins/lib/pkgconfig:/kanaloa_vorc/install/wave_gazebo_plugins/lib/x86_64-linux-gnu/pkgconfig:/kanaloa_vorc/install/wave_gazebo_plugins/lib/pkgconfig:/kanaloa_vorc/install/wamv_description/lib/x86_64-linux-gnu/pkgconfig:/kanaloa_vorc/install/wamv_description/lib/pkgconfig:/kanaloa_vorc/install/usv_msgs/lib/x86_64-linux-gnu/pkgconfig:/kanaloa_vorc/install/usv_msgs/lib/pkgconfig:${PKG_CONFIG_PATH} PYTHONPATH=/kanaloa_vorc/install/vrx_gazebo/lib/python2.7/dist-packages:/kanaloa_vorc/install/usv_msgs/lib/python2.7/dist-packages:${PYTHONPATH} ROS_PACKAGE_PATH=/kanaloa_vorc/install/vrx_gazebo/share:/kanaloa_vorc/install/wamv_gazebo/share:/kanaloa_vorc/install/wave_gazebo/share:/kanaloa_vorc/install/usv_gazebo_plugins/share:/kanaloa_vorc/install/wave_gazebo_plugins/share:/kanaloa_vorc/install/wamv_description/share:/kanaloa_vorc/install/usv_msgs/share:${ROS_PACKAGE_PATH} /usr/bin/cmake /kanaloa_vorc/src/vorc/vorc_gazebo -DCATKIN_INSTALL_INTO_PREFIX_ROOT=0 -DCMAKE_INSTALL_PREFIX=/kanaloa_vorc/install/vorc_gazebo
[3.669s] Invoking command in '/kanaloa_vorc/build/vorc_gazebo': CMAKE_PREFIX_PATH=/kanaloa_vorc/install/vrx_gazebo:/kanaloa_vorc/install/wamv_gazebo:/kanaloa_vorc/install/wave_gazebo:/kanaloa_vorc/install/usv_gazebo_plugins:/kanaloa_vorc/install/wave_gazebo_plugins:/kanaloa_vorc/install/wamv_description:/kanaloa_vorc/install/usv_msgs:${CMAKE_PREFIX_PATH} LD_LIBRARY_PATH=/kanaloa_vorc/install/vrx_gazebo/lib:/kanaloa_vorc/install/usv_gazebo_plugins/lib:/kanaloa_vorc/install/wave_gazebo_plugins/lib:${LD_LIBRARY_PATH} PKG_CONFIG_PATH=/kanaloa_vorc/install/vrx_gazebo/lib/x86_64-linux-gnu/pkgconfig:/kanaloa_vorc/install/vrx_gazebo/lib/pkgconfig:/kanaloa_vorc/install/wamv_gazebo/lib/x86_64-linux-gnu/pkgconfig:/kanaloa_vorc/install/wamv_gazebo/lib/pkgconfig:/kanaloa_vorc/install/wave_gazebo/lib/x86_64-linux-gnu/pkgconfig:/kanaloa_vorc/install/wave_gazebo/lib/pkgconfig:/kanaloa_vorc/install/usv_gazebo_plugins/lib/x86_64-linux-gnu/pkgconfig:/kanaloa_vorc/install/usv_gazebo_plugins/lib/pkgconfig:/kanaloa_vorc/install/wave_gazebo_plugins/lib/x86_64-linux-gnu/pkgconfig:/kanaloa_vorc/install/wave_gazebo_plugins/lib/pkgconfig:/kanaloa_vorc/install/wamv_description/lib/x86_64-linux-gnu/pkgconfig:/kanaloa_vorc/install/wamv_description/lib/pkgconfig:/kanaloa_vorc/install/usv_msgs/lib/x86_64-linux-gnu/pkgconfig:/kanaloa_vorc/install/usv_msgs/lib/pkgconfig:${PKG_CONFIG_PATH} PYTHONPATH=/kanaloa_vorc/install/vrx_gazebo/lib/python2.7/dist-packages:/kanaloa_vorc/install/usv_msgs/lib/python2.7/dist-packages:${PYTHONPATH} ROS_PACKAGE_PATH=/kanaloa_vorc/install/vrx_gazebo/share:/kanaloa_vorc/install/wamv_gazebo/share:/kanaloa_vorc/install/wave_gazebo/share:/kanaloa_vorc/install/usv_gazebo_plugins/share:/kanaloa_vorc/install/wave_gazebo_plugins/share:/kanaloa_vorc/install/wamv_description/share:/kanaloa_vorc/install/usv_msgs/share:${ROS_PACKAGE_PATH} /usr/bin/cmake --build /kanaloa_vorc/build/vorc_gazebo -- -j6 -l6
[3.707s] [35m[1mScanning dependencies of target vorc_gazebo__xacro_auto_generate_to_devel_space_[0m
[3.707s] [35m[1mScanning dependencies of target vorc_gazebo__xacro_auto_generate[0m
[3.707s] [35m[1mScanning dependencies of target gymkhana_scoring_plugin[0m
[3.717s] [ 22%] [34m[1mxacro: generating worlds/station_keeping.world from worlds/station_keeping.world.xacro[0m
[3.717s] [ 22%] [34m[1mcreating dir /kanaloa_vorc/build/vorc_gazebo/devel/share/vorc_gazebo/worlds[0m
[3.717s] [ 22%] [34m[1mxacro: generating worlds/perception.world from worlds/perception.world.xacro[0m
[3.717s] [ 22%] [34m[1mxacro: generating worlds/marina.world from worlds/marina.world.xacro[0m
[3.718s] [ 27%] [34m[1mxacro: generating worlds/marina.world from worlds/marina.world.xacro[0m
[3.736s] [ 33%] [34m[1mxacro: generating worlds/perception.world from worlds/perception.world.xacro[0m
[3.782s] [ 38%] [32mBuilding CXX object CMakeFiles/gymkhana_scoring_plugin.dir/src/gymkhana_scoring_plugin.cc.o[0m
[3.918s] 
[3.928s] 
[3.939s] 
[3.941s] 
[3.945s] 
[3.965s] [ 44%] [34m[1mxacro: generating worlds/wayfinding.world from worlds/wayfinding.world.xacro[0m
[3.967s] [ 50%] [34m[1mxacro: generating worlds/station_keeping.world from worlds/station_keeping.world.xacro[0m
[3.979s] [ 61%] [34m[1mxacro: generating worlds/gymkhana.world from worlds/gymkhana.world.xacro[0m
[3.979s] [ 61%] [34m[1mxacro: generating worlds/wayfinding.world from worlds/wayfinding.world.xacro[0m
[3.980s] [ 66%] [34m[1mxacro: generating worlds/gymkhana.world from worlds/gymkhana.world.xacro[0m
[4.180s] 
[4.185s] 
[4.188s] 
[4.202s] 
[4.204s] 
[4.228s] [ 72%] [34m[1mCopying to devel space: /kanaloa_vorc/build/vorc_gazebo/devel/share/vorc_gazebo/worlds/perception.world[0m
[4.228s] [ 72%] Built target vorc_gazebo__xacro_auto_generate
[4.228s] [ 77%] [34m[1mCopying to devel space: /kanaloa_vorc/build/vorc_gazebo/devel/share/vorc_gazebo/worlds/marina.world[0m
[4.238s] [ 83%] [34m[1mCopying to devel space: /kanaloa_vorc/build/vorc_gazebo/devel/share/vorc_gazebo/worlds/station_keeping.world[0m
[4.242s] [ 94%] [34m[1mCopying to devel space: /kanaloa_vorc/build/vorc_gazebo/devel/share/vorc_gazebo/worlds/gymkhana.world[0m
[4.242s] [ 94%] [34m[1mCopying to devel space: /kanaloa_vorc/build/vorc_gazebo/devel/share/vorc_gazebo/worlds/wayfinding.world[0m
[4.258s] [ 94%] Built target vorc_gazebo__xacro_auto_generate_to_devel_space_
[4.268s] [35m[1mScanning dependencies of target vorc_gazebo_xacro_generated_to_devel_space_[0m
[4.278s] [ 94%] Built target vorc_gazebo_xacro_generated_to_devel_space_
[8.075s] [100%] [32m[1mLinking CXX shared library devel/lib/libgymkhana_scoring_plugin.so[0m
[8.321s] [100%] Built target gymkhana_scoring_plugin
[8.330s] Invoked command in '/kanaloa_vorc/build/vorc_gazebo' returned '0': CMAKE_PREFIX_PATH=/kanaloa_vorc/install/vrx_gazebo:/kanaloa_vorc/install/wamv_gazebo:/kanaloa_vorc/install/wave_gazebo:/kanaloa_vorc/install/usv_gazebo_plugins:/kanaloa_vorc/install/wave_gazebo_plugins:/kanaloa_vorc/install/wamv_description:/kanaloa_vorc/install/usv_msgs:${CMAKE_PREFIX_PATH} LD_LIBRARY_PATH=/kanaloa_vorc/install/vrx_gazebo/lib:/kanaloa_vorc/install/usv_gazebo_plugins/lib:/kanaloa_vorc/install/wave_gazebo_plugins/lib:${LD_LIBRARY_PATH} PKG_CONFIG_PATH=/kanaloa_vorc/install/vrx_gazebo/lib/x86_64-linux-gnu/pkgconfig:/kanaloa_vorc/install/vrx_gazebo/lib/pkgconfig:/kanaloa_vorc/install/wamv_gazebo/lib/x86_64-linux-gnu/pkgconfig:/kanaloa_vorc/install/wamv_gazebo/lib/pkgconfig:/kanaloa_vorc/install/wave_gazebo/lib/x86_64-linux-gnu/pkgconfig:/kanaloa_vorc/install/wave_gazebo/lib/pkgconfig:/kanaloa_vorc/install/usv_gazebo_plugins/lib/x86_64-linux-gnu/pkgconfig:/kanaloa_vorc/install/usv_gazebo_plugins/lib/pkgconfig:/kanaloa_vorc/install/wave_gazebo_plugins/lib/x86_64-linux-gnu/pkgconfig:/kanaloa_vorc/install/wave_gazebo_plugins/lib/pkgconfig:/kanaloa_vorc/install/wamv_description/lib/x86_64-linux-gnu/pkgconfig:/kanaloa_vorc/install/wamv_description/lib/pkgconfig:/kanaloa_vorc/install/usv_msgs/lib/x86_64-linux-gnu/pkgconfig:/kanaloa_vorc/install/usv_msgs/lib/pkgconfig:${PKG_CONFIG_PATH} PYTHONPATH=/kanaloa_vorc/install/vrx_gazebo/lib/python2.7/dist-packages:/kanaloa_vorc/install/usv_msgs/lib/python2.7/dist-packages:${PYTHONPATH} ROS_PACKAGE_PATH=/kanaloa_vorc/install/vrx_gazebo/share:/kanaloa_vorc/install/wamv_gazebo/share:/kanaloa_vorc/install/wave_gazebo/share:/kanaloa_vorc/install/usv_gazebo_plugins/share:/kanaloa_vorc/install/wave_gazebo_plugins/share:/kanaloa_vorc/install/wamv_description/share:/kanaloa_vorc/install/usv_msgs/share:${ROS_PACKAGE_PATH} /usr/bin/cmake --build /kanaloa_vorc/build/vorc_gazebo -- -j6 -l6
[8.393s] Invoking command in '/kanaloa_vorc/build/vorc_gazebo': CMAKE_PREFIX_PATH=/kanaloa_vorc/install/vrx_gazebo:/kanaloa_vorc/install/wamv_gazebo:/kanaloa_vorc/install/wave_gazebo:/kanaloa_vorc/install/usv_gazebo_plugins:/kanaloa_vorc/install/wave_gazebo_plugins:/kanaloa_vorc/install/wamv_description:/kanaloa_vorc/install/usv_msgs:${CMAKE_PREFIX_PATH} LD_LIBRARY_PATH=/kanaloa_vorc/install/vrx_gazebo/lib:/kanaloa_vorc/install/usv_gazebo_plugins/lib:/kanaloa_vorc/install/wave_gazebo_plugins/lib:${LD_LIBRARY_PATH} PKG_CONFIG_PATH=/kanaloa_vorc/install/vrx_gazebo/lib/x86_64-linux-gnu/pkgconfig:/kanaloa_vorc/install/vrx_gazebo/lib/pkgconfig:/kanaloa_vorc/install/wamv_gazebo/lib/x86_64-linux-gnu/pkgconfig:/kanaloa_vorc/install/wamv_gazebo/lib/pkgconfig:/kanaloa_vorc/install/wave_gazebo/lib/x86_64-linux-gnu/pkgconfig:/kanaloa_vorc/install/wave_gazebo/lib/pkgconfig:/kanaloa_vorc/install/usv_gazebo_plugins/lib/x86_64-linux-gnu/pkgconfig:/kanaloa_vorc/install/usv_gazebo_plugins/lib/pkgconfig:/kanaloa_vorc/install/wave_gazebo_plugins/lib/x86_64-linux-gnu/pkgconfig:/kanaloa_vorc/install/wave_gazebo_plugins/lib/pkgconfig:/kanaloa_vorc/install/wamv_description/lib/x86_64-linux-gnu/pkgconfig:/kanaloa_vorc/install/wamv_description/lib/pkgconfig:/kanaloa_vorc/install/usv_msgs/lib/x86_64-linux-gnu/pkgconfig:/kanaloa_vorc/install/usv_msgs/lib/pkgconfig:${PKG_CONFIG_PATH} PYTHONPATH=/kanaloa_vorc/install/vrx_gazebo/lib/python2.7/dist-packages:/kanaloa_vorc/install/usv_msgs/lib/python2.7/dist-packages:${PYTHONPATH} ROS_PACKAGE_PATH=/kanaloa_vorc/install/vrx_gazebo/share:/kanaloa_vorc/install/wamv_gazebo/share:/kanaloa_vorc/install/wave_gazebo/share:/kanaloa_vorc/install/usv_gazebo_plugins/share:/kanaloa_vorc/install/wave_gazebo_plugins/share:/kanaloa_vorc/install/wamv_description/share:/kanaloa_vorc/install/usv_msgs/share:${ROS_PACKAGE_PATH} /usr/bin/cmake --build /kanaloa_vorc/build/vorc_gazebo --target tests -- -j6 -l6
[8.445s] [35m[1mScanning dependencies of target tests[0m
[8.453s] Built target tests
[8.463s] Invoked command in '/kanaloa_vorc/build/vorc_gazebo' returned '0': CMAKE_PREFIX_PATH=/kanaloa_vorc/install/vrx_gazebo:/kanaloa_vorc/install/wamv_gazebo:/kanaloa_vorc/install/wave_gazebo:/kanaloa_vorc/install/usv_gazebo_plugins:/kanaloa_vorc/install/wave_gazebo_plugins:/kanaloa_vorc/install/wamv_description:/kanaloa_vorc/install/usv_msgs:${CMAKE_PREFIX_PATH} LD_LIBRARY_PATH=/kanaloa_vorc/install/vrx_gazebo/lib:/kanaloa_vorc/install/usv_gazebo_plugins/lib:/kanaloa_vorc/install/wave_gazebo_plugins/lib:${LD_LIBRARY_PATH} PKG_CONFIG_PATH=/kanaloa_vorc/install/vrx_gazebo/lib/x86_64-linux-gnu/pkgconfig:/kanaloa_vorc/install/vrx_gazebo/lib/pkgconfig:/kanaloa_vorc/install/wamv_gazebo/lib/x86_64-linux-gnu/pkgconfig:/kanaloa_vorc/install/wamv_gazebo/lib/pkgconfig:/kanaloa_vorc/install/wave_gazebo/lib/x86_64-linux-gnu/pkgconfig:/kanaloa_vorc/install/wave_gazebo/lib/pkgconfig:/kanaloa_vorc/install/usv_gazebo_plugins/lib/x86_64-linux-gnu/pkgconfig:/kanaloa_vorc/install/usv_gazebo_plugins/lib/pkgconfig:/kanaloa_vorc/install/wave_gazebo_plugins/lib/x86_64-linux-gnu/pkgconfig:/kanaloa_vorc/install/wave_gazebo_plugins/lib/pkgconfig:/kanaloa_vorc/install/wamv_description/lib/x86_64-linux-gnu/pkgconfig:/kanaloa_vorc/install/wamv_description/lib/pkgconfig:/kanaloa_vorc/install/usv_msgs/lib/x86_64-linux-gnu/pkgconfig:/kanaloa_vorc/install/usv_msgs/lib/pkgconfig:${PKG_CONFIG_PATH} PYTHONPATH=/kanaloa_vorc/install/vrx_gazebo/lib/python2.7/dist-packages:/kanaloa_vorc/install/usv_msgs/lib/python2.7/dist-packages:${PYTHONPATH} ROS_PACKAGE_PATH=/kanaloa_vorc/install/vrx_gazebo/share:/kanaloa_vorc/install/wamv_gazebo/share:/kanaloa_vorc/install/wave_gazebo/share:/kanaloa_vorc/install/usv_gazebo_plugins/share:/kanaloa_vorc/install/wave_gazebo_plugins/share:/kanaloa_vorc/install/wamv_description/share:/kanaloa_vorc/install/usv_msgs/share:${ROS_PACKAGE_PATH} /usr/bin/cmake --build /kanaloa_vorc/build/vorc_gazebo --target tests -- -j6 -l6
[8.528s] Invoking command in '/kanaloa_vorc/build/vorc_gazebo': CMAKE_PREFIX_PATH=/kanaloa_vorc/install/vrx_gazebo:/kanaloa_vorc/install/wamv_gazebo:/kanaloa_vorc/install/wave_gazebo:/kanaloa_vorc/install/usv_gazebo_plugins:/kanaloa_vorc/install/wave_gazebo_plugins:/kanaloa_vorc/install/wamv_description:/kanaloa_vorc/install/usv_msgs:${CMAKE_PREFIX_PATH} LD_LIBRARY_PATH=/kanaloa_vorc/install/vrx_gazebo/lib:/kanaloa_vorc/install/usv_gazebo_plugins/lib:/kanaloa_vorc/install/wave_gazebo_plugins/lib:${LD_LIBRARY_PATH} PKG_CONFIG_PATH=/kanaloa_vorc/install/vrx_gazebo/lib/x86_64-linux-gnu/pkgconfig:/kanaloa_vorc/install/vrx_gazebo/lib/pkgconfig:/kanaloa_vorc/install/wamv_gazebo/lib/x86_64-linux-gnu/pkgconfig:/kanaloa_vorc/install/wamv_gazebo/lib/pkgconfig:/kanaloa_vorc/install/wave_gazebo/lib/x86_64-linux-gnu/pkgconfig:/kanaloa_vorc/install/wave_gazebo/lib/pkgconfig:/kanaloa_vorc/install/usv_gazebo_plugins/lib/x86_64-linux-gnu/pkgconfig:/kanaloa_vorc/install/usv_gazebo_plugins/lib/pkgconfig:/kanaloa_vorc/install/wave_gazebo_plugins/lib/x86_64-linux-gnu/pkgconfig:/kanaloa_vorc/install/wave_gazebo_plugins/lib/pkgconfig:/kanaloa_vorc/install/wamv_description/lib/x86_64-linux-gnu/pkgconfig:/kanaloa_vorc/install/wamv_description/lib/pkgconfig:/kanaloa_vorc/install/usv_msgs/lib/x86_64-linux-gnu/pkgconfig:/kanaloa_vorc/install/usv_msgs/lib/pkgconfig:${PKG_CONFIG_PATH} PYTHONPATH=/kanaloa_vorc/install/vrx_gazebo/lib/python2.7/dist-packages:/kanaloa_vorc/install/usv_msgs/lib/python2.7/dist-packages:${PYTHONPATH} ROS_PACKAGE_PATH=/kanaloa_vorc/install/vrx_gazebo/share:/kanaloa_vorc/install/wamv_gazebo/share:/kanaloa_vorc/install/wave_gazebo/share:/kanaloa_vorc/install/usv_gazebo_plugins/share:/kanaloa_vorc/install/wave_gazebo_plugins/share:/kanaloa_vorc/install/wamv_description/share:/kanaloa_vorc/install/usv_msgs/share:${ROS_PACKAGE_PATH} /usr/bin/cmake --build /kanaloa_vorc/build/vorc_gazebo --target install -- -j6 -l6
[8.578s] [ 22%] [34m[1mCopying to devel space: /kanaloa_vorc/build/vorc_gazebo/devel/share/vorc_gazebo/worlds/station_keeping.world[0m
[8.578s] [ 22%] [34m[1mCopying to devel space: /kanaloa_vorc/build/vorc_gazebo/devel/share/vorc_gazebo/worlds/perception.world[0m
[8.578s] [ 27%] [34m[1mCopying to devel space: /kanaloa_vorc/build/vorc_gazebo/devel/share/vorc_gazebo/worlds/marina.world[0m
[8.579s] [ 44%] Built target vorc_gazebo__xacro_auto_generate
[8.588s] [ 55%] Built target gymkhana_scoring_plugin
[8.594s] [100%] Built target vorc_gazebo__xacro_auto_generate_to_devel_space_
[8.611s] [100%] Built target vorc_gazebo_xacro_generated_to_devel_space_
[8.628s] [36mInstall the project...[0m
[8.637s] -- Install configuration: ""
[8.637s] -- Installing: /kanaloa_vorc/install/vorc_gazebo/lib/pkgconfig/vorc_gazebo.pc
[8.637s] -- Installing: /kanaloa_vorc/install/vorc_gazebo/share/vorc_gazebo/cmake/vorc_gazeboConfig.cmake
[8.637s] -- Installing: /kanaloa_vorc/install/vorc_gazebo/share/vorc_gazebo/cmake/vorc_gazeboConfig-version.cmake
[8.637s] -- Installing: /kanaloa_vorc/install/vorc_gazebo/share/vorc_gazebo/package.xml
[8.637s] -- Installing: /kanaloa_vorc/install/vorc_gazebo/share/vorc_gazebo/worlds/marina.world
[8.638s] -- Installing: /kanaloa_vorc/install/vorc_gazebo/share/vorc_gazebo/worlds/perception.world
[8.638s] -- Installing: /kanaloa_vorc/install/vorc_gazebo/share/vorc_gazebo/worlds/station_keeping.world
[8.638s] -- Installing: /kanaloa_vorc/install/vorc_gazebo/share/vorc_gazebo/worlds/wayfinding.world
[8.638s] -- Installing: /kanaloa_vorc/install/vorc_gazebo/share/vorc_gazebo/worlds/gymkhana.world
[8.638s] -- Up-to-date: /kanaloa_vorc/install/vorc_gazebo/share/vorc_gazebo/worlds
[8.638s] -- Installing: /kanaloa_vorc/install/vorc_gazebo/share/vorc_gazebo/worlds/station_keeping.world.xacro
[8.638s] -- Installing: /kanaloa_vorc/install/vorc_gazebo/share/vorc_gazebo/worlds/xacros
[8.638s] -- Installing: /kanaloa_vorc/install/vorc_gazebo/share/vorc_gazebo/worlds/xacros/gymkhana.xacro
[8.638s] -- Installing: /kanaloa_vorc/install/vorc_gazebo/share/vorc_gazebo/worlds/xacros/marina_minus_scene.xacro
[8.639s] -- Installing: /kanaloa_vorc/install/vorc_gazebo/share/vorc_gazebo/worlds/xacros/include_all_xacros.xacro
[8.639s] -- Installing: /kanaloa_vorc/install/vorc_gazebo/share/vorc_gazebo/worlds/gymkhana.world.xacro
[8.639s] -- Installing: /kanaloa_vorc/install/vorc_gazebo/share/vorc_gazebo/worlds/wayfinding.world.xacro
[8.639s] -- Installing: /kanaloa_vorc/install/vorc_gazebo/share/vorc_gazebo/worlds/marina.xacro
[8.639s] -- Installing: /kanaloa_vorc/install/vorc_gazebo/share/vorc_gazebo/worlds/marina.world.xacro
[8.640s] -- Installing: /kanaloa_vorc/install/vorc_gazebo/share/vorc_gazebo/worlds/perception.world.xacro
[8.640s] -- Installing: /kanaloa_vorc/install/vorc_gazebo/share/vorc_gazebo/models
[8.640s] -- Installing: /kanaloa_vorc/install/vorc_gazebo/share/vorc_gazebo/models/marina
[8.640s] -- Installing: /kanaloa_vorc/install/vorc_gazebo/share/vorc_gazebo/models/marina/model.config
[8.640s] -- Installing: /kanaloa_vorc/install/vorc_gazebo/share/vorc_gazebo/models/marina/model.sdf
[8.640s] -- Installing: /kanaloa_vorc/install/vorc_gazebo/share/vorc_gazebo/models/marina/meshes
[8.640s] -- Installing: /kanaloa_vorc/install/vorc_gazebo/share/vorc_gazebo/models/marina/meshes/terrain.dae
[8.646s] -- Installing: /kanaloa_vorc/install/vorc_gazebo/share/vorc_gazebo/models/marina/meshes/terrain.png
[8.696s] -- Installing: /kanaloa_vorc/install/vorc_gazebo/share/vorc_gazebo/models/short_navigation_course0
[8.696s] -- Installing: /kanaloa_vorc/install/vorc_gazebo/share/vorc_gazebo/models/short_navigation_course0/model.config
[8.696s] -- Installing: /kanaloa_vorc/install/vorc_gazebo/share/vorc_gazebo/models/short_navigation_course0/model.sdf
[8.697s] -- Installing: /kanaloa_vorc/install/vorc_gazebo/share/vorc_gazebo/models/buoy_red
[8.697s] -- Installing: /kanaloa_vorc/install/vorc_gazebo/share/vorc_gazebo/models/buoy_red/model.config
[8.697s] -- Installing: /kanaloa_vorc/install/vorc_gazebo/share/vorc_gazebo/models/buoy_red/model.sdf
[8.697s] -- Installing: /kanaloa_vorc/install/vorc_gazebo/share/vorc_gazebo/models/buoy_red/meshes
[8.697s] -- Installing: /kanaloa_vorc/install/vorc_gazebo/share/vorc_gazebo/models/buoy_red/meshes/Buoy01.dae
[8.700s] -- Installing: /kanaloa_vorc/install/vorc_gazebo/share/vorc_gazebo/models/buoy_red/materials
[8.700s] -- Installing: /kanaloa_vorc/install/vorc_gazebo/share/vorc_gazebo/models/buoy_red/materials/scripts
[8.700s] -- Installing: /kanaloa_vorc/install/vorc_gazebo/share/vorc_gazebo/models/buoy_red/materials/scripts/model.material
[8.700s] -- Installing: /kanaloa_vorc/install/vorc_gazebo/share/vorc_gazebo/models/buoy_red/materials/textures
[8.701s] -- Installing: /kanaloa_vorc/install/vorc_gazebo/share/vorc_gazebo/models/buoy_red/materials/textures/Buoy01_Emissive.png
[8.701s] -- Installing: /kanaloa_vorc/install/vorc_gazebo/share/vorc_gazebo/models/buoy_red/materials/textures/Buoy01_Metalness.png
[8.705s] -- Installing: /kanaloa_vorc/install/vorc_gazebo/share/vorc_gazebo/models/buoy_red/materials/textures/Buoy01_Albedo.png
[8.737s] -- Installing: /kanaloa_vorc/install/vorc_gazebo/share/vorc_gazebo/models/buoy_red/materials/textures/Buoy01_Roughness.png
[8.753s] -- Installing: /kanaloa_vorc/install/vorc_gazebo/share/vorc_gazebo/models/buoy_red/materials/textures/Buoy01_Normal.png
[8.767s] -- Installing: /kanaloa_vorc/install/vorc_gazebo/share/vorc_gazebo/models/obstacle_course
[8.767s] -- Installing: /kanaloa_vorc/install/vorc_gazebo/share/vorc_gazebo/models/obstacle_course/model.config
[8.767s] -- Installing: /kanaloa_vorc/install/vorc_gazebo/share/vorc_gazebo/models/obstacle_course/model.sdf
[8.768s] -- Installing: /kanaloa_vorc/install/vorc_gazebo/share/vorc_gazebo/launch
[8.768s] -- Installing: /kanaloa_vorc/install/vorc_gazebo/share/vorc_gazebo/launch/gymkhana.launch
[8.768s] -- Installing: /kanaloa_vorc/install/vorc_gazebo/share/vorc_gazebo/launch/perception.launch
[8.769s] -- Installing: /kanaloa_vorc/install/vorc_gazebo/share/vorc_gazebo/launch/marina.launch
[8.769s] -- Installing: /kanaloa_vorc/install/vorc_gazebo/share/vorc_gazebo/launch/localization_example.launch
[8.769s] -- Installing: /kanaloa_vorc/install/vorc_gazebo/share/vorc_gazebo/launch/rviz.launch
[8.769s] -- Installing: /kanaloa_vorc/install/vorc_gazebo/share/vorc_gazebo/launch/station_keeping.launch
[8.770s] -- Installing: /kanaloa_vorc/install/vorc_gazebo/share/vorc_gazebo/launch/playback.launch
[8.770s] -- Installing: /kanaloa_vorc/install/vorc_gazebo/share/vorc_gazebo/launch/usv_keydrive.launch
[8.770s] -- Installing: /kanaloa_vorc/install/vorc_gazebo/share/vorc_gazebo/launch/usv_joydrive.launch
[8.770s] -- Installing: /kanaloa_vorc/install/vorc_gazebo/share/vorc_gazebo/launch/wayfinding.launch
[8.771s] -- Installing: /kanaloa_vorc/install/vorc_gazebo/share/vorc_gazebo/config
[8.771s] -- Installing: /kanaloa_vorc/install/vorc_gazebo/share/vorc_gazebo/config/rviz_cora.rviz
[8.771s] -- Installing: /kanaloa_vorc/install/vorc_gazebo/share/vorc_gazebo/config/pinger.yaml
[8.771s] -- Installing: /kanaloa_vorc/install/vorc_gazebo/lib/vorc_gazebo/pinger_visualization.py
[8.772s] -- Installing: /kanaloa_vorc/install/vorc_gazebo/lib/vorc_gazebo/set_pinger_position.py
[8.772s] -- Installing: /kanaloa_vorc/install/vorc_gazebo/lib/libgymkhana_scoring_plugin.so
[8.772s] -- Set runtime path of "/kanaloa_vorc/install/vorc_gazebo/lib/libgymkhana_scoring_plugin.so" to ""
[8.776s] Invoked command in '/kanaloa_vorc/build/vorc_gazebo' returned '0': CMAKE_PREFIX_PATH=/kanaloa_vorc/install/vrx_gazebo:/kanaloa_vorc/install/wamv_gazebo:/kanaloa_vorc/install/wave_gazebo:/kanaloa_vorc/install/usv_gazebo_plugins:/kanaloa_vorc/install/wave_gazebo_plugins:/kanaloa_vorc/install/wamv_description:/kanaloa_vorc/install/usv_msgs:${CMAKE_PREFIX_PATH} LD_LIBRARY_PATH=/kanaloa_vorc/install/vrx_gazebo/lib:/kanaloa_vorc/install/usv_gazebo_plugins/lib:/kanaloa_vorc/install/wave_gazebo_plugins/lib:${LD_LIBRARY_PATH} PKG_CONFIG_PATH=/kanaloa_vorc/install/vrx_gazebo/lib/x86_64-linux-gnu/pkgconfig:/kanaloa_vorc/install/vrx_gazebo/lib/pkgconfig:/kanaloa_vorc/install/wamv_gazebo/lib/x86_64-linux-gnu/pkgconfig:/kanaloa_vorc/install/wamv_gazebo/lib/pkgconfig:/kanaloa_vorc/install/wave_gazebo/lib/x86_64-linux-gnu/pkgconfig:/kanaloa_vorc/install/wave_gazebo/lib/pkgconfig:/kanaloa_vorc/install/usv_gazebo_plugins/lib/x86_64-linux-gnu/pkgconfig:/kanaloa_vorc/install/usv_gazebo_plugins/lib/pkgconfig:/kanaloa_vorc/install/wave_gazebo_plugins/lib/x86_64-linux-gnu/pkgconfig:/kanaloa_vorc/install/wave_gazebo_plugins/lib/pkgconfig:/kanaloa_vorc/install/wamv_description/lib/x86_64-linux-gnu/pkgconfig:/kanaloa_vorc/install/wamv_description/lib/pkgconfig:/kanaloa_vorc/install/usv_msgs/lib/x86_64-linux-gnu/pkgconfig:/kanaloa_vorc/install/usv_msgs/lib/pkgconfig:${PKG_CONFIG_PATH} PYTHONPATH=/kanaloa_vorc/install/vrx_gazebo/lib/python2.7/dist-packages:/kanaloa_vorc/install/usv_msgs/lib/python2.7/dist-packages:${PYTHONPATH} ROS_PACKAGE_PATH=/kanaloa_vorc/install/vrx_gazebo/share:/kanaloa_vorc/install/wamv_gazebo/share:/kanaloa_vorc/install/wave_gazebo/share:/kanaloa_vorc/install/usv_gazebo_plugins/share:/kanaloa_vorc/install/wave_gazebo_plugins/share:/kanaloa_vorc/install/wamv_description/share:/kanaloa_vorc/install/usv_msgs/share:${ROS_PACKAGE_PATH} /usr/bin/cmake --build /kanaloa_vorc/build/vorc_gazebo --target install -- -j6 -l6
