[0.021s] Invoking command in '/kanaloa_vorc/build/wamv_description': /usr/bin/cmake /kanaloa_vorc/src/vrx/wamv_description -DCATKIN_INSTALL_INTO_PREFIX_ROOT=0 -DCMAKE_INSTALL_PREFIX=/kanaloa_vorc/install/wamv_description
[0.147s] -- The C compiler identification is GNU 7.5.0
[0.204s] -- The CXX compiler identification is GNU 7.5.0
[0.209s] -- Check for working C compiler: /usr/bin/cc
[0.266s] -- Check for working C compiler: /usr/bin/cc -- works
[0.266s] -- Detecting C compiler ABI info
[0.328s] -- Detecting C compiler ABI info - done
[0.336s] -- Detecting C compile features
[0.516s] -- Detecting C compile features - done
[0.518s] -- Check for working CXX compiler: /usr/bin/c++
[0.583s] -- Check for working CXX compiler: /usr/bin/c++ -- works
[0.584s] -- Detecting CXX compiler ABI info
[0.651s] -- Detecting CXX compiler ABI info - done
[0.658s] -- Detecting CXX compile features
[0.960s] -- Detecting CXX compile features - done
[0.962s] -- Using CATKIN_DEVEL_PREFIX: /kanaloa_vorc/build/wamv_description/devel
[0.962s] -- Using CMAKE_PREFIX_PATH: /vorc_ws/install/vorc_gazebo;/vorc_ws/install/vrx_gazebo;/vorc_ws/install/wave_gazebo;/vorc_ws/install/cora_description;/vorc_ws/install/wamv_gazebo;/vorc_ws/install/usv_gazebo_plugins;/vorc_ws/install/wave_gazebo_plugins;/vorc_ws/install/wamv_description;/vorc_ws/install/usv_msgs;/opt/ros/melodic
[0.962s] -- This workspace overlays: /opt/ros/melodic
[0.974s] -- Found PythonInterp: /usr/bin/python2 (found suitable version "2.7.17", minimum required is "2") 
[0.974s] -- Using PYTHON_EXECUTABLE: /usr/bin/python2
[0.974s] -- Using Debian Python package layout
[0.975s] -- Using empy: /usr/bin/empy
[1.093s] -- Using CATKIN_ENABLE_TESTING: ON
[1.094s] -- Call enable_testing()
[1.095s] -- Using CATKIN_TEST_RESULTS_DIR: /kanaloa_vorc/build/wamv_description/test_results
[1.110s] -- Found gtest sources under '/usr/src/googletest': gtests will be built
[1.111s] -- Found gmock sources under '/usr/src/googletest': gmock will be built
[1.122s] -- Found PythonInterp: /usr/bin/python2 (found version "2.7.17") 
[1.123s] -- Looking for pthread.h
[1.179s] -- Looking for pthread.h - found
[1.179s] -- Looking for pthread_create
[1.245s] -- Looking for pthread_create - not found
[1.245s] -- Looking for pthread_create in pthreads
[1.298s] -- Looking for pthread_create in pthreads - not found
[1.298s] -- Looking for pthread_create in pthread
[1.363s] -- Looking for pthread_create in pthread - found
[1.364s] -- Found Threads: TRUE  
[1.367s] -- Using Python nosetests: /usr/bin/nosetests-2.7
[1.408s] -- catkin 0.7.29
[1.408s] -- BUILD_SHARED_LIBS is on
[1.591s] -- xacro: determining deps for: urdf/wamv_base.urdf.xacro ...
[1.646s] -- Configuring done
[1.658s] -- Generating done
[1.660s] -- Build files have been written to: /kanaloa_vorc/build/wamv_description
[1.663s] Invoked command in '/kanaloa_vorc/build/wamv_description' returned '0': /usr/bin/cmake /kanaloa_vorc/src/vrx/wamv_description -DCATKIN_INSTALL_INTO_PREFIX_ROOT=0 -DCMAKE_INSTALL_PREFIX=/kanaloa_vorc/install/wamv_description
[1.666s] Invoking command in '/kanaloa_vorc/build/wamv_description': /usr/bin/cmake --build /kanaloa_vorc/build/wamv_description -- -j6 -l6
[1.701s] [35m[1mScanning dependencies of target wamv_description__xacro_auto_generate_to_devel_space_[0m
[1.701s] [35m[1mScanning dependencies of target wamv_description__xacro_auto_generate[0m
[1.711s] [ 25%] [34m[1mxacro: generating urdf/wamv_base.urdf from urdf/wamv_base.urdf.xacro[0m
[1.711s] [ 50%] [34m[1mxacro: generating urdf/wamv_base.urdf from urdf/wamv_base.urdf.xacro[0m
[1.712s] [ 75%] [34m[1mcreating dir /kanaloa_vorc/build/wamv_description/devel/share/wamv_description/urdf[0m
[1.761s] 
[1.764s] 
[1.776s] [ 75%] Built target wamv_description__xacro_auto_generate
[1.778s] [100%] [34m[1mCopying to devel space: /kanaloa_vorc/build/wamv_description/devel/share/wamv_description/urdf/wamv_base.urdf[0m
[1.794s] [100%] Built target wamv_description__xacro_auto_generate_to_devel_space_
[1.803s] [35m[1mScanning dependencies of target wamv_description_xacro_generated_to_devel_space_[0m
[1.812s] [100%] Built target wamv_description_xacro_generated_to_devel_space_
[1.824s] Invoked command in '/kanaloa_vorc/build/wamv_description' returned '0': /usr/bin/cmake --build /kanaloa_vorc/build/wamv_description -- -j6 -l6
[1.857s] Invoking command in '/kanaloa_vorc/build/wamv_description': /usr/bin/cmake --build /kanaloa_vorc/build/wamv_description --target tests -- -j6 -l6
[1.912s] [35m[1mScanning dependencies of target tests[0m
[1.926s] Built target tests
[1.939s] Invoked command in '/kanaloa_vorc/build/wamv_description' returned '0': /usr/bin/cmake --build /kanaloa_vorc/build/wamv_description --target tests -- -j6 -l6
[2.134s] Invoking command in '/kanaloa_vorc/build/wamv_description': /usr/bin/cmake --build /kanaloa_vorc/build/wamv_description --target install -- -j6 -l6
[2.327s] [ 25%] Built target wamv_description__xacro_auto_generate
[2.333s] [100%] Built target wamv_description__xacro_auto_generate_to_devel_space_
[2.363s] [100%] Built target wamv_description_xacro_generated_to_devel_space_
[2.434s] [36mInstall the project...[0m
[2.485s] -- Install configuration: ""
[2.486s] -- Installing: /kanaloa_vorc/install/wamv_description/lib/pkgconfig/wamv_description.pc
[2.486s] -- Installing: /kanaloa_vorc/install/wamv_description/share/wamv_description/cmake/wamv_descriptionConfig.cmake
[2.487s] -- Installing: /kanaloa_vorc/install/wamv_description/share/wamv_description/cmake/wamv_descriptionConfig-version.cmake
[2.487s] -- Installing: /kanaloa_vorc/install/wamv_description/share/wamv_description/package.xml
[2.488s] -- Installing: /kanaloa_vorc/install/wamv_description/share/wamv_description/urdf/wamv_base.urdf
[2.488s] -- Installing: /kanaloa_vorc/install/wamv_description/share/wamv_description/models
[2.488s] -- Installing: /kanaloa_vorc/install/wamv_description/share/wamv_description/models/propeller
[2.489s] -- Installing: /kanaloa_vorc/install/wamv_description/share/wamv_description/models/propeller/model.config
[2.489s] -- Installing: /kanaloa_vorc/install/wamv_description/share/wamv_description/models/propeller/mesh
[2.489s] -- Installing: /kanaloa_vorc/install/wamv_description/share/wamv_description/models/propeller/mesh/propeller.dae
[2.489s] -- Installing: /kanaloa_vorc/install/wamv_description/share/wamv_description/models/engine
[2.506s] -- Installing: /kanaloa_vorc/install/wamv_description/share/wamv_description/models/engine/model.config
[2.513s] -- Installing: /kanaloa_vorc/install/wamv_description/share/wamv_description/models/engine/mesh
[2.513s] -- Installing: /kanaloa_vorc/install/wamv_description/share/wamv_description/models/engine/mesh/engine.dae
[2.514s] -- Installing: /kanaloa_vorc/install/wamv_description/share/wamv_description/models/WAM-V-Base
[2.514s] -- Installing: /kanaloa_vorc/install/wamv_description/share/wamv_description/models/WAM-V-Base/model.config
[2.514s] -- Installing: /kanaloa_vorc/install/wamv_description/share/wamv_description/models/WAM-V-Base/mesh
[2.515s] -- Installing: /kanaloa_vorc/install/wamv_description/share/wamv_description/models/WAM-V-Base/mesh/WamV.png
[2.526s] -- Installing: /kanaloa_vorc/install/wamv_description/share/wamv_description/models/WAM-V-Base/mesh/WAM-V-Base.dae
[2.527s] -- Up-to-date: /kanaloa_vorc/install/wamv_description/share/wamv_description/urdf
[2.527s] -- Installing: /kanaloa_vorc/install/wamv_description/share/wamv_description/urdf/cpu_cases.xacro
[2.528s] -- Installing: /kanaloa_vorc/install/wamv_description/share/wamv_description/urdf/wamv_base.urdf.xacro
[2.528s] -- Installing: /kanaloa_vorc/install/wamv_description/share/wamv_description/urdf/thrusters
[2.528s] -- Installing: /kanaloa_vorc/install/wamv_description/share/wamv_description/urdf/thrusters/engine.xacro
[2.528s] -- Installing: /kanaloa_vorc/install/wamv_description/share/wamv_description/urdf/battery.xacro
[2.533s] Invoked command in '/kanaloa_vorc/build/wamv_description' returned '0': /usr/bin/cmake --build /kanaloa_vorc/build/wamv_description --target install -- -j6 -l6
