[0.017s] Invoking command in '/kanaloa_vorc/build/vorc_gazebo': CMAKE_PREFIX_PATH=/kanaloa_vorc/install/vrx_gazebo:/kanaloa_vorc/install/wamv_gazebo:/kanaloa_vorc/install/wave_gazebo:/kanaloa_vorc/install/usv_gazebo_plugins:/kanaloa_vorc/install/wave_gazebo_plugins:/kanaloa_vorc/install/wamv_description:/kanaloa_vorc/install/usv_msgs LD_LIBRARY_PATH=/kanaloa_vorc/install/vrx_gazebo/lib:/kanaloa_vorc/install/usv_gazebo_plugins/lib:/kanaloa_vorc/install/wave_gazebo_plugins/lib PKG_CONFIG_PATH=/kanaloa_vorc/install/vrx_gazebo/lib/x86_64-linux-gnu/pkgconfig:/kanaloa_vorc/install/vrx_gazebo/lib/pkgconfig:/kanaloa_vorc/install/wamv_gazebo/lib/x86_64-linux-gnu/pkgconfig:/kanaloa_vorc/install/wamv_gazebo/lib/pkgconfig:/kanaloa_vorc/install/wave_gazebo/lib/x86_64-linux-gnu/pkgconfig:/kanaloa_vorc/install/wave_gazebo/lib/pkgconfig:/kanaloa_vorc/install/usv_gazebo_plugins/lib/x86_64-linux-gnu/pkgconfig:/kanaloa_vorc/install/usv_gazebo_plugins/lib/pkgconfig:/kanaloa_vorc/install/wave_gazebo_plugins/lib/x86_64-linux-gnu/pkgconfig:/kanaloa_vorc/install/wave_gazebo_plugins/lib/pkgconfig:/kanaloa_vorc/install/wamv_description/lib/x86_64-linux-gnu/pkgconfig:/kanaloa_vorc/install/wamv_description/lib/pkgconfig:/kanaloa_vorc/install/usv_msgs/lib/x86_64-linux-gnu/pkgconfig:/kanaloa_vorc/install/usv_msgs/lib/pkgconfig PYTHONPATH=/kanaloa_vorc/install/vrx_gazebo/lib/python2.7/dist-packages:/kanaloa_vorc/install/usv_msgs/lib/python2.7/dist-packages ROS_PACKAGE_PATH=/kanaloa_vorc/install/vrx_gazebo/share:/kanaloa_vorc/install/wamv_gazebo/share:/kanaloa_vorc/install/wave_gazebo/share:/kanaloa_vorc/install/usv_gazebo_plugins/share:/kanaloa_vorc/install/wave_gazebo_plugins/share:/kanaloa_vorc/install/wamv_description/share:/kanaloa_vorc/install/usv_msgs/share /usr/bin/cmake --build /kanaloa_vorc/build/vorc_gazebo -- -j6 -l6
[0.072s] [  5%] [34m[1mCopying to devel space: /kanaloa_vorc/build/vorc_gazebo/devel/share/vorc_gazebo/worlds/marina.world[0m
[0.073s] [ 11%] [34m[1mCopying to devel space: /kanaloa_vorc/build/vorc_gazebo/devel/share/vorc_gazebo/worlds/perception.world[0m
[0.078s] [ 16%] [34m[1mCopying to devel space: /kanaloa_vorc/build/vorc_gazebo/devel/share/vorc_gazebo/worlds/station_keeping.world[0m
[0.081s] [ 44%] Built target vorc_gazebo__xacro_auto_generate
[0.093s] [ 55%] Built target gymkhana_scoring_plugin
[0.105s] [100%] Built target vorc_gazebo__xacro_auto_generate_to_devel_space_
[0.121s] [100%] Built target vorc_gazebo_xacro_generated_to_devel_space_
[0.130s] Invoked command in '/kanaloa_vorc/build/vorc_gazebo' returned '0': CMAKE_PREFIX_PATH=/kanaloa_vorc/install/vrx_gazebo:/kanaloa_vorc/install/wamv_gazebo:/kanaloa_vorc/install/wave_gazebo:/kanaloa_vorc/install/usv_gazebo_plugins:/kanaloa_vorc/install/wave_gazebo_plugins:/kanaloa_vorc/install/wamv_description:/kanaloa_vorc/install/usv_msgs LD_LIBRARY_PATH=/kanaloa_vorc/install/vrx_gazebo/lib:/kanaloa_vorc/install/usv_gazebo_plugins/lib:/kanaloa_vorc/install/wave_gazebo_plugins/lib PKG_CONFIG_PATH=/kanaloa_vorc/install/vrx_gazebo/lib/x86_64-linux-gnu/pkgconfig:/kanaloa_vorc/install/vrx_gazebo/lib/pkgconfig:/kanaloa_vorc/install/wamv_gazebo/lib/x86_64-linux-gnu/pkgconfig:/kanaloa_vorc/install/wamv_gazebo/lib/pkgconfig:/kanaloa_vorc/install/wave_gazebo/lib/x86_64-linux-gnu/pkgconfig:/kanaloa_vorc/install/wave_gazebo/lib/pkgconfig:/kanaloa_vorc/install/usv_gazebo_plugins/lib/x86_64-linux-gnu/pkgconfig:/kanaloa_vorc/install/usv_gazebo_plugins/lib/pkgconfig:/kanaloa_vorc/install/wave_gazebo_plugins/lib/x86_64-linux-gnu/pkgconfig:/kanaloa_vorc/install/wave_gazebo_plugins/lib/pkgconfig:/kanaloa_vorc/install/wamv_description/lib/x86_64-linux-gnu/pkgconfig:/kanaloa_vorc/install/wamv_description/lib/pkgconfig:/kanaloa_vorc/install/usv_msgs/lib/x86_64-linux-gnu/pkgconfig:/kanaloa_vorc/install/usv_msgs/lib/pkgconfig PYTHONPATH=/kanaloa_vorc/install/vrx_gazebo/lib/python2.7/dist-packages:/kanaloa_vorc/install/usv_msgs/lib/python2.7/dist-packages ROS_PACKAGE_PATH=/kanaloa_vorc/install/vrx_gazebo/share:/kanaloa_vorc/install/wamv_gazebo/share:/kanaloa_vorc/install/wave_gazebo/share:/kanaloa_vorc/install/usv_gazebo_plugins/share:/kanaloa_vorc/install/wave_gazebo_plugins/share:/kanaloa_vorc/install/wamv_description/share:/kanaloa_vorc/install/usv_msgs/share /usr/bin/cmake --build /kanaloa_vorc/build/vorc_gazebo -- -j6 -l6
[0.195s] Invoking command in '/kanaloa_vorc/build/vorc_gazebo': CMAKE_PREFIX_PATH=/kanaloa_vorc/install/vrx_gazebo:/kanaloa_vorc/install/wamv_gazebo:/kanaloa_vorc/install/wave_gazebo:/kanaloa_vorc/install/usv_gazebo_plugins:/kanaloa_vorc/install/wave_gazebo_plugins:/kanaloa_vorc/install/wamv_description:/kanaloa_vorc/install/usv_msgs LD_LIBRARY_PATH=/kanaloa_vorc/install/vrx_gazebo/lib:/kanaloa_vorc/install/usv_gazebo_plugins/lib:/kanaloa_vorc/install/wave_gazebo_plugins/lib PKG_CONFIG_PATH=/kanaloa_vorc/install/vrx_gazebo/lib/x86_64-linux-gnu/pkgconfig:/kanaloa_vorc/install/vrx_gazebo/lib/pkgconfig:/kanaloa_vorc/install/wamv_gazebo/lib/x86_64-linux-gnu/pkgconfig:/kanaloa_vorc/install/wamv_gazebo/lib/pkgconfig:/kanaloa_vorc/install/wave_gazebo/lib/x86_64-linux-gnu/pkgconfig:/kanaloa_vorc/install/wave_gazebo/lib/pkgconfig:/kanaloa_vorc/install/usv_gazebo_plugins/lib/x86_64-linux-gnu/pkgconfig:/kanaloa_vorc/install/usv_gazebo_plugins/lib/pkgconfig:/kanaloa_vorc/install/wave_gazebo_plugins/lib/x86_64-linux-gnu/pkgconfig:/kanaloa_vorc/install/wave_gazebo_plugins/lib/pkgconfig:/kanaloa_vorc/install/wamv_description/lib/x86_64-linux-gnu/pkgconfig:/kanaloa_vorc/install/wamv_description/lib/pkgconfig:/kanaloa_vorc/install/usv_msgs/lib/x86_64-linux-gnu/pkgconfig:/kanaloa_vorc/install/usv_msgs/lib/pkgconfig PYTHONPATH=/kanaloa_vorc/install/vrx_gazebo/lib/python2.7/dist-packages:/kanaloa_vorc/install/usv_msgs/lib/python2.7/dist-packages ROS_PACKAGE_PATH=/kanaloa_vorc/install/vrx_gazebo/share:/kanaloa_vorc/install/wamv_gazebo/share:/kanaloa_vorc/install/wave_gazebo/share:/kanaloa_vorc/install/usv_gazebo_plugins/share:/kanaloa_vorc/install/wave_gazebo_plugins/share:/kanaloa_vorc/install/wamv_description/share:/kanaloa_vorc/install/usv_msgs/share /usr/bin/cmake --build /kanaloa_vorc/build/vorc_gazebo --target tests -- -j6 -l6
[0.253s] Built target tests
[0.262s] Invoked command in '/kanaloa_vorc/build/vorc_gazebo' returned '0': CMAKE_PREFIX_PATH=/kanaloa_vorc/install/vrx_gazebo:/kanaloa_vorc/install/wamv_gazebo:/kanaloa_vorc/install/wave_gazebo:/kanaloa_vorc/install/usv_gazebo_plugins:/kanaloa_vorc/install/wave_gazebo_plugins:/kanaloa_vorc/install/wamv_description:/kanaloa_vorc/install/usv_msgs LD_LIBRARY_PATH=/kanaloa_vorc/install/vrx_gazebo/lib:/kanaloa_vorc/install/usv_gazebo_plugins/lib:/kanaloa_vorc/install/wave_gazebo_plugins/lib PKG_CONFIG_PATH=/kanaloa_vorc/install/vrx_gazebo/lib/x86_64-linux-gnu/pkgconfig:/kanaloa_vorc/install/vrx_gazebo/lib/pkgconfig:/kanaloa_vorc/install/wamv_gazebo/lib/x86_64-linux-gnu/pkgconfig:/kanaloa_vorc/install/wamv_gazebo/lib/pkgconfig:/kanaloa_vorc/install/wave_gazebo/lib/x86_64-linux-gnu/pkgconfig:/kanaloa_vorc/install/wave_gazebo/lib/pkgconfig:/kanaloa_vorc/install/usv_gazebo_plugins/lib/x86_64-linux-gnu/pkgconfig:/kanaloa_vorc/install/usv_gazebo_plugins/lib/pkgconfig:/kanaloa_vorc/install/wave_gazebo_plugins/lib/x86_64-linux-gnu/pkgconfig:/kanaloa_vorc/install/wave_gazebo_plugins/lib/pkgconfig:/kanaloa_vorc/install/wamv_description/lib/x86_64-linux-gnu/pkgconfig:/kanaloa_vorc/install/wamv_description/lib/pkgconfig:/kanaloa_vorc/install/usv_msgs/lib/x86_64-linux-gnu/pkgconfig:/kanaloa_vorc/install/usv_msgs/lib/pkgconfig PYTHONPATH=/kanaloa_vorc/install/vrx_gazebo/lib/python2.7/dist-packages:/kanaloa_vorc/install/usv_msgs/lib/python2.7/dist-packages ROS_PACKAGE_PATH=/kanaloa_vorc/install/vrx_gazebo/share:/kanaloa_vorc/install/wamv_gazebo/share:/kanaloa_vorc/install/wave_gazebo/share:/kanaloa_vorc/install/usv_gazebo_plugins/share:/kanaloa_vorc/install/wave_gazebo_plugins/share:/kanaloa_vorc/install/wamv_description/share:/kanaloa_vorc/install/usv_msgs/share /usr/bin/cmake --build /kanaloa_vorc/build/vorc_gazebo --target tests -- -j6 -l6
[0.322s] Invoking command in '/kanaloa_vorc/build/vorc_gazebo': CMAKE_PREFIX_PATH=/kanaloa_vorc/install/vrx_gazebo:/kanaloa_vorc/install/wamv_gazebo:/kanaloa_vorc/install/wave_gazebo:/kanaloa_vorc/install/usv_gazebo_plugins:/kanaloa_vorc/install/wave_gazebo_plugins:/kanaloa_vorc/install/wamv_description:/kanaloa_vorc/install/usv_msgs LD_LIBRARY_PATH=/kanaloa_vorc/install/vrx_gazebo/lib:/kanaloa_vorc/install/usv_gazebo_plugins/lib:/kanaloa_vorc/install/wave_gazebo_plugins/lib PKG_CONFIG_PATH=/kanaloa_vorc/install/vrx_gazebo/lib/x86_64-linux-gnu/pkgconfig:/kanaloa_vorc/install/vrx_gazebo/lib/pkgconfig:/kanaloa_vorc/install/wamv_gazebo/lib/x86_64-linux-gnu/pkgconfig:/kanaloa_vorc/install/wamv_gazebo/lib/pkgconfig:/kanaloa_vorc/install/wave_gazebo/lib/x86_64-linux-gnu/pkgconfig:/kanaloa_vorc/install/wave_gazebo/lib/pkgconfig:/kanaloa_vorc/install/usv_gazebo_plugins/lib/x86_64-linux-gnu/pkgconfig:/kanaloa_vorc/install/usv_gazebo_plugins/lib/pkgconfig:/kanaloa_vorc/install/wave_gazebo_plugins/lib/x86_64-linux-gnu/pkgconfig:/kanaloa_vorc/install/wave_gazebo_plugins/lib/pkgconfig:/kanaloa_vorc/install/wamv_description/lib/x86_64-linux-gnu/pkgconfig:/kanaloa_vorc/install/wamv_description/lib/pkgconfig:/kanaloa_vorc/install/usv_msgs/lib/x86_64-linux-gnu/pkgconfig:/kanaloa_vorc/install/usv_msgs/lib/pkgconfig PYTHONPATH=/kanaloa_vorc/install/vrx_gazebo/lib/python2.7/dist-packages:/kanaloa_vorc/install/usv_msgs/lib/python2.7/dist-packages ROS_PACKAGE_PATH=/kanaloa_vorc/install/vrx_gazebo/share:/kanaloa_vorc/install/wamv_gazebo/share:/kanaloa_vorc/install/wave_gazebo/share:/kanaloa_vorc/install/usv_gazebo_plugins/share:/kanaloa_vorc/install/wave_gazebo_plugins/share:/kanaloa_vorc/install/wamv_description/share:/kanaloa_vorc/install/usv_msgs/share /usr/bin/cmake --build /kanaloa_vorc/build/vorc_gazebo --target install -- -j6 -l6
[0.369s] [ 16%] [34m[1mCopying to devel space: /kanaloa_vorc/build/vorc_gazebo/devel/share/vorc_gazebo/worlds/marina.world[0m
[0.369s] [ 16%] [34m[1mCopying to devel space: /kanaloa_vorc/build/vorc_gazebo/devel/share/vorc_gazebo/worlds/station_keeping.world[0m
[0.369s] [ 38%] Built target vorc_gazebo__xacro_auto_generate
[0.370s] [ 44%] [34m[1mCopying to devel space: /kanaloa_vorc/build/vorc_gazebo/devel/share/vorc_gazebo/worlds/perception.world[0m
[0.377s] [ 55%] Built target gymkhana_scoring_plugin
[0.384s] [100%] Built target vorc_gazebo__xacro_auto_generate_to_devel_space_
[0.401s] [100%] Built target vorc_gazebo_xacro_generated_to_devel_space_
[0.417s] [36mInstall the project...[0m
[0.425s] -- Install configuration: ""
[0.425s] -- Up-to-date: /kanaloa_vorc/install/vorc_gazebo/lib/pkgconfig/vorc_gazebo.pc
[0.425s] -- Up-to-date: /kanaloa_vorc/install/vorc_gazebo/share/vorc_gazebo/cmake/vorc_gazeboConfig.cmake
[0.426s] -- Up-to-date: /kanaloa_vorc/install/vorc_gazebo/share/vorc_gazebo/cmake/vorc_gazeboConfig-version.cmake
[0.426s] -- Up-to-date: /kanaloa_vorc/install/vorc_gazebo/share/vorc_gazebo/package.xml
[0.426s] -- Up-to-date: /kanaloa_vorc/install/vorc_gazebo/share/vorc_gazebo/worlds/marina.world
[0.426s] -- Up-to-date: /kanaloa_vorc/install/vorc_gazebo/share/vorc_gazebo/worlds/perception.world
[0.426s] -- Up-to-date: /kanaloa_vorc/install/vorc_gazebo/share/vorc_gazebo/worlds/station_keeping.world
[0.426s] -- Up-to-date: /kanaloa_vorc/install/vorc_gazebo/share/vorc_gazebo/worlds/wayfinding.world
[0.426s] -- Up-to-date: /kanaloa_vorc/install/vorc_gazebo/share/vorc_gazebo/worlds/gymkhana.world
[0.426s] -- Up-to-date: /kanaloa_vorc/install/vorc_gazebo/share/vorc_gazebo/worlds
[0.426s] -- Up-to-date: /kanaloa_vorc/install/vorc_gazebo/share/vorc_gazebo/worlds/station_keeping.world.xacro
[0.427s] -- Up-to-date: /kanaloa_vorc/install/vorc_gazebo/share/vorc_gazebo/worlds/xacros
[0.427s] -- Up-to-date: /kanaloa_vorc/install/vorc_gazebo/share/vorc_gazebo/worlds/xacros/gymkhana.xacro
[0.427s] -- Up-to-date: /kanaloa_vorc/install/vorc_gazebo/share/vorc_gazebo/worlds/xacros/marina_minus_scene.xacro
[0.427s] -- Up-to-date: /kanaloa_vorc/install/vorc_gazebo/share/vorc_gazebo/worlds/xacros/include_all_xacros.xacro
[0.427s] -- Up-to-date: /kanaloa_vorc/install/vorc_gazebo/share/vorc_gazebo/worlds/gymkhana.world.xacro
[0.427s] -- Up-to-date: /kanaloa_vorc/install/vorc_gazebo/share/vorc_gazebo/worlds/wayfinding.world.xacro
[0.427s] -- Up-to-date: /kanaloa_vorc/install/vorc_gazebo/share/vorc_gazebo/worlds/marina.xacro
[0.427s] -- Up-to-date: /kanaloa_vorc/install/vorc_gazebo/share/vorc_gazebo/worlds/marina.world.xacro
[0.427s] -- Up-to-date: /kanaloa_vorc/install/vorc_gazebo/share/vorc_gazebo/worlds/perception.world.xacro
[0.427s] -- Up-to-date: /kanaloa_vorc/install/vorc_gazebo/share/vorc_gazebo/models
[0.427s] -- Up-to-date: /kanaloa_vorc/install/vorc_gazebo/share/vorc_gazebo/models/marina
[0.427s] -- Up-to-date: /kanaloa_vorc/install/vorc_gazebo/share/vorc_gazebo/models/marina/model.config
[0.427s] -- Up-to-date: /kanaloa_vorc/install/vorc_gazebo/share/vorc_gazebo/models/marina/model.sdf
[0.427s] -- Up-to-date: /kanaloa_vorc/install/vorc_gazebo/share/vorc_gazebo/models/marina/meshes
[0.427s] -- Up-to-date: /kanaloa_vorc/install/vorc_gazebo/share/vorc_gazebo/models/marina/meshes/terrain.dae
[0.427s] -- Up-to-date: /kanaloa_vorc/install/vorc_gazebo/share/vorc_gazebo/models/marina/meshes/terrain.png
[0.427s] -- Up-to-date: /kanaloa_vorc/install/vorc_gazebo/share/vorc_gazebo/models/short_navigation_course0
[0.427s] -- Up-to-date: /kanaloa_vorc/install/vorc_gazebo/share/vorc_gazebo/models/short_navigation_course0/model.config
[0.428s] -- Up-to-date: /kanaloa_vorc/install/vorc_gazebo/share/vorc_gazebo/models/short_navigation_course0/model.sdf
[0.428s] -- Up-to-date: /kanaloa_vorc/install/vorc_gazebo/share/vorc_gazebo/models/buoy_red
[0.428s] -- Up-to-date: /kanaloa_vorc/install/vorc_gazebo/share/vorc_gazebo/models/buoy_red/model.config
[0.428s] -- Up-to-date: /kanaloa_vorc/install/vorc_gazebo/share/vorc_gazebo/models/buoy_red/model.sdf
[0.428s] -- Up-to-date: /kanaloa_vorc/install/vorc_gazebo/share/vorc_gazebo/models/buoy_red/meshes
[0.428s] -- Up-to-date: /kanaloa_vorc/install/vorc_gazebo/share/vorc_gazebo/models/buoy_red/meshes/Buoy01.dae
[0.428s] -- Up-to-date: /kanaloa_vorc/install/vorc_gazebo/share/vorc_gazebo/models/buoy_red/materials
[0.428s] -- Up-to-date: /kanaloa_vorc/install/vorc_gazebo/share/vorc_gazebo/models/buoy_red/materials/scripts
[0.428s] -- Up-to-date: /kanaloa_vorc/install/vorc_gazebo/share/vorc_gazebo/models/buoy_red/materials/scripts/model.material
[0.428s] -- Up-to-date: /kanaloa_vorc/install/vorc_gazebo/share/vorc_gazebo/models/buoy_red/materials/textures
[0.428s] -- Up-to-date: /kanaloa_vorc/install/vorc_gazebo/share/vorc_gazebo/models/buoy_red/materials/textures/Buoy01_Emissive.png
[0.428s] -- Up-to-date: /kanaloa_vorc/install/vorc_gazebo/share/vorc_gazebo/models/buoy_red/materials/textures/Buoy01_Metalness.png
[0.428s] -- Up-to-date: /kanaloa_vorc/install/vorc_gazebo/share/vorc_gazebo/models/buoy_red/materials/textures/Buoy01_Albedo.png
[0.428s] -- Up-to-date: /kanaloa_vorc/install/vorc_gazebo/share/vorc_gazebo/models/buoy_red/materials/textures/Buoy01_Roughness.png
[0.428s] -- Up-to-date: /kanaloa_vorc/install/vorc_gazebo/share/vorc_gazebo/models/buoy_red/materials/textures/Buoy01_Normal.png
[0.428s] -- Up-to-date: /kanaloa_vorc/install/vorc_gazebo/share/vorc_gazebo/models/obstacle_course
[0.428s] -- Up-to-date: /kanaloa_vorc/install/vorc_gazebo/share/vorc_gazebo/models/obstacle_course/model.config
[0.428s] -- Up-to-date: /kanaloa_vorc/install/vorc_gazebo/share/vorc_gazebo/models/obstacle_course/model.sdf
[0.429s] -- Up-to-date: /kanaloa_vorc/install/vorc_gazebo/share/vorc_gazebo/launch
[0.429s] -- Up-to-date: /kanaloa_vorc/install/vorc_gazebo/share/vorc_gazebo/launch/gymkhana.launch
[0.429s] -- Up-to-date: /kanaloa_vorc/install/vorc_gazebo/share/vorc_gazebo/launch/perception.launch
[0.429s] -- Up-to-date: /kanaloa_vorc/install/vorc_gazebo/share/vorc_gazebo/launch/marina.launch
[0.429s] -- Up-to-date: /kanaloa_vorc/install/vorc_gazebo/share/vorc_gazebo/launch/localization_example.launch
[0.429s] -- Up-to-date: /kanaloa_vorc/install/vorc_gazebo/share/vorc_gazebo/launch/rviz.launch
[0.429s] -- Up-to-date: /kanaloa_vorc/install/vorc_gazebo/share/vorc_gazebo/launch/station_keeping.launch
[0.429s] -- Up-to-date: /kanaloa_vorc/install/vorc_gazebo/share/vorc_gazebo/launch/playback.launch
[0.429s] -- Up-to-date: /kanaloa_vorc/install/vorc_gazebo/share/vorc_gazebo/launch/usv_keydrive.launch
[0.430s] -- Up-to-date: /kanaloa_vorc/install/vorc_gazebo/share/vorc_gazebo/launch/usv_joydrive.launch
[0.430s] -- Up-to-date: /kanaloa_vorc/install/vorc_gazebo/share/vorc_gazebo/launch/wayfinding.launch
[0.430s] -- Up-to-date: /kanaloa_vorc/install/vorc_gazebo/share/vorc_gazebo/config
[0.430s] -- Up-to-date: /kanaloa_vorc/install/vorc_gazebo/share/vorc_gazebo/config/rviz_cora.rviz
[0.431s] -- Up-to-date: /kanaloa_vorc/install/vorc_gazebo/share/vorc_gazebo/config/pinger.yaml
[0.431s] -- Up-to-date: /kanaloa_vorc/install/vorc_gazebo/lib/vorc_gazebo/pinger_visualization.py
[0.431s] -- Up-to-date: /kanaloa_vorc/install/vorc_gazebo/lib/vorc_gazebo/set_pinger_position.py
[0.431s] -- Up-to-date: /kanaloa_vorc/install/vorc_gazebo/lib/libgymkhana_scoring_plugin.so
[0.431s] Invoked command in '/kanaloa_vorc/build/vorc_gazebo' returned '0': CMAKE_PREFIX_PATH=/kanaloa_vorc/install/vrx_gazebo:/kanaloa_vorc/install/wamv_gazebo:/kanaloa_vorc/install/wave_gazebo:/kanaloa_vorc/install/usv_gazebo_plugins:/kanaloa_vorc/install/wave_gazebo_plugins:/kanaloa_vorc/install/wamv_description:/kanaloa_vorc/install/usv_msgs LD_LIBRARY_PATH=/kanaloa_vorc/install/vrx_gazebo/lib:/kanaloa_vorc/install/usv_gazebo_plugins/lib:/kanaloa_vorc/install/wave_gazebo_plugins/lib PKG_CONFIG_PATH=/kanaloa_vorc/install/vrx_gazebo/lib/x86_64-linux-gnu/pkgconfig:/kanaloa_vorc/install/vrx_gazebo/lib/pkgconfig:/kanaloa_vorc/install/wamv_gazebo/lib/x86_64-linux-gnu/pkgconfig:/kanaloa_vorc/install/wamv_gazebo/lib/pkgconfig:/kanaloa_vorc/install/wave_gazebo/lib/x86_64-linux-gnu/pkgconfig:/kanaloa_vorc/install/wave_gazebo/lib/pkgconfig:/kanaloa_vorc/install/usv_gazebo_plugins/lib/x86_64-linux-gnu/pkgconfig:/kanaloa_vorc/install/usv_gazebo_plugins/lib/pkgconfig:/kanaloa_vorc/install/wave_gazebo_plugins/lib/x86_64-linux-gnu/pkgconfig:/kanaloa_vorc/install/wave_gazebo_plugins/lib/pkgconfig:/kanaloa_vorc/install/wamv_description/lib/x86_64-linux-gnu/pkgconfig:/kanaloa_vorc/install/wamv_description/lib/pkgconfig:/kanaloa_vorc/install/usv_msgs/lib/x86_64-linux-gnu/pkgconfig:/kanaloa_vorc/install/usv_msgs/lib/pkgconfig PYTHONPATH=/kanaloa_vorc/install/vrx_gazebo/lib/python2.7/dist-packages:/kanaloa_vorc/install/usv_msgs/lib/python2.7/dist-packages ROS_PACKAGE_PATH=/kanaloa_vorc/install/vrx_gazebo/share:/kanaloa_vorc/install/wamv_gazebo/share:/kanaloa_vorc/install/wave_gazebo/share:/kanaloa_vorc/install/usv_gazebo_plugins/share:/kanaloa_vorc/install/wave_gazebo_plugins/share:/kanaloa_vorc/install/wamv_description/share:/kanaloa_vorc/install/usv_msgs/share /usr/bin/cmake --build /kanaloa_vorc/build/vorc_gazebo --target install -- -j6 -l6
