Determining if the pthread_create exist failed with the following output:
Change Dir: /kanaloa_vorc/build/vrx_gazebo/CMakeFiles/CMakeTmp

Run Build Command:"/usr/bin/make" "cmTC_8e95b/fast"
/usr/bin/make -f CMakeFiles/cmTC_8e95b.dir/build.make CMakeFiles/cmTC_8e95b.dir/build
make[1]: Entering directory '/kanaloa_vorc/build/vrx_gazebo/CMakeFiles/CMakeTmp'
Building C object CMakeFiles/cmTC_8e95b.dir/CheckSymbolExists.c.o
/usr/bin/cc    -o CMakeFiles/cmTC_8e95b.dir/CheckSymbolExists.c.o   -c /kanaloa_vorc/build/vrx_gazebo/CMakeFiles/CMakeTmp/CheckSymbolExists.c
Linking C executable cmTC_8e95b
/usr/bin/cmake -E cmake_link_script CMakeFiles/cmTC_8e95b.dir/link.txt --verbose=1
/usr/bin/cc      -rdynamic CMakeFiles/cmTC_8e95b.dir/CheckSymbolExists.c.o  -o cmTC_8e95b 
CMakeFiles/cmTC_8e95b.dir/CheckSymbolExists.c.o: In function `main':
CheckSymbolExists.c:(.text+0x1b): undefined reference to `pthread_create'
collect2: error: ld returned 1 exit status
CMakeFiles/cmTC_8e95b.dir/build.make:97: recipe for target 'cmTC_8e95b' failed
make[1]: *** [cmTC_8e95b] Error 1
make[1]: Leaving directory '/kanaloa_vorc/build/vrx_gazebo/CMakeFiles/CMakeTmp'
Makefile:126: recipe for target 'cmTC_8e95b/fast' failed
make: *** [cmTC_8e95b/fast] Error 2

File /kanaloa_vorc/build/vrx_gazebo/CMakeFiles/CMakeTmp/CheckSymbolExists.c:
/* */
#include <pthread.h>

int main(int argc, char** argv)
{
  (void)argv;
#ifndef pthread_create
  return ((int*)(&pthread_create))[argc];
#else
  (void)argc;
  return 0;
#endif
}

Determining if the function pthread_create exists in the pthreads failed with the following output:
Change Dir: /kanaloa_vorc/build/vrx_gazebo/CMakeFiles/CMakeTmp

Run Build Command:"/usr/bin/make" "cmTC_00ccd/fast"
/usr/bin/make -f CMakeFiles/cmTC_00ccd.dir/build.make CMakeFiles/cmTC_00ccd.dir/build
make[1]: Entering directory '/kanaloa_vorc/build/vrx_gazebo/CMakeFiles/CMakeTmp'
Building C object CMakeFiles/cmTC_00ccd.dir/CheckFunctionExists.c.o
/usr/bin/cc   -DCHECK_FUNCTION_EXISTS=pthread_create   -o CMakeFiles/cmTC_00ccd.dir/CheckFunctionExists.c.o   -c /usr/share/cmake-3.10/Modules/CheckFunctionExists.c
Linking C executable cmTC_00ccd
/usr/bin/cmake -E cmake_link_script CMakeFiles/cmTC_00ccd.dir/link.txt --verbose=1
/usr/bin/cc  -DCHECK_FUNCTION_EXISTS=pthread_create    -rdynamic CMakeFiles/cmTC_00ccd.dir/CheckFunctionExists.c.o  -o cmTC_00ccd -lpthreads 
/usr/bin/ld: cannot find -lpthreads
collect2: error: ld returned 1 exit status
CMakeFiles/cmTC_00ccd.dir/build.make:97: recipe for target 'cmTC_00ccd' failed
make[1]: *** [cmTC_00ccd] Error 1
make[1]: Leaving directory '/kanaloa_vorc/build/vrx_gazebo/CMakeFiles/CMakeTmp'
Makefile:126: recipe for target 'cmTC_00ccd/fast' failed
make: *** [cmTC_00ccd/fast] Error 2


