Determining if the pthread_create exist failed with the following output:
Change Dir: /kanaloa_vorc/build/vorc_gazebo/CMakeFiles/CMakeTmp

Run Build Command:"/usr/bin/make" "cmTC_375d6/fast"
/usr/bin/make -f CMakeFiles/cmTC_375d6.dir/build.make CMakeFiles/cmTC_375d6.dir/build
make[1]: Entering directory '/kanaloa_vorc/build/vorc_gazebo/CMakeFiles/CMakeTmp'
Building C object CMakeFiles/cmTC_375d6.dir/CheckSymbolExists.c.o
/usr/bin/cc    -o CMakeFiles/cmTC_375d6.dir/CheckSymbolExists.c.o   -c /kanaloa_vorc/build/vorc_gazebo/CMakeFiles/CMakeTmp/CheckSymbolExists.c
Linking C executable cmTC_375d6
/usr/bin/cmake -E cmake_link_script CMakeFiles/cmTC_375d6.dir/link.txt --verbose=1
/usr/bin/cc      -rdynamic CMakeFiles/cmTC_375d6.dir/CheckSymbolExists.c.o  -o cmTC_375d6 
CMakeFiles/cmTC_375d6.dir/CheckSymbolExists.c.o: In function `main':
CheckSymbolExists.c:(.text+0x1b): undefined reference to `pthread_create'
collect2: error: ld returned 1 exit status
CMakeFiles/cmTC_375d6.dir/build.make:97: recipe for target 'cmTC_375d6' failed
make[1]: *** [cmTC_375d6] Error 1
make[1]: Leaving directory '/kanaloa_vorc/build/vorc_gazebo/CMakeFiles/CMakeTmp'
Makefile:126: recipe for target 'cmTC_375d6/fast' failed
make: *** [cmTC_375d6/fast] Error 2

File /kanaloa_vorc/build/vorc_gazebo/CMakeFiles/CMakeTmp/CheckSymbolExists.c:
/* */
#include <pthread.h>

int main(int argc, char** argv)
{
  (void)argv;
#ifndef pthread_create
  return ((int*)(&pthread_create))[argc];
#else
  (void)argc;
  return 0;
#endif
}

Determining if the function pthread_create exists in the pthreads failed with the following output:
Change Dir: /kanaloa_vorc/build/vorc_gazebo/CMakeFiles/CMakeTmp

Run Build Command:"/usr/bin/make" "cmTC_6d5de/fast"
/usr/bin/make -f CMakeFiles/cmTC_6d5de.dir/build.make CMakeFiles/cmTC_6d5de.dir/build
make[1]: Entering directory '/kanaloa_vorc/build/vorc_gazebo/CMakeFiles/CMakeTmp'
Building C object CMakeFiles/cmTC_6d5de.dir/CheckFunctionExists.c.o
/usr/bin/cc   -DCHECK_FUNCTION_EXISTS=pthread_create   -o CMakeFiles/cmTC_6d5de.dir/CheckFunctionExists.c.o   -c /usr/share/cmake-3.10/Modules/CheckFunctionExists.c
Linking C executable cmTC_6d5de
/usr/bin/cmake -E cmake_link_script CMakeFiles/cmTC_6d5de.dir/link.txt --verbose=1
/usr/bin/cc  -DCHECK_FUNCTION_EXISTS=pthread_create    -rdynamic CMakeFiles/cmTC_6d5de.dir/CheckFunctionExists.c.o  -o cmTC_6d5de -lpthreads 
/usr/bin/ld: cannot find -lpthreads
collect2: error: ld returned 1 exit status
CMakeFiles/cmTC_6d5de.dir/build.make:97: recipe for target 'cmTC_6d5de' failed
make[1]: *** [cmTC_6d5de] Error 1
make[1]: Leaving directory '/kanaloa_vorc/build/vorc_gazebo/CMakeFiles/CMakeTmp'
Makefile:126: recipe for target 'cmTC_6d5de/fast' failed
make: *** [cmTC_6d5de/fast] Error 2


