Determining if the pthread_create exist failed with the following output:
Change Dir: /kanaloa_vorc/build/wave_gazebo_plugins/CMakeFiles/CMakeTmp

Run Build Command:"/usr/bin/make" "cmTC_646f1/fast"
/usr/bin/make -f CMakeFiles/cmTC_646f1.dir/build.make CMakeFiles/cmTC_646f1.dir/build
make[1]: Entering directory '/kanaloa_vorc/build/wave_gazebo_plugins/CMakeFiles/CMakeTmp'
Building C object CMakeFiles/cmTC_646f1.dir/CheckSymbolExists.c.o
/usr/bin/cc    -o CMakeFiles/cmTC_646f1.dir/CheckSymbolExists.c.o   -c /kanaloa_vorc/build/wave_gazebo_plugins/CMakeFiles/CMakeTmp/CheckSymbolExists.c
Linking C executable cmTC_646f1
/usr/bin/cmake -E cmake_link_script CMakeFiles/cmTC_646f1.dir/link.txt --verbose=1
/usr/bin/cc      -rdynamic CMakeFiles/cmTC_646f1.dir/CheckSymbolExists.c.o  -o cmTC_646f1 
CMakeFiles/cmTC_646f1.dir/CheckSymbolExists.c.o: In function `main':
CheckSymbolExists.c:(.text+0x1b): undefined reference to `pthread_create'
collect2: error: ld returned 1 exit status
CMakeFiles/cmTC_646f1.dir/build.make:97: recipe for target 'cmTC_646f1' failed
make[1]: *** [cmTC_646f1] Error 1
make[1]: Leaving directory '/kanaloa_vorc/build/wave_gazebo_plugins/CMakeFiles/CMakeTmp'
Makefile:126: recipe for target 'cmTC_646f1/fast' failed
make: *** [cmTC_646f1/fast] Error 2

File /kanaloa_vorc/build/wave_gazebo_plugins/CMakeFiles/CMakeTmp/CheckSymbolExists.c:
/* */
#include <pthread.h>

int main(int argc, char** argv)
{
  (void)argv;
#ifndef pthread_create
  return ((int*)(&pthread_create))[argc];
#else
  (void)argc;
  return 0;
#endif
}

Determining if the function pthread_create exists in the pthreads failed with the following output:
Change Dir: /kanaloa_vorc/build/wave_gazebo_plugins/CMakeFiles/CMakeTmp

Run Build Command:"/usr/bin/make" "cmTC_32b84/fast"
/usr/bin/make -f CMakeFiles/cmTC_32b84.dir/build.make CMakeFiles/cmTC_32b84.dir/build
make[1]: Entering directory '/kanaloa_vorc/build/wave_gazebo_plugins/CMakeFiles/CMakeTmp'
Building C object CMakeFiles/cmTC_32b84.dir/CheckFunctionExists.c.o
/usr/bin/cc   -DCHECK_FUNCTION_EXISTS=pthread_create   -o CMakeFiles/cmTC_32b84.dir/CheckFunctionExists.c.o   -c /usr/share/cmake-3.10/Modules/CheckFunctionExists.c
Linking C executable cmTC_32b84
/usr/bin/cmake -E cmake_link_script CMakeFiles/cmTC_32b84.dir/link.txt --verbose=1
/usr/bin/cc  -DCHECK_FUNCTION_EXISTS=pthread_create    -rdynamic CMakeFiles/cmTC_32b84.dir/CheckFunctionExists.c.o  -o cmTC_32b84 -lpthreads 
/usr/bin/ld: cannot find -lpthreads
collect2: error: ld returned 1 exit status
CMakeFiles/cmTC_32b84.dir/build.make:97: recipe for target 'cmTC_32b84' failed
make[1]: *** [cmTC_32b84] Error 1
make[1]: Leaving directory '/kanaloa_vorc/build/wave_gazebo_plugins/CMakeFiles/CMakeTmp'
Makefile:126: recipe for target 'cmTC_32b84/fast' failed
make: *** [cmTC_32b84/fast] Error 2


