[  0%] Built target std_msgs_generate_messages_cpp
[  0%] Built target gazebo_msgs_generate_messages_eus
[  1%] [34m[1mAutomatic MOC and UIC for target light_buoy_colors_msgs[0m
[  9%] Built target vrx_gazebo__xacro_auto_generate
[ 10%] Built target light_buoy_colors_msgs_autogen
[ 10%] Built target trajectory_msgs_generate_messages_py
[ 10%] Built target _vrx_gazebo_generate_messages_check_deps_Task
[ 10%] Built target _vrx_gazebo_generate_messages_check_deps_Contact
[ 10%] Built target trajectory_msgs_generate_messages_nodejs
[ 10%] Built target trajectory_msgs_generate_messages_eus
[ 10%] Built target trajectory_msgs_generate_messages_lisp
[ 10%] Built target trajectory_msgs_generate_messages_cpp
[ 10%] Built target rosgraph_msgs_generate_messages_lisp
[ 10%] Built target _vrx_gazebo_generate_messages_check_deps_ColorSequence
[ 10%] Built target geometry_msgs_generate_messages_eus
[ 10%] Built target std_msgs_generate_messages_py
[ 10%] Built target uuid_msgs_generate_messages_lisp
[ 10%] Built target uuid_msgs_generate_messages_cpp
[ 10%] Built target std_msgs_generate_messages_nodejs
[ 10%] Built target gazebo_ros_gencfg
[ 10%] Built target uuid_msgs_generate_messages_nodejs
[ 10%] Built target roscpp_generate_messages_nodejs
[ 10%] Built target rosgraph_msgs_generate_messages_nodejs
[ 10%] Built target std_msgs_generate_messages_eus
[ 10%] Built target geographic_msgs_generate_messages_lisp
[ 10%] Built target std_msgs_generate_messages_lisp
[ 10%] Built target actionlib_generate_messages_cpp
[ 10%] Built target sensor_msgs_generate_messages_nodejs
[ 10%] Built target geometry_msgs_generate_messages_nodejs
[ 10%] Built target rosgraph_msgs_generate_messages_cpp
[ 10%] Built target geometry_msgs_generate_messages_lisp
[ 10%] Built target std_srvs_generate_messages_eus
[ 10%] Built target sensor_msgs_generate_messages_lisp
[ 10%] Built target roscpp_generate_messages_lisp
[ 10%] Built target uuid_msgs_generate_messages_eus
[ 10%] Built target rosgraph_msgs_generate_messages_eus
[ 10%] Built target gazebo_msgs_generate_messages_nodejs
[ 10%] Built target gazebo_msgs_generate_messages_lisp
[ 10%] Built target geographic_msgs_generate_messages_eus
[ 10%] Built target actionlib_msgs_generate_messages_nodejs
[ 10%] Built target roscpp_generate_messages_py
[ 10%] Built target dynamic_reconfigure_generate_messages_lisp
[ 10%] Built target gazebo_msgs_generate_messages_cpp
[ 10%] Built target uuid_msgs_generate_messages_py
[ 10%] Built target geographic_msgs_generate_messages_cpp
[ 10%] Built target gazebo_msgs_generate_messages_py
[ 10%] Built target roscpp_generate_messages_cpp
[ 10%] Built target geographic_msgs_generate_messages_py
[ 10%] Built target dynamic_reconfigure_generate_messages_nodejs
[ 10%] Built target geometry_msgs_generate_messages_py
[ 10%] Built target std_srvs_generate_messages_lisp
[ 10%] Built target std_srvs_generate_messages_nodejs
[ 10%] Built target std_srvs_generate_messages_cpp
[ 10%] Built target std_srvs_generate_messages_py
[ 10%] Built target actionlib_generate_messages_lisp
[ 10%] Built target geometry_msgs_generate_messages_cpp
[ 10%] Built target geographic_msgs_generate_messages_nodejs
[ 10%] Built target actionlib_generate_messages_nodejs
[ 10%] Built target tf_generate_messages_cpp
[ 10%] Built target actionlib_msgs_generate_messages_cpp
[ 10%] Built target tf_generate_messages_eus
[ 10%] Built target tf_generate_messages_lisp
[ 10%] Built target tf_generate_messages_nodejs
[ 10%] Built target tf_generate_messages_py
[ 10%] Built target dynamic_reconfigure_generate_messages_cpp
[ 10%] Built target sensor_msgs_generate_messages_eus
[ 10%] Built target roscpp_generate_messages_eus
[ 10%] Built target sensor_msgs_generate_messages_cpp
[ 10%] Built target sensor_msgs_generate_messages_py
[ 10%] Built target rosgraph_msgs_generate_messages_py
[ 10%] Built target actionlib_generate_messages_eus
[ 10%] Built target actionlib_msgs_generate_messages_eus
[ 10%] Built target actionlib_msgs_generate_messages_lisp
[ 10%] Built target actionlib_msgs_generate_messages_py
[ 10%] Built target tf2_msgs_generate_messages_eus
[ 10%] Built target tf2_msgs_generate_messages_cpp
[ 10%] Built target actionlib_generate_messages_py
[ 10%] Built target tf2_msgs_generate_messages_py
[ 10%] Built target dynamic_reconfigure_generate_messages_py
[ 10%] Built target tf2_msgs_generate_messages_nodejs
[ 10%] Built target dynamic_reconfigure_generate_messages_eus
[ 10%] Built target tf2_msgs_generate_messages_lisp
[ 10%] Built target dynamic_reconfigure_gencfg
[ 13%] Built target vrx_gazebo_generate_messages_nodejs
[ 14%] [34m[1mAutomatic MOC and UIC for target dock_placard_msgs[0m
[ 18%] Built target vrx_gazebo_generate_messages_py
[ 21%] Built target vrx_gazebo_generate_messages_lisp
[ 25%] Built target vrx_gazebo_generate_messages_eus
[ 28%] Built target dock_base_erb_generation
[ 30%] [34m[1mCopying to devel space: /kanaloa_vorc/build/vrx_gazebo/devel/share/vrx_gazebo/worlds/example_course.world[0m
[ 30%] Built target vrx_gazebo_generate_obstacle_course_buoys
[ 32%] Built target dock_placard_msgs_autogen
[ 33%] Built target vrx_gazebo_generate_messages_cpp
[ 37%] Built target light_buoy_colors_msgs
[ 38%] [34m[1mAutomatic MOC and UIC for target waypoint_markers[0m
[ 39%] [34m[1mCopying to devel space: /kanaloa_vorc/build/vrx_gazebo/devel/share/vrx_gazebo/worlds/navigation_task.world[0m
[ 40%] [34m[1mCopying to devel space: /kanaloa_vorc/build/vrx_gazebo/devel/share/vrx_gazebo/worlds/perception_task.world[0m
[ 40%] [34m[1mAutomatic MOC and UIC for target gui_task_widget[0m
[ 42%] [34m[1mAutomatic MOC and UIC for target scoring_plugin[0m
[ 42%] [34m[1mCopying to devel space: /kanaloa_vorc/build/vrx_gazebo/devel/share/vrx_gazebo/worlds/sandisland.world[0m
[ 45%] Built target dock_erb_generation
[ 46%] [34m[1mCopying to devel space: /kanaloa_vorc/build/vrx_gazebo/devel/share/vrx_gazebo/worlds/dock.world[0m
[ 46%] Built target waypoint_markers_autogen
[ 46%] Built target gui_task_widget_autogen
[ 46%] Built target scoring_plugin_autogen
[ 48%] [34m[1mCopying to devel space: /kanaloa_vorc/build/vrx_gazebo/devel/share/vrx_gazebo/worlds/stationkeeping_task.world[0m
[ 49%] [34m[1mCopying to devel space: /kanaloa_vorc/build/vrx_gazebo/devel/share/vrx_gazebo/worlds/scan_and_dock.world[0m
[ 49%] Built target vrx_gazebo_generate_messages
[ 53%] Built target dock_placard_msgs
[ 53%] [34m[1mCopying to devel space: /kanaloa_vorc/build/vrx_gazebo/devel/share/vrx_gazebo/worlds/wayfinding_task.world[0m
[ 54%] [34m[1mCopying to devel space: /kanaloa_vorc/build/vrx_gazebo/devel/share/vrx_gazebo/worlds/wind_test.world[0m
[ 55%] [34m[1mAutomatic MOC and UIC for target light_buoy_plugin[0m
[ 66%] Built target vrx_gazebo__xacro_auto_generate_to_devel_space_
[ 66%] Built target light_buoy_plugin_autogen
[ 69%] Built target gui_task_widget
[ 73%] Built target waypoint_markers
[ 75%] Built target scoring_plugin
[ 75%] Built target vrx_gazebo_xacro_generated_to_devel_space_
[ 77%] [34m[1mAutomatic MOC and UIC for target placard_plugin[0m
[ 78%] [34m[1mAutomatic MOC and UIC for target scan_dock_scoring_plugin[0m
[ 79%] [34m[1mAutomatic MOC and UIC for target perception_scoring_plugin[0m
[ 81%] [34m[1mAutomatic MOC and UIC for target navigation_scoring_plugin[0m
[ 81%] [34m[1mAutomatic MOC and UIC for target stationkeeping_scoring_plugin[0m
[ 84%] Built target light_buoy_plugin
[ 84%] Built target placard_plugin_autogen
[ 84%] Built target perception_scoring_plugin_autogen
[ 84%] Built target navigation_scoring_plugin_autogen
[ 84%] Built target scan_dock_scoring_plugin_autogen
[ 84%] Built target stationkeeping_scoring_plugin_autogen
[ 84%] [34m[1mAutomatic MOC and UIC for target wayfinding_scoring_plugin[0m
[ 86%] Built target scan_dock_scoring_plugin
[ 89%] Built target placard_plugin
[ 91%] Built target perception_scoring_plugin
[ 93%] Built target navigation_scoring_plugin
[ 93%] Built target wayfinding_scoring_plugin_autogen
[ 96%] Built target stationkeeping_scoring_plugin
[100%] Built target wayfinding_scoring_plugin
[  0%] [34m[1mAutomatic MOC and UIC for target gtest[0m
[  0%] Built target gtest_autogen
[ 50%] Built target gtest
[ 66%] [34m[1mAutomatic MOC and UIC for target sandisland_test[0m
[ 66%] Built target sandisland_test_autogen
[100%] Built target sandisland_test
[100%] Built target tests
[  3%] [34m[1mAutomatic MOC and UIC for target light_buoy_colors_msgs[0m
[  9%] Built target vrx_gazebo__xacro_auto_generate
[  9%] Built target std_msgs_generate_messages_cpp
[  9%] Built target gazebo_msgs_generate_messages_eus
[  9%] Built target _vrx_gazebo_generate_messages_check_deps_Task
[ 10%] Built target light_buoy_colors_msgs_autogen
[ 10%] Built target _vrx_gazebo_generate_messages_check_deps_Contact
[ 10%] Built target trajectory_msgs_generate_messages_py
[ 10%] Built target trajectory_msgs_generate_messages_nodejs
[ 10%] Built target trajectory_msgs_generate_messages_lisp
[ 10%] Built target trajectory_msgs_generate_messages_eus
[ 10%] Built target rosgraph_msgs_generate_messages_lisp
[ 10%] Built target trajectory_msgs_generate_messages_cpp
[ 10%] Built target _vrx_gazebo_generate_messages_check_deps_ColorSequence
[ 10%] Built target geometry_msgs_generate_messages_eus
[ 10%] Built target uuid_msgs_generate_messages_lisp
[ 10%] Built target std_msgs_generate_messages_py
[ 10%] Built target uuid_msgs_generate_messages_cpp
[ 10%] Built target gazebo_ros_gencfg
[ 10%] Built target std_msgs_generate_messages_nodejs
[ 10%] Built target uuid_msgs_generate_messages_nodejs
[ 10%] Built target roscpp_generate_messages_nodejs
[ 10%] Built target rosgraph_msgs_generate_messages_nodejs
[ 10%] Built target geographic_msgs_generate_messages_lisp
[ 10%] Built target std_msgs_generate_messages_lisp
[ 10%] Built target std_msgs_generate_messages_eus
[ 10%] Built target actionlib_generate_messages_cpp
[ 10%] Built target sensor_msgs_generate_messages_nodejs
[ 10%] Built target geometry_msgs_generate_messages_lisp
[ 10%] Built target geometry_msgs_generate_messages_nodejs
[ 10%] Built target sensor_msgs_generate_messages_lisp
[ 10%] Built target rosgraph_msgs_generate_messages_cpp
[ 10%] Built target std_srvs_generate_messages_eus
[ 10%] Built target gazebo_msgs_generate_messages_lisp
[ 10%] Built target rosgraph_msgs_generate_messages_eus
[ 10%] Built target roscpp_generate_messages_lisp
[ 10%] Built target uuid_msgs_generate_messages_eus
[ 10%] Built target gazebo_msgs_generate_messages_nodejs
[ 10%] Built target geographic_msgs_generate_messages_eus
[ 10%] Built target actionlib_msgs_generate_messages_nodejs
[ 10%] Built target roscpp_generate_messages_py
[ 10%] Built target geographic_msgs_generate_messages_cpp
[ 10%] Built target gazebo_msgs_generate_messages_cpp
[ 10%] Built target dynamic_reconfigure_generate_messages_lisp
[ 10%] Built target uuid_msgs_generate_messages_py
[ 10%] Built target gazebo_msgs_generate_messages_py
[ 10%] Built target roscpp_generate_messages_cpp
[ 10%] Built target geometry_msgs_generate_messages_py
[ 10%] Built target geographic_msgs_generate_messages_py
[ 10%] Built target dynamic_reconfigure_generate_messages_nodejs
[ 10%] Built target std_srvs_generate_messages_nodejs
[ 10%] Built target std_srvs_generate_messages_lisp
[ 10%] Built target geometry_msgs_generate_messages_cpp
[ 10%] Built target actionlib_generate_messages_lisp
[ 10%] Built target std_srvs_generate_messages_cpp
[ 10%] Built target geographic_msgs_generate_messages_nodejs
[ 10%] Built target std_srvs_generate_messages_py
[ 10%] Built target actionlib_generate_messages_nodejs
[ 10%] Built target tf_generate_messages_cpp
[ 10%] Built target tf_generate_messages_eus
[ 10%] Built target tf_generate_messages_lisp
[ 10%] Built target actionlib_msgs_generate_messages_cpp
[ 10%] Built target tf_generate_messages_py
[ 10%] Built target tf_generate_messages_nodejs
[ 10%] Built target dynamic_reconfigure_generate_messages_cpp
[ 10%] Built target sensor_msgs_generate_messages_cpp
[ 10%] Built target sensor_msgs_generate_messages_py
[ 10%] Built target sensor_msgs_generate_messages_eus
[ 10%] Built target actionlib_generate_messages_eus
[ 10%] Built target roscpp_generate_messages_eus
[ 10%] Built target rosgraph_msgs_generate_messages_py
[ 10%] Built target actionlib_msgs_generate_messages_eus
[ 10%] Built target actionlib_msgs_generate_messages_lisp
[ 10%] Built target actionlib_msgs_generate_messages_py
[ 10%] Built target tf2_msgs_generate_messages_cpp
[ 10%] Built target tf2_msgs_generate_messages_eus
[ 10%] Built target actionlib_generate_messages_py
[ 10%] Built target tf2_msgs_generate_messages_py
[ 10%] Built target tf2_msgs_generate_messages_nodejs
[ 10%] Built target dynamic_reconfigure_generate_messages_eus
[ 10%] Built target dynamic_reconfigure_generate_messages_py
[ 10%] Built target dynamic_reconfigure_gencfg
[ 10%] Built target tf2_msgs_generate_messages_lisp
[ 13%] Built target vrx_gazebo_generate_messages_nodejs
[ 18%] Built target vrx_gazebo_generate_messages_py
[ 18%] [34m[1mAutomatic MOC and UIC for target dock_placard_msgs[0m
[ 21%] Built target vrx_gazebo_generate_messages_lisp
[ 25%] Built target vrx_gazebo_generate_messages_eus
[ 28%] Built target dock_base_erb_generation
[ 30%] [34m[1mCopying to devel space: /kanaloa_vorc/build/vrx_gazebo/devel/share/vrx_gazebo/worlds/example_course.world[0m
[ 31%] Built target dock_placard_msgs_autogen
[ 31%] Built target vrx_gazebo_generate_obstacle_course_buoys
[ 34%] Built target light_buoy_colors_msgs
[ 37%] Built target vrx_gazebo_generate_messages_cpp
[ 38%] [34m[1mCopying to devel space: /kanaloa_vorc/build/vrx_gazebo/devel/share/vrx_gazebo/worlds/navigation_task.world[0m
[ 39%] [34m[1mAutomatic MOC and UIC for target waypoint_markers[0m
[ 40%] [34m[1mCopying to devel space: /kanaloa_vorc/build/vrx_gazebo/devel/share/vrx_gazebo/worlds/perception_task.world[0m
[ 40%] [34m[1mCopying to devel space: /kanaloa_vorc/build/vrx_gazebo/devel/share/vrx_gazebo/worlds/sandisland.world[0m
[ 40%] [34m[1mAutomatic MOC and UIC for target gui_task_widget[0m
[ 42%] [34m[1mCopying to devel space: /kanaloa_vorc/build/vrx_gazebo/devel/share/vrx_gazebo/worlds/dock.world[0m
[ 42%] Built target waypoint_markers_autogen
[ 43%] [34m[1mCopying to devel space: /kanaloa_vorc/build/vrx_gazebo/devel/share/vrx_gazebo/worlds/stationkeeping_task.world[0m
[ 44%] [34m[1mCopying to devel space: /kanaloa_vorc/build/vrx_gazebo/devel/share/vrx_gazebo/worlds/scan_and_dock.world[0m
[ 48%] Built target dock_erb_generation
[ 48%] [34m[1mCopying to devel space: /kanaloa_vorc/build/vrx_gazebo/devel/share/vrx_gazebo/worlds/wayfinding_task.world[0m
[ 48%] Built target gui_task_widget_autogen
[ 49%] [34m[1mCopying to devel space: /kanaloa_vorc/build/vrx_gazebo/devel/share/vrx_gazebo/worlds/wind_test.world[0m
[ 50%] [34m[1mAutomatic MOC and UIC for target scoring_plugin[0m
[ 54%] Built target dock_placard_msgs
[ 55%] [34m[1mAutomatic MOC and UIC for target light_buoy_plugin[0m
[ 66%] Built target vrx_gazebo__xacro_auto_generate_to_devel_space_
[ 69%] Built target waypoint_markers
[ 69%] Built target scoring_plugin_autogen
[ 69%] Built target vrx_gazebo_generate_messages
[ 69%] Built target light_buoy_plugin_autogen
[ 71%] [34m[1mAutomatic MOC and UIC for target placard_plugin[0m
[ 71%] Built target vrx_gazebo_xacro_generated_to_devel_space_
[ 71%] Built target placard_plugin_autogen
[ 73%] Built target scoring_plugin
[ 77%] Built target gui_task_widget
[ 79%] Built target light_buoy_plugin
[ 79%] [34m[1mAutomatic MOC and UIC for target wayfinding_scoring_plugin[0m
[ 80%] [34m[1mAutomatic MOC and UIC for target scan_dock_scoring_plugin[0m
[ 81%] [34m[1mAutomatic MOC and UIC for target stationkeeping_scoring_plugin[0m
[ 83%] [34m[1mAutomatic MOC and UIC for target navigation_scoring_plugin[0m
[ 84%] [34m[1mAutomatic MOC and UIC for target perception_scoring_plugin[0m
[ 84%] Built target scan_dock_scoring_plugin_autogen
[ 86%] Built target placard_plugin
[ 86%] Built target stationkeeping_scoring_plugin_autogen
[ 86%] Built target wayfinding_scoring_plugin_autogen
[ 86%] Built target navigation_scoring_plugin_autogen
[ 86%] Built target perception_scoring_plugin_autogen
[ 91%] Built target scan_dock_scoring_plugin
[ 91%] Built target stationkeeping_scoring_plugin
[ 93%] Built target navigation_scoring_plugin
[ 97%] Built target wayfinding_scoring_plugin
[100%] Built target perception_scoring_plugin
[36mInstall the project...[0m
-- Install configuration: ""
-- Up-to-date: /kanaloa_vorc/install/vrx_gazebo/share/vrx_gazebo/msg/Task.msg
-- Up-to-date: /kanaloa_vorc/install/vrx_gazebo/share/vrx_gazebo/msg/Contact.msg
-- Up-to-date: /kanaloa_vorc/install/vrx_gazebo/share/vrx_gazebo/srv/ColorSequence.srv
+ cd /kanaloa_vorc/src/vrx/vrx_gazebo
+ mkdir -p /kanaloa_vorc/install/vrx_gazebo/lib/python2.7/dist-packages
+ /usr/bin/env PYTHONPATH=/kanaloa_vorc/install/vrx_gazebo/lib/python2.7/dist-packages:/kanaloa_vorc/build/vrx_gazebo/lib/python2.7/dist-packages:/kanaloa_vorc/install/usv_msgs/lib/python2.7/dist-packages CATKIN_BINARY_DIR=/kanaloa_vorc/build/vrx_gazebo /usr/bin/python2 /kanaloa_vorc/src/vrx/vrx_gazebo/setup.py build --build-base /kanaloa_vorc/build/vrx_gazebo install --root=/ --install-layout=deb --prefix=/kanaloa_vorc/install/vrx_gazebo --install-scripts=/kanaloa_vorc/install/vrx_gazebo/bin
running build
running build_py
running install
running install_lib
running install_egg_info
Removing /kanaloa_vorc/install/vrx_gazebo/lib/python2.7/dist-packages/vrx_gazebo-1.3.0.egg-info
Writing /kanaloa_vorc/install/vrx_gazebo/lib/python2.7/dist-packages/vrx_gazebo-1.3.0.egg-info
-- Up-to-date: /kanaloa_vorc/install/vrx_gazebo/share/vrx_gazebo/cmake/vrx_gazebo-msg-paths.cmake
-- Up-to-date: /kanaloa_vorc/install/vrx_gazebo/include/vrx_gazebo
-- Up-to-date: /kanaloa_vorc/install/vrx_gazebo/include/vrx_gazebo/ColorSequenceResponse.h
-- Up-to-date: /kanaloa_vorc/install/vrx_gazebo/include/vrx_gazebo/Contact.h
-- Up-to-date: /kanaloa_vorc/install/vrx_gazebo/include/vrx_gazebo/ColorSequence.h
-- Up-to-date: /kanaloa_vorc/install/vrx_gazebo/include/vrx_gazebo/ColorSequenceRequest.h
-- Up-to-date: /kanaloa_vorc/install/vrx_gazebo/include/vrx_gazebo/Task.h
-- Up-to-date: /kanaloa_vorc/install/vrx_gazebo/share/roseus/ros/vrx_gazebo
-- Up-to-date: /kanaloa_vorc/install/vrx_gazebo/share/roseus/ros/vrx_gazebo/srv
-- Up-to-date: /kanaloa_vorc/install/vrx_gazebo/share/roseus/ros/vrx_gazebo/srv/ColorSequence.l
-- Up-to-date: /kanaloa_vorc/install/vrx_gazebo/share/roseus/ros/vrx_gazebo/msg
-- Up-to-date: /kanaloa_vorc/install/vrx_gazebo/share/roseus/ros/vrx_gazebo/msg/Task.l
-- Up-to-date: /kanaloa_vorc/install/vrx_gazebo/share/roseus/ros/vrx_gazebo/msg/Contact.l
-- Up-to-date: /kanaloa_vorc/install/vrx_gazebo/share/roseus/ros/vrx_gazebo/manifest.l
-- Up-to-date: /kanaloa_vorc/install/vrx_gazebo/share/common-lisp/ros/vrx_gazebo
-- Up-to-date: /kanaloa_vorc/install/vrx_gazebo/share/common-lisp/ros/vrx_gazebo/srv
-- Up-to-date: /kanaloa_vorc/install/vrx_gazebo/share/common-lisp/ros/vrx_gazebo/srv/vrx_gazebo-srv.asd
-- Up-to-date: /kanaloa_vorc/install/vrx_gazebo/share/common-lisp/ros/vrx_gazebo/srv/_package_ColorSequence.lisp
-- Up-to-date: /kanaloa_vorc/install/vrx_gazebo/share/common-lisp/ros/vrx_gazebo/srv/_package.lisp
-- Up-to-date: /kanaloa_vorc/install/vrx_gazebo/share/common-lisp/ros/vrx_gazebo/srv/ColorSequence.lisp
-- Up-to-date: /kanaloa_vorc/install/vrx_gazebo/share/common-lisp/ros/vrx_gazebo/msg
-- Up-to-date: /kanaloa_vorc/install/vrx_gazebo/share/common-lisp/ros/vrx_gazebo/msg/_package_Contact.lisp
-- Up-to-date: /kanaloa_vorc/install/vrx_gazebo/share/common-lisp/ros/vrx_gazebo/msg/vrx_gazebo-msg.asd
-- Up-to-date: /kanaloa_vorc/install/vrx_gazebo/share/common-lisp/ros/vrx_gazebo/msg/_package_Task.lisp
-- Up-to-date: /kanaloa_vorc/install/vrx_gazebo/share/common-lisp/ros/vrx_gazebo/msg/Task.lisp
-- Up-to-date: /kanaloa_vorc/install/vrx_gazebo/share/common-lisp/ros/vrx_gazebo/msg/_package.lisp
-- Up-to-date: /kanaloa_vorc/install/vrx_gazebo/share/common-lisp/ros/vrx_gazebo/msg/Contact.lisp
-- Up-to-date: /kanaloa_vorc/install/vrx_gazebo/share/gennodejs/ros/vrx_gazebo
-- Up-to-date: /kanaloa_vorc/install/vrx_gazebo/share/gennodejs/ros/vrx_gazebo/_index.js
-- Up-to-date: /kanaloa_vorc/install/vrx_gazebo/share/gennodejs/ros/vrx_gazebo/srv
-- Up-to-date: /kanaloa_vorc/install/vrx_gazebo/share/gennodejs/ros/vrx_gazebo/srv/_index.js
-- Up-to-date: /kanaloa_vorc/install/vrx_gazebo/share/gennodejs/ros/vrx_gazebo/srv/ColorSequence.js
-- Up-to-date: /kanaloa_vorc/install/vrx_gazebo/share/gennodejs/ros/vrx_gazebo/msg
-- Up-to-date: /kanaloa_vorc/install/vrx_gazebo/share/gennodejs/ros/vrx_gazebo/msg/Contact.js
-- Up-to-date: /kanaloa_vorc/install/vrx_gazebo/share/gennodejs/ros/vrx_gazebo/msg/_index.js
-- Up-to-date: /kanaloa_vorc/install/vrx_gazebo/share/gennodejs/ros/vrx_gazebo/msg/Task.js
Listing /kanaloa_vorc/build/vrx_gazebo/devel/lib/python2.7/dist-packages/vrx_gazebo ...
Listing /kanaloa_vorc/build/vrx_gazebo/devel/lib/python2.7/dist-packages/vrx_gazebo/msg ...
Listing /kanaloa_vorc/build/vrx_gazebo/devel/lib/python2.7/dist-packages/vrx_gazebo/srv ...
-- Up-to-date: /kanaloa_vorc/install/vrx_gazebo/lib/python2.7/dist-packages/vrx_gazebo
-- Up-to-date: /kanaloa_vorc/install/vrx_gazebo/lib/python2.7/dist-packages/vrx_gazebo/srv
-- Up-to-date: /kanaloa_vorc/install/vrx_gazebo/lib/python2.7/dist-packages/vrx_gazebo/srv/_ColorSequence.py
-- Up-to-date: /kanaloa_vorc/install/vrx_gazebo/lib/python2.7/dist-packages/vrx_gazebo/srv/_ColorSequence.pyc
-- Up-to-date: /kanaloa_vorc/install/vrx_gazebo/lib/python2.7/dist-packages/vrx_gazebo/msg
-- Up-to-date: /kanaloa_vorc/install/vrx_gazebo/lib/python2.7/dist-packages/vrx_gazebo/msg/_Task.pyc
-- Up-to-date: /kanaloa_vorc/install/vrx_gazebo/lib/python2.7/dist-packages/vrx_gazebo/msg/_Task.py
-- Up-to-date: /kanaloa_vorc/install/vrx_gazebo/lib/python2.7/dist-packages/vrx_gazebo/msg/_Contact.pyc
-- Up-to-date: /kanaloa_vorc/install/vrx_gazebo/lib/python2.7/dist-packages/vrx_gazebo/msg/_Contact.py
-- Up-to-date: /kanaloa_vorc/install/vrx_gazebo/lib/python2.7/dist-packages/vrx_gazebo
-- Up-to-date: /kanaloa_vorc/install/vrx_gazebo/lib/python2.7/dist-packages/vrx_gazebo/srv
-- Up-to-date: /kanaloa_vorc/install/vrx_gazebo/lib/python2.7/dist-packages/vrx_gazebo/srv/__init__.py
-- Up-to-date: /kanaloa_vorc/install/vrx_gazebo/lib/python2.7/dist-packages/vrx_gazebo/srv/__init__.pyc
-- Up-to-date: /kanaloa_vorc/install/vrx_gazebo/lib/python2.7/dist-packages/vrx_gazebo/msg
-- Up-to-date: /kanaloa_vorc/install/vrx_gazebo/lib/python2.7/dist-packages/vrx_gazebo/msg/__init__.py
-- Up-to-date: /kanaloa_vorc/install/vrx_gazebo/lib/python2.7/dist-packages/vrx_gazebo/msg/__init__.pyc
-- Up-to-date: /kanaloa_vorc/install/vrx_gazebo/lib/pkgconfig/vrx_gazebo.pc
-- Up-to-date: /kanaloa_vorc/install/vrx_gazebo/share/vrx_gazebo/cmake/vrx_gazebo-msg-extras.cmake
-- Up-to-date: /kanaloa_vorc/install/vrx_gazebo/share/vrx_gazebo/cmake/vrx_gazeboConfig.cmake
-- Up-to-date: /kanaloa_vorc/install/vrx_gazebo/share/vrx_gazebo/cmake/vrx_gazeboConfig-version.cmake
-- Up-to-date: /kanaloa_vorc/install/vrx_gazebo/share/vrx_gazebo/package.xml
-- Up-to-date: /kanaloa_vorc/install/vrx_gazebo/lib/libwaypoint_markers.so
-- Up-to-date: /kanaloa_vorc/install/vrx_gazebo/lib/liblight_buoy_plugin.so
-- Up-to-date: /kanaloa_vorc/install/vrx_gazebo/lib/libplacard_plugin.so
-- Up-to-date: /kanaloa_vorc/install/vrx_gazebo/lib/libscoring_plugin.so
-- Up-to-date: /kanaloa_vorc/install/vrx_gazebo/lib/libnavigation_scoring_plugin.so
-- Up-to-date: /kanaloa_vorc/install/vrx_gazebo/lib/libstationkeeping_scoring_plugin.so
-- Up-to-date: /kanaloa_vorc/install/vrx_gazebo/lib/libwayfinding_scoring_plugin.so
-- Up-to-date: /kanaloa_vorc/install/vrx_gazebo/lib/libscan_dock_scoring_plugin.so
-- Up-to-date: /kanaloa_vorc/install/vrx_gazebo/lib/libgui_task_widget.so
-- Up-to-date: /kanaloa_vorc/install/vrx_gazebo/lib/libperception_scoring_plugin.so
-- Up-to-date: /kanaloa_vorc/install/vrx_gazebo/share/vrx_gazebo/worlds/example_course.world
-- Up-to-date: /kanaloa_vorc/install/vrx_gazebo/share/vrx_gazebo/worlds/navigation_task.world
-- Up-to-date: /kanaloa_vorc/install/vrx_gazebo/share/vrx_gazebo/worlds/perception_task.world
-- Up-to-date: /kanaloa_vorc/install/vrx_gazebo/share/vrx_gazebo/worlds/sandisland.world
-- Up-to-date: /kanaloa_vorc/install/vrx_gazebo/share/vrx_gazebo/worlds/dock.world
-- Up-to-date: /kanaloa_vorc/install/vrx_gazebo/share/vrx_gazebo/worlds/scan_and_dock.world
-- Up-to-date: /kanaloa_vorc/install/vrx_gazebo/share/vrx_gazebo/worlds/stationkeeping_task.world
-- Up-to-date: /kanaloa_vorc/install/vrx_gazebo/share/vrx_gazebo/worlds/wayfinding_task.world
-- Up-to-date: /kanaloa_vorc/install/vrx_gazebo/share/vrx_gazebo/worlds/wind_test.world
-- Up-to-date: /kanaloa_vorc/install/vrx_gazebo/share/vrx_gazebo/worlds/ocean.world
-- Up-to-date: /kanaloa_vorc/install/vrx_gazebo/share/vrx_gazebo/config
-- Up-to-date: /kanaloa_vorc/install/vrx_gazebo/share/vrx_gazebo/config/wamv_config
-- Up-to-date: /kanaloa_vorc/install/vrx_gazebo/share/vrx_gazebo/config/wamv_config/example_sensor_config.yaml
-- Up-to-date: /kanaloa_vorc/install/vrx_gazebo/share/vrx_gazebo/config/wamv_config/example_thruster_config.yaml
-- Up-to-date: /kanaloa_vorc/install/vrx_gazebo/share/vrx_gazebo/config/wamv_config/thruster_compliance
-- Up-to-date: /kanaloa_vorc/install/vrx_gazebo/share/vrx_gazebo/config/wamv_config/thruster_compliance/numeric.yaml
-- Up-to-date: /kanaloa_vorc/install/vrx_gazebo/share/vrx_gazebo/config/wamv_config/thruster_compliance/bounding_boxes.yaml
-- Up-to-date: /kanaloa_vorc/install/vrx_gazebo/share/vrx_gazebo/config/wamv_config/sensor_compliance
-- Up-to-date: /kanaloa_vorc/install/vrx_gazebo/share/vrx_gazebo/config/wamv_config/sensor_compliance/numeric.yaml
-- Up-to-date: /kanaloa_vorc/install/vrx_gazebo/share/vrx_gazebo/config/wamv_config/sensor_compliance/bounding_boxes.yaml
-- Up-to-date: /kanaloa_vorc/install/vrx_gazebo/share/vrx_gazebo/config/diffdrive.yaml
-- Up-to-date: /kanaloa_vorc/install/vrx_gazebo/share/vrx_gazebo/config/front_stereo.perspective
-- Up-to-date: /kanaloa_vorc/install/vrx_gazebo/share/vrx_gazebo/config/custom_rosconsole.conf
-- Up-to-date: /kanaloa_vorc/install/vrx_gazebo/share/vrx_gazebo/config/pinger.yaml
-- Up-to-date: /kanaloa_vorc/install/vrx_gazebo/share/vrx_gazebo/config/wave_motion_plot.perspective
-- Up-to-date: /kanaloa_vorc/install/vrx_gazebo/share/vrx_gazebo/worlds
-- Up-to-date: /kanaloa_vorc/install/vrx_gazebo/share/vrx_gazebo/worlds/2019_practice
-- Up-to-date: /kanaloa_vorc/install/vrx_gazebo/share/vrx_gazebo/worlds/2019_practice/perception2.world
-- Up-to-date: /kanaloa_vorc/install/vrx_gazebo/share/vrx_gazebo/worlds/2019_practice/perception1.world
-- Up-to-date: /kanaloa_vorc/install/vrx_gazebo/share/vrx_gazebo/worlds/2019_practice/scan_and_dock0.world
-- Up-to-date: /kanaloa_vorc/install/vrx_gazebo/share/vrx_gazebo/worlds/2019_practice/nav_challenge2.world
-- Up-to-date: /kanaloa_vorc/install/vrx_gazebo/share/vrx_gazebo/worlds/2019_practice/wayfinding0.world
-- Up-to-date: /kanaloa_vorc/install/vrx_gazebo/share/vrx_gazebo/worlds/2019_practice/nav_challenge1.world
-- Up-to-date: /kanaloa_vorc/install/vrx_gazebo/share/vrx_gazebo/worlds/2019_practice/nav_challenge0b.world
-- Up-to-date: /kanaloa_vorc/install/vrx_gazebo/share/vrx_gazebo/worlds/2019_practice/perception0.world
-- Up-to-date: /kanaloa_vorc/install/vrx_gazebo/share/vrx_gazebo/worlds/2019_practice/scan_and_dock2.world
-- Up-to-date: /kanaloa_vorc/install/vrx_gazebo/share/vrx_gazebo/worlds/2019_practice/dock0.world
-- Up-to-date: /kanaloa_vorc/install/vrx_gazebo/share/vrx_gazebo/worlds/2019_practice/nav_challenge0.world
-- Up-to-date: /kanaloa_vorc/install/vrx_gazebo/share/vrx_gazebo/worlds/2019_practice/stationkeeping0.world
-- Up-to-date: /kanaloa_vorc/install/vrx_gazebo/share/vrx_gazebo/worlds/2019_practice/wayfinding1.world
-- Up-to-date: /kanaloa_vorc/install/vrx_gazebo/share/vrx_gazebo/worlds/2019_practice/stationkeeping2.world
-- Up-to-date: /kanaloa_vorc/install/vrx_gazebo/share/vrx_gazebo/worlds/2019_practice/wayfinding2.world
-- Up-to-date: /kanaloa_vorc/install/vrx_gazebo/share/vrx_gazebo/worlds/2019_practice/stationkeeping1.world
-- Up-to-date: /kanaloa_vorc/install/vrx_gazebo/share/vrx_gazebo/worlds/2019_practice/scan_and_dock1.world
-- Up-to-date: /kanaloa_vorc/install/vrx_gazebo/share/vrx_gazebo/worlds/2019_practice/dock2.world
-- Up-to-date: /kanaloa_vorc/install/vrx_gazebo/share/vrx_gazebo/worlds/2019_practice/dock1.world
-- Up-to-date: /kanaloa_vorc/install/vrx_gazebo/share/vrx_gazebo/worlds/dock.world.xacro
-- Up-to-date: /kanaloa_vorc/install/vrx_gazebo/share/vrx_gazebo/worlds/ocean.world.xacro
-- Up-to-date: /kanaloa_vorc/install/vrx_gazebo/share/vrx_gazebo/worlds/sandisland.xacro
-- Up-to-date: /kanaloa_vorc/install/vrx_gazebo/share/vrx_gazebo/worlds/xacros
-- Up-to-date: /kanaloa_vorc/install/vrx_gazebo/share/vrx_gazebo/worlds/xacros/wayfinding.xacro
-- Up-to-date: /kanaloa_vorc/install/vrx_gazebo/share/vrx_gazebo/worlds/xacros/dock.xacro
-- Up-to-date: /kanaloa_vorc/install/vrx_gazebo/share/vrx_gazebo/worlds/xacros/scene.xacro
-- Up-to-date: /kanaloa_vorc/install/vrx_gazebo/share/vrx_gazebo/worlds/xacros/stationkeeping.xacro
-- Up-to-date: /kanaloa_vorc/install/vrx_gazebo/share/vrx_gazebo/worlds/xacros/usv_wind_plugin.xacro
-- Up-to-date: /kanaloa_vorc/install/vrx_gazebo/share/vrx_gazebo/worlds/xacros/scan_and_dock.xacro
-- Up-to-date: /kanaloa_vorc/install/vrx_gazebo/share/vrx_gazebo/worlds/xacros/include_all_xacros.xacro
-- Up-to-date: /kanaloa_vorc/install/vrx_gazebo/share/vrx_gazebo/worlds/xacros/perception.xacro
-- Up-to-date: /kanaloa_vorc/install/vrx_gazebo/share/vrx_gazebo/worlds/xacros/insert_model.xacro
-- Up-to-date: /kanaloa_vorc/install/vrx_gazebo/share/vrx_gazebo/worlds/xacros/nav_challenge.xacro
-- Up-to-date: /kanaloa_vorc/install/vrx_gazebo/share/vrx_gazebo/worlds/xacros/sandisland_minus_scene.xacro
-- Up-to-date: /kanaloa_vorc/install/vrx_gazebo/share/vrx_gazebo/worlds/example_course.world.xacro
-- Up-to-date: /kanaloa_vorc/install/vrx_gazebo/share/vrx_gazebo/worlds/sandisland.world.xacro
-- Up-to-date: /kanaloa_vorc/install/vrx_gazebo/share/vrx_gazebo/worlds/scan_and_dock.world.xacro
-- Up-to-date: /kanaloa_vorc/install/vrx_gazebo/share/vrx_gazebo/worlds/wayfinding_task.world.xacro
-- Up-to-date: /kanaloa_vorc/install/vrx_gazebo/share/vrx_gazebo/worlds/2019_phase2
-- Up-to-date: /kanaloa_vorc/install/vrx_gazebo/share/vrx_gazebo/worlds/2019_phase2/perception2.world
-- Up-to-date: /kanaloa_vorc/install/vrx_gazebo/share/vrx_gazebo/worlds/2019_phase2/stationkeeping3.world
-- Up-to-date: /kanaloa_vorc/install/vrx_gazebo/share/vrx_gazebo/worlds/2019_phase2/dock3.world
-- Up-to-date: /kanaloa_vorc/install/vrx_gazebo/share/vrx_gazebo/worlds/2019_phase2/perception1.world
-- Up-to-date: /kanaloa_vorc/install/vrx_gazebo/share/vrx_gazebo/worlds/2019_phase2/scan_and_dock0.world
-- Up-to-date: /kanaloa_vorc/install/vrx_gazebo/share/vrx_gazebo/worlds/2019_phase2/nav_challenge2.world
-- Up-to-date: /kanaloa_vorc/install/vrx_gazebo/share/vrx_gazebo/worlds/2019_phase2/wayfinding0.world
-- Up-to-date: /kanaloa_vorc/install/vrx_gazebo/share/vrx_gazebo/worlds/2019_phase2/nav_challenge1.world
-- Up-to-date: /kanaloa_vorc/install/vrx_gazebo/share/vrx_gazebo/worlds/2019_phase2/perception5.world
-- Up-to-date: /kanaloa_vorc/install/vrx_gazebo/share/vrx_gazebo/worlds/2019_phase2/scan_and_dock5.world
-- Up-to-date: /kanaloa_vorc/install/vrx_gazebo/share/vrx_gazebo/worlds/2019_phase2/dock5.world
-- Up-to-date: /kanaloa_vorc/install/vrx_gazebo/share/vrx_gazebo/worlds/2019_phase2/scan_and_dock4.world
-- Up-to-date: /kanaloa_vorc/install/vrx_gazebo/share/vrx_gazebo/worlds/2019_phase2/perception0.world
-- Up-to-date: /kanaloa_vorc/install/vrx_gazebo/share/vrx_gazebo/worlds/2019_phase2/scan_and_dock2.world
-- Up-to-date: /kanaloa_vorc/install/vrx_gazebo/share/vrx_gazebo/worlds/2019_phase2/wayfinding4.world
-- Up-to-date: /kanaloa_vorc/install/vrx_gazebo/share/vrx_gazebo/worlds/2019_phase2/nav_challenge3.world
-- Up-to-date: /kanaloa_vorc/install/vrx_gazebo/share/vrx_gazebo/worlds/2019_phase2/dock4.world
-- Up-to-date: /kanaloa_vorc/install/vrx_gazebo/share/vrx_gazebo/worlds/2019_phase2/dock0.world
-- Up-to-date: /kanaloa_vorc/install/vrx_gazebo/share/vrx_gazebo/worlds/2019_phase2/nav_challenge0.world
-- Up-to-date: /kanaloa_vorc/install/vrx_gazebo/share/vrx_gazebo/worlds/2019_phase2/perception3.world
-- Up-to-date: /kanaloa_vorc/install/vrx_gazebo/share/vrx_gazebo/worlds/2019_phase2/stationkeeping0.world
-- Up-to-date: /kanaloa_vorc/install/vrx_gazebo/share/vrx_gazebo/worlds/2019_phase2/nav_challenge4.world
-- Up-to-date: /kanaloa_vorc/install/vrx_gazebo/share/vrx_gazebo/worlds/2019_phase2/stationkeeping4.world
-- Up-to-date: /kanaloa_vorc/install/vrx_gazebo/share/vrx_gazebo/worlds/2019_phase2/wayfinding3.world
-- Up-to-date: /kanaloa_vorc/install/vrx_gazebo/share/vrx_gazebo/worlds/2019_phase2/wayfinding1.world
-- Up-to-date: /kanaloa_vorc/install/vrx_gazebo/share/vrx_gazebo/worlds/2019_phase2/stationkeeping2.world
-- Up-to-date: /kanaloa_vorc/install/vrx_gazebo/share/vrx_gazebo/worlds/2019_phase2/wayfinding2.world
-- Up-to-date: /kanaloa_vorc/install/vrx_gazebo/share/vrx_gazebo/worlds/2019_phase2/perception4.world
-- Up-to-date: /kanaloa_vorc/install/vrx_gazebo/share/vrx_gazebo/worlds/2019_phase2/stationkeeping1.world
-- Up-to-date: /kanaloa_vorc/install/vrx_gazebo/share/vrx_gazebo/worlds/2019_phase2/stationkeeping5.world
-- Up-to-date: /kanaloa_vorc/install/vrx_gazebo/share/vrx_gazebo/worlds/2019_phase2/scan_and_dock1.world
-- Up-to-date: /kanaloa_vorc/install/vrx_gazebo/share/vrx_gazebo/worlds/2019_phase2/dock2.world
-- Up-to-date: /kanaloa_vorc/install/vrx_gazebo/share/vrx_gazebo/worlds/2019_phase2/nav_challenge5.world
-- Up-to-date: /kanaloa_vorc/install/vrx_gazebo/share/vrx_gazebo/worlds/2019_phase2/dock1.world
-- Up-to-date: /kanaloa_vorc/install/vrx_gazebo/share/vrx_gazebo/worlds/2019_phase2/scan_and_dock3.world
-- Up-to-date: /kanaloa_vorc/install/vrx_gazebo/share/vrx_gazebo/worlds/2019_phase2/wayfinding5.world
-- Up-to-date: /kanaloa_vorc/install/vrx_gazebo/share/vrx_gazebo/worlds/wind_test.world.xacro
-- Up-to-date: /kanaloa_vorc/install/vrx_gazebo/share/vrx_gazebo/worlds/yamls
-- Up-to-date: /kanaloa_vorc/install/vrx_gazebo/share/vrx_gazebo/worlds/yamls/perception_deep.yaml
-- Up-to-date: /kanaloa_vorc/install/vrx_gazebo/share/vrx_gazebo/worlds/yamls/scan_and_dock_deep.yaml
-- Up-to-date: /kanaloa_vorc/install/vrx_gazebo/share/vrx_gazebo/worlds/yamls/wayfinding_deep.yaml
-- Up-to-date: /kanaloa_vorc/install/vrx_gazebo/share/vrx_gazebo/worlds/yamls/wayfinding_shallow.yaml
-- Up-to-date: /kanaloa_vorc/install/vrx_gazebo/share/vrx_gazebo/worlds/yamls/nav_challenge_deep.yaml
-- Up-to-date: /kanaloa_vorc/install/vrx_gazebo/share/vrx_gazebo/worlds/yamls/station_keeping_deep.yaml
-- Up-to-date: /kanaloa_vorc/install/vrx_gazebo/share/vrx_gazebo/worlds/yamls/nav_challenge_shallow.yaml
-- Up-to-date: /kanaloa_vorc/install/vrx_gazebo/share/vrx_gazebo/worlds/yamls/dock_deep.yaml
-- Up-to-date: /kanaloa_vorc/install/vrx_gazebo/share/vrx_gazebo/worlds/yamls/dock_shallow.yaml
-- Up-to-date: /kanaloa_vorc/install/vrx_gazebo/share/vrx_gazebo/worlds/yamls/perception_shallow.yaml
-- Up-to-date: /kanaloa_vorc/install/vrx_gazebo/share/vrx_gazebo/worlds/yamls/scan_and_dock_shallow.yaml
-- Up-to-date: /kanaloa_vorc/install/vrx_gazebo/share/vrx_gazebo/worlds/yamls/station_keeping_shallow.yaml
-- Up-to-date: /kanaloa_vorc/install/vrx_gazebo/share/vrx_gazebo/worlds/perception_task.world.xacro
-- Up-to-date: /kanaloa_vorc/install/vrx_gazebo/share/vrx_gazebo/worlds/no_gravity.world
-- Up-to-date: /kanaloa_vorc/install/vrx_gazebo/share/vrx_gazebo/worlds/stationkeeping_task.world.xacro
-- Up-to-date: /kanaloa_vorc/install/vrx_gazebo/share/vrx_gazebo/worlds/navigation_task.world.xacro
-- Up-to-date: /kanaloa_vorc/install/vrx_gazebo/share/vrx_gazebo/models
-- Up-to-date: /kanaloa_vorc/install/vrx_gazebo/share/vrx_gazebo/models/green_totem
-- Up-to-date: /kanaloa_vorc/install/vrx_gazebo/share/vrx_gazebo/models/green_totem/model.config
-- Up-to-date: /kanaloa_vorc/install/vrx_gazebo/share/vrx_gazebo/models/green_totem/model.sdf
-- Up-to-date: /kanaloa_vorc/install/vrx_gazebo/share/vrx_gazebo/models/tent
-- Up-to-date: /kanaloa_vorc/install/vrx_gazebo/share/vrx_gazebo/models/tent/model.config
-- Up-to-date: /kanaloa_vorc/install/vrx_gazebo/share/vrx_gazebo/models/tent/model.sdf
-- Up-to-date: /kanaloa_vorc/install/vrx_gazebo/share/vrx_gazebo/models/tent/mesh
-- Up-to-date: /kanaloa_vorc/install/vrx_gazebo/share/vrx_gazebo/models/tent/mesh/tent.dae
-- Up-to-date: /kanaloa_vorc/install/vrx_gazebo/share/vrx_gazebo/models/tent/mesh/tent.png
-- Up-to-date: /kanaloa_vorc/install/vrx_gazebo/share/vrx_gazebo/models/dock_2016_base
-- Up-to-date: /kanaloa_vorc/install/vrx_gazebo/share/vrx_gazebo/models/dock_2016_base/model.config
-- Up-to-date: /kanaloa_vorc/install/vrx_gazebo/share/vrx_gazebo/models/dock_2016_base/model.sdf.erb
-- Up-to-date: /kanaloa_vorc/install/vrx_gazebo/share/vrx_gazebo/models/dock_2016_base/model.sdf
-- Up-to-date: /kanaloa_vorc/install/vrx_gazebo/share/vrx_gazebo/models/dock_2018_base
-- Up-to-date: /kanaloa_vorc/install/vrx_gazebo/share/vrx_gazebo/models/dock_2018_base/model.config
-- Up-to-date: /kanaloa_vorc/install/vrx_gazebo/share/vrx_gazebo/models/dock_2018_base/model.sdf.erb
-- Up-to-date: /kanaloa_vorc/install/vrx_gazebo/share/vrx_gazebo/models/dock_2018_base/model.sdf
-- Up-to-date: /kanaloa_vorc/install/vrx_gazebo/share/vrx_gazebo/models/dock_2016_base_dynamic
-- Up-to-date: /kanaloa_vorc/install/vrx_gazebo/share/vrx_gazebo/models/dock_2016_base_dynamic/model.config
-- Up-to-date: /kanaloa_vorc/install/vrx_gazebo/share/vrx_gazebo/models/dock_2016_base_dynamic/model.sdf.erb
-- Up-to-date: /kanaloa_vorc/install/vrx_gazebo/share/vrx_gazebo/models/dock_2016_base_dynamic/model.sdf
-- Up-to-date: /kanaloa_vorc/install/vrx_gazebo/share/vrx_gazebo/models/post
-- Up-to-date: /kanaloa_vorc/install/vrx_gazebo/share/vrx_gazebo/models/post/model.config
-- Up-to-date: /kanaloa_vorc/install/vrx_gazebo/share/vrx_gazebo/models/post/model.sdf
-- Up-to-date: /kanaloa_vorc/install/vrx_gazebo/share/vrx_gazebo/models/post/meshes
-- Up-to-date: /kanaloa_vorc/install/vrx_gazebo/share/vrx_gazebo/models/post/meshes/post.dae
-- Up-to-date: /kanaloa_vorc/install/vrx_gazebo/share/vrx_gazebo/models/post/materials
-- Up-to-date: /kanaloa_vorc/install/vrx_gazebo/share/vrx_gazebo/models/post/materials/textures
-- Up-to-date: /kanaloa_vorc/install/vrx_gazebo/share/vrx_gazebo/models/post/materials/textures/post.png
-- Up-to-date: /kanaloa_vorc/install/vrx_gazebo/share/vrx_gazebo/models/navigation_course1
-- Up-to-date: /kanaloa_vorc/install/vrx_gazebo/share/vrx_gazebo/models/navigation_course1/model.config
-- Up-to-date: /kanaloa_vorc/install/vrx_gazebo/share/vrx_gazebo/models/navigation_course1/model.sdf
-- Up-to-date: /kanaloa_vorc/install/vrx_gazebo/share/vrx_gazebo/models/battery
-- Up-to-date: /kanaloa_vorc/install/vrx_gazebo/share/vrx_gazebo/models/battery/model.config
-- Up-to-date: /kanaloa_vorc/install/vrx_gazebo/share/vrx_gazebo/models/battery/model.sdf
-- Up-to-date: /kanaloa_vorc/install/vrx_gazebo/share/vrx_gazebo/models/battery/mesh
-- Up-to-date: /kanaloa_vorc/install/vrx_gazebo/share/vrx_gazebo/models/battery/mesh/battery.png
-- Up-to-date: /kanaloa_vorc/install/vrx_gazebo/share/vrx_gazebo/models/battery/mesh/battery.dae
-- Up-to-date: /kanaloa_vorc/install/vrx_gazebo/share/vrx_gazebo/models/robotx_2018_qualifying_avoid_obstacles_buoys
-- Up-to-date: /kanaloa_vorc/install/vrx_gazebo/share/vrx_gazebo/models/robotx_2018_qualifying_avoid_obstacles_buoys/model.config
-- Up-to-date: /kanaloa_vorc/install/vrx_gazebo/share/vrx_gazebo/models/robotx_2018_qualifying_avoid_obstacles_buoys/model.sdf
-- Up-to-date: /kanaloa_vorc/install/vrx_gazebo/share/vrx_gazebo/models/wavegauge
-- Up-to-date: /kanaloa_vorc/install/vrx_gazebo/share/vrx_gazebo/models/wavegauge/model.config
-- Up-to-date: /kanaloa_vorc/install/vrx_gazebo/share/vrx_gazebo/models/wavegauge/model.sdf
-- Up-to-date: /kanaloa_vorc/install/vrx_gazebo/share/vrx_gazebo/models/surmark950410
-- Up-to-date: /kanaloa_vorc/install/vrx_gazebo/share/vrx_gazebo/models/surmark950410/model.config
-- Up-to-date: /kanaloa_vorc/install/vrx_gazebo/share/vrx_gazebo/models/surmark950410/model.sdf
-- Up-to-date: /kanaloa_vorc/install/vrx_gazebo/share/vrx_gazebo/models/surmark950410/materials
-- Up-to-date: /kanaloa_vorc/install/vrx_gazebo/share/vrx_gazebo/models/surmark950410/materials/scripts
-- Up-to-date: /kanaloa_vorc/install/vrx_gazebo/share/vrx_gazebo/models/surmark950410/materials/scripts/surmark950410.material
-- Up-to-date: /kanaloa_vorc/install/vrx_gazebo/share/vrx_gazebo/models/surmark950410/mesh
-- Up-to-date: /kanaloa_vorc/install/vrx_gazebo/share/vrx_gazebo/models/surmark950410/mesh/surmark950410.dae
-- Up-to-date: /kanaloa_vorc/install/vrx_gazebo/share/vrx_gazebo/models/dock_2018_dynamic
-- Up-to-date: /kanaloa_vorc/install/vrx_gazebo/share/vrx_gazebo/models/dock_2018_dynamic/model.config
-- Up-to-date: /kanaloa_vorc/install/vrx_gazebo/share/vrx_gazebo/models/dock_2018_dynamic/model.sdf.erb
-- Up-to-date: /kanaloa_vorc/install/vrx_gazebo/share/vrx_gazebo/models/dock_2018_dynamic/model.sdf
-- Up-to-date: /kanaloa_vorc/install/vrx_gazebo/share/vrx_gazebo/models/dock_2016_dynamic
-- Up-to-date: /kanaloa_vorc/install/vrx_gazebo/share/vrx_gazebo/models/dock_2016_dynamic/model.config
-- Up-to-date: /kanaloa_vorc/install/vrx_gazebo/share/vrx_gazebo/models/dock_2016_dynamic/model.sdf.erb
-- Up-to-date: /kanaloa_vorc/install/vrx_gazebo/share/vrx_gazebo/models/dock_2016_dynamic/model.sdf
-- Up-to-date: /kanaloa_vorc/install/vrx_gazebo/share/vrx_gazebo/models/polyform_a5
-- Up-to-date: /kanaloa_vorc/install/vrx_gazebo/share/vrx_gazebo/models/polyform_a5/model.config
-- Up-to-date: /kanaloa_vorc/install/vrx_gazebo/share/vrx_gazebo/models/polyform_a5/model.sdf
-- Up-to-date: /kanaloa_vorc/install/vrx_gazebo/share/vrx_gazebo/models/mono_camera
-- Up-to-date: /kanaloa_vorc/install/vrx_gazebo/share/vrx_gazebo/models/mono_camera/model.config
-- Up-to-date: /kanaloa_vorc/install/vrx_gazebo/share/vrx_gazebo/models/mono_camera/model.sdf
-- Up-to-date: /kanaloa_vorc/install/vrx_gazebo/share/vrx_gazebo/models/mono_camera/mesh
-- Up-to-date: /kanaloa_vorc/install/vrx_gazebo/share/vrx_gazebo/models/mono_camera/mesh/mono_camera.dae
-- Up-to-date: /kanaloa_vorc/install/vrx_gazebo/share/vrx_gazebo/models/mono_camera/mesh/mono_camera.png
-- Up-to-date: /kanaloa_vorc/install/vrx_gazebo/share/vrx_gazebo/models/yellow_totem
-- Up-to-date: /kanaloa_vorc/install/vrx_gazebo/share/vrx_gazebo/models/yellow_totem/model.config
-- Up-to-date: /kanaloa_vorc/install/vrx_gazebo/share/vrx_gazebo/models/yellow_totem/model.sdf
-- Up-to-date: /kanaloa_vorc/install/vrx_gazebo/share/vrx_gazebo/models/dock_block_2x2
-- Up-to-date: /kanaloa_vorc/install/vrx_gazebo/share/vrx_gazebo/models/dock_block_2x2/model.config
-- Up-to-date: /kanaloa_vorc/install/vrx_gazebo/share/vrx_gazebo/models/dock_block_2x2/model.sdf
-- Up-to-date: /kanaloa_vorc/install/vrx_gazebo/share/vrx_gazebo/models/dock_block_2x2/mesh
-- Up-to-date: /kanaloa_vorc/install/vrx_gazebo/share/vrx_gazebo/models/dock_block_2x2/mesh/dock_block_2x2.dae
-- Up-to-date: /kanaloa_vorc/install/vrx_gazebo/share/vrx_gazebo/models/black_totem
-- Up-to-date: /kanaloa_vorc/install/vrx_gazebo/share/vrx_gazebo/models/black_totem/model.config
-- Up-to-date: /kanaloa_vorc/install/vrx_gazebo/share/vrx_gazebo/models/black_totem/model.sdf
-- Up-to-date: /kanaloa_vorc/install/vrx_gazebo/share/vrx_gazebo/models/ground_station
-- Up-to-date: /kanaloa_vorc/install/vrx_gazebo/share/vrx_gazebo/models/ground_station/model.config
-- Up-to-date: /kanaloa_vorc/install/vrx_gazebo/share/vrx_gazebo/models/ground_station/model.sdf
-- Up-to-date: /kanaloa_vorc/install/vrx_gazebo/share/vrx_gazebo/models/ocean
-- Up-to-date: /kanaloa_vorc/install/vrx_gazebo/share/vrx_gazebo/models/ocean/model.config
-- Up-to-date: /kanaloa_vorc/install/vrx_gazebo/share/vrx_gazebo/models/ocean/model.sdf
-- Up-to-date: /kanaloa_vorc/install/vrx_gazebo/share/vrx_gazebo/models/ocean/meshes
-- Up-to-date: /kanaloa_vorc/install/vrx_gazebo/share/vrx_gazebo/models/ocean/meshes/mesh_below.dae
-- Up-to-date: /kanaloa_vorc/install/vrx_gazebo/share/vrx_gazebo/models/ocean/meshes/mesh.blend
-- Up-to-date: /kanaloa_vorc/install/vrx_gazebo/share/vrx_gazebo/models/ocean/meshes/mesh.dae
-- Up-to-date: /kanaloa_vorc/install/vrx_gazebo/share/vrx_gazebo/models/ocean/materials
-- Up-to-date: /kanaloa_vorc/install/vrx_gazebo/share/vrx_gazebo/models/ocean/materials/programs
-- Up-to-date: /kanaloa_vorc/install/vrx_gazebo/share/vrx_gazebo/models/ocean/materials/programs/GLSL
-- Up-to-date: /kanaloa_vorc/install/vrx_gazebo/share/vrx_gazebo/models/ocean/materials/programs/GLSL/Waves.vert
-- Up-to-date: /kanaloa_vorc/install/vrx_gazebo/share/vrx_gazebo/models/ocean/materials/programs/GLSL/Waves.frag
-- Up-to-date: /kanaloa_vorc/install/vrx_gazebo/share/vrx_gazebo/models/ocean/materials/scripts
-- Up-to-date: /kanaloa_vorc/install/vrx_gazebo/share/vrx_gazebo/models/ocean/materials/scripts/ocean.material
-- Up-to-date: /kanaloa_vorc/install/vrx_gazebo/share/vrx_gazebo/models/ocean/materials/textures
-- Up-to-date: /kanaloa_vorc/install/vrx_gazebo/share/vrx_gazebo/models/ocean/materials/textures/normals.dds
-- Up-to-date: /kanaloa_vorc/install/vrx_gazebo/share/vrx_gazebo/models/ocean/materials/textures/clouds_rt.jpg
-- Up-to-date: /kanaloa_vorc/install/vrx_gazebo/share/vrx_gazebo/models/ocean/materials/textures/clouds_lf.jpg
-- Up-to-date: /kanaloa_vorc/install/vrx_gazebo/share/vrx_gazebo/models/ocean/materials/textures/clouds.jpg
-- Up-to-date: /kanaloa_vorc/install/vrx_gazebo/share/vrx_gazebo/models/ocean/materials/textures/clouds_dn.jpg
-- Up-to-date: /kanaloa_vorc/install/vrx_gazebo/share/vrx_gazebo/models/ocean/materials/textures/clouds_bk.jpg
-- Up-to-date: /kanaloa_vorc/install/vrx_gazebo/share/vrx_gazebo/models/ocean/materials/textures/clouds_up.jpg
-- Up-to-date: /kanaloa_vorc/install/vrx_gazebo/share/vrx_gazebo/models/ocean/materials/textures/clouds_fr.jpg
-- Up-to-date: /kanaloa_vorc/install/vrx_gazebo/share/vrx_gazebo/models/dock_2016
-- Up-to-date: /kanaloa_vorc/install/vrx_gazebo/share/vrx_gazebo/models/dock_2016/model.config
-- Up-to-date: /kanaloa_vorc/install/vrx_gazebo/share/vrx_gazebo/models/dock_2016/model.sdf.erb
-- Up-to-date: /kanaloa_vorc/install/vrx_gazebo/share/vrx_gazebo/models/dock_2016/model.sdf
-- Up-to-date: /kanaloa_vorc/install/vrx_gazebo/share/vrx_gazebo/models/dock_block_4x4_dynamic
-- Up-to-date: /kanaloa_vorc/install/vrx_gazebo/share/vrx_gazebo/models/dock_block_4x4_dynamic/model.config
-- Up-to-date: /kanaloa_vorc/install/vrx_gazebo/share/vrx_gazebo/models/dock_block_4x4_dynamic/model.sdf
-- Up-to-date: /kanaloa_vorc/install/vrx_gazebo/share/vrx_gazebo/models/dock_block_4x4_dynamic/mesh
-- Up-to-date: /kanaloa_vorc/install/vrx_gazebo/share/vrx_gazebo/models/dock_block_4x4_dynamic/mesh/dock_block_4x4.dae
-- Up-to-date: /kanaloa_vorc/install/vrx_gazebo/share/vrx_gazebo/models/symbol_cross
-- Up-to-date: /kanaloa_vorc/install/vrx_gazebo/share/vrx_gazebo/models/symbol_cross/model.config
-- Up-to-date: /kanaloa_vorc/install/vrx_gazebo/share/vrx_gazebo/models/symbol_cross/model.sdf
-- Up-to-date: /kanaloa_vorc/install/vrx_gazebo/share/vrx_gazebo/models/symbol_circle
-- Up-to-date: /kanaloa_vorc/install/vrx_gazebo/share/vrx_gazebo/models/symbol_circle/model.config
-- Up-to-date: /kanaloa_vorc/install/vrx_gazebo/share/vrx_gazebo/models/symbol_circle/model.sdf
-- Up-to-date: /kanaloa_vorc/install/vrx_gazebo/share/vrx_gazebo/models/navigation_course5
-- Up-to-date: /kanaloa_vorc/install/vrx_gazebo/share/vrx_gazebo/models/navigation_course5/model.config
-- Up-to-date: /kanaloa_vorc/install/vrx_gazebo/share/vrx_gazebo/models/navigation_course5/model.sdf
-- Up-to-date: /kanaloa_vorc/install/vrx_gazebo/share/vrx_gazebo/models/navigation_course0
-- Up-to-date: /kanaloa_vorc/install/vrx_gazebo/share/vrx_gazebo/models/navigation_course0/model.config
-- Up-to-date: /kanaloa_vorc/install/vrx_gazebo/share/vrx_gazebo/models/navigation_course0/model.sdf
-- Up-to-date: /kanaloa_vorc/install/vrx_gazebo/share/vrx_gazebo/models/cpu_cases
-- Up-to-date: /kanaloa_vorc/install/vrx_gazebo/share/vrx_gazebo/models/cpu_cases/model.config
-- Up-to-date: /kanaloa_vorc/install/vrx_gazebo/share/vrx_gazebo/models/cpu_cases/model.sdf
-- Up-to-date: /kanaloa_vorc/install/vrx_gazebo/share/vrx_gazebo/models/cpu_cases/mesh
-- Up-to-date: /kanaloa_vorc/install/vrx_gazebo/share/vrx_gazebo/models/cpu_cases/mesh/cpu_cases.png
-- Up-to-date: /kanaloa_vorc/install/vrx_gazebo/share/vrx_gazebo/models/cpu_cases/mesh/cpu_cases.dae
-- Up-to-date: /kanaloa_vorc/install/vrx_gazebo/share/vrx_gazebo/models/robotx_light_buoy
-- Up-to-date: /kanaloa_vorc/install/vrx_gazebo/share/vrx_gazebo/models/robotx_light_buoy/model.config
-- Up-to-date: /kanaloa_vorc/install/vrx_gazebo/share/vrx_gazebo/models/robotx_light_buoy/model.sdf
-- Up-to-date: /kanaloa_vorc/install/vrx_gazebo/share/vrx_gazebo/models/robotx_light_buoy/mesh
-- Up-to-date: /kanaloa_vorc/install/vrx_gazebo/share/vrx_gazebo/models/robotx_light_buoy/mesh/robotx_light_buoy.dae
-- Up-to-date: /kanaloa_vorc/install/vrx_gazebo/share/vrx_gazebo/models/navigation_course
-- Up-to-date: /kanaloa_vorc/install/vrx_gazebo/share/vrx_gazebo/models/navigation_course/model.config
-- Up-to-date: /kanaloa_vorc/install/vrx_gazebo/share/vrx_gazebo/models/navigation_course/model.sdf
-- Up-to-date: /kanaloa_vorc/install/vrx_gazebo/share/vrx_gazebo/models/sandisland
-- Up-to-date: /kanaloa_vorc/install/vrx_gazebo/share/vrx_gazebo/models/sandisland/model.config
-- Up-to-date: /kanaloa_vorc/install/vrx_gazebo/share/vrx_gazebo/models/sandisland/heightmap.png
-- Up-to-date: /kanaloa_vorc/install/vrx_gazebo/share/vrx_gazebo/models/sandisland/model.sdf
-- Up-to-date: /kanaloa_vorc/install/vrx_gazebo/share/vrx_gazebo/models/sandisland/meshes
-- Up-to-date: /kanaloa_vorc/install/vrx_gazebo/share/vrx_gazebo/models/sandisland/meshes/sandisland.dae
-- Up-to-date: /kanaloa_vorc/install/vrx_gazebo/share/vrx_gazebo/models/sandisland/materials
-- Up-to-date: /kanaloa_vorc/install/vrx_gazebo/share/vrx_gazebo/models/sandisland/materials/textures
-- Up-to-date: /kanaloa_vorc/install/vrx_gazebo/share/vrx_gazebo/models/sandisland/materials/textures/sandisland.png
-- Up-to-date: /kanaloa_vorc/install/vrx_gazebo/share/vrx_gazebo/models/dock_block_4x4
-- Up-to-date: /kanaloa_vorc/install/vrx_gazebo/share/vrx_gazebo/models/dock_block_4x4/model.config
-- Up-to-date: /kanaloa_vorc/install/vrx_gazebo/share/vrx_gazebo/models/dock_block_4x4/model.sdf
-- Up-to-date: /kanaloa_vorc/install/vrx_gazebo/share/vrx_gazebo/models/dock_block_4x4/mesh
-- Up-to-date: /kanaloa_vorc/install/vrx_gazebo/share/vrx_gazebo/models/dock_block_4x4/mesh/dock_block_4x4.dae
-- Up-to-date: /kanaloa_vorc/install/vrx_gazebo/share/vrx_gazebo/models/antenna
-- Up-to-date: /kanaloa_vorc/install/vrx_gazebo/share/vrx_gazebo/models/antenna/model.config
-- Up-to-date: /kanaloa_vorc/install/vrx_gazebo/share/vrx_gazebo/models/antenna/model.sdf
-- Up-to-date: /kanaloa_vorc/install/vrx_gazebo/share/vrx_gazebo/models/antenna/meshes
-- Up-to-date: /kanaloa_vorc/install/vrx_gazebo/share/vrx_gazebo/models/antenna/meshes/antenna.dae
-- Up-to-date: /kanaloa_vorc/install/vrx_gazebo/share/vrx_gazebo/models/antenna/meshes/antenna.png
-- Up-to-date: /kanaloa_vorc/install/vrx_gazebo/share/vrx_gazebo/models/3d_lidar
-- Up-to-date: /kanaloa_vorc/install/vrx_gazebo/share/vrx_gazebo/models/3d_lidar/model.config
-- Up-to-date: /kanaloa_vorc/install/vrx_gazebo/share/vrx_gazebo/models/3d_lidar/model.sdf
-- Up-to-date: /kanaloa_vorc/install/vrx_gazebo/share/vrx_gazebo/models/3d_lidar/mesh
-- Up-to-date: /kanaloa_vorc/install/vrx_gazebo/share/vrx_gazebo/models/3d_lidar/mesh/3d_lidar.png
-- Up-to-date: /kanaloa_vorc/install/vrx_gazebo/share/vrx_gazebo/models/3d_lidar/mesh/3d_lidar.dae
-- Up-to-date: /kanaloa_vorc/install/vrx_gazebo/share/vrx_gazebo/models/navigation_task
-- Up-to-date: /kanaloa_vorc/install/vrx_gazebo/share/vrx_gazebo/models/navigation_task/model.config
-- Up-to-date: /kanaloa_vorc/install/vrx_gazebo/share/vrx_gazebo/models/navigation_task/model.sdf
-- Up-to-date: /kanaloa_vorc/install/vrx_gazebo/share/vrx_gazebo/models/robotx_2018_entrance_gate
-- Up-to-date: /kanaloa_vorc/install/vrx_gazebo/share/vrx_gazebo/models/robotx_2018_entrance_gate/model.config
-- Up-to-date: /kanaloa_vorc/install/vrx_gazebo/share/vrx_gazebo/models/robotx_2018_entrance_gate/model.sdf
-- Up-to-date: /kanaloa_vorc/install/vrx_gazebo/share/vrx_gazebo/models/polyform_a7
-- Up-to-date: /kanaloa_vorc/install/vrx_gazebo/share/vrx_gazebo/models/polyform_a7/model.config
-- Up-to-date: /kanaloa_vorc/install/vrx_gazebo/share/vrx_gazebo/models/polyform_a7/model.sdf
-- Up-to-date: /kanaloa_vorc/install/vrx_gazebo/share/vrx_gazebo/models/foldable_chair
-- Up-to-date: /kanaloa_vorc/install/vrx_gazebo/share/vrx_gazebo/models/foldable_chair/model.config
-- Up-to-date: /kanaloa_vorc/install/vrx_gazebo/share/vrx_gazebo/models/foldable_chair/model.sdf
-- Up-to-date: /kanaloa_vorc/install/vrx_gazebo/share/vrx_gazebo/models/foldable_chair/mesh
-- Up-to-date: /kanaloa_vorc/install/vrx_gazebo/share/vrx_gazebo/models/foldable_chair/mesh/foldable_chair.dae
-- Up-to-date: /kanaloa_vorc/install/vrx_gazebo/share/vrx_gazebo/models/foldable_chair/mesh/foldable_chair.png
-- Up-to-date: /kanaloa_vorc/install/vrx_gazebo/share/vrx_gazebo/models/robotx_2018_qualifying_avoid_obstacles
-- Up-to-date: /kanaloa_vorc/install/vrx_gazebo/share/vrx_gazebo/models/robotx_2018_qualifying_avoid_obstacles/model.config
-- Up-to-date: /kanaloa_vorc/install/vrx_gazebo/share/vrx_gazebo/models/robotx_2018_qualifying_avoid_obstacles/model.sdf
-- Up-to-date: /kanaloa_vorc/install/vrx_gazebo/share/vrx_gazebo/models/robotx_2016_qualifying_pinger_transit
-- Up-to-date: /kanaloa_vorc/install/vrx_gazebo/share/vrx_gazebo/models/robotx_2016_qualifying_pinger_transit/model.config
-- Up-to-date: /kanaloa_vorc/install/vrx_gazebo/share/vrx_gazebo/models/robotx_2016_qualifying_pinger_transit/model.sdf
-- Up-to-date: /kanaloa_vorc/install/vrx_gazebo/share/vrx_gazebo/models/blue_totem
-- Up-to-date: /kanaloa_vorc/install/vrx_gazebo/share/vrx_gazebo/models/blue_totem/model.config
-- Up-to-date: /kanaloa_vorc/install/vrx_gazebo/share/vrx_gazebo/models/blue_totem/model.sdf
-- Up-to-date: /kanaloa_vorc/install/vrx_gazebo/share/vrx_gazebo/models/placard
-- Up-to-date: /kanaloa_vorc/install/vrx_gazebo/share/vrx_gazebo/models/placard/model.config
-- Up-to-date: /kanaloa_vorc/install/vrx_gazebo/share/vrx_gazebo/models/placard/model.sdf
-- Up-to-date: /kanaloa_vorc/install/vrx_gazebo/share/vrx_gazebo/models/dock_2018
-- Up-to-date: /kanaloa_vorc/install/vrx_gazebo/share/vrx_gazebo/models/dock_2018/model.config
-- Up-to-date: /kanaloa_vorc/install/vrx_gazebo/share/vrx_gazebo/models/dock_2018/model.sdf.erb
-- Up-to-date: /kanaloa_vorc/install/vrx_gazebo/share/vrx_gazebo/models/dock_2018/model.sdf
-- Up-to-date: /kanaloa_vorc/install/vrx_gazebo/share/vrx_gazebo/models/robotx_navigation_challenge
-- Up-to-date: /kanaloa_vorc/install/vrx_gazebo/share/vrx_gazebo/models/robotx_navigation_challenge/model.config
-- Up-to-date: /kanaloa_vorc/install/vrx_gazebo/share/vrx_gazebo/models/robotx_navigation_challenge/model.sdf
-- Up-to-date: /kanaloa_vorc/install/vrx_gazebo/share/vrx_gazebo/models/robotx_2016_finals_pinger_transit
-- Up-to-date: /kanaloa_vorc/install/vrx_gazebo/share/vrx_gazebo/models/robotx_2016_finals_pinger_transit/model.config
-- Up-to-date: /kanaloa_vorc/install/vrx_gazebo/share/vrx_gazebo/models/robotx_2016_finals_pinger_transit/model.sdf
-- Up-to-date: /kanaloa_vorc/install/vrx_gazebo/share/vrx_gazebo/models/red_totem
-- Up-to-date: /kanaloa_vorc/install/vrx_gazebo/share/vrx_gazebo/models/red_totem/model.config
-- Up-to-date: /kanaloa_vorc/install/vrx_gazebo/share/vrx_gazebo/models/red_totem/model.sdf
-- Up-to-date: /kanaloa_vorc/install/vrx_gazebo/share/vrx_gazebo/models/navigation_course3
-- Up-to-date: /kanaloa_vorc/install/vrx_gazebo/share/vrx_gazebo/models/navigation_course3/model.config
-- Up-to-date: /kanaloa_vorc/install/vrx_gazebo/share/vrx_gazebo/models/navigation_course3/model.sdf
-- Up-to-date: /kanaloa_vorc/install/vrx_gazebo/share/vrx_gazebo/models/foldable_table
-- Up-to-date: /kanaloa_vorc/install/vrx_gazebo/share/vrx_gazebo/models/foldable_table/model.config
-- Up-to-date: /kanaloa_vorc/install/vrx_gazebo/share/vrx_gazebo/models/foldable_table/model.sdf
-- Up-to-date: /kanaloa_vorc/install/vrx_gazebo/share/vrx_gazebo/models/foldable_table/mesh
-- Up-to-date: /kanaloa_vorc/install/vrx_gazebo/share/vrx_gazebo/models/foldable_table/mesh/foldable_table.dae
-- Up-to-date: /kanaloa_vorc/install/vrx_gazebo/share/vrx_gazebo/models/foldable_table/mesh/foldable_table.png
-- Up-to-date: /kanaloa_vorc/install/vrx_gazebo/share/vrx_gazebo/models/dock_permutations
-- Up-to-date: /kanaloa_vorc/install/vrx_gazebo/share/vrx_gazebo/models/dock_permutations/vrx_dock_blue_circle__blue_triangle
-- Up-to-date: /kanaloa_vorc/install/vrx_gazebo/share/vrx_gazebo/models/dock_permutations/vrx_dock_blue_circle__blue_triangle/model.config
-- Up-to-date: /kanaloa_vorc/install/vrx_gazebo/share/vrx_gazebo/models/dock_permutations/vrx_dock_blue_circle__blue_triangle/model.sdf
-- Up-to-date: /kanaloa_vorc/install/vrx_gazebo/share/vrx_gazebo/models/dock_permutations/vrx_dock_green_circle__blue_circle
-- Up-to-date: /kanaloa_vorc/install/vrx_gazebo/share/vrx_gazebo/models/dock_permutations/vrx_dock_green_circle__blue_circle/model.config
-- Up-to-date: /kanaloa_vorc/install/vrx_gazebo/share/vrx_gazebo/models/dock_permutations/vrx_dock_green_circle__blue_circle/model.sdf
-- Up-to-date: /kanaloa_vorc/install/vrx_gazebo/share/vrx_gazebo/models/dock_permutations/vrx_dock_red_circle__red_triangle
-- Up-to-date: /kanaloa_vorc/install/vrx_gazebo/share/vrx_gazebo/models/dock_permutations/vrx_dock_red_circle__red_triangle/model.config
-- Up-to-date: /kanaloa_vorc/install/vrx_gazebo/share/vrx_gazebo/models/dock_permutations/vrx_dock_red_circle__red_triangle/model.sdf
-- Up-to-date: /kanaloa_vorc/install/vrx_gazebo/share/vrx_gazebo/models/dock_permutations/vrx_dock_green_cross__red_circle
-- Up-to-date: /kanaloa_vorc/install/vrx_gazebo/share/vrx_gazebo/models/dock_permutations/vrx_dock_green_cross__red_circle/model.config
-- Up-to-date: /kanaloa_vorc/install/vrx_gazebo/share/vrx_gazebo/models/dock_permutations/vrx_dock_green_cross__red_circle/model.sdf
-- Up-to-date: /kanaloa_vorc/install/vrx_gazebo/share/vrx_gazebo/models/dock_permutations/vrx_dock_blue_triangle__green_circle
-- Up-to-date: /kanaloa_vorc/install/vrx_gazebo/share/vrx_gazebo/models/dock_permutations/vrx_dock_blue_triangle__green_circle/model.config
-- Up-to-date: /kanaloa_vorc/install/vrx_gazebo/share/vrx_gazebo/models/dock_permutations/vrx_dock_blue_triangle__green_circle/model.sdf
-- Up-to-date: /kanaloa_vorc/install/vrx_gazebo/share/vrx_gazebo/models/dock_permutations/vrx_dock_green_cross__red_triangle
-- Up-to-date: /kanaloa_vorc/install/vrx_gazebo/share/vrx_gazebo/models/dock_permutations/vrx_dock_green_cross__red_triangle/model.config
-- Up-to-date: /kanaloa_vorc/install/vrx_gazebo/share/vrx_gazebo/models/dock_permutations/vrx_dock_green_cross__red_triangle/model.sdf
-- Up-to-date: /kanaloa_vorc/install/vrx_gazebo/share/vrx_gazebo/models/dock_permutations/vrx_dock_blue_circle__blue_circle
-- Up-to-date: /kanaloa_vorc/install/vrx_gazebo/share/vrx_gazebo/models/dock_permutations/vrx_dock_blue_circle__blue_circle/model.config
-- Up-to-date: /kanaloa_vorc/install/vrx_gazebo/share/vrx_gazebo/models/dock_permutations/vrx_dock_blue_circle__blue_circle/model.sdf
-- Up-to-date: /kanaloa_vorc/install/vrx_gazebo/share/vrx_gazebo/models/dock_permutations/vrx_dock_green_cross__blue_cross
-- Up-to-date: /kanaloa_vorc/install/vrx_gazebo/share/vrx_gazebo/models/dock_permutations/vrx_dock_green_cross__blue_cross/model.config
-- Up-to-date: /kanaloa_vorc/install/vrx_gazebo/share/vrx_gazebo/models/dock_permutations/vrx_dock_green_cross__blue_cross/model.sdf
-- Up-to-date: /kanaloa_vorc/install/vrx_gazebo/share/vrx_gazebo/models/dock_permutations/vrx_dock_red_triangle__blue_circle
-- Up-to-date: /kanaloa_vorc/install/vrx_gazebo/share/vrx_gazebo/models/dock_permutations/vrx_dock_red_triangle__blue_circle/model.config
-- Up-to-date: /kanaloa_vorc/install/vrx_gazebo/share/vrx_gazebo/models/dock_permutations/vrx_dock_red_triangle__blue_circle/model.sdf
-- Up-to-date: /kanaloa_vorc/install/vrx_gazebo/share/vrx_gazebo/models/dock_permutations/vrx_dock_red_circle__blue_circle
-- Up-to-date: /kanaloa_vorc/install/vrx_gazebo/share/vrx_gazebo/models/dock_permutations/vrx_dock_red_circle__blue_circle/model.config
-- Up-to-date: /kanaloa_vorc/install/vrx_gazebo/share/vrx_gazebo/models/dock_permutations/vrx_dock_red_circle__blue_circle/model.sdf
-- Up-to-date: /kanaloa_vorc/install/vrx_gazebo/share/vrx_gazebo/models/dock_permutations/vrx_dock_green_triangle__blue_cross
-- Up-to-date: /kanaloa_vorc/install/vrx_gazebo/share/vrx_gazebo/models/dock_permutations/vrx_dock_green_triangle__blue_cross/model.config
-- Up-to-date: /kanaloa_vorc/install/vrx_gazebo/share/vrx_gazebo/models/dock_permutations/vrx_dock_green_triangle__blue_cross/model.sdf
-- Up-to-date: /kanaloa_vorc/install/vrx_gazebo/share/vrx_gazebo/models/dock_permutations/vrx_dock_blue_triangle__blue_triangle
-- Up-to-date: /kanaloa_vorc/install/vrx_gazebo/share/vrx_gazebo/models/dock_permutations/vrx_dock_blue_triangle__blue_triangle/model.config
-- Up-to-date: /kanaloa_vorc/install/vrx_gazebo/share/vrx_gazebo/models/dock_permutations/vrx_dock_blue_triangle__blue_triangle/model.sdf
-- Up-to-date: /kanaloa_vorc/install/vrx_gazebo/share/vrx_gazebo/models/dock_permutations/vrx_dock_red_circle__green_cross
-- Up-to-date: /kanaloa_vorc/install/vrx_gazebo/share/vrx_gazebo/models/dock_permutations/vrx_dock_red_circle__green_cross/model.config
-- Up-to-date: /kanaloa_vorc/install/vrx_gazebo/share/vrx_gazebo/models/dock_permutations/vrx_dock_red_circle__green_cross/model.sdf
-- Up-to-date: /kanaloa_vorc/install/vrx_gazebo/share/vrx_gazebo/models/dock_permutations/vrx_dock_green_triangle__red_cross
-- Up-to-date: /kanaloa_vorc/install/vrx_gazebo/share/vrx_gazebo/models/dock_permutations/vrx_dock_green_triangle__red_cross/model.config
-- Up-to-date: /kanaloa_vorc/install/vrx_gazebo/share/vrx_gazebo/models/dock_permutations/vrx_dock_green_triangle__red_cross/model.sdf
-- Up-to-date: /kanaloa_vorc/install/vrx_gazebo/share/vrx_gazebo/models/dock_permutations/vrx_dock_green_triangle__red_circle
-- Up-to-date: /kanaloa_vorc/install/vrx_gazebo/share/vrx_gazebo/models/dock_permutations/vrx_dock_green_triangle__red_circle/model.config
-- Up-to-date: /kanaloa_vorc/install/vrx_gazebo/share/vrx_gazebo/models/dock_permutations/vrx_dock_green_triangle__red_circle/model.sdf
-- Up-to-date: /kanaloa_vorc/install/vrx_gazebo/share/vrx_gazebo/models/dock_permutations/vrx_dock_green_circle__blue_triangle
-- Up-to-date: /kanaloa_vorc/install/vrx_gazebo/share/vrx_gazebo/models/dock_permutations/vrx_dock_green_circle__blue_triangle/model.config
-- Up-to-date: /kanaloa_vorc/install/vrx_gazebo/share/vrx_gazebo/models/dock_permutations/vrx_dock_green_circle__blue_triangle/model.sdf
-- Up-to-date: /kanaloa_vorc/install/vrx_gazebo/share/vrx_gazebo/models/dock_permutations/vrx_dock_red_cross__blue_cross
-- Up-to-date: /kanaloa_vorc/install/vrx_gazebo/share/vrx_gazebo/models/dock_permutations/vrx_dock_red_cross__blue_cross/model.config
-- Up-to-date: /kanaloa_vorc/install/vrx_gazebo/share/vrx_gazebo/models/dock_permutations/vrx_dock_red_cross__blue_cross/model.sdf
-- Up-to-date: /kanaloa_vorc/install/vrx_gazebo/share/vrx_gazebo/models/dock_permutations/vrx_dock_red_triangle__blue_triangle
-- Up-to-date: /kanaloa_vorc/install/vrx_gazebo/share/vrx_gazebo/models/dock_permutations/vrx_dock_red_triangle__blue_triangle/model.config
-- Up-to-date: /kanaloa_vorc/install/vrx_gazebo/share/vrx_gazebo/models/dock_permutations/vrx_dock_red_triangle__blue_triangle/model.sdf
-- Up-to-date: /kanaloa_vorc/install/vrx_gazebo/share/vrx_gazebo/models/dock_permutations/vrx_dock_blue_triangle__red_circle
-- Up-to-date: /kanaloa_vorc/install/vrx_gazebo/share/vrx_gazebo/models/dock_permutations/vrx_dock_blue_triangle__red_circle/model.config
-- Up-to-date: /kanaloa_vorc/install/vrx_gazebo/share/vrx_gazebo/models/dock_permutations/vrx_dock_blue_triangle__red_circle/model.sdf
-- Up-to-date: /kanaloa_vorc/install/vrx_gazebo/share/vrx_gazebo/models/dock_permutations/vrx_dock_red_circle__blue_cross
-- Up-to-date: /kanaloa_vorc/install/vrx_gazebo/share/vrx_gazebo/models/dock_permutations/vrx_dock_red_circle__blue_cross/model.config
-- Up-to-date: /kanaloa_vorc/install/vrx_gazebo/share/vrx_gazebo/models/dock_permutations/vrx_dock_red_circle__blue_cross/model.sdf
-- Up-to-date: /kanaloa_vorc/install/vrx_gazebo/share/vrx_gazebo/models/dock_permutations/vrx_dock_blue_cross__red_cross
-- Up-to-date: /kanaloa_vorc/install/vrx_gazebo/share/vrx_gazebo/models/dock_permutations/vrx_dock_blue_cross__red_cross/model.config
-- Up-to-date: /kanaloa_vorc/install/vrx_gazebo/share/vrx_gazebo/models/dock_permutations/vrx_dock_blue_cross__red_cross/model.sdf
-- Up-to-date: /kanaloa_vorc/install/vrx_gazebo/share/vrx_gazebo/models/dock_permutations/vrx_dock_green_circle__red_cross
-- Up-to-date: /kanaloa_vorc/install/vrx_gazebo/share/vrx_gazebo/models/dock_permutations/vrx_dock_green_circle__red_cross/model.config
-- Up-to-date: /kanaloa_vorc/install/vrx_gazebo/share/vrx_gazebo/models/dock_permutations/vrx_dock_green_circle__red_cross/model.sdf
-- Up-to-date: /kanaloa_vorc/install/vrx_gazebo/share/vrx_gazebo/models/dock_permutations/vrx_dock_blue_circle__red_circle
-- Up-to-date: /kanaloa_vorc/install/vrx_gazebo/share/vrx_gazebo/models/dock_permutations/vrx_dock_blue_circle__red_circle/model.config
-- Up-to-date: /kanaloa_vorc/install/vrx_gazebo/share/vrx_gazebo/models/dock_permutations/vrx_dock_blue_circle__red_circle/model.sdf
-- Up-to-date: /kanaloa_vorc/install/vrx_gazebo/share/vrx_gazebo/models/dock_permutations/vrx_dock_green_triangle__red_triangle
-- Up-to-date: /kanaloa_vorc/install/vrx_gazebo/share/vrx_gazebo/models/dock_permutations/vrx_dock_green_triangle__red_triangle/model.config
-- Up-to-date: /kanaloa_vorc/install/vrx_gazebo/share/vrx_gazebo/models/dock_permutations/vrx_dock_green_triangle__red_triangle/model.sdf
-- Up-to-date: /kanaloa_vorc/install/vrx_gazebo/share/vrx_gazebo/models/dock_permutations/vrx_dock_blue_circle__green_triangle
-- Up-to-date: /kanaloa_vorc/install/vrx_gazebo/share/vrx_gazebo/models/dock_permutations/vrx_dock_blue_circle__green_triangle/model.config
-- Up-to-date: /kanaloa_vorc/install/vrx_gazebo/share/vrx_gazebo/models/dock_permutations/vrx_dock_blue_circle__green_triangle/model.sdf
-- Up-to-date: /kanaloa_vorc/install/vrx_gazebo/share/vrx_gazebo/models/dock_permutations/vrx_dock_blue_cross__blue_cross
-- Up-to-date: /kanaloa_vorc/install/vrx_gazebo/share/vrx_gazebo/models/dock_permutations/vrx_dock_blue_cross__blue_cross/model.config
-- Up-to-date: /kanaloa_vorc/install/vrx_gazebo/share/vrx_gazebo/models/dock_permutations/vrx_dock_blue_cross__blue_cross/model.sdf
-- Up-to-date: /kanaloa_vorc/install/vrx_gazebo/share/vrx_gazebo/models/dock_permutations/vrx_dock_red_cross__red_cross
-- Up-to-date: /kanaloa_vorc/install/vrx_gazebo/share/vrx_gazebo/models/dock_permutations/vrx_dock_red_cross__red_cross/model.config
-- Up-to-date: /kanaloa_vorc/install/vrx_gazebo/share/vrx_gazebo/models/dock_permutations/vrx_dock_red_cross__red_cross/model.sdf
-- Up-to-date: /kanaloa_vorc/install/vrx_gazebo/share/vrx_gazebo/models/dock_permutations/vrx_dock_red_cross__green_cross
-- Up-to-date: /kanaloa_vorc/install/vrx_gazebo/share/vrx_gazebo/models/dock_permutations/vrx_dock_red_cross__green_cross/model.config
-- Up-to-date: /kanaloa_vorc/install/vrx_gazebo/share/vrx_gazebo/models/dock_permutations/vrx_dock_red_cross__green_cross/model.sdf
-- Up-to-date: /kanaloa_vorc/install/vrx_gazebo/share/vrx_gazebo/models/dock_permutations/vrx_dock_red_circle__green_triangle
-- Up-to-date: /kanaloa_vorc/install/vrx_gazebo/share/vrx_gazebo/models/dock_permutations/vrx_dock_red_circle__green_triangle/model.config
-- Up-to-date: /kanaloa_vorc/install/vrx_gazebo/share/vrx_gazebo/models/dock_permutations/vrx_dock_red_circle__green_triangle/model.sdf
-- Up-to-date: /kanaloa_vorc/install/vrx_gazebo/share/vrx_gazebo/models/dock_permutations/vrx_dock_green_circle__red_circle
-- Up-to-date: /kanaloa_vorc/install/vrx_gazebo/share/vrx_gazebo/models/dock_permutations/vrx_dock_green_circle__red_circle/model.config
-- Up-to-date: /kanaloa_vorc/install/vrx_gazebo/share/vrx_gazebo/models/dock_permutations/vrx_dock_green_circle__red_circle/model.sdf
-- Up-to-date: /kanaloa_vorc/install/vrx_gazebo/share/vrx_gazebo/models/dock_permutations/vrx_dock_blue_cross__green_triangle
-- Up-to-date: /kanaloa_vorc/install/vrx_gazebo/share/vrx_gazebo/models/dock_permutations/vrx_dock_blue_cross__green_triangle/model.config
-- Up-to-date: /kanaloa_vorc/install/vrx_gazebo/share/vrx_gazebo/models/dock_permutations/vrx_dock_blue_cross__green_triangle/model.sdf
-- Up-to-date: /kanaloa_vorc/install/vrx_gazebo/share/vrx_gazebo/models/dock_permutations/vrx_dock_green_cross__red_cross
-- Up-to-date: /kanaloa_vorc/install/vrx_gazebo/share/vrx_gazebo/models/dock_permutations/vrx_dock_green_cross__red_cross/model.config
-- Up-to-date: /kanaloa_vorc/install/vrx_gazebo/share/vrx_gazebo/models/dock_permutations/vrx_dock_green_cross__red_cross/model.sdf
-- Up-to-date: /kanaloa_vorc/install/vrx_gazebo/share/vrx_gazebo/models/dock_permutations/vrx_dock_blue_cross__red_circle
-- Up-to-date: /kanaloa_vorc/install/vrx_gazebo/share/vrx_gazebo/models/dock_permutations/vrx_dock_blue_cross__red_circle/model.config
-- Up-to-date: /kanaloa_vorc/install/vrx_gazebo/share/vrx_gazebo/models/dock_permutations/vrx_dock_blue_cross__red_circle/model.sdf
-- Up-to-date: /kanaloa_vorc/install/vrx_gazebo/share/vrx_gazebo/models/dock_permutations/vrx_dock_green_triangle__green_triangle
-- Up-to-date: /kanaloa_vorc/install/vrx_gazebo/share/vrx_gazebo/models/dock_permutations/vrx_dock_green_triangle__green_triangle/model.config
-- Up-to-date: /kanaloa_vorc/install/vrx_gazebo/share/vrx_gazebo/models/dock_permutations/vrx_dock_green_triangle__green_triangle/model.sdf
-- Up-to-date: /kanaloa_vorc/install/vrx_gazebo/share/vrx_gazebo/models/dock_permutations/vrx_dock_green_triangle__blue_circle
-- Up-to-date: /kanaloa_vorc/install/vrx_gazebo/share/vrx_gazebo/models/dock_permutations/vrx_dock_green_triangle__blue_circle/model.config
-- Up-to-date: /kanaloa_vorc/install/vrx_gazebo/share/vrx_gazebo/models/dock_permutations/vrx_dock_green_triangle__blue_circle/model.sdf
-- Up-to-date: /kanaloa_vorc/install/vrx_gazebo/share/vrx_gazebo/models/dock_permutations/vrx_dock_green_circle__green_cross
-- Up-to-date: /kanaloa_vorc/install/vrx_gazebo/share/vrx_gazebo/models/dock_permutations/vrx_dock_green_circle__green_cross/model.config
-- Up-to-date: /kanaloa_vorc/install/vrx_gazebo/share/vrx_gazebo/models/dock_permutations/vrx_dock_green_circle__green_cross/model.sdf
-- Up-to-date: /kanaloa_vorc/install/vrx_gazebo/share/vrx_gazebo/models/dock_permutations/vrx_dock_green_cross__green_triangle
-- Up-to-date: /kanaloa_vorc/install/vrx_gazebo/share/vrx_gazebo/models/dock_permutations/vrx_dock_green_cross__green_triangle/model.config
-- Up-to-date: /kanaloa_vorc/install/vrx_gazebo/share/vrx_gazebo/models/dock_permutations/vrx_dock_green_cross__green_triangle/model.sdf
-- Up-to-date: /kanaloa_vorc/install/vrx_gazebo/share/vrx_gazebo/models/dock_permutations/vrx_dock_red_cross__green_triangle
-- Up-to-date: /kanaloa_vorc/install/vrx_gazebo/share/vrx_gazebo/models/dock_permutations/vrx_dock_red_cross__green_triangle/model.config
-- Up-to-date: /kanaloa_vorc/install/vrx_gazebo/share/vrx_gazebo/models/dock_permutations/vrx_dock_red_cross__green_triangle/model.sdf
-- Up-to-date: /kanaloa_vorc/install/vrx_gazebo/share/vrx_gazebo/models/dock_permutations/vrx_dock_blue_cross__green_circle
-- Up-to-date: /kanaloa_vorc/install/vrx_gazebo/share/vrx_gazebo/models/dock_permutations/vrx_dock_blue_cross__green_circle/model.config
-- Up-to-date: /kanaloa_vorc/install/vrx_gazebo/share/vrx_gazebo/models/dock_permutations/vrx_dock_blue_cross__green_circle/model.sdf
-- Up-to-date: /kanaloa_vorc/install/vrx_gazebo/share/vrx_gazebo/models/dock_permutations/vrx_dock_red_cross__red_circle
-- Up-to-date: /kanaloa_vorc/install/vrx_gazebo/share/vrx_gazebo/models/dock_permutations/vrx_dock_red_cross__red_circle/model.config
-- Up-to-date: /kanaloa_vorc/install/vrx_gazebo/share/vrx_gazebo/models/dock_permutations/vrx_dock_red_cross__red_circle/model.sdf
-- Up-to-date: /kanaloa_vorc/install/vrx_gazebo/share/vrx_gazebo/models/dock_permutations/vrx_dock_red_cross__blue_circle
-- Up-to-date: /kanaloa_vorc/install/vrx_gazebo/share/vrx_gazebo/models/dock_permutations/vrx_dock_red_cross__blue_circle/model.config
-- Up-to-date: /kanaloa_vorc/install/vrx_gazebo/share/vrx_gazebo/models/dock_permutations/vrx_dock_red_cross__blue_circle/model.sdf
-- Up-to-date: /kanaloa_vorc/install/vrx_gazebo/share/vrx_gazebo/models/dock_permutations/vrx_dock_red_triangle__blue_cross
-- Up-to-date: /kanaloa_vorc/install/vrx_gazebo/share/vrx_gazebo/models/dock_permutations/vrx_dock_red_triangle__blue_cross/model.config
-- Up-to-date: /kanaloa_vorc/install/vrx_gazebo/share/vrx_gazebo/models/dock_permutations/vrx_dock_red_triangle__blue_cross/model.sdf
-- Up-to-date: /kanaloa_vorc/install/vrx_gazebo/share/vrx_gazebo/models/dock_permutations/vrx_dock_blue_triangle__red_triangle
-- Up-to-date: /kanaloa_vorc/install/vrx_gazebo/share/vrx_gazebo/models/dock_permutations/vrx_dock_blue_triangle__red_triangle/model.config
-- Up-to-date: /kanaloa_vorc/install/vrx_gazebo/share/vrx_gazebo/models/dock_permutations/vrx_dock_blue_triangle__red_triangle/model.sdf
-- Up-to-date: /kanaloa_vorc/install/vrx_gazebo/share/vrx_gazebo/models/dock_permutations/vrx_dock_green_circle__blue_cross
-- Up-to-date: /kanaloa_vorc/install/vrx_gazebo/share/vrx_gazebo/models/dock_permutations/vrx_dock_green_circle__blue_cross/model.config
-- Up-to-date: /kanaloa_vorc/install/vrx_gazebo/share/vrx_gazebo/models/dock_permutations/vrx_dock_green_circle__blue_cross/model.sdf
-- Up-to-date: /kanaloa_vorc/install/vrx_gazebo/share/vrx_gazebo/models/dock_permutations/vrx_dock_blue_cross__red_triangle
-- Up-to-date: /kanaloa_vorc/install/vrx_gazebo/share/vrx_gazebo/models/dock_permutations/vrx_dock_blue_cross__red_triangle/model.config
-- Up-to-date: /kanaloa_vorc/install/vrx_gazebo/share/vrx_gazebo/models/dock_permutations/vrx_dock_blue_cross__red_triangle/model.sdf
-- Up-to-date: /kanaloa_vorc/install/vrx_gazebo/share/vrx_gazebo/models/dock_permutations/vrx_dock_green_cross__blue_circle
-- Up-to-date: /kanaloa_vorc/install/vrx_gazebo/share/vrx_gazebo/models/dock_permutations/vrx_dock_green_cross__blue_circle/model.config
-- Up-to-date: /kanaloa_vorc/install/vrx_gazebo/share/vrx_gazebo/models/dock_permutations/vrx_dock_green_cross__blue_circle/model.sdf
-- Up-to-date: /kanaloa_vorc/install/vrx_gazebo/share/vrx_gazebo/models/dock_permutations/vrx_dock_blue_triangle__green_cross
-- Up-to-date: /kanaloa_vorc/install/vrx_gazebo/share/vrx_gazebo/models/dock_permutations/vrx_dock_blue_triangle__green_cross/model.config
-- Up-to-date: /kanaloa_vorc/install/vrx_gazebo/share/vrx_gazebo/models/dock_permutations/vrx_dock_blue_triangle__green_cross/model.sdf
-- Up-to-date: /kanaloa_vorc/install/vrx_gazebo/share/vrx_gazebo/models/dock_permutations/vrx_dock_blue_circle__red_triangle
-- Up-to-date: /kanaloa_vorc/install/vrx_gazebo/share/vrx_gazebo/models/dock_permutations/vrx_dock_blue_circle__red_triangle/model.config
-- Up-to-date: /kanaloa_vorc/install/vrx_gazebo/share/vrx_gazebo/models/dock_permutations/vrx_dock_blue_circle__red_triangle/model.sdf
-- Up-to-date: /kanaloa_vorc/install/vrx_gazebo/share/vrx_gazebo/models/dock_permutations/vrx_dock_blue_triangle__red_cross
-- Up-to-date: /kanaloa_vorc/install/vrx_gazebo/share/vrx_gazebo/models/dock_permutations/vrx_dock_blue_triangle__red_cross/model.config
-- Up-to-date: /kanaloa_vorc/install/vrx_gazebo/share/vrx_gazebo/models/dock_permutations/vrx_dock_blue_triangle__red_cross/model.sdf
-- Up-to-date: /kanaloa_vorc/install/vrx_gazebo/share/vrx_gazebo/models/dock_permutations/vrx_dock_green_triangle__blue_triangle
-- Up-to-date: /kanaloa_vorc/install/vrx_gazebo/share/vrx_gazebo/models/dock_permutations/vrx_dock_green_triangle__blue_triangle/model.config
-- Up-to-date: /kanaloa_vorc/install/vrx_gazebo/share/vrx_gazebo/models/dock_permutations/vrx_dock_green_triangle__blue_triangle/model.sdf
-- Up-to-date: /kanaloa_vorc/install/vrx_gazebo/share/vrx_gazebo/models/dock_permutations/vrx_dock_red_triangle__green_circle
-- Up-to-date: /kanaloa_vorc/install/vrx_gazebo/share/vrx_gazebo/models/dock_permutations/vrx_dock_red_triangle__green_circle/model.config
-- Up-to-date: /kanaloa_vorc/install/vrx_gazebo/share/vrx_gazebo/models/dock_permutations/vrx_dock_red_triangle__green_circle/model.sdf
-- Up-to-date: /kanaloa_vorc/install/vrx_gazebo/share/vrx_gazebo/models/dock_permutations/vrx_dock_red_triangle__red_cross
-- Up-to-date: /kanaloa_vorc/install/vrx_gazebo/share/vrx_gazebo/models/dock_permutations/vrx_dock_red_triangle__red_cross/model.config
-- Up-to-date: /kanaloa_vorc/install/vrx_gazebo/share/vrx_gazebo/models/dock_permutations/vrx_dock_red_triangle__red_cross/model.sdf
-- Up-to-date: /kanaloa_vorc/install/vrx_gazebo/share/vrx_gazebo/models/dock_permutations/vrx_dock_red_circle__green_circle
-- Up-to-date: /kanaloa_vorc/install/vrx_gazebo/share/vrx_gazebo/models/dock_permutations/vrx_dock_red_circle__green_circle/model.config
-- Up-to-date: /kanaloa_vorc/install/vrx_gazebo/share/vrx_gazebo/models/dock_permutations/vrx_dock_red_circle__green_circle/model.sdf
-- Up-to-date: /kanaloa_vorc/install/vrx_gazebo/share/vrx_gazebo/models/dock_permutations/vrx_dock_green_cross__blue_triangle
-- Up-to-date: /kanaloa_vorc/install/vrx_gazebo/share/vrx_gazebo/models/dock_permutations/vrx_dock_green_cross__blue_triangle/model.config
-- Up-to-date: /kanaloa_vorc/install/vrx_gazebo/share/vrx_gazebo/models/dock_permutations/vrx_dock_green_cross__blue_triangle/model.sdf
-- Up-to-date: /kanaloa_vorc/install/vrx_gazebo/share/vrx_gazebo/models/dock_permutations/vrx_dock_blue_circle__red_cross
-- Up-to-date: /kanaloa_vorc/install/vrx_gazebo/share/vrx_gazebo/models/dock_permutations/vrx_dock_blue_circle__red_cross/model.config
-- Up-to-date: /kanaloa_vorc/install/vrx_gazebo/share/vrx_gazebo/models/dock_permutations/vrx_dock_blue_circle__red_cross/model.sdf
-- Up-to-date: /kanaloa_vorc/install/vrx_gazebo/share/vrx_gazebo/models/dock_permutations/vrx_dock_blue_triangle__green_triangle
-- Up-to-date: /kanaloa_vorc/install/vrx_gazebo/share/vrx_gazebo/models/dock_permutations/vrx_dock_blue_triangle__green_triangle/model.config
-- Up-to-date: /kanaloa_vorc/install/vrx_gazebo/share/vrx_gazebo/models/dock_permutations/vrx_dock_blue_triangle__green_triangle/model.sdf
-- Up-to-date: /kanaloa_vorc/install/vrx_gazebo/share/vrx_gazebo/models/dock_permutations/vrx_dock_blue_circle__green_circle
-- Up-to-date: /kanaloa_vorc/install/vrx_gazebo/share/vrx_gazebo/models/dock_permutations/vrx_dock_blue_circle__green_circle/model.config
-- Up-to-date: /kanaloa_vorc/install/vrx_gazebo/share/vrx_gazebo/models/dock_permutations/vrx_dock_blue_circle__green_circle/model.sdf
-- Up-to-date: /kanaloa_vorc/install/vrx_gazebo/share/vrx_gazebo/models/dock_permutations/vrx_dock_green_circle__green_circle
-- Up-to-date: /kanaloa_vorc/install/vrx_gazebo/share/vrx_gazebo/models/dock_permutations/vrx_dock_green_circle__green_circle/model.config
-- Up-to-date: /kanaloa_vorc/install/vrx_gazebo/share/vrx_gazebo/models/dock_permutations/vrx_dock_green_circle__green_circle/model.sdf
-- Up-to-date: /kanaloa_vorc/install/vrx_gazebo/share/vrx_gazebo/models/dock_permutations/vrx_dock_red_cross__green_circle
-- Up-to-date: /kanaloa_vorc/install/vrx_gazebo/share/vrx_gazebo/models/dock_permutations/vrx_dock_red_cross__green_circle/model.config
-- Up-to-date: /kanaloa_vorc/install/vrx_gazebo/share/vrx_gazebo/models/dock_permutations/vrx_dock_red_cross__green_circle/model.sdf
-- Up-to-date: /kanaloa_vorc/install/vrx_gazebo/share/vrx_gazebo/models/dock_permutations/vrx_dock_green_triangle__green_circle
-- Up-to-date: /kanaloa_vorc/install/vrx_gazebo/share/vrx_gazebo/models/dock_permutations/vrx_dock_green_triangle__green_circle/model.config
-- Up-to-date: /kanaloa_vorc/install/vrx_gazebo/share/vrx_gazebo/models/dock_permutations/vrx_dock_green_triangle__green_circle/model.sdf
-- Up-to-date: /kanaloa_vorc/install/vrx_gazebo/share/vrx_gazebo/models/dock_permutations/vrx_dock_green_triangle__green_cross
-- Up-to-date: /kanaloa_vorc/install/vrx_gazebo/share/vrx_gazebo/models/dock_permutations/vrx_dock_green_triangle__green_cross/model.config
-- Up-to-date: /kanaloa_vorc/install/vrx_gazebo/share/vrx_gazebo/models/dock_permutations/vrx_dock_green_triangle__green_cross/model.sdf
-- Up-to-date: /kanaloa_vorc/install/vrx_gazebo/share/vrx_gazebo/models/dock_permutations/vrx_dock_red_triangle__green_cross
-- Up-to-date: /kanaloa_vorc/install/vrx_gazebo/share/vrx_gazebo/models/dock_permutations/vrx_dock_red_triangle__green_cross/model.config
-- Up-to-date: /kanaloa_vorc/install/vrx_gazebo/share/vrx_gazebo/models/dock_permutations/vrx_dock_red_triangle__green_cross/model.sdf
-- Up-to-date: /kanaloa_vorc/install/vrx_gazebo/share/vrx_gazebo/models/dock_permutations/.empty
-- Up-to-date: /kanaloa_vorc/install/vrx_gazebo/share/vrx_gazebo/models/dock_permutations/vrx_dock_green_circle__green_triangle
-- Up-to-date: /kanaloa_vorc/install/vrx_gazebo/share/vrx_gazebo/models/dock_permutations/vrx_dock_green_circle__green_triangle/model.config
-- Up-to-date: /kanaloa_vorc/install/vrx_gazebo/share/vrx_gazebo/models/dock_permutations/vrx_dock_green_circle__green_triangle/model.sdf
-- Up-to-date: /kanaloa_vorc/install/vrx_gazebo/share/vrx_gazebo/models/dock_permutations/vrx_dock_red_triangle__red_circle
-- Up-to-date: /kanaloa_vorc/install/vrx_gazebo/share/vrx_gazebo/models/dock_permutations/vrx_dock_red_triangle__red_circle/model.config
-- Up-to-date: /kanaloa_vorc/install/vrx_gazebo/share/vrx_gazebo/models/dock_permutations/vrx_dock_red_triangle__red_circle/model.sdf
-- Up-to-date: /kanaloa_vorc/install/vrx_gazebo/share/vrx_gazebo/models/dock_permutations/vrx_dock_blue_circle__green_cross
-- Up-to-date: /kanaloa_vorc/install/vrx_gazebo/share/vrx_gazebo/models/dock_permutations/vrx_dock_blue_circle__green_cross/model.config
-- Up-to-date: /kanaloa_vorc/install/vrx_gazebo/share/vrx_gazebo/models/dock_permutations/vrx_dock_blue_circle__green_cross/model.sdf
-- Up-to-date: /kanaloa_vorc/install/vrx_gazebo/share/vrx_gazebo/models/dock_permutations/vrx_dock_red_circle__red_cross
-- Up-to-date: /kanaloa_vorc/install/vrx_gazebo/share/vrx_gazebo/models/dock_permutations/vrx_dock_red_circle__red_cross/model.config
-- Up-to-date: /kanaloa_vorc/install/vrx_gazebo/share/vrx_gazebo/models/dock_permutations/vrx_dock_red_circle__red_cross/model.sdf
-- Up-to-date: /kanaloa_vorc/install/vrx_gazebo/share/vrx_gazebo/models/dock_permutations/vrx_dock_red_cross__blue_triangle
-- Up-to-date: /kanaloa_vorc/install/vrx_gazebo/share/vrx_gazebo/models/dock_permutations/vrx_dock_red_cross__blue_triangle/model.config
-- Up-to-date: /kanaloa_vorc/install/vrx_gazebo/share/vrx_gazebo/models/dock_permutations/vrx_dock_red_cross__blue_triangle/model.sdf
-- Up-to-date: /kanaloa_vorc/install/vrx_gazebo/share/vrx_gazebo/models/dock_permutations/vrx_dock_green_cross__green_cross
-- Up-to-date: /kanaloa_vorc/install/vrx_gazebo/share/vrx_gazebo/models/dock_permutations/vrx_dock_green_cross__green_cross/model.config
-- Up-to-date: /kanaloa_vorc/install/vrx_gazebo/share/vrx_gazebo/models/dock_permutations/vrx_dock_green_cross__green_cross/model.sdf
-- Up-to-date: /kanaloa_vorc/install/vrx_gazebo/share/vrx_gazebo/models/dock_permutations/vrx_dock_blue_circle__blue_cross
-- Up-to-date: /kanaloa_vorc/install/vrx_gazebo/share/vrx_gazebo/models/dock_permutations/vrx_dock_blue_circle__blue_cross/model.config
-- Up-to-date: /kanaloa_vorc/install/vrx_gazebo/share/vrx_gazebo/models/dock_permutations/vrx_dock_blue_circle__blue_cross/model.sdf
-- Up-to-date: /kanaloa_vorc/install/vrx_gazebo/share/vrx_gazebo/models/dock_permutations/vrx_dock_blue_triangle__blue_cross
-- Up-to-date: /kanaloa_vorc/install/vrx_gazebo/share/vrx_gazebo/models/dock_permutations/vrx_dock_blue_triangle__blue_cross/model.config
-- Up-to-date: /kanaloa_vorc/install/vrx_gazebo/share/vrx_gazebo/models/dock_permutations/vrx_dock_blue_triangle__blue_cross/model.sdf
-- Up-to-date: /kanaloa_vorc/install/vrx_gazebo/share/vrx_gazebo/models/dock_permutations/vrx_dock_blue_cross__blue_circle
-- Up-to-date: /kanaloa_vorc/install/vrx_gazebo/share/vrx_gazebo/models/dock_permutations/vrx_dock_blue_cross__blue_circle/model.config
-- Up-to-date: /kanaloa_vorc/install/vrx_gazebo/share/vrx_gazebo/models/dock_permutations/vrx_dock_blue_cross__blue_circle/model.sdf
-- Up-to-date: /kanaloa_vorc/install/vrx_gazebo/share/vrx_gazebo/models/dock_permutations/vrx_dock_green_cross__green_circle
-- Up-to-date: /kanaloa_vorc/install/vrx_gazebo/share/vrx_gazebo/models/dock_permutations/vrx_dock_green_cross__green_circle/model.config
-- Up-to-date: /kanaloa_vorc/install/vrx_gazebo/share/vrx_gazebo/models/dock_permutations/vrx_dock_green_cross__green_circle/model.sdf
-- Up-to-date: /kanaloa_vorc/install/vrx_gazebo/share/vrx_gazebo/models/dock_permutations/vrx_dock_blue_triangle__blue_circle
-- Up-to-date: /kanaloa_vorc/install/vrx_gazebo/share/vrx_gazebo/models/dock_permutations/vrx_dock_blue_triangle__blue_circle/model.config
-- Up-to-date: /kanaloa_vorc/install/vrx_gazebo/share/vrx_gazebo/models/dock_permutations/vrx_dock_blue_triangle__blue_circle/model.sdf
-- Up-to-date: /kanaloa_vorc/install/vrx_gazebo/share/vrx_gazebo/models/dock_permutations/vrx_dock_red_triangle__red_triangle
-- Up-to-date: /kanaloa_vorc/install/vrx_gazebo/share/vrx_gazebo/models/dock_permutations/vrx_dock_red_triangle__red_triangle/model.config
-- Up-to-date: /kanaloa_vorc/install/vrx_gazebo/share/vrx_gazebo/models/dock_permutations/vrx_dock_red_triangle__red_triangle/model.sdf
-- Up-to-date: /kanaloa_vorc/install/vrx_gazebo/share/vrx_gazebo/models/dock_permutations/vrx_dock_green_circle__red_triangle
-- Up-to-date: /kanaloa_vorc/install/vrx_gazebo/share/vrx_gazebo/models/dock_permutations/vrx_dock_green_circle__red_triangle/model.config
-- Up-to-date: /kanaloa_vorc/install/vrx_gazebo/share/vrx_gazebo/models/dock_permutations/vrx_dock_green_circle__red_triangle/model.sdf
-- Up-to-date: /kanaloa_vorc/install/vrx_gazebo/share/vrx_gazebo/models/dock_permutations/vrx_dock_blue_cross__green_cross
-- Up-to-date: /kanaloa_vorc/install/vrx_gazebo/share/vrx_gazebo/models/dock_permutations/vrx_dock_blue_cross__green_cross/model.config
-- Up-to-date: /kanaloa_vorc/install/vrx_gazebo/share/vrx_gazebo/models/dock_permutations/vrx_dock_blue_cross__green_cross/model.sdf
-- Up-to-date: /kanaloa_vorc/install/vrx_gazebo/share/vrx_gazebo/models/dock_permutations/vrx_dock_red_circle__blue_triangle
-- Up-to-date: /kanaloa_vorc/install/vrx_gazebo/share/vrx_gazebo/models/dock_permutations/vrx_dock_red_circle__blue_triangle/model.config
-- Up-to-date: /kanaloa_vorc/install/vrx_gazebo/share/vrx_gazebo/models/dock_permutations/vrx_dock_red_circle__blue_triangle/model.sdf
-- Up-to-date: /kanaloa_vorc/install/vrx_gazebo/share/vrx_gazebo/models/dock_permutations/vrx_dock_blue_cross__blue_triangle
-- Up-to-date: /kanaloa_vorc/install/vrx_gazebo/share/vrx_gazebo/models/dock_permutations/vrx_dock_blue_cross__blue_triangle/model.config
-- Up-to-date: /kanaloa_vorc/install/vrx_gazebo/share/vrx_gazebo/models/dock_permutations/vrx_dock_blue_cross__blue_triangle/model.sdf
-- Up-to-date: /kanaloa_vorc/install/vrx_gazebo/share/vrx_gazebo/models/dock_permutations/vrx_dock_red_triangle__green_triangle
-- Up-to-date: /kanaloa_vorc/install/vrx_gazebo/share/vrx_gazebo/models/dock_permutations/vrx_dock_red_triangle__green_triangle/model.config
-- Up-to-date: /kanaloa_vorc/install/vrx_gazebo/share/vrx_gazebo/models/dock_permutations/vrx_dock_red_triangle__green_triangle/model.sdf
-- Up-to-date: /kanaloa_vorc/install/vrx_gazebo/share/vrx_gazebo/models/dock_permutations/vrx_dock_red_circle__red_circle
-- Up-to-date: /kanaloa_vorc/install/vrx_gazebo/share/vrx_gazebo/models/dock_permutations/vrx_dock_red_circle__red_circle/model.config
-- Up-to-date: /kanaloa_vorc/install/vrx_gazebo/share/vrx_gazebo/models/dock_permutations/vrx_dock_red_circle__red_circle/model.sdf
-- Up-to-date: /kanaloa_vorc/install/vrx_gazebo/share/vrx_gazebo/models/dock_permutations/vrx_dock_red_cross__red_triangle
-- Up-to-date: /kanaloa_vorc/install/vrx_gazebo/share/vrx_gazebo/models/dock_permutations/vrx_dock_red_cross__red_triangle/model.config
-- Up-to-date: /kanaloa_vorc/install/vrx_gazebo/share/vrx_gazebo/models/dock_permutations/vrx_dock_red_cross__red_triangle/model.sdf
-- Up-to-date: /kanaloa_vorc/install/vrx_gazebo/share/vrx_gazebo/models/symbol_triangle
-- Up-to-date: /kanaloa_vorc/install/vrx_gazebo/share/vrx_gazebo/models/symbol_triangle/model.config
-- Up-to-date: /kanaloa_vorc/install/vrx_gazebo/share/vrx_gazebo/models/symbol_triangle/model.sdf
-- Up-to-date: /kanaloa_vorc/install/vrx_gazebo/share/vrx_gazebo/models/symbol_triangle/mesh
-- Up-to-date: /kanaloa_vorc/install/vrx_gazebo/share/vrx_gazebo/models/symbol_triangle/mesh/triangle.dae
-- Up-to-date: /kanaloa_vorc/install/vrx_gazebo/share/vrx_gazebo/models/sensor_post
-- Up-to-date: /kanaloa_vorc/install/vrx_gazebo/share/vrx_gazebo/models/sensor_post/model.config
-- Up-to-date: /kanaloa_vorc/install/vrx_gazebo/share/vrx_gazebo/models/sensor_post/model.sdf
-- Up-to-date: /kanaloa_vorc/install/vrx_gazebo/share/vrx_gazebo/models/sensor_post/mesh
-- Up-to-date: /kanaloa_vorc/install/vrx_gazebo/share/vrx_gazebo/models/sensor_post/mesh/sensor_post.dae
-- Up-to-date: /kanaloa_vorc/install/vrx_gazebo/share/vrx_gazebo/models/sensor_post/mesh/sensor_post.png
-- Up-to-date: /kanaloa_vorc/install/vrx_gazebo/share/vrx_gazebo/models/sensor_post/mesh/sensor_post_arm.dae
-- Up-to-date: /kanaloa_vorc/install/vrx_gazebo/share/vrx_gazebo/models/polyform_a3
-- Up-to-date: /kanaloa_vorc/install/vrx_gazebo/share/vrx_gazebo/models/polyform_a3/model.config
-- Up-to-date: /kanaloa_vorc/install/vrx_gazebo/share/vrx_gazebo/models/polyform_a3/model.sdf
-- Up-to-date: /kanaloa_vorc/install/vrx_gazebo/share/vrx_gazebo/models/navigation_course4
-- Up-to-date: /kanaloa_vorc/install/vrx_gazebo/share/vrx_gazebo/models/navigation_course4/model.config
-- Up-to-date: /kanaloa_vorc/install/vrx_gazebo/share/vrx_gazebo/models/navigation_course4/model.sdf
-- Up-to-date: /kanaloa_vorc/install/vrx_gazebo/share/vrx_gazebo/models/dock_block
-- Up-to-date: /kanaloa_vorc/install/vrx_gazebo/share/vrx_gazebo/models/dock_block/model.config
-- Up-to-date: /kanaloa_vorc/install/vrx_gazebo/share/vrx_gazebo/models/dock_block/model.sdf
-- Up-to-date: /kanaloa_vorc/install/vrx_gazebo/share/vrx_gazebo/models/dock_block/mesh
-- Up-to-date: /kanaloa_vorc/install/vrx_gazebo/share/vrx_gazebo/models/dock_block/mesh/dock_block.dae
-- Up-to-date: /kanaloa_vorc/install/vrx_gazebo/share/vrx_gazebo/models/dock_2018_base_dynamic
-- Up-to-date: /kanaloa_vorc/install/vrx_gazebo/share/vrx_gazebo/models/dock_2018_base_dynamic/model.config
-- Up-to-date: /kanaloa_vorc/install/vrx_gazebo/share/vrx_gazebo/models/dock_2018_base_dynamic/model.sdf.erb
-- Up-to-date: /kanaloa_vorc/install/vrx_gazebo/share/vrx_gazebo/models/dock_2018_base_dynamic/model.sdf
-- Up-to-date: /kanaloa_vorc/install/vrx_gazebo/share/vrx_gazebo/models/surmark46104
-- Up-to-date: /kanaloa_vorc/install/vrx_gazebo/share/vrx_gazebo/models/surmark46104/model.config
-- Up-to-date: /kanaloa_vorc/install/vrx_gazebo/share/vrx_gazebo/models/surmark46104/model.sdf
-- Up-to-date: /kanaloa_vorc/install/vrx_gazebo/share/vrx_gazebo/models/surmark46104/mesh
-- Up-to-date: /kanaloa_vorc/install/vrx_gazebo/share/vrx_gazebo/models/surmark46104/mesh/surmark46104.dae
-- Up-to-date: /kanaloa_vorc/install/vrx_gazebo/share/vrx_gazebo/models/surmark950400
-- Up-to-date: /kanaloa_vorc/install/vrx_gazebo/share/vrx_gazebo/models/surmark950400/model.config
-- Up-to-date: /kanaloa_vorc/install/vrx_gazebo/share/vrx_gazebo/models/surmark950400/model.sdf
-- Up-to-date: /kanaloa_vorc/install/vrx_gazebo/share/vrx_gazebo/models/surmark950400/materials
-- Up-to-date: /kanaloa_vorc/install/vrx_gazebo/share/vrx_gazebo/models/surmark950400/materials/scripts
-- Up-to-date: /kanaloa_vorc/install/vrx_gazebo/share/vrx_gazebo/models/surmark950400/materials/scripts/surmark950400.material
-- Up-to-date: /kanaloa_vorc/install/vrx_gazebo/share/vrx_gazebo/models/surmark950400/mesh
-- Up-to-date: /kanaloa_vorc/install/vrx_gazebo/share/vrx_gazebo/models/surmark950400/mesh/surmark950400.dae
-- Up-to-date: /kanaloa_vorc/install/vrx_gazebo/share/vrx_gazebo/models/dock_block_3x3
-- Up-to-date: /kanaloa_vorc/install/vrx_gazebo/share/vrx_gazebo/models/dock_block_3x3/model.config
-- Up-to-date: /kanaloa_vorc/install/vrx_gazebo/share/vrx_gazebo/models/dock_block_3x3/model.sdf
-- Up-to-date: /kanaloa_vorc/install/vrx_gazebo/share/vrx_gazebo/models/dock_block_3x3/mesh
-- Up-to-date: /kanaloa_vorc/install/vrx_gazebo/share/vrx_gazebo/models/dock_block_3x3/mesh/dock_block_3x3.dae
-- Up-to-date: /kanaloa_vorc/install/vrx_gazebo/share/vrx_gazebo/models/navigation_course2
-- Up-to-date: /kanaloa_vorc/install/vrx_gazebo/share/vrx_gazebo/models/navigation_course2/model.config
-- Up-to-date: /kanaloa_vorc/install/vrx_gazebo/share/vrx_gazebo/models/navigation_course2/model.sdf
-- Up-to-date: /kanaloa_vorc/install/vrx_gazebo/share/vrx_gazebo/launch
-- Up-to-date: /kanaloa_vorc/install/vrx_gazebo/share/vrx_gazebo/launch/vrx.launch
-- Up-to-date: /kanaloa_vorc/install/vrx_gazebo/share/vrx_gazebo/launch/dock.launch
-- Up-to-date: /kanaloa_vorc/install/vrx_gazebo/share/vrx_gazebo/launch/sandisland.launch
-- Up-to-date: /kanaloa_vorc/install/vrx_gazebo/share/vrx_gazebo/launch/pinger.launch
-- Up-to-date: /kanaloa_vorc/install/vrx_gazebo/share/vrx_gazebo/launch/generate_worlds.launch
-- Up-to-date: /kanaloa_vorc/install/vrx_gazebo/share/vrx_gazebo/launch/scan_and_dock.launch
-- Up-to-date: /kanaloa_vorc/install/vrx_gazebo/share/vrx_gazebo/launch/quat2rpy.launch
-- Up-to-date: /kanaloa_vorc/install/vrx_gazebo/share/vrx_gazebo/launch/navigation_task.launch
-- Up-to-date: /kanaloa_vorc/install/vrx_gazebo/share/vrx_gazebo/launch/generate_wamv.launch
-- Up-to-date: /kanaloa_vorc/install/vrx_gazebo/share/vrx_gazebo/launch/station_keeping.launch
-- Up-to-date: /kanaloa_vorc/install/vrx_gazebo/share/vrx_gazebo/launch/playback.launch
-- Up-to-date: /kanaloa_vorc/install/vrx_gazebo/share/vrx_gazebo/launch/usv_keydrive.launch
-- Up-to-date: /kanaloa_vorc/install/vrx_gazebo/share/vrx_gazebo/launch/perception_task.launch
-- Up-to-date: /kanaloa_vorc/install/vrx_gazebo/share/vrx_gazebo/launch/usv_joydrive.launch
-- Up-to-date: /kanaloa_vorc/install/vrx_gazebo/share/vrx_gazebo/launch/wayfinding.launch
-- Up-to-date: /kanaloa_vorc/install/vrx_gazebo/include
-- Up-to-date: /kanaloa_vorc/install/vrx_gazebo/include/vrx_gazebo
-- Up-to-date: /kanaloa_vorc/install/vrx_gazebo/include/vrx_gazebo/stationkeeping_scoring_plugin.hh
-- Up-to-date: /kanaloa_vorc/install/vrx_gazebo/include/vrx_gazebo/scan_dock_scoring_plugin.hh
-- Up-to-date: /kanaloa_vorc/install/vrx_gazebo/include/vrx_gazebo/wayfinding_scoring_plugin.hh
-- Up-to-date: /kanaloa_vorc/install/vrx_gazebo/include/vrx_gazebo/perception_scoring_plugin.hh
-- Up-to-date: /kanaloa_vorc/install/vrx_gazebo/include/vrx_gazebo/waypoint_markers.hh
-- Up-to-date: /kanaloa_vorc/install/vrx_gazebo/include/vrx_gazebo/navigation_scoring_plugin.hh
-- Up-to-date: /kanaloa_vorc/install/vrx_gazebo/include/vrx_gazebo/scoring_plugin.hh
-- Up-to-date: /kanaloa_vorc/install/vrx_gazebo/include/vrx_gazebo/placard_plugin.hh
-- Up-to-date: /kanaloa_vorc/install/vrx_gazebo/include/vrx_gazebo/light_buoy_plugin.hh
-- Up-to-date: /kanaloa_vorc/install/vrx_gazebo/lib/vrx_gazebo/spawn_wamv.bash
-- Up-to-date: /kanaloa_vorc/install/vrx_gazebo/lib/vrx_gazebo/twist2thrust.py
-- Up-to-date: /kanaloa_vorc/install/vrx_gazebo/lib/vrx_gazebo/key2thrust_angle.py
-- Up-to-date: /kanaloa_vorc/install/vrx_gazebo/lib/vrx_gazebo/generate_worlds
-- Up-to-date: /kanaloa_vorc/install/vrx_gazebo/lib/vrx_gazebo/generate_wamv
-- Up-to-date: /kanaloa_vorc/install/vrx_gazebo/lib/libdock_placard_msgs.so
-- Up-to-date: /kanaloa_vorc/install/vrx_gazebo/lib/liblight_buoy_colors_msgs.so
