[0.012s] Invoking command in '/kanaloa_vorc/build/usv_gazebo_plugins': CMAKE_PREFIX_PATH=/kanaloa_vorc/install/wave_gazebo_plugins:/kanaloa_vorc/install/usv_msgs LD_LIBRARY_PATH=/kanaloa_vorc/install/wave_gazebo_plugins/lib PKG_CONFIG_PATH=/kanaloa_vorc/install/wave_gazebo_plugins/lib/x86_64-linux-gnu/pkgconfig:/kanaloa_vorc/install/wave_gazebo_plugins/lib/pkgconfig:/kanaloa_vorc/install/usv_msgs/lib/x86_64-linux-gnu/pkgconfig:/kanaloa_vorc/install/usv_msgs/lib/pkgconfig PYTHONPATH=/kanaloa_vorc/install/usv_msgs/lib/python2.7/dist-packages ROS_PACKAGE_PATH=/kanaloa_vorc/install/wave_gazebo_plugins/share:/kanaloa_vorc/install/usv_msgs/share /usr/bin/cmake --build /kanaloa_vorc/build/usv_gazebo_plugins -- -j6 -l6
[0.082s] [  6%] Built target usv_gazebo_plugins__xacro_auto_generate
[0.110s] [  6%] Built target usv_msgs_generate_messages_cpp
[0.114s] [ 18%] Built target usv_gazebo_thrust_plugin
[0.121s] [ 31%] Built target usv_gazebo_wind_plugin
[0.125s] [ 50%] Built target usv_gazebo_plugins__xacro_auto_generate_to_devel_space_
[0.127s] [ 62%] Built target usv_gazebo_dynamics_plugin
[0.133s] [ 87%] Built target buoyancy_gazebo_plugin
[0.154s] [ 87%] Built target usv_gazebo_plugins_xacro_generated_to_devel_space_
[0.155s] [100%] Built target usv_gazebo_acoustic_pinger_plugin
[0.165s] Invoked command in '/kanaloa_vorc/build/usv_gazebo_plugins' returned '0': CMAKE_PREFIX_PATH=/kanaloa_vorc/install/wave_gazebo_plugins:/kanaloa_vorc/install/usv_msgs LD_LIBRARY_PATH=/kanaloa_vorc/install/wave_gazebo_plugins/lib PKG_CONFIG_PATH=/kanaloa_vorc/install/wave_gazebo_plugins/lib/x86_64-linux-gnu/pkgconfig:/kanaloa_vorc/install/wave_gazebo_plugins/lib/pkgconfig:/kanaloa_vorc/install/usv_msgs/lib/x86_64-linux-gnu/pkgconfig:/kanaloa_vorc/install/usv_msgs/lib/pkgconfig PYTHONPATH=/kanaloa_vorc/install/usv_msgs/lib/python2.7/dist-packages ROS_PACKAGE_PATH=/kanaloa_vorc/install/wave_gazebo_plugins/share:/kanaloa_vorc/install/usv_msgs/share /usr/bin/cmake --build /kanaloa_vorc/build/usv_gazebo_plugins -- -j6 -l6
[0.258s] Invoking command in '/kanaloa_vorc/build/usv_gazebo_plugins': CMAKE_PREFIX_PATH=/kanaloa_vorc/install/wave_gazebo_plugins:/kanaloa_vorc/install/usv_msgs LD_LIBRARY_PATH=/kanaloa_vorc/install/wave_gazebo_plugins/lib PKG_CONFIG_PATH=/kanaloa_vorc/install/wave_gazebo_plugins/lib/x86_64-linux-gnu/pkgconfig:/kanaloa_vorc/install/wave_gazebo_plugins/lib/pkgconfig:/kanaloa_vorc/install/usv_msgs/lib/x86_64-linux-gnu/pkgconfig:/kanaloa_vorc/install/usv_msgs/lib/pkgconfig PYTHONPATH=/kanaloa_vorc/install/usv_msgs/lib/python2.7/dist-packages ROS_PACKAGE_PATH=/kanaloa_vorc/install/wave_gazebo_plugins/share:/kanaloa_vorc/install/usv_msgs/share /usr/bin/cmake --build /kanaloa_vorc/build/usv_gazebo_plugins --target tests -- -j6 -l6
[0.324s] [ 25%] Built target gtest
[0.337s] [ 75%] Built target buoyancy_gazebo_plugin
[0.359s] [100%] Built target buoyancy_plugin_test
[0.375s] [100%] Built target tests
[0.385s] Invoked command in '/kanaloa_vorc/build/usv_gazebo_plugins' returned '0': CMAKE_PREFIX_PATH=/kanaloa_vorc/install/wave_gazebo_plugins:/kanaloa_vorc/install/usv_msgs LD_LIBRARY_PATH=/kanaloa_vorc/install/wave_gazebo_plugins/lib PKG_CONFIG_PATH=/kanaloa_vorc/install/wave_gazebo_plugins/lib/x86_64-linux-gnu/pkgconfig:/kanaloa_vorc/install/wave_gazebo_plugins/lib/pkgconfig:/kanaloa_vorc/install/usv_msgs/lib/x86_64-linux-gnu/pkgconfig:/kanaloa_vorc/install/usv_msgs/lib/pkgconfig PYTHONPATH=/kanaloa_vorc/install/usv_msgs/lib/python2.7/dist-packages ROS_PACKAGE_PATH=/kanaloa_vorc/install/wave_gazebo_plugins/share:/kanaloa_vorc/install/usv_msgs/share /usr/bin/cmake --build /kanaloa_vorc/build/usv_gazebo_plugins --target tests -- -j6 -l6
[0.463s] Invoking command in '/kanaloa_vorc/build/usv_gazebo_plugins': CMAKE_PREFIX_PATH=/kanaloa_vorc/install/wave_gazebo_plugins:/kanaloa_vorc/install/usv_msgs LD_LIBRARY_PATH=/kanaloa_vorc/install/wave_gazebo_plugins/lib PKG_CONFIG_PATH=/kanaloa_vorc/install/wave_gazebo_plugins/lib/x86_64-linux-gnu/pkgconfig:/kanaloa_vorc/install/wave_gazebo_plugins/lib/pkgconfig:/kanaloa_vorc/install/usv_msgs/lib/x86_64-linux-gnu/pkgconfig:/kanaloa_vorc/install/usv_msgs/lib/pkgconfig PYTHONPATH=/kanaloa_vorc/install/usv_msgs/lib/python2.7/dist-packages ROS_PACKAGE_PATH=/kanaloa_vorc/install/wave_gazebo_plugins/share:/kanaloa_vorc/install/usv_msgs/share /usr/bin/cmake --build /kanaloa_vorc/build/usv_gazebo_plugins --target install -- -j6 -l6
[0.516s] [  6%] Built target usv_gazebo_plugins__xacro_auto_generate
[0.535s] [ 12%] Built target usv_msgs_generate_messages_cpp
[0.535s] [ 25%] Built target usv_gazebo_plugins__xacro_auto_generate_to_devel_space_
[0.541s] [ 37%] Built target usv_gazebo_thrust_plugin
[0.543s] [ 50%] Built target usv_gazebo_dynamics_plugin
[0.545s] [ 62%] Built target usv_gazebo_wind_plugin
[0.552s] [ 87%] Built target buoyancy_gazebo_plugin
[0.553s] [ 87%] Built target usv_gazebo_plugins_xacro_generated_to_devel_space_
[0.568s] [100%] Built target usv_gazebo_acoustic_pinger_plugin
[0.585s] [36mInstall the project...[0m
[0.592s] -- Install configuration: ""
[0.592s] -- Up-to-date: /kanaloa_vorc/install/usv_gazebo_plugins/lib/pkgconfig/usv_gazebo_plugins.pc
[0.592s] -- Up-to-date: /kanaloa_vorc/install/usv_gazebo_plugins/share/usv_gazebo_plugins/cmake/usv_gazebo_pluginsConfig.cmake
[0.593s] -- Up-to-date: /kanaloa_vorc/install/usv_gazebo_plugins/share/usv_gazebo_plugins/cmake/usv_gazebo_pluginsConfig-version.cmake
[0.593s] -- Up-to-date: /kanaloa_vorc/install/usv_gazebo_plugins/share/usv_gazebo_plugins/package.xml
[0.593s] -- Up-to-date: /kanaloa_vorc/install/usv_gazebo_plugins/lib/libbuoyancy_gazebo_plugin.so
[0.593s] -- Up-to-date: /kanaloa_vorc/install/usv_gazebo_plugins/lib/libusv_gazebo_dynamics_plugin.so
[0.593s] -- Up-to-date: /kanaloa_vorc/install/usv_gazebo_plugins/lib/libusv_gazebo_thrust_plugin.so
[0.593s] -- Up-to-date: /kanaloa_vorc/install/usv_gazebo_plugins/lib/libusv_gazebo_wind_plugin.so
[0.594s] -- Up-to-date: /kanaloa_vorc/install/usv_gazebo_plugins/lib/libusv_gazebo_acoustic_pinger_plugin.so
[0.594s] -- Up-to-date: /kanaloa_vorc/install/usv_gazebo_plugins/share/usv_gazebo_plugins/worlds/buoyancy_plugin_demo.world
[0.594s] -- Up-to-date: /kanaloa_vorc/install/usv_gazebo_plugins/share/usv_gazebo_plugins/worlds
[0.594s] -- Up-to-date: /kanaloa_vorc/install/usv_gazebo_plugins/share/usv_gazebo_plugins/worlds/buoyancy_plugin_demo.world.xacro
[0.594s] -- Up-to-date: /kanaloa_vorc/install/usv_gazebo_plugins/include/usv_gazebo_plugins
[0.594s] -- Up-to-date: /kanaloa_vorc/install/usv_gazebo_plugins/include/usv_gazebo_plugins/usv_gazebo_thrust_plugin.hh
[0.594s] -- Up-to-date: /kanaloa_vorc/install/usv_gazebo_plugins/include/usv_gazebo_plugins/acoustic_pinger_plugin.hh
[0.594s] -- Up-to-date: /kanaloa_vorc/install/usv_gazebo_plugins/include/usv_gazebo_plugins/polyhedron_volume.hh
[0.594s] -- Up-to-date: /kanaloa_vorc/install/usv_gazebo_plugins/include/usv_gazebo_plugins/usv_gazebo_wind_plugin.hh
[0.594s] -- Up-to-date: /kanaloa_vorc/install/usv_gazebo_plugins/include/usv_gazebo_plugins/usv_gazebo_dynamics_plugin.hh
[0.595s] -- Up-to-date: /kanaloa_vorc/install/usv_gazebo_plugins/include/usv_gazebo_plugins/shape_volume.hh
[0.595s] -- Up-to-date: /kanaloa_vorc/install/usv_gazebo_plugins/include/usv_gazebo_plugins/buoyancy_gazebo_plugin.hh
[0.597s] Invoked command in '/kanaloa_vorc/build/usv_gazebo_plugins' returned '0': CMAKE_PREFIX_PATH=/kanaloa_vorc/install/wave_gazebo_plugins:/kanaloa_vorc/install/usv_msgs LD_LIBRARY_PATH=/kanaloa_vorc/install/wave_gazebo_plugins/lib PKG_CONFIG_PATH=/kanaloa_vorc/install/wave_gazebo_plugins/lib/x86_64-linux-gnu/pkgconfig:/kanaloa_vorc/install/wave_gazebo_plugins/lib/pkgconfig:/kanaloa_vorc/install/usv_msgs/lib/x86_64-linux-gnu/pkgconfig:/kanaloa_vorc/install/usv_msgs/lib/pkgconfig PYTHONPATH=/kanaloa_vorc/install/usv_msgs/lib/python2.7/dist-packages ROS_PACKAGE_PATH=/kanaloa_vorc/install/wave_gazebo_plugins/share:/kanaloa_vorc/install/usv_msgs/share /usr/bin/cmake --build /kanaloa_vorc/build/usv_gazebo_plugins --target install -- -j6 -l6
