Determining if the pthread_create exist failed with the following output:
Change Dir: /kanaloa_vorc/build/wamv_gazebo/CMakeFiles/CMakeTmp

Run Build Command:"/usr/bin/make" "cmTC_d6cdb/fast"
/usr/bin/make -f CMakeFiles/cmTC_d6cdb.dir/build.make CMakeFiles/cmTC_d6cdb.dir/build
make[1]: Entering directory '/kanaloa_vorc/build/wamv_gazebo/CMakeFiles/CMakeTmp'
Building C object CMakeFiles/cmTC_d6cdb.dir/CheckSymbolExists.c.o
/usr/bin/cc    -o CMakeFiles/cmTC_d6cdb.dir/CheckSymbolExists.c.o   -c /kanaloa_vorc/build/wamv_gazebo/CMakeFiles/CMakeTmp/CheckSymbolExists.c
Linking C executable cmTC_d6cdb
/usr/bin/cmake -E cmake_link_script CMakeFiles/cmTC_d6cdb.dir/link.txt --verbose=1
/usr/bin/cc      -rdynamic CMakeFiles/cmTC_d6cdb.dir/CheckSymbolExists.c.o  -o cmTC_d6cdb 
CMakeFiles/cmTC_d6cdb.dir/CheckSymbolExists.c.o: In function `main':
CheckSymbolExists.c:(.text+0x1b): undefined reference to `pthread_create'
collect2: error: ld returned 1 exit status
CMakeFiles/cmTC_d6cdb.dir/build.make:97: recipe for target 'cmTC_d6cdb' failed
make[1]: *** [cmTC_d6cdb] Error 1
make[1]: Leaving directory '/kanaloa_vorc/build/wamv_gazebo/CMakeFiles/CMakeTmp'
Makefile:126: recipe for target 'cmTC_d6cdb/fast' failed
make: *** [cmTC_d6cdb/fast] Error 2

File /kanaloa_vorc/build/wamv_gazebo/CMakeFiles/CMakeTmp/CheckSymbolExists.c:
/* */
#include <pthread.h>

int main(int argc, char** argv)
{
  (void)argv;
#ifndef pthread_create
  return ((int*)(&pthread_create))[argc];
#else
  (void)argc;
  return 0;
#endif
}

Determining if the function pthread_create exists in the pthreads failed with the following output:
Change Dir: /kanaloa_vorc/build/wamv_gazebo/CMakeFiles/CMakeTmp

Run Build Command:"/usr/bin/make" "cmTC_28bb6/fast"
/usr/bin/make -f CMakeFiles/cmTC_28bb6.dir/build.make CMakeFiles/cmTC_28bb6.dir/build
make[1]: Entering directory '/kanaloa_vorc/build/wamv_gazebo/CMakeFiles/CMakeTmp'
Building C object CMakeFiles/cmTC_28bb6.dir/CheckFunctionExists.c.o
/usr/bin/cc   -DCHECK_FUNCTION_EXISTS=pthread_create   -o CMakeFiles/cmTC_28bb6.dir/CheckFunctionExists.c.o   -c /usr/share/cmake-3.10/Modules/CheckFunctionExists.c
Linking C executable cmTC_28bb6
/usr/bin/cmake -E cmake_link_script CMakeFiles/cmTC_28bb6.dir/link.txt --verbose=1
/usr/bin/cc  -DCHECK_FUNCTION_EXISTS=pthread_create    -rdynamic CMakeFiles/cmTC_28bb6.dir/CheckFunctionExists.c.o  -o cmTC_28bb6 -lpthreads 
/usr/bin/ld: cannot find -lpthreads
collect2: error: ld returned 1 exit status
CMakeFiles/cmTC_28bb6.dir/build.make:97: recipe for target 'cmTC_28bb6' failed
make[1]: *** [cmTC_28bb6] Error 1
make[1]: Leaving directory '/kanaloa_vorc/build/wamv_gazebo/CMakeFiles/CMakeTmp'
Makefile:126: recipe for target 'cmTC_28bb6/fast' failed
make: *** [cmTC_28bb6/fast] Error 2


