[0.017s] Invoking command in '/kanaloa_vorc/build/wamv_gazebo': CMAKE_PREFIX_PATH=/kanaloa_vorc/install/usv_gazebo_plugins:/kanaloa_vorc/install/wave_gazebo_plugins:/kanaloa_vorc/install/wamv_description:/kanaloa_vorc/install/usv_msgs:${CMAKE_PREFIX_PATH} LD_LIBRARY_PATH=/kanaloa_vorc/install/usv_gazebo_plugins/lib:/kanaloa_vorc/install/wave_gazebo_plugins/lib:${LD_LIBRARY_PATH} PKG_CONFIG_PATH=/kanaloa_vorc/install/usv_gazebo_plugins/lib/x86_64-linux-gnu/pkgconfig:/kanaloa_vorc/install/usv_gazebo_plugins/lib/pkgconfig:/kanaloa_vorc/install/wave_gazebo_plugins/lib/x86_64-linux-gnu/pkgconfig:/kanaloa_vorc/install/wave_gazebo_plugins/lib/pkgconfig:/kanaloa_vorc/install/wamv_description/lib/x86_64-linux-gnu/pkgconfig:/kanaloa_vorc/install/wamv_description/lib/pkgconfig:/kanaloa_vorc/install/usv_msgs/lib/x86_64-linux-gnu/pkgconfig:/kanaloa_vorc/install/usv_msgs/lib/pkgconfig:${PKG_CONFIG_PATH} PYTHONPATH=/kanaloa_vorc/install/usv_msgs/lib/python2.7/dist-packages:${PYTHONPATH} ROS_PACKAGE_PATH=/kanaloa_vorc/install/usv_gazebo_plugins/share:/kanaloa_vorc/install/wave_gazebo_plugins/share:/kanaloa_vorc/install/wamv_description/share:/kanaloa_vorc/install/usv_msgs/share:${ROS_PACKAGE_PATH} /usr/bin/cmake /kanaloa_vorc/src/vrx/wamv_gazebo -DCATKIN_INSTALL_INTO_PREFIX_ROOT=0 -DCMAKE_INSTALL_PREFIX=/kanaloa_vorc/install/wamv_gazebo
[0.082s] -- The C compiler identification is GNU 7.5.0
[0.138s] -- The CXX compiler identification is GNU 7.5.0
[0.142s] -- Check for working C compiler: /usr/bin/cc
[0.195s] -- Check for working C compiler: /usr/bin/cc -- works
[0.195s] -- Detecting C compiler ABI info
[0.251s] -- Detecting C compiler ABI info - done
[0.258s] -- Detecting C compile features
[0.421s] -- Detecting C compile features - done
[0.424s] -- Check for working CXX compiler: /usr/bin/c++
[0.488s] -- Check for working CXX compiler: /usr/bin/c++ -- works
[0.488s] -- Detecting CXX compiler ABI info
[0.550s] -- Detecting CXX compiler ABI info - done
[0.558s] -- Detecting CXX compile features
[0.836s] -- Detecting CXX compile features - done
[0.840s] -- Using CATKIN_DEVEL_PREFIX: /kanaloa_vorc/build/wamv_gazebo/devel
[0.840s] -- Using CMAKE_PREFIX_PATH: /kanaloa_vorc/install/usv_gazebo_plugins;/kanaloa_vorc/install/wave_gazebo_plugins;/kanaloa_vorc/install/wamv_description;/kanaloa_vorc/install/usv_msgs;/vorc_ws/install/vorc_gazebo;/vorc_ws/install/vrx_gazebo;/vorc_ws/install/wave_gazebo;/vorc_ws/install/cora_description;/vorc_ws/install/wamv_gazebo;/vorc_ws/install/usv_gazebo_plugins;/vorc_ws/install/wave_gazebo_plugins;/vorc_ws/install/wamv_description;/vorc_ws/install/usv_msgs;/opt/ros/melodic
[0.840s] -- This workspace overlays: /kanaloa_vorc/install/usv_gazebo_plugins;/kanaloa_vorc/install/wave_gazebo_plugins;/kanaloa_vorc/install/wamv_description;/kanaloa_vorc/install/usv_msgs;/opt/ros/melodic
[0.869s] -- Found PythonInterp: /usr/bin/python2 (found suitable version "2.7.17", minimum required is "2") 
[0.869s] -- Using PYTHON_EXECUTABLE: /usr/bin/python2
[0.869s] -- Using Debian Python package layout
[0.870s] -- Using empy: /usr/bin/empy
[0.994s] -- Using CATKIN_ENABLE_TESTING: ON
[0.994s] -- Call enable_testing()
[0.995s] -- Using CATKIN_TEST_RESULTS_DIR: /kanaloa_vorc/build/wamv_gazebo/test_results
[1.012s] -- Found gtest sources under '/usr/src/googletest': gtests will be built
[1.012s] -- Found gmock sources under '/usr/src/googletest': gmock will be built
[1.023s] -- Found PythonInterp: /usr/bin/python2 (found version "2.7.17") 
[1.024s] -- Looking for pthread.h
[1.080s] -- Looking for pthread.h - found
[1.080s] -- Looking for pthread_create
[1.137s] -- Looking for pthread_create - not found
[1.137s] -- Looking for pthread_create in pthreads
[1.184s] -- Looking for pthread_create in pthreads - not found
[1.184s] -- Looking for pthread_create in pthread
[1.238s] -- Looking for pthread_create in pthread - found
[1.238s] -- Found Threads: TRUE  
[1.242s] -- Using Python nosetests: /usr/bin/nosetests-2.7
[1.292s] -- catkin 0.7.29
[1.292s] -- BUILD_SHARED_LIBS is on
[1.401s] -- Found PkgConfig: /usr/bin/pkg-config (found version "0.29.1") 
[1.402s] -- Checking for module 'bullet>=2.82'
[1.414s] --   Found bullet, version 2.87
[1.448s] -- Found Simbody: /usr/include/simbody  
[1.520s] -- Boost version: 1.65.1
[1.520s] -- Found the following Boost libraries:
[1.520s] --   thread
[1.520s] --   system
[1.520s] --   filesystem
[1.520s] --   program_options
[1.520s] --   regex
[1.521s] --   iostreams
[1.521s] --   date_time
[1.521s] --   chrono
[1.521s] --   atomic
[1.532s] -- Found Protobuf: /usr/lib/x86_64-linux-gnu/libprotobuf.so;-lpthread (found version "3.0.0") 
[1.551s] -- Boost version: 1.65.1
[1.553s] -- Looking for OGRE...
[1.554s] -- OGRE_PREFIX_WATCH changed.
[1.558s] -- Checking for module 'OGRE'
[1.571s] --   Found OGRE, version 1.9.0
[1.601s] -- Found Ogre Ghadamon (1.9.0)
[1.606s] -- Found OGRE: optimized;/usr/lib/x86_64-linux-gnu/libOgreMain.so;debug;/usr/lib/x86_64-linux-gnu/libOgreMain.so
[1.647s] -- Looking for OGRE_Paging...
[1.650s] -- Found OGRE_Paging: optimized;/usr/lib/x86_64-linux-gnu/libOgrePaging.so;debug;/usr/lib/x86_64-linux-gnu/libOgrePaging.so
[1.650s] -- Looking for OGRE_Terrain...
[1.653s] -- Found OGRE_Terrain: optimized;/usr/lib/x86_64-linux-gnu/libOgreTerrain.so;debug;/usr/lib/x86_64-linux-gnu/libOgreTerrain.so
[1.653s] -- Looking for OGRE_Property...
[1.656s] -- Found OGRE_Property: optimized;/usr/lib/x86_64-linux-gnu/libOgreProperty.so;debug;/usr/lib/x86_64-linux-gnu/libOgreProperty.so
[1.656s] -- Looking for OGRE_RTShaderSystem...
[1.659s] -- Found OGRE_RTShaderSystem: optimized;/usr/lib/x86_64-linux-gnu/libOgreRTShaderSystem.so;debug;/usr/lib/x86_64-linux-gnu/libOgreRTShaderSystem.so
[1.659s] -- Looking for OGRE_Volume...
[1.662s] -- Found OGRE_Volume: optimized;/usr/lib/x86_64-linux-gnu/libOgreVolume.so;debug;/usr/lib/x86_64-linux-gnu/libOgreVolume.so
[1.662s] -- Looking for OGRE_Overlay...
[1.665s] -- Found OGRE_Overlay: optimized;/usr/lib/x86_64-linux-gnu/libOgreOverlay.so;debug;/usr/lib/x86_64-linux-gnu/libOgreOverlay.so
[1.744s] -- Found Protobuf: /usr/lib/x86_64-linux-gnu/libprotobuf.so;-lpthread;-lpthread (found suitable version "3.0.0", minimum required is "2.3.0") 
[1.751s] -- Config-file not installed for ZeroMQ -- checking for pkg-config
[1.755s] -- Checking for module 'libzmq >= 4'
[1.766s] --   Found libzmq , version 4.2.5
[1.796s] -- Found ZeroMQ: TRUE (Required is at least version "4") 
[1.800s] -- Checking for module 'uuid'
[1.811s] --   Found uuid, version 2.31.1
[1.843s] -- Found UUID: TRUE  
[1.853s] -- Checking for module 'tinyxml2'
[1.865s] --   Found tinyxml2, version 6.0.0
[1.895s] -- Looking for dlfcn.h - found
[1.895s] -- Looking for libdl - found
[1.896s] -- Found DL: TRUE  
[1.897s] -- FreeImage.pc not found, we will search for FreeImage_INCLUDE_DIRS and FreeImage_LIBRARIES
[1.963s] -- Checking for module 'gts'
[1.974s] --   Found gts, version 0.7.6
[2.007s] -- Found GTS: TRUE  
[2.010s] -- Checking for module 'libswscale'
[2.023s] --   Found libswscale, version 4.8.100
[2.054s] -- Found SWSCALE: TRUE  
[2.057s] -- Checking for module 'libavdevice >= 56.4.100'
[2.070s] --   Found libavdevice , version 57.10.100
[2.106s] -- Found AVDEVICE: TRUE (Required is at least version "56.4.100") 
[2.110s] -- Checking for module 'libavformat'
[2.121s] --   Found libavformat, version 57.83.100
[2.155s] -- Found AVFORMAT: TRUE  
[2.159s] -- Checking for module 'libavcodec'
[2.171s] --   Found libavcodec, version 57.107.100
[2.203s] -- Found AVCODEC: TRUE  
[2.206s] -- Checking for module 'libavutil'
[2.218s] --   Found libavutil, version 55.78.100
[2.250s] -- Found AVUTIL: TRUE  
[2.254s] -- Found CURL: /usr/lib/x86_64-linux-gnu/libcurl.so (found version "7.58.0") 
[2.261s] -- Checking for module 'jsoncpp'
[2.272s] --   Found jsoncpp, version 1.7.4
[2.303s] -- Found JSONCPP: TRUE  
[2.312s] -- Checking for module 'yaml-0.1'
[2.325s] --   Found yaml-0.1, version 0.1.7
[2.358s] -- Found YAML: TRUE  
[2.361s] -- Checking for module 'libzip'
[2.373s] --   Found libzip, version 1.1.2
[2.402s] -- Found ZIP: TRUE  
[2.403s] -- Gazebo version: 9.16
[2.509s] -- Using these message generators: gencpp;geneus;genlisp;gennodejs;genpy
[2.738s] -- xacro: determining deps for: urdf/wamv_gazebo.urdf.xacro ...
[3.086s] -- Configuring done
[3.111s] -- Generating done
[3.119s] -- Build files have been written to: /kanaloa_vorc/build/wamv_gazebo
[3.124s] Invoked command in '/kanaloa_vorc/build/wamv_gazebo' returned '0': CMAKE_PREFIX_PATH=/kanaloa_vorc/install/usv_gazebo_plugins:/kanaloa_vorc/install/wave_gazebo_plugins:/kanaloa_vorc/install/wamv_description:/kanaloa_vorc/install/usv_msgs:${CMAKE_PREFIX_PATH} LD_LIBRARY_PATH=/kanaloa_vorc/install/usv_gazebo_plugins/lib:/kanaloa_vorc/install/wave_gazebo_plugins/lib:${LD_LIBRARY_PATH} PKG_CONFIG_PATH=/kanaloa_vorc/install/usv_gazebo_plugins/lib/x86_64-linux-gnu/pkgconfig:/kanaloa_vorc/install/usv_gazebo_plugins/lib/pkgconfig:/kanaloa_vorc/install/wave_gazebo_plugins/lib/x86_64-linux-gnu/pkgconfig:/kanaloa_vorc/install/wave_gazebo_plugins/lib/pkgconfig:/kanaloa_vorc/install/wamv_description/lib/x86_64-linux-gnu/pkgconfig:/kanaloa_vorc/install/wamv_description/lib/pkgconfig:/kanaloa_vorc/install/usv_msgs/lib/x86_64-linux-gnu/pkgconfig:/kanaloa_vorc/install/usv_msgs/lib/pkgconfig:${PKG_CONFIG_PATH} PYTHONPATH=/kanaloa_vorc/install/usv_msgs/lib/python2.7/dist-packages:${PYTHONPATH} ROS_PACKAGE_PATH=/kanaloa_vorc/install/usv_gazebo_plugins/share:/kanaloa_vorc/install/wave_gazebo_plugins/share:/kanaloa_vorc/install/wamv_description/share:/kanaloa_vorc/install/usv_msgs/share:${ROS_PACKAGE_PATH} /usr/bin/cmake /kanaloa_vorc/src/vrx/wamv_gazebo -DCATKIN_INSTALL_INTO_PREFIX_ROOT=0 -DCMAKE_INSTALL_PREFIX=/kanaloa_vorc/install/wamv_gazebo
[3.127s] Invoking command in '/kanaloa_vorc/build/wamv_gazebo': CMAKE_PREFIX_PATH=/kanaloa_vorc/install/usv_gazebo_plugins:/kanaloa_vorc/install/wave_gazebo_plugins:/kanaloa_vorc/install/wamv_description:/kanaloa_vorc/install/usv_msgs:${CMAKE_PREFIX_PATH} LD_LIBRARY_PATH=/kanaloa_vorc/install/usv_gazebo_plugins/lib:/kanaloa_vorc/install/wave_gazebo_plugins/lib:${LD_LIBRARY_PATH} PKG_CONFIG_PATH=/kanaloa_vorc/install/usv_gazebo_plugins/lib/x86_64-linux-gnu/pkgconfig:/kanaloa_vorc/install/usv_gazebo_plugins/lib/pkgconfig:/kanaloa_vorc/install/wave_gazebo_plugins/lib/x86_64-linux-gnu/pkgconfig:/kanaloa_vorc/install/wave_gazebo_plugins/lib/pkgconfig:/kanaloa_vorc/install/wamv_description/lib/x86_64-linux-gnu/pkgconfig:/kanaloa_vorc/install/wamv_description/lib/pkgconfig:/kanaloa_vorc/install/usv_msgs/lib/x86_64-linux-gnu/pkgconfig:/kanaloa_vorc/install/usv_msgs/lib/pkgconfig:${PKG_CONFIG_PATH} PYTHONPATH=/kanaloa_vorc/install/usv_msgs/lib/python2.7/dist-packages:${PYTHONPATH} ROS_PACKAGE_PATH=/kanaloa_vorc/install/usv_gazebo_plugins/share:/kanaloa_vorc/install/wave_gazebo_plugins/share:/kanaloa_vorc/install/wamv_description/share:/kanaloa_vorc/install/usv_msgs/share:${ROS_PACKAGE_PATH} /usr/bin/cmake --build /kanaloa_vorc/build/wamv_gazebo -- -j6 -l6
[3.166s] [35m[1mScanning dependencies of target wamv_gazebo__xacro_auto_generate_to_devel_space_[0m
[3.166s] [35m[1mScanning dependencies of target wamv_gazebo__xacro_auto_generate[0m
[3.175s] [ 75%] [34m[1mxacro: generating urdf/wamv_gazebo.urdf from urdf/wamv_gazebo.urdf.xacro[0m
[3.176s] [ 75%] [34m[1mxacro: generating urdf/wamv_gazebo.urdf from urdf/wamv_gazebo.urdf.xacro[0m
[3.176s] [ 75%] [34m[1mcreating dir /kanaloa_vorc/build/wamv_gazebo/devel/share/wamv_gazebo/urdf[0m
[3.393s] 
[3.393s] 
[3.426s] [100%] [34m[1mCopying to devel space: /kanaloa_vorc/build/wamv_gazebo/devel/share/wamv_gazebo/urdf/wamv_gazebo.urdf[0m
[3.426s] [100%] Built target wamv_gazebo__xacro_auto_generate
[3.441s] [100%] Built target wamv_gazebo__xacro_auto_generate_to_devel_space_
[3.449s] [35m[1mScanning dependencies of target wamv_gazebo_xacro_generated_to_devel_space_[0m
[3.457s] [100%] Built target wamv_gazebo_xacro_generated_to_devel_space_
[3.468s] Invoked command in '/kanaloa_vorc/build/wamv_gazebo' returned '0': CMAKE_PREFIX_PATH=/kanaloa_vorc/install/usv_gazebo_plugins:/kanaloa_vorc/install/wave_gazebo_plugins:/kanaloa_vorc/install/wamv_description:/kanaloa_vorc/install/usv_msgs:${CMAKE_PREFIX_PATH} LD_LIBRARY_PATH=/kanaloa_vorc/install/usv_gazebo_plugins/lib:/kanaloa_vorc/install/wave_gazebo_plugins/lib:${LD_LIBRARY_PATH} PKG_CONFIG_PATH=/kanaloa_vorc/install/usv_gazebo_plugins/lib/x86_64-linux-gnu/pkgconfig:/kanaloa_vorc/install/usv_gazebo_plugins/lib/pkgconfig:/kanaloa_vorc/install/wave_gazebo_plugins/lib/x86_64-linux-gnu/pkgconfig:/kanaloa_vorc/install/wave_gazebo_plugins/lib/pkgconfig:/kanaloa_vorc/install/wamv_description/lib/x86_64-linux-gnu/pkgconfig:/kanaloa_vorc/install/wamv_description/lib/pkgconfig:/kanaloa_vorc/install/usv_msgs/lib/x86_64-linux-gnu/pkgconfig:/kanaloa_vorc/install/usv_msgs/lib/pkgconfig:${PKG_CONFIG_PATH} PYTHONPATH=/kanaloa_vorc/install/usv_msgs/lib/python2.7/dist-packages:${PYTHONPATH} ROS_PACKAGE_PATH=/kanaloa_vorc/install/usv_gazebo_plugins/share:/kanaloa_vorc/install/wave_gazebo_plugins/share:/kanaloa_vorc/install/wamv_description/share:/kanaloa_vorc/install/usv_msgs/share:${ROS_PACKAGE_PATH} /usr/bin/cmake --build /kanaloa_vorc/build/wamv_gazebo -- -j6 -l6
[3.523s] Invoking command in '/kanaloa_vorc/build/wamv_gazebo': CMAKE_PREFIX_PATH=/kanaloa_vorc/install/usv_gazebo_plugins:/kanaloa_vorc/install/wave_gazebo_plugins:/kanaloa_vorc/install/wamv_description:/kanaloa_vorc/install/usv_msgs:${CMAKE_PREFIX_PATH} LD_LIBRARY_PATH=/kanaloa_vorc/install/usv_gazebo_plugins/lib:/kanaloa_vorc/install/wave_gazebo_plugins/lib:${LD_LIBRARY_PATH} PKG_CONFIG_PATH=/kanaloa_vorc/install/usv_gazebo_plugins/lib/x86_64-linux-gnu/pkgconfig:/kanaloa_vorc/install/usv_gazebo_plugins/lib/pkgconfig:/kanaloa_vorc/install/wave_gazebo_plugins/lib/x86_64-linux-gnu/pkgconfig:/kanaloa_vorc/install/wave_gazebo_plugins/lib/pkgconfig:/kanaloa_vorc/install/wamv_description/lib/x86_64-linux-gnu/pkgconfig:/kanaloa_vorc/install/wamv_description/lib/pkgconfig:/kanaloa_vorc/install/usv_msgs/lib/x86_64-linux-gnu/pkgconfig:/kanaloa_vorc/install/usv_msgs/lib/pkgconfig:${PKG_CONFIG_PATH} PYTHONPATH=/kanaloa_vorc/install/usv_msgs/lib/python2.7/dist-packages:${PYTHONPATH} ROS_PACKAGE_PATH=/kanaloa_vorc/install/usv_gazebo_plugins/share:/kanaloa_vorc/install/wave_gazebo_plugins/share:/kanaloa_vorc/install/wamv_description/share:/kanaloa_vorc/install/usv_msgs/share:${ROS_PACKAGE_PATH} /usr/bin/cmake --build /kanaloa_vorc/build/wamv_gazebo --target tests -- -j6 -l6
[3.573s] [35m[1mScanning dependencies of target tests[0m
[3.581s] Built target tests
[3.590s] Invoked command in '/kanaloa_vorc/build/wamv_gazebo' returned '0': CMAKE_PREFIX_PATH=/kanaloa_vorc/install/usv_gazebo_plugins:/kanaloa_vorc/install/wave_gazebo_plugins:/kanaloa_vorc/install/wamv_description:/kanaloa_vorc/install/usv_msgs:${CMAKE_PREFIX_PATH} LD_LIBRARY_PATH=/kanaloa_vorc/install/usv_gazebo_plugins/lib:/kanaloa_vorc/install/wave_gazebo_plugins/lib:${LD_LIBRARY_PATH} PKG_CONFIG_PATH=/kanaloa_vorc/install/usv_gazebo_plugins/lib/x86_64-linux-gnu/pkgconfig:/kanaloa_vorc/install/usv_gazebo_plugins/lib/pkgconfig:/kanaloa_vorc/install/wave_gazebo_plugins/lib/x86_64-linux-gnu/pkgconfig:/kanaloa_vorc/install/wave_gazebo_plugins/lib/pkgconfig:/kanaloa_vorc/install/wamv_description/lib/x86_64-linux-gnu/pkgconfig:/kanaloa_vorc/install/wamv_description/lib/pkgconfig:/kanaloa_vorc/install/usv_msgs/lib/x86_64-linux-gnu/pkgconfig:/kanaloa_vorc/install/usv_msgs/lib/pkgconfig:${PKG_CONFIG_PATH} PYTHONPATH=/kanaloa_vorc/install/usv_msgs/lib/python2.7/dist-packages:${PYTHONPATH} ROS_PACKAGE_PATH=/kanaloa_vorc/install/usv_gazebo_plugins/share:/kanaloa_vorc/install/wave_gazebo_plugins/share:/kanaloa_vorc/install/wamv_description/share:/kanaloa_vorc/install/usv_msgs/share:${ROS_PACKAGE_PATH} /usr/bin/cmake --build /kanaloa_vorc/build/wamv_gazebo --target tests -- -j6 -l6
[3.650s] Invoking command in '/kanaloa_vorc/build/wamv_gazebo': CMAKE_PREFIX_PATH=/kanaloa_vorc/install/usv_gazebo_plugins:/kanaloa_vorc/install/wave_gazebo_plugins:/kanaloa_vorc/install/wamv_description:/kanaloa_vorc/install/usv_msgs:${CMAKE_PREFIX_PATH} LD_LIBRARY_PATH=/kanaloa_vorc/install/usv_gazebo_plugins/lib:/kanaloa_vorc/install/wave_gazebo_plugins/lib:${LD_LIBRARY_PATH} PKG_CONFIG_PATH=/kanaloa_vorc/install/usv_gazebo_plugins/lib/x86_64-linux-gnu/pkgconfig:/kanaloa_vorc/install/usv_gazebo_plugins/lib/pkgconfig:/kanaloa_vorc/install/wave_gazebo_plugins/lib/x86_64-linux-gnu/pkgconfig:/kanaloa_vorc/install/wave_gazebo_plugins/lib/pkgconfig:/kanaloa_vorc/install/wamv_description/lib/x86_64-linux-gnu/pkgconfig:/kanaloa_vorc/install/wamv_description/lib/pkgconfig:/kanaloa_vorc/install/usv_msgs/lib/x86_64-linux-gnu/pkgconfig:/kanaloa_vorc/install/usv_msgs/lib/pkgconfig:${PKG_CONFIG_PATH} PYTHONPATH=/kanaloa_vorc/install/usv_msgs/lib/python2.7/dist-packages:${PYTHONPATH} ROS_PACKAGE_PATH=/kanaloa_vorc/install/usv_gazebo_plugins/share:/kanaloa_vorc/install/wave_gazebo_plugins/share:/kanaloa_vorc/install/wamv_description/share:/kanaloa_vorc/install/usv_msgs/share:${ROS_PACKAGE_PATH} /usr/bin/cmake --build /kanaloa_vorc/build/wamv_gazebo --target install -- -j6 -l6
[3.696s] [ 75%] Built target wamv_gazebo__xacro_auto_generate
[3.696s] [100%] Built target wamv_gazebo__xacro_auto_generate_to_devel_space_
[3.713s] [100%] Built target wamv_gazebo_xacro_generated_to_devel_space_
[3.729s] [36mInstall the project...[0m
[3.735s] -- Install configuration: ""
[3.735s] -- Installing: /kanaloa_vorc/install/wamv_gazebo/lib/pkgconfig/wamv_gazebo.pc
[3.735s] -- Installing: /kanaloa_vorc/install/wamv_gazebo/share/wamv_gazebo/cmake/wamv_gazeboConfig.cmake
[3.736s] -- Installing: /kanaloa_vorc/install/wamv_gazebo/share/wamv_gazebo/cmake/wamv_gazeboConfig-version.cmake
[3.736s] -- Installing: /kanaloa_vorc/install/wamv_gazebo/share/wamv_gazebo/package.xml
[3.736s] -- Installing: /kanaloa_vorc/install/wamv_gazebo/share/wamv_gazebo/urdf/wamv_gazebo.urdf
[3.736s] -- Installing: /kanaloa_vorc/install/wamv_gazebo/share/wamv_gazebo/models
[3.736s] -- Installing: /kanaloa_vorc/install/wamv_gazebo/share/wamv_gazebo/models/gps
[3.736s] -- Installing: /kanaloa_vorc/install/wamv_gazebo/share/wamv_gazebo/models/gps/model.config
[3.736s] -- Installing: /kanaloa_vorc/install/wamv_gazebo/share/wamv_gazebo/models/gps/mesh
[3.736s] -- Installing: /kanaloa_vorc/install/wamv_gazebo/share/wamv_gazebo/models/gps/mesh/gps.png
[3.736s] -- Installing: /kanaloa_vorc/install/wamv_gazebo/share/wamv_gazebo/models/gps/mesh/gps.dae
[3.737s] -- Up-to-date: /kanaloa_vorc/install/wamv_gazebo/share/wamv_gazebo/urdf
[3.737s] -- Installing: /kanaloa_vorc/install/wamv_gazebo/share/wamv_gazebo/urdf/wamv_gazebo.xacro
[3.737s] -- Installing: /kanaloa_vorc/install/wamv_gazebo/share/wamv_gazebo/urdf/dynamics
[3.737s] -- Installing: /kanaloa_vorc/install/wamv_gazebo/share/wamv_gazebo/urdf/dynamics/wamv_gazebo_dynamics_plugin.xacro
[3.737s] -- Installing: /kanaloa_vorc/install/wamv_gazebo/share/wamv_gazebo/urdf/macros.xacro
[3.737s] -- Installing: /kanaloa_vorc/install/wamv_gazebo/share/wamv_gazebo/urdf/thruster_layouts
[3.737s] -- Installing: /kanaloa_vorc/install/wamv_gazebo/share/wamv_gazebo/urdf/thruster_layouts/wamv_t_thrusters.xacro
[3.737s] -- Installing: /kanaloa_vorc/install/wamv_gazebo/share/wamv_gazebo/urdf/thruster_layouts/wamv_x_thrusters.xacro
[3.738s] -- Installing: /kanaloa_vorc/install/wamv_gazebo/share/wamv_gazebo/urdf/thruster_layouts/wamv_aft_thrusters.xacro
[3.738s] -- Installing: /kanaloa_vorc/install/wamv_gazebo/share/wamv_gazebo/urdf/thruster_layouts/wamv_gazebo_thruster_config.xacro
[3.738s] -- Installing: /kanaloa_vorc/install/wamv_gazebo/share/wamv_gazebo/urdf/wamv_gazebo.urdf.xacro
[3.738s] -- Installing: /kanaloa_vorc/install/wamv_gazebo/share/wamv_gazebo/urdf/sensors
[3.738s] -- Installing: /kanaloa_vorc/install/wamv_gazebo/share/wamv_gazebo/urdf/sensors/wamv_p3d.xacro
[3.738s] -- Installing: /kanaloa_vorc/install/wamv_gazebo/share/wamv_gazebo/urdf/sensors/wamv_pinger.xacro
[3.738s] -- Installing: /kanaloa_vorc/install/wamv_gazebo/share/wamv_gazebo/urdf/sensors/wamv_3d_lidar.xacro
[3.738s] -- Installing: /kanaloa_vorc/install/wamv_gazebo/share/wamv_gazebo/urdf/sensors/lidar.xacro
[3.738s] -- Installing: /kanaloa_vorc/install/wamv_gazebo/share/wamv_gazebo/urdf/sensors/wamv_gps.xacro
[3.738s] -- Installing: /kanaloa_vorc/install/wamv_gazebo/share/wamv_gazebo/urdf/sensors/wamv_imu.xacro
[3.738s] -- Installing: /kanaloa_vorc/install/wamv_gazebo/share/wamv_gazebo/urdf/sensors/wamv_camera.xacro
[3.739s] -- Installing: /kanaloa_vorc/install/wamv_gazebo/share/wamv_gazebo/urdf/sensors/wamv_planar_lidar.xacro
[3.739s] -- Installing: /kanaloa_vorc/install/wamv_gazebo/share/wamv_gazebo/config
[3.739s] -- Installing: /kanaloa_vorc/install/wamv_gazebo/share/wamv_gazebo/config/rviz_vrx.rviz
[3.739s] -- Installing: /kanaloa_vorc/install/wamv_gazebo/share/wamv_gazebo/config/rviz_example.rviz
[3.739s] -- Installing: /kanaloa_vorc/install/wamv_gazebo/share/wamv_gazebo/launch
[3.739s] -- Installing: /kanaloa_vorc/install/wamv_gazebo/share/wamv_gazebo/launch/rviz_example.launch
[3.739s] -- Installing: /kanaloa_vorc/install/wamv_gazebo/share/wamv_gazebo/launch/localization_example.launch
[3.739s] -- Installing: /kanaloa_vorc/install/wamv_gazebo/share/wamv_gazebo/launch/rviz_vrx.launch
[3.741s] Invoked command in '/kanaloa_vorc/build/wamv_gazebo' returned '0': CMAKE_PREFIX_PATH=/kanaloa_vorc/install/usv_gazebo_plugins:/kanaloa_vorc/install/wave_gazebo_plugins:/kanaloa_vorc/install/wamv_description:/kanaloa_vorc/install/usv_msgs:${CMAKE_PREFIX_PATH} LD_LIBRARY_PATH=/kanaloa_vorc/install/usv_gazebo_plugins/lib:/kanaloa_vorc/install/wave_gazebo_plugins/lib:${LD_LIBRARY_PATH} PKG_CONFIG_PATH=/kanaloa_vorc/install/usv_gazebo_plugins/lib/x86_64-linux-gnu/pkgconfig:/kanaloa_vorc/install/usv_gazebo_plugins/lib/pkgconfig:/kanaloa_vorc/install/wave_gazebo_plugins/lib/x86_64-linux-gnu/pkgconfig:/kanaloa_vorc/install/wave_gazebo_plugins/lib/pkgconfig:/kanaloa_vorc/install/wamv_description/lib/x86_64-linux-gnu/pkgconfig:/kanaloa_vorc/install/wamv_description/lib/pkgconfig:/kanaloa_vorc/install/usv_msgs/lib/x86_64-linux-gnu/pkgconfig:/kanaloa_vorc/install/usv_msgs/lib/pkgconfig:${PKG_CONFIG_PATH} PYTHONPATH=/kanaloa_vorc/install/usv_msgs/lib/python2.7/dist-packages:${PYTHONPATH} ROS_PACKAGE_PATH=/kanaloa_vorc/install/usv_gazebo_plugins/share:/kanaloa_vorc/install/wave_gazebo_plugins/share:/kanaloa_vorc/install/wamv_description/share:/kanaloa_vorc/install/usv_msgs/share:${ROS_PACKAGE_PATH} /usr/bin/cmake --build /kanaloa_vorc/build/wamv_gazebo --target install -- -j6 -l6
