[0.020s] Invoking command in '/kanaloa_vorc/build/usv_msgs': /usr/bin/cmake --build /kanaloa_vorc/build/usv_msgs -- -j6 -l6
[0.099s] [  0%] Built target std_msgs_generate_messages_py
[0.101s] [  0%] Built target std_msgs_generate_messages_cpp
[0.112s] [  0%] Built target std_msgs_generate_messages_eus
[0.124s] [  0%] Built target std_msgs_generate_messages_lisp
[0.126s] [  0%] Built target std_msgs_generate_messages_nodejs
[0.150s] [  0%] Built target _usv_msgs_generate_messages_check_deps_RangeBearing
[0.196s] [ 14%] Built target usv_msgs_generate_messages_lisp
[0.196s] [ 28%] Built target usv_msgs_generate_messages_nodejs
[0.197s] [ 57%] Built target usv_msgs_generate_messages_py
[0.202s] [ 71%] Built target usv_msgs_generate_messages_cpp
[0.215s] [100%] Built target usv_msgs_generate_messages_eus
[0.248s] [100%] Built target usv_msgs_generate_messages
[0.262s] Invoked command in '/kanaloa_vorc/build/usv_msgs' returned '0': /usr/bin/cmake --build /kanaloa_vorc/build/usv_msgs -- -j6 -l6
[0.302s] Invoking command in '/kanaloa_vorc/build/usv_msgs': /usr/bin/cmake --build /kanaloa_vorc/build/usv_msgs --target tests -- -j6 -l6
[0.358s] Built target tests
[0.368s] Invoked command in '/kanaloa_vorc/build/usv_msgs' returned '0': /usr/bin/cmake --build /kanaloa_vorc/build/usv_msgs --target tests -- -j6 -l6
[0.421s] Invoking command in '/kanaloa_vorc/build/usv_msgs': /usr/bin/cmake --build /kanaloa_vorc/build/usv_msgs --target install -- -j6 -l6
[0.471s] [  0%] Built target std_msgs_generate_messages_eus
[0.476s] [  0%] Built target std_msgs_generate_messages_py
[0.476s] [  0%] Built target std_msgs_generate_messages_cpp
[0.479s] [  0%] Built target std_msgs_generate_messages_lisp
[0.482s] [  0%] Built target std_msgs_generate_messages_nodejs
[0.496s] [  0%] Built target _usv_msgs_generate_messages_check_deps_RangeBearing
[0.527s] [ 14%] Built target usv_msgs_generate_messages_lisp
[0.527s] [ 42%] Built target usv_msgs_generate_messages_eus
[0.527s] [ 57%] Built target usv_msgs_generate_messages_nodejs
[0.528s] [ 85%] Built target usv_msgs_generate_messages_py
[0.530s] [100%] Built target usv_msgs_generate_messages_cpp
[0.551s] [100%] Built target usv_msgs_generate_messages
[0.574s] [36mInstall the project...[0m
[0.582s] -- Install configuration: ""
[0.583s] -- Up-to-date: /kanaloa_vorc/install/usv_msgs/share/usv_msgs/msg/RangeBearing.msg
[0.583s] -- Up-to-date: /kanaloa_vorc/install/usv_msgs/share/usv_msgs/cmake/usv_msgs-msg-paths.cmake
[0.583s] -- Up-to-date: /kanaloa_vorc/install/usv_msgs/include/usv_msgs
[0.583s] -- Up-to-date: /kanaloa_vorc/install/usv_msgs/include/usv_msgs/RangeBearing.h
[0.583s] -- Up-to-date: /kanaloa_vorc/install/usv_msgs/share/roseus/ros/usv_msgs
[0.583s] -- Up-to-date: /kanaloa_vorc/install/usv_msgs/share/roseus/ros/usv_msgs/msg
[0.583s] -- Up-to-date: /kanaloa_vorc/install/usv_msgs/share/roseus/ros/usv_msgs/msg/RangeBearing.l
[0.583s] -- Up-to-date: /kanaloa_vorc/install/usv_msgs/share/roseus/ros/usv_msgs/manifest.l
[0.583s] -- Up-to-date: /kanaloa_vorc/install/usv_msgs/share/common-lisp/ros/usv_msgs
[0.583s] -- Up-to-date: /kanaloa_vorc/install/usv_msgs/share/common-lisp/ros/usv_msgs/msg
[0.584s] -- Up-to-date: /kanaloa_vorc/install/usv_msgs/share/common-lisp/ros/usv_msgs/msg/RangeBearing.lisp
[0.584s] -- Up-to-date: /kanaloa_vorc/install/usv_msgs/share/common-lisp/ros/usv_msgs/msg/_package_RangeBearing.lisp
[0.584s] -- Up-to-date: /kanaloa_vorc/install/usv_msgs/share/common-lisp/ros/usv_msgs/msg/_package.lisp
[0.584s] -- Up-to-date: /kanaloa_vorc/install/usv_msgs/share/common-lisp/ros/usv_msgs/msg/usv_msgs-msg.asd
[0.584s] -- Up-to-date: /kanaloa_vorc/install/usv_msgs/share/gennodejs/ros/usv_msgs
[0.584s] -- Up-to-date: /kanaloa_vorc/install/usv_msgs/share/gennodejs/ros/usv_msgs/_index.js
[0.584s] -- Up-to-date: /kanaloa_vorc/install/usv_msgs/share/gennodejs/ros/usv_msgs/msg
[0.584s] -- Up-to-date: /kanaloa_vorc/install/usv_msgs/share/gennodejs/ros/usv_msgs/msg/_index.js
[0.584s] -- Up-to-date: /kanaloa_vorc/install/usv_msgs/share/gennodejs/ros/usv_msgs/msg/RangeBearing.js
[0.595s] Listing /kanaloa_vorc/build/usv_msgs/devel/lib/python2.7/dist-packages/usv_msgs ...
[0.595s] Listing /kanaloa_vorc/build/usv_msgs/devel/lib/python2.7/dist-packages/usv_msgs/msg ...
[0.597s] -- Up-to-date: /kanaloa_vorc/install/usv_msgs/lib/python2.7/dist-packages/usv_msgs
[0.597s] -- Up-to-date: /kanaloa_vorc/install/usv_msgs/lib/python2.7/dist-packages/usv_msgs/__init__.py
[0.597s] -- Up-to-date: /kanaloa_vorc/install/usv_msgs/lib/python2.7/dist-packages/usv_msgs/__init__.pyc
[0.597s] -- Up-to-date: /kanaloa_vorc/install/usv_msgs/lib/python2.7/dist-packages/usv_msgs/msg
[0.597s] -- Up-to-date: /kanaloa_vorc/install/usv_msgs/lib/python2.7/dist-packages/usv_msgs/msg/__init__.py
[0.598s] -- Up-to-date: /kanaloa_vorc/install/usv_msgs/lib/python2.7/dist-packages/usv_msgs/msg/_RangeBearing.py
[0.598s] -- Up-to-date: /kanaloa_vorc/install/usv_msgs/lib/python2.7/dist-packages/usv_msgs/msg/__init__.pyc
[0.598s] -- Up-to-date: /kanaloa_vorc/install/usv_msgs/lib/python2.7/dist-packages/usv_msgs/msg/_RangeBearing.pyc
[0.598s] -- Up-to-date: /kanaloa_vorc/install/usv_msgs/lib/pkgconfig/usv_msgs.pc
[0.598s] -- Up-to-date: /kanaloa_vorc/install/usv_msgs/share/usv_msgs/cmake/usv_msgs-msg-extras.cmake
[0.598s] -- Up-to-date: /kanaloa_vorc/install/usv_msgs/share/usv_msgs/cmake/usv_msgsConfig.cmake
[0.598s] -- Up-to-date: /kanaloa_vorc/install/usv_msgs/share/usv_msgs/cmake/usv_msgsConfig-version.cmake
[0.598s] -- Up-to-date: /kanaloa_vorc/install/usv_msgs/share/usv_msgs/package.xml
[0.602s] Invoked command in '/kanaloa_vorc/build/usv_msgs' returned '0': /usr/bin/cmake --build /kanaloa_vorc/build/usv_msgs --target install -- -j6 -l6
