[0.034s] Invoking command in '/kanaloa_vorc/build/way_point_wamv': /usr/bin/cmake --build /kanaloa_vorc/build/way_point_wamv -- -j6 -l6
[0.128s] [  0%] Built target std_msgs_generate_messages_eus
[0.143s] [  0%] Built target std_msgs_generate_messages_py
[0.147s] [  0%] Built target sensor_msgs_generate_messages_eus
[0.151s] [  0%] Built target sensor_msgs_generate_messages_py
[0.179s] [  0%] Built target std_msgs_generate_messages_lisp
[0.183s] [  0%] Built target _way_point_wamv_generate_messages_check_deps_way_point_cmd
[0.187s] [  0%] Built target sensor_msgs_generate_messages_lisp
[0.197s] [  0%] Built target _way_point_wamv_generate_messages_check_deps_add_way_point
[0.202s] [  0%] Built target std_msgs_generate_messages_nodejs
[0.218s] [  0%] Built target sensor_msgs_generate_messages_nodejs
[0.223s] [  0%] Built target sensor_msgs_generate_messages_cpp
[0.224s] [ 25%] Built target way_point_wamv_generate_messages_eus
[0.230s] [ 50%] Built target way_point_wamv_generate_messages_py
[0.232s] [ 50%] Built target std_msgs_generate_messages_cpp
[0.235s] [ 66%] Built target way_point_wamv_generate_messages_lisp
[0.241s] [ 83%] Built target way_point_wamv_generate_messages_nodejs
[0.252s] [100%] Built target way_point_wamv_generate_messages_cpp
[0.268s] [100%] Built target way_point_wamv_generate_messages
[0.277s] Invoked command in '/kanaloa_vorc/build/way_point_wamv' returned '0': /usr/bin/cmake --build /kanaloa_vorc/build/way_point_wamv -- -j6 -l6
[0.339s] Invoking command in '/kanaloa_vorc/build/way_point_wamv': /usr/bin/cmake --build /kanaloa_vorc/build/way_point_wamv --target tests -- -j6 -l6
[0.402s] Built target tests
[0.406s] Invoked command in '/kanaloa_vorc/build/way_point_wamv' returned '0': /usr/bin/cmake --build /kanaloa_vorc/build/way_point_wamv --target tests -- -j6 -l6
[0.490s] Invoking command in '/kanaloa_vorc/build/way_point_wamv': /usr/bin/cmake --build /kanaloa_vorc/build/way_point_wamv --target install -- -j6 -l6
[0.557s] [  0%] Built target sensor_msgs_generate_messages_py
[0.557s] [  0%] Built target std_msgs_generate_messages_eus
[0.558s] [  0%] Built target std_msgs_generate_messages_py
[0.561s] [  0%] Built target sensor_msgs_generate_messages_eus
[0.576s] [  0%] Built target sensor_msgs_generate_messages_lisp
[0.583s] [  0%] Built target std_msgs_generate_messages_lisp
[0.583s] [  0%] Built target _way_point_wamv_generate_messages_check_deps_way_point_cmd
[0.585s] [  0%] Built target _way_point_wamv_generate_messages_check_deps_add_way_point
[0.589s] [  0%] Built target sensor_msgs_generate_messages_nodejs
[0.591s] [  0%] Built target std_msgs_generate_messages_nodejs
[0.602s] [  0%] Built target std_msgs_generate_messages_cpp
[0.607s] [  0%] Built target sensor_msgs_generate_messages_cpp
[0.608s] [ 25%] Built target way_point_wamv_generate_messages_eus
[0.615s] [ 50%] Built target way_point_wamv_generate_messages_py
[0.621s] [ 83%] Built target way_point_wamv_generate_messages_nodejs
[0.621s] [ 83%] Built target way_point_wamv_generate_messages_lisp
[0.639s] [100%] Built target way_point_wamv_generate_messages_cpp
[0.664s] [100%] Built target way_point_wamv_generate_messages
[0.680s] [36mInstall the project...[0m
[0.687s] -- Install configuration: ""
[0.687s] -- Up-to-date: /kanaloa_vorc/install/way_point_wamv/share/way_point_wamv/srv/add_way_point.srv
[0.687s] -- Up-to-date: /kanaloa_vorc/install/way_point_wamv/share/way_point_wamv/srv/way_point_cmd.srv
[0.687s] -- Up-to-date: /kanaloa_vorc/install/way_point_wamv/share/way_point_wamv/cmake/way_point_wamv-msg-paths.cmake
[0.688s] -- Up-to-date: /kanaloa_vorc/install/way_point_wamv/include/way_point_wamv
[0.688s] -- Up-to-date: /kanaloa_vorc/install/way_point_wamv/include/way_point_wamv/add_way_pointResponse.h
[0.688s] -- Up-to-date: /kanaloa_vorc/install/way_point_wamv/include/way_point_wamv/add_way_point.h
[0.688s] -- Up-to-date: /kanaloa_vorc/install/way_point_wamv/include/way_point_wamv/way_point_cmdResponse.h
[0.688s] -- Up-to-date: /kanaloa_vorc/install/way_point_wamv/include/way_point_wamv/add_way_pointRequest.h
[0.688s] -- Up-to-date: /kanaloa_vorc/install/way_point_wamv/include/way_point_wamv/way_point_cmd.h
[0.688s] -- Up-to-date: /kanaloa_vorc/install/way_point_wamv/include/way_point_wamv/way_point_cmdRequest.h
[0.689s] -- Up-to-date: /kanaloa_vorc/install/way_point_wamv/share/roseus/ros/way_point_wamv
[0.689s] -- Up-to-date: /kanaloa_vorc/install/way_point_wamv/share/roseus/ros/way_point_wamv/srv
[0.689s] -- Up-to-date: /kanaloa_vorc/install/way_point_wamv/share/roseus/ros/way_point_wamv/srv/add_way_point.l
[0.689s] -- Up-to-date: /kanaloa_vorc/install/way_point_wamv/share/roseus/ros/way_point_wamv/srv/way_point_cmd.l
[0.689s] -- Up-to-date: /kanaloa_vorc/install/way_point_wamv/share/roseus/ros/way_point_wamv/manifest.l
[0.689s] -- Up-to-date: /kanaloa_vorc/install/way_point_wamv/share/common-lisp/ros/way_point_wamv
[0.689s] -- Up-to-date: /kanaloa_vorc/install/way_point_wamv/share/common-lisp/ros/way_point_wamv/srv
[0.689s] -- Up-to-date: /kanaloa_vorc/install/way_point_wamv/share/common-lisp/ros/way_point_wamv/srv/way_point_cmd.lisp
[0.689s] -- Up-to-date: /kanaloa_vorc/install/way_point_wamv/share/common-lisp/ros/way_point_wamv/srv/_package_add_way_point.lisp
[0.689s] -- Up-to-date: /kanaloa_vorc/install/way_point_wamv/share/common-lisp/ros/way_point_wamv/srv/add_way_point.lisp
[0.690s] -- Up-to-date: /kanaloa_vorc/install/way_point_wamv/share/common-lisp/ros/way_point_wamv/srv/way_point_wamv-srv.asd
[0.690s] -- Up-to-date: /kanaloa_vorc/install/way_point_wamv/share/common-lisp/ros/way_point_wamv/srv/_package_way_point_cmd.lisp
[0.690s] -- Up-to-date: /kanaloa_vorc/install/way_point_wamv/share/common-lisp/ros/way_point_wamv/srv/_package.lisp
[0.690s] -- Up-to-date: /kanaloa_vorc/install/way_point_wamv/share/gennodejs/ros/way_point_wamv
[0.690s] -- Up-to-date: /kanaloa_vorc/install/way_point_wamv/share/gennodejs/ros/way_point_wamv/_index.js
[0.690s] -- Up-to-date: /kanaloa_vorc/install/way_point_wamv/share/gennodejs/ros/way_point_wamv/srv
[0.690s] -- Up-to-date: /kanaloa_vorc/install/way_point_wamv/share/gennodejs/ros/way_point_wamv/srv/add_way_point.js
[0.690s] -- Up-to-date: /kanaloa_vorc/install/way_point_wamv/share/gennodejs/ros/way_point_wamv/srv/_index.js
[0.690s] -- Up-to-date: /kanaloa_vorc/install/way_point_wamv/share/gennodejs/ros/way_point_wamv/srv/way_point_cmd.js
[0.698s] Listing /kanaloa_vorc/build/way_point_wamv/devel/lib/python2.7/dist-packages/way_point_wamv ...
[0.698s] Listing /kanaloa_vorc/build/way_point_wamv/devel/lib/python2.7/dist-packages/way_point_wamv/srv ...
[0.700s] -- Up-to-date: /kanaloa_vorc/install/way_point_wamv/lib/python2.7/dist-packages/way_point_wamv
[0.700s] -- Up-to-date: /kanaloa_vorc/install/way_point_wamv/lib/python2.7/dist-packages/way_point_wamv/__init__.py
[0.700s] -- Up-to-date: /kanaloa_vorc/install/way_point_wamv/lib/python2.7/dist-packages/way_point_wamv/__init__.pyc
[0.700s] -- Up-to-date: /kanaloa_vorc/install/way_point_wamv/lib/python2.7/dist-packages/way_point_wamv/srv
[0.700s] -- Up-to-date: /kanaloa_vorc/install/way_point_wamv/lib/python2.7/dist-packages/way_point_wamv/srv/__init__.py
[0.700s] -- Up-to-date: /kanaloa_vorc/install/way_point_wamv/lib/python2.7/dist-packages/way_point_wamv/srv/__init__.pyc
[0.700s] -- Up-to-date: /kanaloa_vorc/install/way_point_wamv/lib/python2.7/dist-packages/way_point_wamv/srv/_way_point_cmd.pyc
[0.700s] -- Up-to-date: /kanaloa_vorc/install/way_point_wamv/lib/python2.7/dist-packages/way_point_wamv/srv/_add_way_point.pyc
[0.700s] -- Up-to-date: /kanaloa_vorc/install/way_point_wamv/lib/python2.7/dist-packages/way_point_wamv/srv/_add_way_point.py
[0.700s] -- Up-to-date: /kanaloa_vorc/install/way_point_wamv/lib/python2.7/dist-packages/way_point_wamv/srv/_way_point_cmd.py
[0.700s] -- Up-to-date: /kanaloa_vorc/install/way_point_wamv/lib/pkgconfig/way_point_wamv.pc
[0.701s] -- Up-to-date: /kanaloa_vorc/install/way_point_wamv/share/way_point_wamv/cmake/way_point_wamv-msg-extras.cmake
[0.701s] -- Up-to-date: /kanaloa_vorc/install/way_point_wamv/share/way_point_wamv/cmake/way_point_wamvConfig.cmake
[0.701s] -- Up-to-date: /kanaloa_vorc/install/way_point_wamv/share/way_point_wamv/cmake/way_point_wamvConfig-version.cmake
[0.701s] -- Up-to-date: /kanaloa_vorc/install/way_point_wamv/share/way_point_wamv/package.xml
[0.717s] Invoked command in '/kanaloa_vorc/build/way_point_wamv' returned '0': /usr/bin/cmake --build /kanaloa_vorc/build/way_point_wamv --target install -- -j6 -l6
