[0.011s] Invoking command in '/kanaloa_vorc/build/wamv_gazebo': CMAKE_PREFIX_PATH=/kanaloa_vorc/install/usv_gazebo_plugins:/kanaloa_vorc/install/wave_gazebo_plugins:/kanaloa_vorc/install/wamv_description:/kanaloa_vorc/install/usv_msgs LD_LIBRARY_PATH=/kanaloa_vorc/install/usv_gazebo_plugins/lib:/kanaloa_vorc/install/wave_gazebo_plugins/lib PKG_CONFIG_PATH=/kanaloa_vorc/install/usv_gazebo_plugins/lib/x86_64-linux-gnu/pkgconfig:/kanaloa_vorc/install/usv_gazebo_plugins/lib/pkgconfig:/kanaloa_vorc/install/wave_gazebo_plugins/lib/x86_64-linux-gnu/pkgconfig:/kanaloa_vorc/install/wave_gazebo_plugins/lib/pkgconfig:/kanaloa_vorc/install/wamv_description/lib/x86_64-linux-gnu/pkgconfig:/kanaloa_vorc/install/wamv_description/lib/pkgconfig:/kanaloa_vorc/install/usv_msgs/lib/x86_64-linux-gnu/pkgconfig:/kanaloa_vorc/install/usv_msgs/lib/pkgconfig PYTHONPATH=/kanaloa_vorc/install/usv_msgs/lib/python2.7/dist-packages ROS_PACKAGE_PATH=/kanaloa_vorc/install/usv_gazebo_plugins/share:/kanaloa_vorc/install/wave_gazebo_plugins/share:/kanaloa_vorc/install/wamv_description/share:/kanaloa_vorc/install/usv_msgs/share /usr/bin/cmake --build /kanaloa_vorc/build/wamv_gazebo -- -j6 -l6
[0.062s] [ 25%] Built target wamv_gazebo__xacro_auto_generate
[0.064s] [100%] Built target wamv_gazebo__xacro_auto_generate_to_devel_space_
[0.079s] [100%] Built target wamv_gazebo_xacro_generated_to_devel_space_
[0.089s] Invoked command in '/kanaloa_vorc/build/wamv_gazebo' returned '0': CMAKE_PREFIX_PATH=/kanaloa_vorc/install/usv_gazebo_plugins:/kanaloa_vorc/install/wave_gazebo_plugins:/kanaloa_vorc/install/wamv_description:/kanaloa_vorc/install/usv_msgs LD_LIBRARY_PATH=/kanaloa_vorc/install/usv_gazebo_plugins/lib:/kanaloa_vorc/install/wave_gazebo_plugins/lib PKG_CONFIG_PATH=/kanaloa_vorc/install/usv_gazebo_plugins/lib/x86_64-linux-gnu/pkgconfig:/kanaloa_vorc/install/usv_gazebo_plugins/lib/pkgconfig:/kanaloa_vorc/install/wave_gazebo_plugins/lib/x86_64-linux-gnu/pkgconfig:/kanaloa_vorc/install/wave_gazebo_plugins/lib/pkgconfig:/kanaloa_vorc/install/wamv_description/lib/x86_64-linux-gnu/pkgconfig:/kanaloa_vorc/install/wamv_description/lib/pkgconfig:/kanaloa_vorc/install/usv_msgs/lib/x86_64-linux-gnu/pkgconfig:/kanaloa_vorc/install/usv_msgs/lib/pkgconfig PYTHONPATH=/kanaloa_vorc/install/usv_msgs/lib/python2.7/dist-packages ROS_PACKAGE_PATH=/kanaloa_vorc/install/usv_gazebo_plugins/share:/kanaloa_vorc/install/wave_gazebo_plugins/share:/kanaloa_vorc/install/wamv_description/share:/kanaloa_vorc/install/usv_msgs/share /usr/bin/cmake --build /kanaloa_vorc/build/wamv_gazebo -- -j6 -l6
[0.138s] Invoking command in '/kanaloa_vorc/build/wamv_gazebo': CMAKE_PREFIX_PATH=/kanaloa_vorc/install/usv_gazebo_plugins:/kanaloa_vorc/install/wave_gazebo_plugins:/kanaloa_vorc/install/wamv_description:/kanaloa_vorc/install/usv_msgs LD_LIBRARY_PATH=/kanaloa_vorc/install/usv_gazebo_plugins/lib:/kanaloa_vorc/install/wave_gazebo_plugins/lib PKG_CONFIG_PATH=/kanaloa_vorc/install/usv_gazebo_plugins/lib/x86_64-linux-gnu/pkgconfig:/kanaloa_vorc/install/usv_gazebo_plugins/lib/pkgconfig:/kanaloa_vorc/install/wave_gazebo_plugins/lib/x86_64-linux-gnu/pkgconfig:/kanaloa_vorc/install/wave_gazebo_plugins/lib/pkgconfig:/kanaloa_vorc/install/wamv_description/lib/x86_64-linux-gnu/pkgconfig:/kanaloa_vorc/install/wamv_description/lib/pkgconfig:/kanaloa_vorc/install/usv_msgs/lib/x86_64-linux-gnu/pkgconfig:/kanaloa_vorc/install/usv_msgs/lib/pkgconfig PYTHONPATH=/kanaloa_vorc/install/usv_msgs/lib/python2.7/dist-packages ROS_PACKAGE_PATH=/kanaloa_vorc/install/usv_gazebo_plugins/share:/kanaloa_vorc/install/wave_gazebo_plugins/share:/kanaloa_vorc/install/wamv_description/share:/kanaloa_vorc/install/usv_msgs/share /usr/bin/cmake --build /kanaloa_vorc/build/wamv_gazebo --target tests -- -j6 -l6
[0.195s] Built target tests
[0.204s] Invoked command in '/kanaloa_vorc/build/wamv_gazebo' returned '0': CMAKE_PREFIX_PATH=/kanaloa_vorc/install/usv_gazebo_plugins:/kanaloa_vorc/install/wave_gazebo_plugins:/kanaloa_vorc/install/wamv_description:/kanaloa_vorc/install/usv_msgs LD_LIBRARY_PATH=/kanaloa_vorc/install/usv_gazebo_plugins/lib:/kanaloa_vorc/install/wave_gazebo_plugins/lib PKG_CONFIG_PATH=/kanaloa_vorc/install/usv_gazebo_plugins/lib/x86_64-linux-gnu/pkgconfig:/kanaloa_vorc/install/usv_gazebo_plugins/lib/pkgconfig:/kanaloa_vorc/install/wave_gazebo_plugins/lib/x86_64-linux-gnu/pkgconfig:/kanaloa_vorc/install/wave_gazebo_plugins/lib/pkgconfig:/kanaloa_vorc/install/wamv_description/lib/x86_64-linux-gnu/pkgconfig:/kanaloa_vorc/install/wamv_description/lib/pkgconfig:/kanaloa_vorc/install/usv_msgs/lib/x86_64-linux-gnu/pkgconfig:/kanaloa_vorc/install/usv_msgs/lib/pkgconfig PYTHONPATH=/kanaloa_vorc/install/usv_msgs/lib/python2.7/dist-packages ROS_PACKAGE_PATH=/kanaloa_vorc/install/usv_gazebo_plugins/share:/kanaloa_vorc/install/wave_gazebo_plugins/share:/kanaloa_vorc/install/wamv_description/share:/kanaloa_vorc/install/usv_msgs/share /usr/bin/cmake --build /kanaloa_vorc/build/wamv_gazebo --target tests -- -j6 -l6
[0.259s] Invoking command in '/kanaloa_vorc/build/wamv_gazebo': CMAKE_PREFIX_PATH=/kanaloa_vorc/install/usv_gazebo_plugins:/kanaloa_vorc/install/wave_gazebo_plugins:/kanaloa_vorc/install/wamv_description:/kanaloa_vorc/install/usv_msgs LD_LIBRARY_PATH=/kanaloa_vorc/install/usv_gazebo_plugins/lib:/kanaloa_vorc/install/wave_gazebo_plugins/lib PKG_CONFIG_PATH=/kanaloa_vorc/install/usv_gazebo_plugins/lib/x86_64-linux-gnu/pkgconfig:/kanaloa_vorc/install/usv_gazebo_plugins/lib/pkgconfig:/kanaloa_vorc/install/wave_gazebo_plugins/lib/x86_64-linux-gnu/pkgconfig:/kanaloa_vorc/install/wave_gazebo_plugins/lib/pkgconfig:/kanaloa_vorc/install/wamv_description/lib/x86_64-linux-gnu/pkgconfig:/kanaloa_vorc/install/wamv_description/lib/pkgconfig:/kanaloa_vorc/install/usv_msgs/lib/x86_64-linux-gnu/pkgconfig:/kanaloa_vorc/install/usv_msgs/lib/pkgconfig PYTHONPATH=/kanaloa_vorc/install/usv_msgs/lib/python2.7/dist-packages ROS_PACKAGE_PATH=/kanaloa_vorc/install/usv_gazebo_plugins/share:/kanaloa_vorc/install/wave_gazebo_plugins/share:/kanaloa_vorc/install/wamv_description/share:/kanaloa_vorc/install/usv_msgs/share /usr/bin/cmake --build /kanaloa_vorc/build/wamv_gazebo --target install -- -j6 -l6
[0.304s] [ 75%] Built target wamv_gazebo__xacro_auto_generate
[0.305s] [100%] Built target wamv_gazebo__xacro_auto_generate_to_devel_space_
[0.320s] [100%] Built target wamv_gazebo_xacro_generated_to_devel_space_
[0.336s] [36mInstall the project...[0m
[0.344s] -- Install configuration: ""
[0.344s] -- Up-to-date: /kanaloa_vorc/install/wamv_gazebo/lib/pkgconfig/wamv_gazebo.pc
[0.344s] -- Up-to-date: /kanaloa_vorc/install/wamv_gazebo/share/wamv_gazebo/cmake/wamv_gazeboConfig.cmake
[0.344s] -- Up-to-date: /kanaloa_vorc/install/wamv_gazebo/share/wamv_gazebo/cmake/wamv_gazeboConfig-version.cmake
[0.344s] -- Up-to-date: /kanaloa_vorc/install/wamv_gazebo/share/wamv_gazebo/package.xml
[0.344s] -- Up-to-date: /kanaloa_vorc/install/wamv_gazebo/share/wamv_gazebo/urdf/wamv_gazebo.urdf
[0.345s] -- Up-to-date: /kanaloa_vorc/install/wamv_gazebo/share/wamv_gazebo/models
[0.345s] -- Up-to-date: /kanaloa_vorc/install/wamv_gazebo/share/wamv_gazebo/models/gps
[0.345s] -- Up-to-date: /kanaloa_vorc/install/wamv_gazebo/share/wamv_gazebo/models/gps/model.config
[0.345s] -- Up-to-date: /kanaloa_vorc/install/wamv_gazebo/share/wamv_gazebo/models/gps/mesh
[0.345s] -- Up-to-date: /kanaloa_vorc/install/wamv_gazebo/share/wamv_gazebo/models/gps/mesh/gps.png
[0.345s] -- Up-to-date: /kanaloa_vorc/install/wamv_gazebo/share/wamv_gazebo/models/gps/mesh/gps.dae
[0.345s] -- Up-to-date: /kanaloa_vorc/install/wamv_gazebo/share/wamv_gazebo/urdf
[0.345s] -- Up-to-date: /kanaloa_vorc/install/wamv_gazebo/share/wamv_gazebo/urdf/wamv_gazebo.xacro
[0.345s] -- Up-to-date: /kanaloa_vorc/install/wamv_gazebo/share/wamv_gazebo/urdf/dynamics
[0.345s] -- Up-to-date: /kanaloa_vorc/install/wamv_gazebo/share/wamv_gazebo/urdf/dynamics/wamv_gazebo_dynamics_plugin.xacro
[0.345s] -- Up-to-date: /kanaloa_vorc/install/wamv_gazebo/share/wamv_gazebo/urdf/macros.xacro
[0.345s] -- Up-to-date: /kanaloa_vorc/install/wamv_gazebo/share/wamv_gazebo/urdf/thruster_layouts
[0.345s] -- Up-to-date: /kanaloa_vorc/install/wamv_gazebo/share/wamv_gazebo/urdf/thruster_layouts/wamv_t_thrusters.xacro
[0.345s] -- Up-to-date: /kanaloa_vorc/install/wamv_gazebo/share/wamv_gazebo/urdf/thruster_layouts/wamv_x_thrusters.xacro
[0.346s] -- Up-to-date: /kanaloa_vorc/install/wamv_gazebo/share/wamv_gazebo/urdf/thruster_layouts/wamv_aft_thrusters.xacro
[0.346s] -- Up-to-date: /kanaloa_vorc/install/wamv_gazebo/share/wamv_gazebo/urdf/thruster_layouts/wamv_gazebo_thruster_config.xacro
[0.346s] -- Up-to-date: /kanaloa_vorc/install/wamv_gazebo/share/wamv_gazebo/urdf/wamv_gazebo.urdf.xacro
[0.346s] -- Up-to-date: /kanaloa_vorc/install/wamv_gazebo/share/wamv_gazebo/urdf/sensors
[0.346s] -- Up-to-date: /kanaloa_vorc/install/wamv_gazebo/share/wamv_gazebo/urdf/sensors/wamv_p3d.xacro
[0.346s] -- Up-to-date: /kanaloa_vorc/install/wamv_gazebo/share/wamv_gazebo/urdf/sensors/wamv_pinger.xacro
[0.346s] -- Up-to-date: /kanaloa_vorc/install/wamv_gazebo/share/wamv_gazebo/urdf/sensors/wamv_3d_lidar.xacro
[0.346s] -- Up-to-date: /kanaloa_vorc/install/wamv_gazebo/share/wamv_gazebo/urdf/sensors/lidar.xacro
[0.346s] -- Up-to-date: /kanaloa_vorc/install/wamv_gazebo/share/wamv_gazebo/urdf/sensors/wamv_gps.xacro
[0.346s] -- Up-to-date: /kanaloa_vorc/install/wamv_gazebo/share/wamv_gazebo/urdf/sensors/wamv_imu.xacro
[0.346s] -- Up-to-date: /kanaloa_vorc/install/wamv_gazebo/share/wamv_gazebo/urdf/sensors/wamv_camera.xacro
[0.346s] -- Up-to-date: /kanaloa_vorc/install/wamv_gazebo/share/wamv_gazebo/urdf/sensors/wamv_planar_lidar.xacro
[0.346s] -- Up-to-date: /kanaloa_vorc/install/wamv_gazebo/share/wamv_gazebo/config
[0.346s] -- Up-to-date: /kanaloa_vorc/install/wamv_gazebo/share/wamv_gazebo/config/rviz_vrx.rviz
[0.346s] -- Up-to-date: /kanaloa_vorc/install/wamv_gazebo/share/wamv_gazebo/config/rviz_example.rviz
[0.346s] -- Up-to-date: /kanaloa_vorc/install/wamv_gazebo/share/wamv_gazebo/launch
[0.346s] -- Up-to-date: /kanaloa_vorc/install/wamv_gazebo/share/wamv_gazebo/launch/rviz_example.launch
[0.347s] -- Up-to-date: /kanaloa_vorc/install/wamv_gazebo/share/wamv_gazebo/launch/localization_example.launch
[0.347s] -- Up-to-date: /kanaloa_vorc/install/wamv_gazebo/share/wamv_gazebo/launch/rviz_vrx.launch
[0.349s] Invoked command in '/kanaloa_vorc/build/wamv_gazebo' returned '0': CMAKE_PREFIX_PATH=/kanaloa_vorc/install/usv_gazebo_plugins:/kanaloa_vorc/install/wave_gazebo_plugins:/kanaloa_vorc/install/wamv_description:/kanaloa_vorc/install/usv_msgs LD_LIBRARY_PATH=/kanaloa_vorc/install/usv_gazebo_plugins/lib:/kanaloa_vorc/install/wave_gazebo_plugins/lib PKG_CONFIG_PATH=/kanaloa_vorc/install/usv_gazebo_plugins/lib/x86_64-linux-gnu/pkgconfig:/kanaloa_vorc/install/usv_gazebo_plugins/lib/pkgconfig:/kanaloa_vorc/install/wave_gazebo_plugins/lib/x86_64-linux-gnu/pkgconfig:/kanaloa_vorc/install/wave_gazebo_plugins/lib/pkgconfig:/kanaloa_vorc/install/wamv_description/lib/x86_64-linux-gnu/pkgconfig:/kanaloa_vorc/install/wamv_description/lib/pkgconfig:/kanaloa_vorc/install/usv_msgs/lib/x86_64-linux-gnu/pkgconfig:/kanaloa_vorc/install/usv_msgs/lib/pkgconfig PYTHONPATH=/kanaloa_vorc/install/usv_msgs/lib/python2.7/dist-packages ROS_PACKAGE_PATH=/kanaloa_vorc/install/usv_gazebo_plugins/share:/kanaloa_vorc/install/wave_gazebo_plugins/share:/kanaloa_vorc/install/wamv_description/share:/kanaloa_vorc/install/usv_msgs/share /usr/bin/cmake --build /kanaloa_vorc/build/wamv_gazebo --target install -- -j6 -l6
