[0.022s] Invoking command in '/kanaloa_vorc/build/cora_description': CMAKE_PREFIX_PATH=/kanaloa_vorc/install/wamv_gazebo:/kanaloa_vorc/install/usv_gazebo_plugins:/kanaloa_vorc/install/wave_gazebo_plugins:/kanaloa_vorc/install/wamv_description:/kanaloa_vorc/install/usv_msgs LD_LIBRARY_PATH=/kanaloa_vorc/install/usv_gazebo_plugins/lib:/kanaloa_vorc/install/wave_gazebo_plugins/lib PKG_CONFIG_PATH=/kanaloa_vorc/install/wamv_gazebo/lib/x86_64-linux-gnu/pkgconfig:/kanaloa_vorc/install/wamv_gazebo/lib/pkgconfig:/kanaloa_vorc/install/usv_gazebo_plugins/lib/x86_64-linux-gnu/pkgconfig:/kanaloa_vorc/install/usv_gazebo_plugins/lib/pkgconfig:/kanaloa_vorc/install/wave_gazebo_plugins/lib/x86_64-linux-gnu/pkgconfig:/kanaloa_vorc/install/wave_gazebo_plugins/lib/pkgconfig:/kanaloa_vorc/install/wamv_description/lib/x86_64-linux-gnu/pkgconfig:/kanaloa_vorc/install/wamv_description/lib/pkgconfig:/kanaloa_vorc/install/usv_msgs/lib/x86_64-linux-gnu/pkgconfig:/kanaloa_vorc/install/usv_msgs/lib/pkgconfig PYTHONPATH=/kanaloa_vorc/install/usv_msgs/lib/python2.7/dist-packages ROS_PACKAGE_PATH=/kanaloa_vorc/install/wamv_gazebo/share:/kanaloa_vorc/install/usv_gazebo_plugins/share:/kanaloa_vorc/install/wave_gazebo_plugins/share:/kanaloa_vorc/install/wamv_description/share:/kanaloa_vorc/install/usv_msgs/share /usr/bin/cmake --build /kanaloa_vorc/build/cora_description -- -j6 -l6
[0.083s] [ 75%] Built target cora_description__xacro_auto_generate_to_devel_space_
[0.083s] [100%] Built target cora_description__xacro_auto_generate
[0.106s] [100%] Built target cora_description_xacro_generated_to_devel_space_
[0.122s] Invoked command in '/kanaloa_vorc/build/cora_description' returned '0': CMAKE_PREFIX_PATH=/kanaloa_vorc/install/wamv_gazebo:/kanaloa_vorc/install/usv_gazebo_plugins:/kanaloa_vorc/install/wave_gazebo_plugins:/kanaloa_vorc/install/wamv_description:/kanaloa_vorc/install/usv_msgs LD_LIBRARY_PATH=/kanaloa_vorc/install/usv_gazebo_plugins/lib:/kanaloa_vorc/install/wave_gazebo_plugins/lib PKG_CONFIG_PATH=/kanaloa_vorc/install/wamv_gazebo/lib/x86_64-linux-gnu/pkgconfig:/kanaloa_vorc/install/wamv_gazebo/lib/pkgconfig:/kanaloa_vorc/install/usv_gazebo_plugins/lib/x86_64-linux-gnu/pkgconfig:/kanaloa_vorc/install/usv_gazebo_plugins/lib/pkgconfig:/kanaloa_vorc/install/wave_gazebo_plugins/lib/x86_64-linux-gnu/pkgconfig:/kanaloa_vorc/install/wave_gazebo_plugins/lib/pkgconfig:/kanaloa_vorc/install/wamv_description/lib/x86_64-linux-gnu/pkgconfig:/kanaloa_vorc/install/wamv_description/lib/pkgconfig:/kanaloa_vorc/install/usv_msgs/lib/x86_64-linux-gnu/pkgconfig:/kanaloa_vorc/install/usv_msgs/lib/pkgconfig PYTHONPATH=/kanaloa_vorc/install/usv_msgs/lib/python2.7/dist-packages ROS_PACKAGE_PATH=/kanaloa_vorc/install/wamv_gazebo/share:/kanaloa_vorc/install/usv_gazebo_plugins/share:/kanaloa_vorc/install/wave_gazebo_plugins/share:/kanaloa_vorc/install/wamv_description/share:/kanaloa_vorc/install/usv_msgs/share /usr/bin/cmake --build /kanaloa_vorc/build/cora_description -- -j6 -l6
[0.298s] Invoking command in '/kanaloa_vorc/build/cora_description': CMAKE_PREFIX_PATH=/kanaloa_vorc/install/wamv_gazebo:/kanaloa_vorc/install/usv_gazebo_plugins:/kanaloa_vorc/install/wave_gazebo_plugins:/kanaloa_vorc/install/wamv_description:/kanaloa_vorc/install/usv_msgs LD_LIBRARY_PATH=/kanaloa_vorc/install/usv_gazebo_plugins/lib:/kanaloa_vorc/install/wave_gazebo_plugins/lib PKG_CONFIG_PATH=/kanaloa_vorc/install/wamv_gazebo/lib/x86_64-linux-gnu/pkgconfig:/kanaloa_vorc/install/wamv_gazebo/lib/pkgconfig:/kanaloa_vorc/install/usv_gazebo_plugins/lib/x86_64-linux-gnu/pkgconfig:/kanaloa_vorc/install/usv_gazebo_plugins/lib/pkgconfig:/kanaloa_vorc/install/wave_gazebo_plugins/lib/x86_64-linux-gnu/pkgconfig:/kanaloa_vorc/install/wave_gazebo_plugins/lib/pkgconfig:/kanaloa_vorc/install/wamv_description/lib/x86_64-linux-gnu/pkgconfig:/kanaloa_vorc/install/wamv_description/lib/pkgconfig:/kanaloa_vorc/install/usv_msgs/lib/x86_64-linux-gnu/pkgconfig:/kanaloa_vorc/install/usv_msgs/lib/pkgconfig PYTHONPATH=/kanaloa_vorc/install/usv_msgs/lib/python2.7/dist-packages ROS_PACKAGE_PATH=/kanaloa_vorc/install/wamv_gazebo/share:/kanaloa_vorc/install/usv_gazebo_plugins/share:/kanaloa_vorc/install/wave_gazebo_plugins/share:/kanaloa_vorc/install/wamv_description/share:/kanaloa_vorc/install/usv_msgs/share /usr/bin/cmake --build /kanaloa_vorc/build/cora_description --target tests -- -j6 -l6
[0.380s] Built target tests
[0.391s] Invoked command in '/kanaloa_vorc/build/cora_description' returned '0': CMAKE_PREFIX_PATH=/kanaloa_vorc/install/wamv_gazebo:/kanaloa_vorc/install/usv_gazebo_plugins:/kanaloa_vorc/install/wave_gazebo_plugins:/kanaloa_vorc/install/wamv_description:/kanaloa_vorc/install/usv_msgs LD_LIBRARY_PATH=/kanaloa_vorc/install/usv_gazebo_plugins/lib:/kanaloa_vorc/install/wave_gazebo_plugins/lib PKG_CONFIG_PATH=/kanaloa_vorc/install/wamv_gazebo/lib/x86_64-linux-gnu/pkgconfig:/kanaloa_vorc/install/wamv_gazebo/lib/pkgconfig:/kanaloa_vorc/install/usv_gazebo_plugins/lib/x86_64-linux-gnu/pkgconfig:/kanaloa_vorc/install/usv_gazebo_plugins/lib/pkgconfig:/kanaloa_vorc/install/wave_gazebo_plugins/lib/x86_64-linux-gnu/pkgconfig:/kanaloa_vorc/install/wave_gazebo_plugins/lib/pkgconfig:/kanaloa_vorc/install/wamv_description/lib/x86_64-linux-gnu/pkgconfig:/kanaloa_vorc/install/wamv_description/lib/pkgconfig:/kanaloa_vorc/install/usv_msgs/lib/x86_64-linux-gnu/pkgconfig:/kanaloa_vorc/install/usv_msgs/lib/pkgconfig PYTHONPATH=/kanaloa_vorc/install/usv_msgs/lib/python2.7/dist-packages ROS_PACKAGE_PATH=/kanaloa_vorc/install/wamv_gazebo/share:/kanaloa_vorc/install/usv_gazebo_plugins/share:/kanaloa_vorc/install/wave_gazebo_plugins/share:/kanaloa_vorc/install/wamv_description/share:/kanaloa_vorc/install/usv_msgs/share /usr/bin/cmake --build /kanaloa_vorc/build/cora_description --target tests -- -j6 -l6
[0.557s] Invoking command in '/kanaloa_vorc/build/cora_description': CMAKE_PREFIX_PATH=/kanaloa_vorc/install/wamv_gazebo:/kanaloa_vorc/install/usv_gazebo_plugins:/kanaloa_vorc/install/wave_gazebo_plugins:/kanaloa_vorc/install/wamv_description:/kanaloa_vorc/install/usv_msgs LD_LIBRARY_PATH=/kanaloa_vorc/install/usv_gazebo_plugins/lib:/kanaloa_vorc/install/wave_gazebo_plugins/lib PKG_CONFIG_PATH=/kanaloa_vorc/install/wamv_gazebo/lib/x86_64-linux-gnu/pkgconfig:/kanaloa_vorc/install/wamv_gazebo/lib/pkgconfig:/kanaloa_vorc/install/usv_gazebo_plugins/lib/x86_64-linux-gnu/pkgconfig:/kanaloa_vorc/install/usv_gazebo_plugins/lib/pkgconfig:/kanaloa_vorc/install/wave_gazebo_plugins/lib/x86_64-linux-gnu/pkgconfig:/kanaloa_vorc/install/wave_gazebo_plugins/lib/pkgconfig:/kanaloa_vorc/install/wamv_description/lib/x86_64-linux-gnu/pkgconfig:/kanaloa_vorc/install/wamv_description/lib/pkgconfig:/kanaloa_vorc/install/usv_msgs/lib/x86_64-linux-gnu/pkgconfig:/kanaloa_vorc/install/usv_msgs/lib/pkgconfig PYTHONPATH=/kanaloa_vorc/install/usv_msgs/lib/python2.7/dist-packages ROS_PACKAGE_PATH=/kanaloa_vorc/install/wamv_gazebo/share:/kanaloa_vorc/install/usv_gazebo_plugins/share:/kanaloa_vorc/install/wave_gazebo_plugins/share:/kanaloa_vorc/install/wamv_description/share:/kanaloa_vorc/install/usv_msgs/share /usr/bin/cmake --build /kanaloa_vorc/build/cora_description --target install -- -j6 -l6
[0.616s] [ 50%] Built target cora_description__xacro_auto_generate
[0.616s] [100%] Built target cora_description__xacro_auto_generate_to_devel_space_
[0.638s] [100%] Built target cora_description_xacro_generated_to_devel_space_
[0.676s] [36mInstall the project...[0m
[0.684s] -- Install configuration: ""
[0.684s] -- Up-to-date: /kanaloa_vorc/install/cora_description/lib/pkgconfig/cora_description.pc
[0.684s] -- Up-to-date: /kanaloa_vorc/install/cora_description/share/cora_description/cmake/cora_descriptionConfig.cmake
[0.684s] -- Up-to-date: /kanaloa_vorc/install/cora_description/share/cora_description/cmake/cora_descriptionConfig-version.cmake
[0.685s] -- Up-to-date: /kanaloa_vorc/install/cora_description/share/cora_description/package.xml
[0.685s] -- Up-to-date: /kanaloa_vorc/install/cora_description/share/cora_description/urdf/cora.urdf
[0.685s] -- Up-to-date: /kanaloa_vorc/install/cora_description/share/cora_description/models
[0.685s] -- Up-to-date: /kanaloa_vorc/install/cora_description/share/cora_description/models/model.config
[0.685s] -- Up-to-date: /kanaloa_vorc/install/cora_description/share/cora_description/models/meshes
[0.685s] -- Up-to-date: /kanaloa_vorc/install/cora_description/share/cora_description/models/meshes/base_v1.dae
[0.685s] -- Up-to-date: /kanaloa_vorc/install/cora_description/share/cora_description/models/meshes/propellerR.dae
[0.685s] -- Up-to-date: /kanaloa_vorc/install/cora_description/share/cora_description/models/meshes/propellerL.dae
[0.685s] -- Up-to-date: /kanaloa_vorc/install/cora_description/share/cora_description/models/meshes/base.dae
[0.685s] -- Up-to-date: /kanaloa_vorc/install/cora_description/share/cora_description/models/materials
[0.685s] -- Up-to-date: /kanaloa_vorc/install/cora_description/share/cora_description/models/materials/scripts
[0.685s] -- Up-to-date: /kanaloa_vorc/install/cora_description/share/cora_description/models/materials/scripts/model.material
[0.685s] -- Up-to-date: /kanaloa_vorc/install/cora_description/share/cora_description/models/materials/textures
[0.685s] -- Up-to-date: /kanaloa_vorc/install/cora_description/share/cora_description/models/materials/textures/Boat_Roughness.png
[0.685s] -- Up-to-date: /kanaloa_vorc/install/cora_description/share/cora_description/models/materials/textures/Boat_Metalness.png
[0.686s] -- Up-to-date: /kanaloa_vorc/install/cora_description/share/cora_description/models/materials/textures/Boat_Albedo.png
[0.686s] -- Up-to-date: /kanaloa_vorc/install/cora_description/share/cora_description/urdf
[0.686s] -- Up-to-date: /kanaloa_vorc/install/cora_description/share/cora_description/urdf/cora_dynamics_plugin.xacro
[0.686s] -- Up-to-date: /kanaloa_vorc/install/cora_description/share/cora_description/urdf/cora_thruster_config.xacro
[0.686s] -- Up-to-date: /kanaloa_vorc/install/cora_description/share/cora_description/urdf/cora.urdf.xacro
[0.686s] -- Up-to-date: /kanaloa_vorc/install/cora_description/share/cora_description/urdf/macros.xacro
[0.686s] -- Up-to-date: /kanaloa_vorc/install/cora_description/share/cora_description/urdf/thrusters.xacro
[0.686s] -- Up-to-date: /kanaloa_vorc/install/cora_description/share/cora_description/urdf/cora.xacro
[0.686s] -- Up-to-date: /kanaloa_vorc/install/cora_description/share/cora_description/urdf/cora_v1.urdf.xacro
[0.689s] Invoked command in '/kanaloa_vorc/build/cora_description' returned '0': CMAKE_PREFIX_PATH=/kanaloa_vorc/install/wamv_gazebo:/kanaloa_vorc/install/usv_gazebo_plugins:/kanaloa_vorc/install/wave_gazebo_plugins:/kanaloa_vorc/install/wamv_description:/kanaloa_vorc/install/usv_msgs LD_LIBRARY_PATH=/kanaloa_vorc/install/usv_gazebo_plugins/lib:/kanaloa_vorc/install/wave_gazebo_plugins/lib PKG_CONFIG_PATH=/kanaloa_vorc/install/wamv_gazebo/lib/x86_64-linux-gnu/pkgconfig:/kanaloa_vorc/install/wamv_gazebo/lib/pkgconfig:/kanaloa_vorc/install/usv_gazebo_plugins/lib/x86_64-linux-gnu/pkgconfig:/kanaloa_vorc/install/usv_gazebo_plugins/lib/pkgconfig:/kanaloa_vorc/install/wave_gazebo_plugins/lib/x86_64-linux-gnu/pkgconfig:/kanaloa_vorc/install/wave_gazebo_plugins/lib/pkgconfig:/kanaloa_vorc/install/wamv_description/lib/x86_64-linux-gnu/pkgconfig:/kanaloa_vorc/install/wamv_description/lib/pkgconfig:/kanaloa_vorc/install/usv_msgs/lib/x86_64-linux-gnu/pkgconfig:/kanaloa_vorc/install/usv_msgs/lib/pkgconfig PYTHONPATH=/kanaloa_vorc/install/usv_msgs/lib/python2.7/dist-packages ROS_PACKAGE_PATH=/kanaloa_vorc/install/wamv_gazebo/share:/kanaloa_vorc/install/usv_gazebo_plugins/share:/kanaloa_vorc/install/wave_gazebo_plugins/share:/kanaloa_vorc/install/wamv_description/share:/kanaloa_vorc/install/usv_msgs/share /usr/bin/cmake --build /kanaloa_vorc/build/cora_description --target install -- -j6 -l6
