[0.033s] Invoking command in '/kanaloa_vorc/build/wave_gazebo_plugins': /usr/bin/cmake /kanaloa_vorc/src/vrx/wave_gazebo_plugins -DCATKIN_INSTALL_INTO_PREFIX_ROOT=0 -DCMAKE_INSTALL_PREFIX=/kanaloa_vorc/install/wave_gazebo_plugins
[0.129s] -- The C compiler identification is GNU 7.5.0
[0.193s] -- The CXX compiler identification is GNU 7.5.0
[0.198s] -- Check for working C compiler: /usr/bin/cc
[0.256s] -- Check for working C compiler: /usr/bin/cc -- works
[0.256s] -- Detecting C compiler ABI info
[0.318s] -- Detecting C compiler ABI info - done
[0.325s] -- Detecting C compile features
[0.508s] -- Detecting C compile features - done
[0.511s] -- Check for working CXX compiler: /usr/bin/c++
[0.578s] -- Check for working CXX compiler: /usr/bin/c++ -- works
[0.579s] -- Detecting CXX compiler ABI info
[0.651s] -- Detecting CXX compiler ABI info - done
[0.658s] -- Detecting CXX compile features
[0.975s] -- Detecting CXX compile features - done
[0.982s] -- Performing Test COMPILER_SUPPORTS_CXX14
[1.049s] -- Performing Test COMPILER_SUPPORTS_CXX14 - Success
[1.053s] -- Performing Test COMPILER_SUPPORTS_CXX0X
[1.120s] -- Performing Test COMPILER_SUPPORTS_CXX0X - Success
[1.121s] -- Using CATKIN_DEVEL_PREFIX: /kanaloa_vorc/build/wave_gazebo_plugins/devel
[1.122s] -- Using CMAKE_PREFIX_PATH: /vorc_ws/install/vorc_gazebo;/vorc_ws/install/vrx_gazebo;/vorc_ws/install/wave_gazebo;/vorc_ws/install/cora_description;/vorc_ws/install/wamv_gazebo;/vorc_ws/install/usv_gazebo_plugins;/vorc_ws/install/wave_gazebo_plugins;/vorc_ws/install/wamv_description;/vorc_ws/install/usv_msgs;/opt/ros/melodic
[1.122s] -- This workspace overlays: /opt/ros/melodic
[1.133s] -- Found PythonInterp: /usr/bin/python2 (found suitable version "2.7.17", minimum required is "2") 
[1.133s] -- Using PYTHON_EXECUTABLE: /usr/bin/python2
[1.133s] -- Using Debian Python package layout
[1.134s] -- Using empy: /usr/bin/empy
[1.249s] -- Using CATKIN_ENABLE_TESTING: ON
[1.249s] -- Call enable_testing()
[1.250s] -- Using CATKIN_TEST_RESULTS_DIR: /kanaloa_vorc/build/wave_gazebo_plugins/test_results
[1.269s] -- Found gtest sources under '/usr/src/googletest': gtests will be built
[1.269s] -- Found gmock sources under '/usr/src/googletest': gmock will be built
[1.281s] -- Found PythonInterp: /usr/bin/python2 (found version "2.7.17") 
[1.281s] -- Looking for pthread.h
[1.344s] -- Looking for pthread.h - found
[1.345s] -- Looking for pthread_create
[1.405s] -- Looking for pthread_create - not found
[1.405s] -- Looking for pthread_create in pthreads
[1.457s] -- Looking for pthread_create in pthreads - not found
[1.457s] -- Looking for pthread_create in pthread
[1.515s] -- Looking for pthread_create in pthread - found
[1.516s] -- Found Threads: TRUE  
[1.520s] -- Using Python nosetests: /usr/bin/nosetests-2.7
[1.555s] -- catkin 0.7.29
[1.555s] -- BUILD_SHARED_LIBS is on
[1.749s] -- Using these message generators: gencpp;geneus;genlisp;gennodejs;genpy
[1.886s] -- Found PkgConfig: /usr/bin/pkg-config (found version "0.29.1") 
[1.887s] -- Checking for module 'bullet>=2.82'
[1.924s] --   Found bullet, version 2.87
[2.012s] -- Found Simbody: /usr/include/simbody  
[2.147s] -- Boost version: 1.65.1
[2.147s] -- Found the following Boost libraries:
[2.149s] --   thread
[2.149s] --   system
[2.149s] --   filesystem
[2.149s] --   program_options
[2.149s] --   regex
[2.150s] --   iostreams
[2.150s] --   date_time
[2.150s] --   chrono
[2.150s] --   atomic
[2.206s] -- Found Protobuf: /usr/lib/x86_64-linux-gnu/libprotobuf.so;-lpthread (found version "3.0.0") 
[2.302s] -- Boost version: 1.65.1
[2.309s] -- Looking for OGRE...
[2.311s] -- OGRE_PREFIX_WATCH changed.
[2.333s] -- Checking for module 'OGRE'
[2.354s] --   Found OGRE, version 1.9.0
[2.408s] -- Found Ogre Ghadamon (1.9.0)
[2.414s] -- Found OGRE: optimized;/usr/lib/x86_64-linux-gnu/libOgreMain.so;debug;/usr/lib/x86_64-linux-gnu/libOgreMain.so
[2.502s] -- Looking for OGRE_Paging...
[2.509s] -- Found OGRE_Paging: optimized;/usr/lib/x86_64-linux-gnu/libOgrePaging.so;debug;/usr/lib/x86_64-linux-gnu/libOgrePaging.so
[2.509s] -- Looking for OGRE_Terrain...
[2.514s] -- Found OGRE_Terrain: optimized;/usr/lib/x86_64-linux-gnu/libOgreTerrain.so;debug;/usr/lib/x86_64-linux-gnu/libOgreTerrain.so
[2.514s] -- Looking for OGRE_Property...
[2.548s] -- Found OGRE_Property: optimized;/usr/lib/x86_64-linux-gnu/libOgreProperty.so;debug;/usr/lib/x86_64-linux-gnu/libOgreProperty.so
[2.551s] -- Looking for OGRE_RTShaderSystem...
[2.559s] -- Found OGRE_RTShaderSystem: optimized;/usr/lib/x86_64-linux-gnu/libOgreRTShaderSystem.so;debug;/usr/lib/x86_64-linux-gnu/libOgreRTShaderSystem.so
[2.559s] -- Looking for OGRE_Volume...
[2.567s] -- Found OGRE_Volume: optimized;/usr/lib/x86_64-linux-gnu/libOgreVolume.so;debug;/usr/lib/x86_64-linux-gnu/libOgreVolume.so
[2.567s] -- Looking for OGRE_Overlay...
[2.582s] -- Found OGRE_Overlay: optimized;/usr/lib/x86_64-linux-gnu/libOgreOverlay.so;debug;/usr/lib/x86_64-linux-gnu/libOgreOverlay.so
[2.676s] -- Found Protobuf: /usr/lib/x86_64-linux-gnu/libprotobuf.so;-lpthread;-lpthread (found suitable version "3.0.0", minimum required is "2.3.0") 
[2.676s] -- Config-file not installed for ZeroMQ -- checking for pkg-config
[2.680s] -- Checking for module 'libzmq >= 4'
[2.694s] --   Found libzmq , version 4.2.5
[2.731s] -- Found ZeroMQ: TRUE (Required is at least version "4") 
[2.737s] -- Checking for module 'uuid'
[2.768s] --   Found uuid, version 2.31.1
[2.811s] -- Found UUID: TRUE  
[2.824s] -- Checking for module 'tinyxml2'
[2.837s] --   Found tinyxml2, version 6.0.0
[2.872s] -- Looking for dlfcn.h - found
[2.872s] -- Looking for libdl - found
[2.873s] -- Found DL: TRUE  
[2.874s] -- FreeImage.pc not found, we will search for FreeImage_INCLUDE_DIRS and FreeImage_LIBRARIES
[2.988s] -- Checking for module 'gts'
[3.002s] --   Found gts, version 0.7.6
[3.044s] -- Found GTS: TRUE  
[3.047s] -- Checking for module 'libswscale'
[3.062s] --   Found libswscale, version 4.8.100
[3.098s] -- Found SWSCALE: TRUE  
[3.104s] -- Checking for module 'libavdevice >= 56.4.100'
[3.119s] --   Found libavdevice , version 57.10.100
[3.178s] -- Found AVDEVICE: TRUE (Required is at least version "56.4.100") 
[3.182s] -- Checking for module 'libavformat'
[3.193s] --   Found libavformat, version 57.83.100
[3.239s] -- Found AVFORMAT: TRUE  
[3.243s] -- Checking for module 'libavcodec'
[3.260s] --   Found libavcodec, version 57.107.100
[3.295s] -- Found AVCODEC: TRUE  
[3.298s] -- Checking for module 'libavutil'
[3.309s] --   Found libavutil, version 55.78.100
[3.337s] -- Found AVUTIL: TRUE  
[3.344s] -- Found CURL: /usr/lib/x86_64-linux-gnu/libcurl.so (found version "7.58.0") 
[3.351s] -- Checking for module 'jsoncpp'
[3.364s] --   Found jsoncpp, version 1.7.4
[3.393s] -- Found JSONCPP: TRUE  
[3.404s] -- Checking for module 'yaml-0.1'
[3.416s] --   Found yaml-0.1, version 0.1.7
[3.444s] -- Found YAML: TRUE  
[3.448s] -- Checking for module 'libzip'
[3.459s] --   Found libzip, version 1.1.2
[3.488s] -- Found ZIP: TRUE  
[3.591s] -- Configuring done
[3.720s] -- Generating done
[3.730s] -- Build files have been written to: /kanaloa_vorc/build/wave_gazebo_plugins
[3.734s] Invoked command in '/kanaloa_vorc/build/wave_gazebo_plugins' returned '0': /usr/bin/cmake /kanaloa_vorc/src/vrx/wave_gazebo_plugins -DCATKIN_INSTALL_INTO_PREFIX_ROOT=0 -DCMAKE_INSTALL_PREFIX=/kanaloa_vorc/install/wave_gazebo_plugins
[3.737s] Invoking command in '/kanaloa_vorc/build/wave_gazebo_plugins': /usr/bin/cmake --build /kanaloa_vorc/build/wave_gazebo_plugins -- -j6 -l6
[3.776s] [35m[1mScanning dependencies of target Hydrodynamics[0m
[4.126s] [ 28%] [32mBuilding CXX object CMakeFiles/Hydrodynamics.dir/src/Gazebo.cc.o[0m
[4.126s] [ 28%] [32mBuilding CXX object CMakeFiles/Hydrodynamics.dir/src/Geometry.cc.o[0m
[4.126s] [ 28%] [32mBuilding CXX object CMakeFiles/Hydrodynamics.dir/src/PhysicalConstants.cc.o[0m
[4.126s] [ 28%] [32mBuilding CXX object CMakeFiles/Hydrodynamics.dir/src/Utilities.cc.o[0m
[4.129s] [ 35%] [32mBuilding CXX object CMakeFiles/Hydrodynamics.dir/src/Wavefield.cc.o[0m
[4.131s] [ 42%] [32mBuilding CXX object CMakeFiles/Hydrodynamics.dir/src/Physics.cc.o[0m
[4.152s] [ 50%] [32mBuilding CXX object CMakeFiles/Hydrodynamics.dir/src/WavefieldEntity.cc.o[0m
[14.626s] [ 57%] [32m[1mLinking CXX shared library devel/lib/libHydrodynamics.so[0m
[15.082s] [ 57%] Built target Hydrodynamics
[15.092s] [35m[1mScanning dependencies of target WavefieldModelPlugin[0m
[15.092s] [35m[1mScanning dependencies of target WavefieldVisualPlugin[0m
[15.169s] [ 64%] [32mBuilding CXX object CMakeFiles/WavefieldModelPlugin.dir/src/WavefieldModelPlugin.cc.o[0m
[15.171s] [ 71%] [32mBuilding CXX object CMakeFiles/WavefieldVisualPlugin.dir/src/WavefieldVisualPlugin.cc.o[0m
[19.799s] [ 78%] [32m[1mLinking CXX shared library devel/lib/libWavefieldModelPlugin.so[0m
[20.188s] [ 78%] Built target WavefieldModelPlugin
[20.197s] [35m[1mScanning dependencies of target wavegauge_plugin[0m
[20.275s] [ 85%] [32mBuilding CXX object CMakeFiles/wavegauge_plugin.dir/src/wavegauge_plugin.cc.o[0m
[24.355s] [ 92%] [32m[1mLinking CXX shared library devel/lib/libWavefieldVisualPlugin.so[0m
[24.820s] [ 92%] Built target WavefieldVisualPlugin
[25.149s] [100%] [32m[1mLinking CXX shared library devel/lib/libwavegauge_plugin.so[0m
[25.506s] [100%] Built target wavegauge_plugin
[25.515s] Invoked command in '/kanaloa_vorc/build/wave_gazebo_plugins' returned '0': /usr/bin/cmake --build /kanaloa_vorc/build/wave_gazebo_plugins -- -j6 -l6
[25.589s] Invoking command in '/kanaloa_vorc/build/wave_gazebo_plugins': /usr/bin/cmake --build /kanaloa_vorc/build/wave_gazebo_plugins --target tests -- -j6 -l6
[25.639s] [35m[1mScanning dependencies of target gtest[0m
[25.669s] [  8%] [32mBuilding CXX object gtest/googlemock/gtest/CMakeFiles/gtest.dir/src/gtest-all.cc.o[0m
[25.674s] [ 75%] Built target Hydrodynamics
[27.285s] [ 83%] [32m[1mLinking CXX shared library libgtest.so[0m
[27.373s] [ 83%] Built target gtest
[27.381s] [35m[1mScanning dependencies of target UNIT_Wavefield_TEST[0m
[27.461s] [ 91%] [32mBuilding CXX object CMakeFiles/UNIT_Wavefield_TEST.dir/src/Wavefield_TEST.cc.o[0m
[31.640s] [100%] [32m[1mLinking CXX executable devel/lib/wave_gazebo_plugins/UNIT_Wavefield_TEST[0m
[32.587s] [100%] Built target UNIT_Wavefield_TEST
[32.595s] [35m[1mScanning dependencies of target tests[0m
[32.603s] [100%] Built target tests
[32.613s] Invoked command in '/kanaloa_vorc/build/wave_gazebo_plugins' returned '0': /usr/bin/cmake --build /kanaloa_vorc/build/wave_gazebo_plugins --target tests -- -j6 -l6
[32.687s] Invoking command in '/kanaloa_vorc/build/wave_gazebo_plugins': /usr/bin/cmake --build /kanaloa_vorc/build/wave_gazebo_plugins --target install -- -j6 -l6
[32.760s] [ 57%] Built target Hydrodynamics
[32.791s] [ 85%] Built target WavefieldVisualPlugin
[32.791s] [ 85%] Built target WavefieldModelPlugin
[32.822s] [100%] Built target wavegauge_plugin
[32.839s] [36mInstall the project...[0m
[32.845s] -- Install configuration: ""
[32.846s] -- Installing: /kanaloa_vorc/install/wave_gazebo_plugins/lib/pkgconfig/wave_gazebo_plugins.pc
[32.846s] -- Installing: /kanaloa_vorc/install/wave_gazebo_plugins/share/wave_gazebo_plugins/cmake/wave_gazebo_pluginsConfig.cmake
[32.846s] -- Installing: /kanaloa_vorc/install/wave_gazebo_plugins/share/wave_gazebo_plugins/cmake/wave_gazebo_pluginsConfig-version.cmake
[32.846s] -- Installing: /kanaloa_vorc/install/wave_gazebo_plugins/share/wave_gazebo_plugins/package.xml
[32.846s] -- Installing: /kanaloa_vorc/install/wave_gazebo_plugins/lib/libHydrodynamics.so
[32.847s] -- Set runtime path of "/kanaloa_vorc/install/wave_gazebo_plugins/lib/libHydrodynamics.so" to ""
[32.847s] -- Installing: /kanaloa_vorc/install/wave_gazebo_plugins/lib/libWavefieldModelPlugin.so
[32.847s] -- Set runtime path of "/kanaloa_vorc/install/wave_gazebo_plugins/lib/libWavefieldModelPlugin.so" to ""
[32.848s] -- Installing: /kanaloa_vorc/install/wave_gazebo_plugins/lib/libWavefieldVisualPlugin.so
[32.848s] -- Set runtime path of "/kanaloa_vorc/install/wave_gazebo_plugins/lib/libWavefieldVisualPlugin.so" to ""
[32.848s] -- Installing: /kanaloa_vorc/install/wave_gazebo_plugins/lib/libwavegauge_plugin.so
[32.849s] -- Set runtime path of "/kanaloa_vorc/install/wave_gazebo_plugins/lib/libwavegauge_plugin.so" to ""
[32.849s] -- Installing: /kanaloa_vorc/install/wave_gazebo_plugins/include/wave_gazebo_plugins
[32.849s] -- Installing: /kanaloa_vorc/install/wave_gazebo_plugins/include/wave_gazebo_plugins/WavefieldEntity.hh
[32.850s] -- Installing: /kanaloa_vorc/install/wave_gazebo_plugins/include/wave_gazebo_plugins/Gazebo.hh
[32.850s] -- Installing: /kanaloa_vorc/install/wave_gazebo_plugins/include/wave_gazebo_plugins/Wavefield.hh
[32.850s] -- Installing: /kanaloa_vorc/install/wave_gazebo_plugins/include/wave_gazebo_plugins/Physics.hh
[32.850s] -- Installing: /kanaloa_vorc/install/wave_gazebo_plugins/include/wave_gazebo_plugins/Geometry.hh
[32.850s] -- Installing: /kanaloa_vorc/install/wave_gazebo_plugins/include/wave_gazebo_plugins/PhysicalConstants.hh
[32.850s] -- Installing: /kanaloa_vorc/install/wave_gazebo_plugins/include/wave_gazebo_plugins/Utilities.hh
[32.850s] -- Installing: /kanaloa_vorc/install/wave_gazebo_plugins/include/wave_gazebo_plugins/WavefieldModelPlugin.hh
[32.850s] -- Installing: /kanaloa_vorc/install/wave_gazebo_plugins/include/wave_gazebo_plugins/wavegauge_plugin.hh
[32.850s] -- Installing: /kanaloa_vorc/install/wave_gazebo_plugins/include/wave_gazebo_plugins/WavefieldVisualPlugin.hh
[32.851s] -- Up-to-date: /kanaloa_vorc/install/wave_gazebo_plugins/include
[32.851s] -- Up-to-date: /kanaloa_vorc/install/wave_gazebo_plugins/include/wave_gazebo_plugins
[32.851s] -- Up-to-date: /kanaloa_vorc/install/wave_gazebo_plugins/include/wave_gazebo_plugins
[32.851s] -- Installing: /kanaloa_vorc/install/wave_gazebo_plugins/include/wave_gazebo_plugins/CMakeTmp
[32.851s] -- Installing: /kanaloa_vorc/install/wave_gazebo_plugins/include/wave_gazebo_plugins/catkin_generated
[32.851s] -- Installing: /kanaloa_vorc/install/wave_gazebo_plugins/include/wave_gazebo_plugins/catkin_generated/installspace
[32.851s] -- Installing: /kanaloa_vorc/install/wave_gazebo_plugins/include/wave_gazebo_plugins/catkin_generated/stamps
[32.852s] -- Installing: /kanaloa_vorc/install/wave_gazebo_plugins/include/wave_gazebo_plugins/catkin_generated/stamps/wave_gazebo_plugins
[32.852s] -- Installing: /kanaloa_vorc/install/wave_gazebo_plugins/include/wave_gazebo_plugins/devel
[32.852s] -- Installing: /kanaloa_vorc/install/wave_gazebo_plugins/include/wave_gazebo_plugins/devel/share
[32.852s] -- Installing: /kanaloa_vorc/install/wave_gazebo_plugins/include/wave_gazebo_plugins/devel/share/wave_gazebo_plugins
[32.852s] -- Installing: /kanaloa_vorc/install/wave_gazebo_plugins/include/wave_gazebo_plugins/devel/share/wave_gazebo_plugins/cmake
[32.852s] -- Installing: /kanaloa_vorc/install/wave_gazebo_plugins/include/wave_gazebo_plugins/devel/lib
[32.852s] -- Installing: /kanaloa_vorc/install/wave_gazebo_plugins/include/wave_gazebo_plugins/devel/lib/pkgconfig
[32.852s] -- Installing: /kanaloa_vorc/install/wave_gazebo_plugins/include/wave_gazebo_plugins/devel/lib/wave_gazebo_plugins
[32.852s] -- Installing: /kanaloa_vorc/install/wave_gazebo_plugins/include/wave_gazebo_plugins/catkin
[32.852s] -- Installing: /kanaloa_vorc/install/wave_gazebo_plugins/include/wave_gazebo_plugins/catkin/catkin_generated
[32.853s] -- Installing: /kanaloa_vorc/install/wave_gazebo_plugins/include/wave_gazebo_plugins/catkin/catkin_generated/version
[32.853s] -- Installing: /kanaloa_vorc/install/wave_gazebo_plugins/include/wave_gazebo_plugins/CMakeFiles
[32.853s] -- Installing: /kanaloa_vorc/install/wave_gazebo_plugins/include/wave_gazebo_plugins/CMakeFiles/Hydrodynamics.dir
[32.853s] -- Installing: /kanaloa_vorc/install/wave_gazebo_plugins/include/wave_gazebo_plugins/CMakeFiles/Hydrodynamics.dir/src
[32.853s] -- Installing: /kanaloa_vorc/install/wave_gazebo_plugins/include/wave_gazebo_plugins/CMakeFiles/roscpp_generate_messages_py.dir
[32.853s] -- Installing: /kanaloa_vorc/install/wave_gazebo_plugins/include/wave_gazebo_plugins/CMakeFiles/WavefieldVisualPlugin.dir
[32.853s] -- Installing: /kanaloa_vorc/install/wave_gazebo_plugins/include/wave_gazebo_plugins/CMakeFiles/WavefieldVisualPlugin.dir/src
[32.853s] -- Installing: /kanaloa_vorc/install/wave_gazebo_plugins/include/wave_gazebo_plugins/CMakeFiles/tf2_msgs_generate_messages_cpp.dir
[32.853s] -- Installing: /kanaloa_vorc/install/wave_gazebo_plugins/include/wave_gazebo_plugins/CMakeFiles/_run_tests_wave_gazebo_plugins.dir
[32.854s] -- Installing: /kanaloa_vorc/install/wave_gazebo_plugins/include/wave_gazebo_plugins/CMakeFiles/gazebo_msgs_generate_messages_cpp.dir
[32.854s] -- Installing: /kanaloa_vorc/install/wave_gazebo_plugins/include/wave_gazebo_plugins/CMakeFiles/_run_tests_wave_gazebo_plugins_gtest.dir
[32.854s] -- Installing: /kanaloa_vorc/install/wave_gazebo_plugins/include/wave_gazebo_plugins/CMakeFiles/dynamic_reconfigure_gencfg.dir
[32.854s] -- Installing: /kanaloa_vorc/install/wave_gazebo_plugins/include/wave_gazebo_plugins/CMakeFiles/std_msgs_generate_messages_lisp.dir
[32.854s] -- Installing: /kanaloa_vorc/install/wave_gazebo_plugins/include/wave_gazebo_plugins/CMakeFiles/std_msgs_generate_messages_py.dir
[32.854s] -- Installing: /kanaloa_vorc/install/wave_gazebo_plugins/include/wave_gazebo_plugins/CMakeFiles/dynamic_reconfigure_generate_messages_cpp.dir
[32.854s] -- Installing: /kanaloa_vorc/install/wave_gazebo_plugins/include/wave_gazebo_plugins/CMakeFiles/sensor_msgs_generate_messages_cpp.dir
[32.854s] -- Installing: /kanaloa_vorc/install/wave_gazebo_plugins/include/wave_gazebo_plugins/CMakeFiles/run_tests_wave_gazebo_plugins_gtest.dir
[32.855s] -- Installing: /kanaloa_vorc/install/wave_gazebo_plugins/include/wave_gazebo_plugins/CMakeFiles/trajectory_msgs_generate_messages_eus.dir
[32.855s] -- Installing: /kanaloa_vorc/install/wave_gazebo_plugins/include/wave_gazebo_plugins/CMakeFiles/trajectory_msgs_generate_messages_cpp.dir
[32.855s] -- Installing: /kanaloa_vorc/install/wave_gazebo_plugins/include/wave_gazebo_plugins/CMakeFiles/CMakeTmp
[32.855s] -- Installing: /kanaloa_vorc/install/wave_gazebo_plugins/include/wave_gazebo_plugins/CMakeFiles/rosgraph_msgs_generate_messages_eus.dir
[32.855s] -- Installing: /kanaloa_vorc/install/wave_gazebo_plugins/include/wave_gazebo_plugins/CMakeFiles/actionlib_generate_messages_eus.dir
[32.855s] -- Installing: /kanaloa_vorc/install/wave_gazebo_plugins/include/wave_gazebo_plugins/CMakeFiles/clean_test_results_wave_gazebo_plugins.dir
[32.855s] -- Installing: /kanaloa_vorc/install/wave_gazebo_plugins/include/wave_gazebo_plugins/CMakeFiles/rosgraph_msgs_generate_messages_py.dir
[32.855s] -- Installing: /kanaloa_vorc/install/wave_gazebo_plugins/include/wave_gazebo_plugins/CMakeFiles/tf2_msgs_generate_messages_lisp.dir
[32.856s] -- Installing: /kanaloa_vorc/install/wave_gazebo_plugins/include/wave_gazebo_plugins/CMakeFiles/gazebo_msgs_generate_messages_lisp.dir
[32.856s] -- Installing: /kanaloa_vorc/install/wave_gazebo_plugins/include/wave_gazebo_plugins/CMakeFiles/wavegauge_plugin.dir
[32.856s] -- Installing: /kanaloa_vorc/install/wave_gazebo_plugins/include/wave_gazebo_plugins/CMakeFiles/wavegauge_plugin.dir/src
[32.856s] -- Installing: /kanaloa_vorc/install/wave_gazebo_plugins/include/wave_gazebo_plugins/CMakeFiles/rosgraph_msgs_generate_messages_nodejs.dir
[32.856s] -- Installing: /kanaloa_vorc/install/wave_gazebo_plugins/include/wave_gazebo_plugins/CMakeFiles/run_tests.dir
[32.856s] -- Installing: /kanaloa_vorc/install/wave_gazebo_plugins/include/wave_gazebo_plugins/CMakeFiles/tf2_msgs_generate_messages_py.dir
[32.856s] -- Installing: /kanaloa_vorc/install/wave_gazebo_plugins/include/wave_gazebo_plugins/CMakeFiles/rosgraph_msgs_generate_messages_lisp.dir
[32.856s] -- Installing: /kanaloa_vorc/install/wave_gazebo_plugins/include/wave_gazebo_plugins/CMakeFiles/_catkin_empty_exported_target.dir
[32.857s] -- Installing: /kanaloa_vorc/install/wave_gazebo_plugins/include/wave_gazebo_plugins/CMakeFiles/geometry_msgs_generate_messages_py.dir
[32.857s] -- Installing: /kanaloa_vorc/install/wave_gazebo_plugins/include/wave_gazebo_plugins/CMakeFiles/tf_generate_messages_eus.dir
[32.857s] -- Installing: /kanaloa_vorc/install/wave_gazebo_plugins/include/wave_gazebo_plugins/CMakeFiles/actionlib_generate_messages_lisp.dir
[32.857s] -- Installing: /kanaloa_vorc/install/wave_gazebo_plugins/include/wave_gazebo_plugins/CMakeFiles/std_srvs_generate_messages_eus.dir
[32.857s] -- Installing: /kanaloa_vorc/install/wave_gazebo_plugins/include/wave_gazebo_plugins/CMakeFiles/roscpp_generate_messages_nodejs.dir
[32.857s] -- Installing: /kanaloa_vorc/install/wave_gazebo_plugins/include/wave_gazebo_plugins/CMakeFiles/run_tests_wave_gazebo_plugins.dir
[32.857s] -- Installing: /kanaloa_vorc/install/wave_gazebo_plugins/include/wave_gazebo_plugins/CMakeFiles/geometry_msgs_generate_messages_eus.dir
[32.858s] -- Installing: /kanaloa_vorc/install/wave_gazebo_plugins/include/wave_gazebo_plugins/CMakeFiles/gazebo_msgs_generate_messages_nodejs.dir
[32.858s] -- Installing: /kanaloa_vorc/install/wave_gazebo_plugins/include/wave_gazebo_plugins/CMakeFiles/actionlib_generate_messages_py.dir
[32.858s] -- Installing: /kanaloa_vorc/install/wave_gazebo_plugins/include/wave_gazebo_plugins/CMakeFiles/tests.dir
[32.858s] -- Installing: /kanaloa_vorc/install/wave_gazebo_plugins/include/wave_gazebo_plugins/CMakeFiles/actionlib_msgs_generate_messages_py.dir
[32.858s] -- Installing: /kanaloa_vorc/install/wave_gazebo_plugins/include/wave_gazebo_plugins/CMakeFiles/sensor_msgs_generate_messages_eus.dir
[32.858s] -- Installing: /kanaloa_vorc/install/wave_gazebo_plugins/include/wave_gazebo_plugins/CMakeFiles/std_msgs_generate_messages_eus.dir
[32.858s] -- Installing: /kanaloa_vorc/install/wave_gazebo_plugins/include/wave_gazebo_plugins/CMakeFiles/std_msgs_generate_messages_nodejs.dir
[32.859s] -- Installing: /kanaloa_vorc/install/wave_gazebo_plugins/include/wave_gazebo_plugins/CMakeFiles/trajectory_msgs_generate_messages_py.dir
[32.859s] -- Installing: /kanaloa_vorc/install/wave_gazebo_plugins/include/wave_gazebo_plugins/CMakeFiles/roscpp_generate_messages_lisp.dir
[32.859s] -- Installing: /kanaloa_vorc/install/wave_gazebo_plugins/include/wave_gazebo_plugins/CMakeFiles/tf_generate_messages_cpp.dir
[32.859s] -- Installing: /kanaloa_vorc/install/wave_gazebo_plugins/include/wave_gazebo_plugins/CMakeFiles/run_tests_wave_gazebo_plugins_gtest_UNIT_Wavefield_TEST.dir
[32.859s] -- Installing: /kanaloa_vorc/install/wave_gazebo_plugins/include/wave_gazebo_plugins/CMakeFiles/tf2_msgs_generate_messages_nodejs.dir
[32.859s] -- Installing: /kanaloa_vorc/install/wave_gazebo_plugins/include/wave_gazebo_plugins/CMakeFiles/geometry_msgs_generate_messages_cpp.dir
[32.859s] -- Installing: /kanaloa_vorc/install/wave_gazebo_plugins/include/wave_gazebo_plugins/CMakeFiles/dynamic_reconfigure_generate_messages_py.dir
[32.859s] -- Installing: /kanaloa_vorc/install/wave_gazebo_plugins/include/wave_gazebo_plugins/CMakeFiles/tf2_msgs_generate_messages_eus.dir
[32.859s] -- Installing: /kanaloa_vorc/install/wave_gazebo_plugins/include/wave_gazebo_plugins/CMakeFiles/std_msgs_generate_messages_cpp.dir
[32.859s] -- Installing: /kanaloa_vorc/install/wave_gazebo_plugins/include/wave_gazebo_plugins/CMakeFiles/geometry_msgs_generate_messages_lisp.dir
[32.859s] -- Installing: /kanaloa_vorc/install/wave_gazebo_plugins/include/wave_gazebo_plugins/CMakeFiles/roscpp_generate_messages_eus.dir
[32.859s] -- Installing: /kanaloa_vorc/install/wave_gazebo_plugins/include/wave_gazebo_plugins/CMakeFiles/clean_test_results.dir
[32.859s] -- Installing: /kanaloa_vorc/install/wave_gazebo_plugins/include/wave_gazebo_plugins/CMakeFiles/gazebo_ros_gencfg.dir
[32.859s] -- Installing: /kanaloa_vorc/install/wave_gazebo_plugins/include/wave_gazebo_plugins/CMakeFiles/tf_generate_messages_py.dir
[32.859s] -- Installing: /kanaloa_vorc/install/wave_gazebo_plugins/include/wave_gazebo_plugins/CMakeFiles/std_srvs_generate_messages_cpp.dir
[32.859s] -- Installing: /kanaloa_vorc/install/wave_gazebo_plugins/include/wave_gazebo_plugins/CMakeFiles/trajectory_msgs_generate_messages_nodejs.dir
[32.859s] -- Installing: /kanaloa_vorc/install/wave_gazebo_plugins/include/wave_gazebo_plugins/CMakeFiles/WavefieldModelPlugin.dir
[32.859s] -- Installing: /kanaloa_vorc/install/wave_gazebo_plugins/include/wave_gazebo_plugins/CMakeFiles/WavefieldModelPlugin.dir/src
[32.860s] -- Installing: /kanaloa_vorc/install/wave_gazebo_plugins/include/wave_gazebo_plugins/CMakeFiles/UNIT_Wavefield_TEST.dir
[32.860s] -- Installing: /kanaloa_vorc/install/wave_gazebo_plugins/include/wave_gazebo_plugins/CMakeFiles/UNIT_Wavefield_TEST.dir/src
[32.860s] -- Installing: /kanaloa_vorc/install/wave_gazebo_plugins/include/wave_gazebo_plugins/CMakeFiles/actionlib_msgs_generate_messages_lisp.dir
[32.860s] -- Installing: /kanaloa_vorc/install/wave_gazebo_plugins/include/wave_gazebo_plugins/CMakeFiles/dynamic_reconfigure_generate_messages_eus.dir
[32.860s] -- Installing: /kanaloa_vorc/install/wave_gazebo_plugins/include/wave_gazebo_plugins/CMakeFiles/gazebo_msgs_generate_messages_eus.dir
[32.860s] -- Installing: /kanaloa_vorc/install/wave_gazebo_plugins/include/wave_gazebo_plugins/CMakeFiles/roscpp_generate_messages_cpp.dir
[32.860s] -- Installing: /kanaloa_vorc/install/wave_gazebo_plugins/include/wave_gazebo_plugins/CMakeFiles/tf_generate_messages_lisp.dir
[32.860s] -- Installing: /kanaloa_vorc/install/wave_gazebo_plugins/include/wave_gazebo_plugins/CMakeFiles/rosgraph_msgs_generate_messages_cpp.dir
[32.860s] -- Installing: /kanaloa_vorc/install/wave_gazebo_plugins/include/wave_gazebo_plugins/CMakeFiles/actionlib_msgs_generate_messages_nodejs.dir
[32.860s] -- Installing: /kanaloa_vorc/install/wave_gazebo_plugins/include/wave_gazebo_plugins/CMakeFiles/sensor_msgs_generate_messages_lisp.dir
[32.860s] -- Installing: /kanaloa_vorc/install/wave_gazebo_plugins/include/wave_gazebo_plugins/CMakeFiles/trajectory_msgs_generate_messages_lisp.dir
[32.860s] -- Installing: /kanaloa_vorc/install/wave_gazebo_plugins/include/wave_gazebo_plugins/CMakeFiles/dynamic_reconfigure_generate_messages_lisp.dir
[32.860s] -- Installing: /kanaloa_vorc/install/wave_gazebo_plugins/include/wave_gazebo_plugins/CMakeFiles/tf_generate_messages_nodejs.dir
[32.860s] -- Installing: /kanaloa_vorc/install/wave_gazebo_plugins/include/wave_gazebo_plugins/CMakeFiles/gazebo_msgs_generate_messages_py.dir
[32.860s] -- Installing: /kanaloa_vorc/install/wave_gazebo_plugins/include/wave_gazebo_plugins/CMakeFiles/sensor_msgs_generate_messages_nodejs.dir
[32.860s] -- Installing: /kanaloa_vorc/install/wave_gazebo_plugins/include/wave_gazebo_plugins/CMakeFiles/dynamic_reconfigure_generate_messages_nodejs.dir
[32.860s] -- Installing: /kanaloa_vorc/install/wave_gazebo_plugins/include/wave_gazebo_plugins/CMakeFiles/download_extra_data.dir
[32.861s] -- Installing: /kanaloa_vorc/install/wave_gazebo_plugins/include/wave_gazebo_plugins/CMakeFiles/std_srvs_generate_messages_py.dir
[32.861s] -- Installing: /kanaloa_vorc/install/wave_gazebo_plugins/include/wave_gazebo_plugins/CMakeFiles/actionlib_generate_messages_cpp.dir
[32.861s] -- Installing: /kanaloa_vorc/install/wave_gazebo_plugins/include/wave_gazebo_plugins/CMakeFiles/_run_tests_wave_gazebo_plugins_gtest_UNIT_Wavefield_TEST.dir
[32.861s] -- Installing: /kanaloa_vorc/install/wave_gazebo_plugins/include/wave_gazebo_plugins/CMakeFiles/geometry_msgs_generate_messages_nodejs.dir
[32.861s] -- Installing: /kanaloa_vorc/install/wave_gazebo_plugins/include/wave_gazebo_plugins/CMakeFiles/doxygen.dir
[32.862s] -- Installing: /kanaloa_vorc/install/wave_gazebo_plugins/include/wave_gazebo_plugins/CMakeFiles/actionlib_msgs_generate_messages_eus.dir
[32.862s] -- Installing: /kanaloa_vorc/install/wave_gazebo_plugins/include/wave_gazebo_plugins/CMakeFiles/sensor_msgs_generate_messages_py.dir
[32.862s] -- Installing: /kanaloa_vorc/install/wave_gazebo_plugins/include/wave_gazebo_plugins/CMakeFiles/std_srvs_generate_messages_lisp.dir
[32.864s] -- Installing: /kanaloa_vorc/install/wave_gazebo_plugins/include/wave_gazebo_plugins/CMakeFiles/actionlib_msgs_generate_messages_cpp.dir
[32.864s] -- Installing: /kanaloa_vorc/install/wave_gazebo_plugins/include/wave_gazebo_plugins/CMakeFiles/actionlib_generate_messages_nodejs.dir
[32.864s] -- Installing: /kanaloa_vorc/install/wave_gazebo_plugins/include/wave_gazebo_plugins/CMakeFiles/std_srvs_generate_messages_nodejs.dir
[32.864s] -- Installing: /kanaloa_vorc/install/wave_gazebo_plugins/include/wave_gazebo_plugins/CMakeFiles/3.10.2
[32.865s] -- Installing: /kanaloa_vorc/install/wave_gazebo_plugins/include/wave_gazebo_plugins/CMakeFiles/3.10.2/CompilerIdC
[32.865s] -- Installing: /kanaloa_vorc/install/wave_gazebo_plugins/include/wave_gazebo_plugins/CMakeFiles/3.10.2/CompilerIdC/tmp
[32.865s] -- Installing: /kanaloa_vorc/install/wave_gazebo_plugins/include/wave_gazebo_plugins/CMakeFiles/3.10.2/CompilerIdCXX
[32.865s] -- Installing: /kanaloa_vorc/install/wave_gazebo_plugins/include/wave_gazebo_plugins/CMakeFiles/3.10.2/CompilerIdCXX/tmp
[32.865s] -- Installing: /kanaloa_vorc/install/wave_gazebo_plugins/include/wave_gazebo_plugins/test_results
[32.865s] -- Installing: /kanaloa_vorc/install/wave_gazebo_plugins/include/wave_gazebo_plugins/atomic_configure
[32.865s] -- Installing: /kanaloa_vorc/install/wave_gazebo_plugins/include/wave_gazebo_plugins/gtest
[32.865s] -- Installing: /kanaloa_vorc/install/wave_gazebo_plugins/include/wave_gazebo_plugins/gtest/googlemock
[32.865s] -- Installing: /kanaloa_vorc/install/wave_gazebo_plugins/include/wave_gazebo_plugins/gtest/googlemock/CMakeFiles
[32.865s] -- Installing: /kanaloa_vorc/install/wave_gazebo_plugins/include/wave_gazebo_plugins/gtest/googlemock/CMakeFiles/gmock.dir
[32.865s] -- Installing: /kanaloa_vorc/install/wave_gazebo_plugins/include/wave_gazebo_plugins/gtest/googlemock/CMakeFiles/gmock.dir/__
[32.865s] -- Installing: /kanaloa_vorc/install/wave_gazebo_plugins/include/wave_gazebo_plugins/gtest/googlemock/CMakeFiles/gmock.dir/__/googletest
[32.865s] -- Installing: /kanaloa_vorc/install/wave_gazebo_plugins/include/wave_gazebo_plugins/gtest/googlemock/CMakeFiles/gmock.dir/__/googletest/src
[32.865s] -- Installing: /kanaloa_vorc/install/wave_gazebo_plugins/include/wave_gazebo_plugins/gtest/googlemock/CMakeFiles/gmock.dir/src
[32.865s] -- Installing: /kanaloa_vorc/install/wave_gazebo_plugins/include/wave_gazebo_plugins/gtest/googlemock/CMakeFiles/gmock_main.dir
[32.866s] -- Installing: /kanaloa_vorc/install/wave_gazebo_plugins/include/wave_gazebo_plugins/gtest/googlemock/CMakeFiles/gmock_main.dir/__
[32.866s] -- Installing: /kanaloa_vorc/install/wave_gazebo_plugins/include/wave_gazebo_plugins/gtest/googlemock/CMakeFiles/gmock_main.dir/__/googletest
[32.866s] -- Installing: /kanaloa_vorc/install/wave_gazebo_plugins/include/wave_gazebo_plugins/gtest/googlemock/CMakeFiles/gmock_main.dir/__/googletest/src
[32.866s] -- Installing: /kanaloa_vorc/install/wave_gazebo_plugins/include/wave_gazebo_plugins/gtest/googlemock/CMakeFiles/gmock_main.dir/src
[32.866s] -- Installing: /kanaloa_vorc/install/wave_gazebo_plugins/include/wave_gazebo_plugins/gtest/googlemock/gtest
[32.866s] -- Installing: /kanaloa_vorc/install/wave_gazebo_plugins/include/wave_gazebo_plugins/gtest/googlemock/gtest/CMakeFiles
[32.866s] -- Installing: /kanaloa_vorc/install/wave_gazebo_plugins/include/wave_gazebo_plugins/gtest/googlemock/gtest/CMakeFiles/gtest_main.dir
[32.866s] -- Installing: /kanaloa_vorc/install/wave_gazebo_plugins/include/wave_gazebo_plugins/gtest/googlemock/gtest/CMakeFiles/gtest_main.dir/src
[32.866s] -- Installing: /kanaloa_vorc/install/wave_gazebo_plugins/include/wave_gazebo_plugins/gtest/googlemock/gtest/CMakeFiles/gtest.dir
[32.866s] -- Installing: /kanaloa_vorc/install/wave_gazebo_plugins/include/wave_gazebo_plugins/gtest/googlemock/gtest/CMakeFiles/gtest.dir/src
[32.866s] -- Installing: /kanaloa_vorc/install/wave_gazebo_plugins/include/wave_gazebo_plugins/gtest/CMakeFiles
[32.866s] Invoked command in '/kanaloa_vorc/build/wave_gazebo_plugins' returned '0': /usr/bin/cmake --build /kanaloa_vorc/build/wave_gazebo_plugins --target install -- -j6 -l6
