Determining if the pthread_create exist failed with the following output:
Change Dir: /kanaloa_vorc/build/way_point_wamv/CMakeFiles/CMakeTmp

Run Build Command:"/usr/bin/make" "cmTC_12175/fast"
/usr/bin/make -f CMakeFiles/cmTC_12175.dir/build.make CMakeFiles/cmTC_12175.dir/build
make[1]: Entering directory '/kanaloa_vorc/build/way_point_wamv/CMakeFiles/CMakeTmp'
Building C object CMakeFiles/cmTC_12175.dir/CheckSymbolExists.c.o
/usr/bin/cc    -o CMakeFiles/cmTC_12175.dir/CheckSymbolExists.c.o   -c /kanaloa_vorc/build/way_point_wamv/CMakeFiles/CMakeTmp/CheckSymbolExists.c
Linking C executable cmTC_12175
/usr/bin/cmake -E cmake_link_script CMakeFiles/cmTC_12175.dir/link.txt --verbose=1
/usr/bin/cc      -rdynamic CMakeFiles/cmTC_12175.dir/CheckSymbolExists.c.o  -o cmTC_12175 
CMakeFiles/cmTC_12175.dir/CheckSymbolExists.c.o: In function `main':
CheckSymbolExists.c:(.text+0x1b): undefined reference to `pthread_create'
collect2: error: ld returned 1 exit status
CMakeFiles/cmTC_12175.dir/build.make:97: recipe for target 'cmTC_12175' failed
make[1]: *** [cmTC_12175] Error 1
make[1]: Leaving directory '/kanaloa_vorc/build/way_point_wamv/CMakeFiles/CMakeTmp'
Makefile:126: recipe for target 'cmTC_12175/fast' failed
make: *** [cmTC_12175/fast] Error 2

File /kanaloa_vorc/build/way_point_wamv/CMakeFiles/CMakeTmp/CheckSymbolExists.c:
/* */
#include <pthread.h>

int main(int argc, char** argv)
{
  (void)argv;
#ifndef pthread_create
  return ((int*)(&pthread_create))[argc];
#else
  (void)argc;
  return 0;
#endif
}

Determining if the function pthread_create exists in the pthreads failed with the following output:
Change Dir: /kanaloa_vorc/build/way_point_wamv/CMakeFiles/CMakeTmp

Run Build Command:"/usr/bin/make" "cmTC_9e26c/fast"
/usr/bin/make -f CMakeFiles/cmTC_9e26c.dir/build.make CMakeFiles/cmTC_9e26c.dir/build
make[1]: Entering directory '/kanaloa_vorc/build/way_point_wamv/CMakeFiles/CMakeTmp'
Building C object CMakeFiles/cmTC_9e26c.dir/CheckFunctionExists.c.o
/usr/bin/cc   -DCHECK_FUNCTION_EXISTS=pthread_create   -o CMakeFiles/cmTC_9e26c.dir/CheckFunctionExists.c.o   -c /usr/share/cmake-3.10/Modules/CheckFunctionExists.c
Linking C executable cmTC_9e26c
/usr/bin/cmake -E cmake_link_script CMakeFiles/cmTC_9e26c.dir/link.txt --verbose=1
/usr/bin/cc  -DCHECK_FUNCTION_EXISTS=pthread_create    -rdynamic CMakeFiles/cmTC_9e26c.dir/CheckFunctionExists.c.o  -o cmTC_9e26c -lpthreads 
/usr/bin/ld: cannot find -lpthreads
collect2: error: ld returned 1 exit status
CMakeFiles/cmTC_9e26c.dir/build.make:97: recipe for target 'cmTC_9e26c' failed
make[1]: *** [cmTC_9e26c] Error 1
make[1]: Leaving directory '/kanaloa_vorc/build/way_point_wamv/CMakeFiles/CMakeTmp'
Makefile:126: recipe for target 'cmTC_9e26c/fast' failed
make: *** [cmTC_9e26c/fast] Error 2


