[0.011s] Invoking command in '/kanaloa_vorc/build/usv_gazebo_plugins': CMAKE_PREFIX_PATH=/kanaloa_vorc/install/wave_gazebo_plugins:/kanaloa_vorc/install/usv_msgs:${CMAKE_PREFIX_PATH} LD_LIBRARY_PATH=/kanaloa_vorc/install/wave_gazebo_plugins/lib:${LD_LIBRARY_PATH} PKG_CONFIG_PATH=/kanaloa_vorc/install/wave_gazebo_plugins/lib/x86_64-linux-gnu/pkgconfig:/kanaloa_vorc/install/wave_gazebo_plugins/lib/pkgconfig:/kanaloa_vorc/install/usv_msgs/lib/x86_64-linux-gnu/pkgconfig:/kanaloa_vorc/install/usv_msgs/lib/pkgconfig:${PKG_CONFIG_PATH} PYTHONPATH=/kanaloa_vorc/install/usv_msgs/lib/python2.7/dist-packages:${PYTHONPATH} ROS_PACKAGE_PATH=/kanaloa_vorc/install/wave_gazebo_plugins/share:/kanaloa_vorc/install/usv_msgs/share:${ROS_PACKAGE_PATH} /usr/bin/cmake /kanaloa_vorc/src/vrx/usv_gazebo_plugins -DCATKIN_INSTALL_INTO_PREFIX_ROOT=0 -DCMAKE_INSTALL_PREFIX=/kanaloa_vorc/install/usv_gazebo_plugins
[0.091s] -- The C compiler identification is GNU 7.5.0
[0.141s] -- The CXX compiler identification is GNU 7.5.0
[0.145s] -- Check for working C compiler: /usr/bin/cc
[0.201s] -- Check for working C compiler: /usr/bin/cc -- works
[0.201s] -- Detecting C compiler ABI info
[0.255s] -- Detecting C compiler ABI info - done
[0.263s] -- Detecting C compile features
[0.430s] -- Detecting C compile features - done
[0.433s] -- Check for working CXX compiler: /usr/bin/c++
[0.496s] -- Check for working CXX compiler: /usr/bin/c++ -- works
[0.496s] -- Detecting CXX compiler ABI info
[0.561s] -- Detecting CXX compiler ABI info - done
[0.568s] -- Detecting CXX compile features
[0.854s] -- Detecting CXX compile features - done
[0.856s] -- Using CATKIN_DEVEL_PREFIX: /kanaloa_vorc/build/usv_gazebo_plugins/devel
[0.856s] -- Using CMAKE_PREFIX_PATH: /kanaloa_vorc/install/wave_gazebo_plugins;/kanaloa_vorc/install/usv_msgs;/vorc_ws/install/vorc_gazebo;/vorc_ws/install/vrx_gazebo;/vorc_ws/install/wave_gazebo;/vorc_ws/install/cora_description;/vorc_ws/install/wamv_gazebo;/vorc_ws/install/usv_gazebo_plugins;/vorc_ws/install/wave_gazebo_plugins;/vorc_ws/install/wamv_description;/vorc_ws/install/usv_msgs;/opt/ros/melodic
[0.856s] -- This workspace overlays: /kanaloa_vorc/install/wave_gazebo_plugins;/kanaloa_vorc/install/usv_msgs;/opt/ros/melodic
[0.874s] -- Found PythonInterp: /usr/bin/python2 (found suitable version "2.7.17", minimum required is "2") 
[0.874s] -- Using PYTHON_EXECUTABLE: /usr/bin/python2
[0.874s] -- Using Debian Python package layout
[0.874s] -- Using empy: /usr/bin/empy
[0.983s] -- Using CATKIN_ENABLE_TESTING: ON
[0.983s] -- Call enable_testing()
[0.985s] -- Using CATKIN_TEST_RESULTS_DIR: /kanaloa_vorc/build/usv_gazebo_plugins/test_results
[1.002s] -- Found gtest sources under '/usr/src/googletest': gtests will be built
[1.002s] -- Found gmock sources under '/usr/src/googletest': gmock will be built
[1.013s] -- Found PythonInterp: /usr/bin/python2 (found version "2.7.17") 
[1.014s] -- Looking for pthread.h
[1.072s] -- Looking for pthread.h - found
[1.072s] -- Looking for pthread_create
[1.129s] -- Looking for pthread_create - not found
[1.129s] -- Looking for pthread_create in pthreads
[1.177s] -- Looking for pthread_create in pthreads - not found
[1.177s] -- Looking for pthread_create in pthread
[1.233s] -- Looking for pthread_create in pthread - found
[1.234s] -- Found Threads: TRUE  
[1.237s] -- Using Python nosetests: /usr/bin/nosetests-2.7
[1.271s] -- catkin 0.7.29
[1.271s] -- BUILD_SHARED_LIBS is on
[1.348s] -- Found PkgConfig: /usr/bin/pkg-config (found version "0.29.1") 
[1.349s] -- Checking for module 'bullet>=2.82'
[1.362s] --   Found bullet, version 2.87
[1.399s] -- Found Simbody: /usr/include/simbody  
[1.469s] -- Boost version: 1.65.1
[1.469s] -- Found the following Boost libraries:
[1.469s] --   thread
[1.469s] --   system
[1.469s] --   filesystem
[1.469s] --   program_options
[1.469s] --   regex
[1.469s] --   iostreams
[1.469s] --   date_time
[1.469s] --   chrono
[1.469s] --   atomic
[1.481s] -- Found Protobuf: /usr/lib/x86_64-linux-gnu/libprotobuf.so;-lpthread (found version "3.0.0") 
[1.500s] -- Boost version: 1.65.1
[1.501s] -- Looking for OGRE...
[1.503s] -- OGRE_PREFIX_WATCH changed.
[1.507s] -- Checking for module 'OGRE'
[1.519s] --   Found OGRE, version 1.9.0
[1.549s] -- Found Ogre Ghadamon (1.9.0)
[1.553s] -- Found OGRE: optimized;/usr/lib/x86_64-linux-gnu/libOgreMain.so;debug;/usr/lib/x86_64-linux-gnu/libOgreMain.so
[1.595s] -- Looking for OGRE_Paging...
[1.598s] -- Found OGRE_Paging: optimized;/usr/lib/x86_64-linux-gnu/libOgrePaging.so;debug;/usr/lib/x86_64-linux-gnu/libOgrePaging.so
[1.598s] -- Looking for OGRE_Terrain...
[1.601s] -- Found OGRE_Terrain: optimized;/usr/lib/x86_64-linux-gnu/libOgreTerrain.so;debug;/usr/lib/x86_64-linux-gnu/libOgreTerrain.so
[1.601s] -- Looking for OGRE_Property...
[1.605s] -- Found OGRE_Property: optimized;/usr/lib/x86_64-linux-gnu/libOgreProperty.so;debug;/usr/lib/x86_64-linux-gnu/libOgreProperty.so
[1.605s] -- Looking for OGRE_RTShaderSystem...
[1.609s] -- Found OGRE_RTShaderSystem: optimized;/usr/lib/x86_64-linux-gnu/libOgreRTShaderSystem.so;debug;/usr/lib/x86_64-linux-gnu/libOgreRTShaderSystem.so
[1.609s] -- Looking for OGRE_Volume...
[1.613s] -- Found OGRE_Volume: optimized;/usr/lib/x86_64-linux-gnu/libOgreVolume.so;debug;/usr/lib/x86_64-linux-gnu/libOgreVolume.so
[1.613s] -- Looking for OGRE_Overlay...
[1.617s] -- Found OGRE_Overlay: optimized;/usr/lib/x86_64-linux-gnu/libOgreOverlay.so;debug;/usr/lib/x86_64-linux-gnu/libOgreOverlay.so
[1.694s] -- Found Protobuf: /usr/lib/x86_64-linux-gnu/libprotobuf.so;-lpthread;-lpthread (found suitable version "3.0.0", minimum required is "2.3.0") 
[1.701s] -- Config-file not installed for ZeroMQ -- checking for pkg-config
[1.705s] -- Checking for module 'libzmq >= 4'
[1.716s] --   Found libzmq , version 4.2.5
[1.745s] -- Found ZeroMQ: TRUE (Required is at least version "4") 
[1.750s] -- Checking for module 'uuid'
[1.763s] --   Found uuid, version 2.31.1
[1.797s] -- Found UUID: TRUE  
[1.806s] -- Checking for module 'tinyxml2'
[1.818s] --   Found tinyxml2, version 6.0.0
[1.849s] -- Looking for dlfcn.h - found
[1.850s] -- Looking for libdl - found
[1.851s] -- Found DL: TRUE  
[1.851s] -- FreeImage.pc not found, we will search for FreeImage_INCLUDE_DIRS and FreeImage_LIBRARIES
[1.918s] -- Checking for module 'gts'
[1.932s] --   Found gts, version 0.7.6
[1.969s] -- Found GTS: TRUE  
[1.975s] -- Checking for module 'libswscale'
[2.007s] --   Found libswscale, version 4.8.100
[2.208s] -- Found SWSCALE: TRUE  
[2.213s] -- Checking for module 'libavdevice >= 56.4.100'
[2.228s] --   Found libavdevice , version 57.10.100
[2.268s] -- Found AVDEVICE: TRUE (Required is at least version "56.4.100") 
[2.272s] -- Checking for module 'libavformat'
[2.286s] --   Found libavformat, version 57.83.100
[2.323s] -- Found AVFORMAT: TRUE  
[2.326s] -- Checking for module 'libavcodec'
[2.337s] --   Found libavcodec, version 57.107.100
[2.370s] -- Found AVCODEC: TRUE  
[2.374s] -- Checking for module 'libavutil'
[2.387s] --   Found libavutil, version 55.78.100
[2.423s] -- Found AVUTIL: TRUE  
[2.427s] -- Found CURL: /usr/lib/x86_64-linux-gnu/libcurl.so (found version "7.58.0") 
[2.433s] -- Checking for module 'jsoncpp'
[2.450s] --   Found jsoncpp, version 1.7.4
[2.486s] -- Found JSONCPP: TRUE  
[2.496s] -- Checking for module 'yaml-0.1'
[2.510s] --   Found yaml-0.1, version 0.1.7
[2.543s] -- Found YAML: TRUE  
[2.546s] -- Checking for module 'libzip'
[2.559s] --   Found libzip, version 1.1.2
[2.608s] -- Found ZIP: TRUE  
[2.608s] -- Gazebo version: 9.16
[2.673s] -- Using these message generators: gencpp;geneus;genlisp;gennodejs;genpy
[2.947s] -- xacro: determining deps for: worlds/buoyancy_plugin_demo.world.xacro ...
[3.013s] -- Configuring done
[3.116s] -- Generating done
[3.126s] -- Build files have been written to: /kanaloa_vorc/build/usv_gazebo_plugins
[3.132s] Invoked command in '/kanaloa_vorc/build/usv_gazebo_plugins' returned '0': CMAKE_PREFIX_PATH=/kanaloa_vorc/install/wave_gazebo_plugins:/kanaloa_vorc/install/usv_msgs:${CMAKE_PREFIX_PATH} LD_LIBRARY_PATH=/kanaloa_vorc/install/wave_gazebo_plugins/lib:${LD_LIBRARY_PATH} PKG_CONFIG_PATH=/kanaloa_vorc/install/wave_gazebo_plugins/lib/x86_64-linux-gnu/pkgconfig:/kanaloa_vorc/install/wave_gazebo_plugins/lib/pkgconfig:/kanaloa_vorc/install/usv_msgs/lib/x86_64-linux-gnu/pkgconfig:/kanaloa_vorc/install/usv_msgs/lib/pkgconfig:${PKG_CONFIG_PATH} PYTHONPATH=/kanaloa_vorc/install/usv_msgs/lib/python2.7/dist-packages:${PYTHONPATH} ROS_PACKAGE_PATH=/kanaloa_vorc/install/wave_gazebo_plugins/share:/kanaloa_vorc/install/usv_msgs/share:${ROS_PACKAGE_PATH} /usr/bin/cmake /kanaloa_vorc/src/vrx/usv_gazebo_plugins -DCATKIN_INSTALL_INTO_PREFIX_ROOT=0 -DCMAKE_INSTALL_PREFIX=/kanaloa_vorc/install/usv_gazebo_plugins
[3.135s] Invoking command in '/kanaloa_vorc/build/usv_gazebo_plugins': CMAKE_PREFIX_PATH=/kanaloa_vorc/install/wave_gazebo_plugins:/kanaloa_vorc/install/usv_msgs:${CMAKE_PREFIX_PATH} LD_LIBRARY_PATH=/kanaloa_vorc/install/wave_gazebo_plugins/lib:${LD_LIBRARY_PATH} PKG_CONFIG_PATH=/kanaloa_vorc/install/wave_gazebo_plugins/lib/x86_64-linux-gnu/pkgconfig:/kanaloa_vorc/install/wave_gazebo_plugins/lib/pkgconfig:/kanaloa_vorc/install/usv_msgs/lib/x86_64-linux-gnu/pkgconfig:/kanaloa_vorc/install/usv_msgs/lib/pkgconfig:${PKG_CONFIG_PATH} PYTHONPATH=/kanaloa_vorc/install/usv_msgs/lib/python2.7/dist-packages:${PYTHONPATH} ROS_PACKAGE_PATH=/kanaloa_vorc/install/wave_gazebo_plugins/share:/kanaloa_vorc/install/usv_msgs/share:${ROS_PACKAGE_PATH} /usr/bin/cmake --build /kanaloa_vorc/build/usv_gazebo_plugins -- -j6 -l6
[3.173s] [35m[1mScanning dependencies of target usv_gazebo_plugins__xacro_auto_generate[0m
[3.173s] [35m[1mScanning dependencies of target usv_gazebo_thrust_plugin[0m
[3.174s] [35m[1mScanning dependencies of target usv_gazebo_dynamics_plugin[0m
[3.174s] [35m[1mScanning dependencies of target usv_gazebo_wind_plugin[0m
[3.175s] [35m[1mScanning dependencies of target buoyancy_gazebo_plugin[0m
[3.175s] [35m[1mScanning dependencies of target usv_msgs_generate_messages_cpp[0m
[3.183s] [  6%] [34m[1mxacro: generating worlds/buoyancy_plugin_demo.world from worlds/buoyancy_plugin_demo.world.xacro[0m
[3.185s] [  6%] Built target usv_msgs_generate_messages_cpp
[3.199s] [35m[1mScanning dependencies of target usv_gazebo_plugins__xacro_auto_generate_to_devel_space_[0m
[3.211s] [ 12%] [34m[1mxacro: generating worlds/buoyancy_plugin_demo.world from worlds/buoyancy_plugin_demo.world.xacro[0m
[3.263s] 
[3.279s] 
[3.280s] [ 12%] Built target usv_gazebo_plugins__xacro_auto_generate
[3.286s] [ 18%] [32mBuilding CXX object CMakeFiles/usv_gazebo_wind_plugin.dir/src/usv_gazebo_wind_plugin.cc.o[0m
[3.289s] [ 25%] [32mBuilding CXX object CMakeFiles/buoyancy_gazebo_plugin.dir/src/buoyancy_gazebo_plugin.cc.o[0m
[3.293s] [ 31%] [32mBuilding CXX object CMakeFiles/usv_gazebo_thrust_plugin.dir/src/usv_gazebo_thrust_plugin.cc.o[0m
[3.294s] [ 37%] [32mBuilding CXX object CMakeFiles/buoyancy_gazebo_plugin.dir/src/shape_volume.cc.o[0m
[3.298s] [ 43%] [34m[1mcreating dir /kanaloa_vorc/build/usv_gazebo_plugins/devel/share/usv_gazebo_plugins/worlds[0m
[3.318s] [ 50%] [34m[1mCopying to devel space: /kanaloa_vorc/build/usv_gazebo_plugins/devel/share/usv_gazebo_plugins/worlds/buoyancy_plugin_demo.world[0m
[3.322s] [ 56%] [32mBuilding CXX object CMakeFiles/usv_gazebo_dynamics_plugin.dir/src/usv_gazebo_dynamics_plugin.cc.o[0m
[3.341s] [ 56%] Built target usv_gazebo_plugins__xacro_auto_generate_to_devel_space_
[3.351s] [35m[1mScanning dependencies of target usv_gazebo_acoustic_pinger_plugin[0m
[3.457s] [ 62%] [32mBuilding CXX object CMakeFiles/usv_gazebo_acoustic_pinger_plugin.dir/src/acoustic_pinger_plugin.cc.o[0m
[6.480s] [ 68%] [32mBuilding CXX object CMakeFiles/buoyancy_gazebo_plugin.dir/src/polyhedron_volume.cc.o[0m
[9.528s] [35m[1mScanning dependencies of target usv_gazebo_plugins_xacro_generated_to_devel_space_[0m
[9.543s] [ 68%] Built target usv_gazebo_plugins_xacro_generated_to_devel_space_
[10.041s] [ 75%] [32m[1mLinking CXX shared library devel/lib/libusv_gazebo_wind_plugin.so[0m
[10.251s] [ 81%] [32m[1mLinking CXX shared library devel/lib/libusv_gazebo_acoustic_pinger_plugin.so[0m
[10.267s] [ 87%] [32m[1mLinking CXX shared library devel/lib/libusv_gazebo_thrust_plugin.so[0m
[10.525s] [ 93%] [32m[1mLinking CXX shared library devel/lib/libbuoyancy_gazebo_plugin.so[0m
[10.539s] [ 93%] Built target usv_gazebo_wind_plugin
[10.722s] [ 93%] Built target usv_gazebo_acoustic_pinger_plugin
[10.774s] [ 93%] Built target usv_gazebo_thrust_plugin
[10.936s] [ 93%] Built target buoyancy_gazebo_plugin
[11.572s] [100%] [32m[1mLinking CXX shared library devel/lib/libusv_gazebo_dynamics_plugin.so[0m
[11.855s] [100%] Built target usv_gazebo_dynamics_plugin
[11.865s] Invoked command in '/kanaloa_vorc/build/usv_gazebo_plugins' returned '0': CMAKE_PREFIX_PATH=/kanaloa_vorc/install/wave_gazebo_plugins:/kanaloa_vorc/install/usv_msgs:${CMAKE_PREFIX_PATH} LD_LIBRARY_PATH=/kanaloa_vorc/install/wave_gazebo_plugins/lib:${LD_LIBRARY_PATH} PKG_CONFIG_PATH=/kanaloa_vorc/install/wave_gazebo_plugins/lib/x86_64-linux-gnu/pkgconfig:/kanaloa_vorc/install/wave_gazebo_plugins/lib/pkgconfig:/kanaloa_vorc/install/usv_msgs/lib/x86_64-linux-gnu/pkgconfig:/kanaloa_vorc/install/usv_msgs/lib/pkgconfig:${PKG_CONFIG_PATH} PYTHONPATH=/kanaloa_vorc/install/usv_msgs/lib/python2.7/dist-packages:${PYTHONPATH} ROS_PACKAGE_PATH=/kanaloa_vorc/install/wave_gazebo_plugins/share:/kanaloa_vorc/install/usv_msgs/share:${ROS_PACKAGE_PATH} /usr/bin/cmake --build /kanaloa_vorc/build/usv_gazebo_plugins -- -j6 -l6
[11.940s] Invoking command in '/kanaloa_vorc/build/usv_gazebo_plugins': CMAKE_PREFIX_PATH=/kanaloa_vorc/install/wave_gazebo_plugins:/kanaloa_vorc/install/usv_msgs:${CMAKE_PREFIX_PATH} LD_LIBRARY_PATH=/kanaloa_vorc/install/wave_gazebo_plugins/lib:${LD_LIBRARY_PATH} PKG_CONFIG_PATH=/kanaloa_vorc/install/wave_gazebo_plugins/lib/x86_64-linux-gnu/pkgconfig:/kanaloa_vorc/install/wave_gazebo_plugins/lib/pkgconfig:/kanaloa_vorc/install/usv_msgs/lib/x86_64-linux-gnu/pkgconfig:/kanaloa_vorc/install/usv_msgs/lib/pkgconfig:${PKG_CONFIG_PATH} PYTHONPATH=/kanaloa_vorc/install/usv_msgs/lib/python2.7/dist-packages:${PYTHONPATH} ROS_PACKAGE_PATH=/kanaloa_vorc/install/wave_gazebo_plugins/share:/kanaloa_vorc/install/usv_msgs/share:${ROS_PACKAGE_PATH} /usr/bin/cmake --build /kanaloa_vorc/build/usv_gazebo_plugins --target tests -- -j6 -l6
[11.994s] [35m[1mScanning dependencies of target gtest[0m
[12.010s] [ 12%] [32mBuilding CXX object gtest/googlemock/gtest/CMakeFiles/gtest.dir/src/gtest-all.cc.o[0m
[12.020s] [ 62%] Built target buoyancy_gazebo_plugin
[13.677s] [ 75%] [32m[1mLinking CXX shared library libgtest.so[0m
[13.769s] [ 75%] Built target gtest
[13.777s] [35m[1mScanning dependencies of target buoyancy_plugin_test[0m
[13.813s] [ 87%] [32mBuilding CXX object CMakeFiles/buoyancy_plugin_test.dir/test/buoyancy_test.cc.o[0m
[16.202s] [100%] [32m[1mLinking CXX executable devel/lib/usv_gazebo_plugins/buoyancy_plugin_test[0m
[17.052s] [100%] Built target buoyancy_plugin_test
[17.060s] [35m[1mScanning dependencies of target tests[0m
[17.069s] [100%] Built target tests
[17.078s] Invoked command in '/kanaloa_vorc/build/usv_gazebo_plugins' returned '0': CMAKE_PREFIX_PATH=/kanaloa_vorc/install/wave_gazebo_plugins:/kanaloa_vorc/install/usv_msgs:${CMAKE_PREFIX_PATH} LD_LIBRARY_PATH=/kanaloa_vorc/install/wave_gazebo_plugins/lib:${LD_LIBRARY_PATH} PKG_CONFIG_PATH=/kanaloa_vorc/install/wave_gazebo_plugins/lib/x86_64-linux-gnu/pkgconfig:/kanaloa_vorc/install/wave_gazebo_plugins/lib/pkgconfig:/kanaloa_vorc/install/usv_msgs/lib/x86_64-linux-gnu/pkgconfig:/kanaloa_vorc/install/usv_msgs/lib/pkgconfig:${PKG_CONFIG_PATH} PYTHONPATH=/kanaloa_vorc/install/usv_msgs/lib/python2.7/dist-packages:${PYTHONPATH} ROS_PACKAGE_PATH=/kanaloa_vorc/install/wave_gazebo_plugins/share:/kanaloa_vorc/install/usv_msgs/share:${ROS_PACKAGE_PATH} /usr/bin/cmake --build /kanaloa_vorc/build/usv_gazebo_plugins --target tests -- -j6 -l6
[17.153s] Invoking command in '/kanaloa_vorc/build/usv_gazebo_plugins': CMAKE_PREFIX_PATH=/kanaloa_vorc/install/wave_gazebo_plugins:/kanaloa_vorc/install/usv_msgs:${CMAKE_PREFIX_PATH} LD_LIBRARY_PATH=/kanaloa_vorc/install/wave_gazebo_plugins/lib:${LD_LIBRARY_PATH} PKG_CONFIG_PATH=/kanaloa_vorc/install/wave_gazebo_plugins/lib/x86_64-linux-gnu/pkgconfig:/kanaloa_vorc/install/wave_gazebo_plugins/lib/pkgconfig:/kanaloa_vorc/install/usv_msgs/lib/x86_64-linux-gnu/pkgconfig:/kanaloa_vorc/install/usv_msgs/lib/pkgconfig:${PKG_CONFIG_PATH} PYTHONPATH=/kanaloa_vorc/install/usv_msgs/lib/python2.7/dist-packages:${PYTHONPATH} ROS_PACKAGE_PATH=/kanaloa_vorc/install/wave_gazebo_plugins/share:/kanaloa_vorc/install/usv_msgs/share:${ROS_PACKAGE_PATH} /usr/bin/cmake --build /kanaloa_vorc/build/usv_gazebo_plugins --target install -- -j6 -l6
[17.205s] [  0%] Built target usv_msgs_generate_messages_cpp
[17.205s] [  6%] Built target usv_gazebo_plugins__xacro_auto_generate
[17.221s] [ 37%] Built target usv_gazebo_wind_plugin
[17.221s] [ 43%] Built target buoyancy_gazebo_plugin
[17.222s] [ 56%] Built target usv_gazebo_thrust_plugin
[17.225s] [ 75%] Built target usv_gazebo_plugins__xacro_auto_generate_to_devel_space_
[17.225s] [ 87%] Built target usv_gazebo_dynamics_plugin
[17.237s] [100%] Built target usv_gazebo_acoustic_pinger_plugin
[17.242s] [100%] Built target usv_gazebo_plugins_xacro_generated_to_devel_space_
[17.259s] [36mInstall the project...[0m
[17.266s] -- Install configuration: ""
[17.266s] -- Installing: /kanaloa_vorc/install/usv_gazebo_plugins/lib/pkgconfig/usv_gazebo_plugins.pc
[17.266s] -- Installing: /kanaloa_vorc/install/usv_gazebo_plugins/share/usv_gazebo_plugins/cmake/usv_gazebo_pluginsConfig.cmake
[17.266s] -- Installing: /kanaloa_vorc/install/usv_gazebo_plugins/share/usv_gazebo_plugins/cmake/usv_gazebo_pluginsConfig-version.cmake
[17.266s] -- Installing: /kanaloa_vorc/install/usv_gazebo_plugins/share/usv_gazebo_plugins/package.xml
[17.266s] -- Installing: /kanaloa_vorc/install/usv_gazebo_plugins/lib/libbuoyancy_gazebo_plugin.so
[17.267s] -- Set runtime path of "/kanaloa_vorc/install/usv_gazebo_plugins/lib/libbuoyancy_gazebo_plugin.so" to ""
[17.268s] -- Installing: /kanaloa_vorc/install/usv_gazebo_plugins/lib/libusv_gazebo_dynamics_plugin.so
[17.268s] -- Set runtime path of "/kanaloa_vorc/install/usv_gazebo_plugins/lib/libusv_gazebo_dynamics_plugin.so" to ""
[17.269s] -- Installing: /kanaloa_vorc/install/usv_gazebo_plugins/lib/libusv_gazebo_thrust_plugin.so
[17.270s] -- Set runtime path of "/kanaloa_vorc/install/usv_gazebo_plugins/lib/libusv_gazebo_thrust_plugin.so" to ""
[17.270s] -- Installing: /kanaloa_vorc/install/usv_gazebo_plugins/lib/libusv_gazebo_wind_plugin.so
[17.271s] -- Set runtime path of "/kanaloa_vorc/install/usv_gazebo_plugins/lib/libusv_gazebo_wind_plugin.so" to ""
[17.271s] -- Installing: /kanaloa_vorc/install/usv_gazebo_plugins/lib/libusv_gazebo_acoustic_pinger_plugin.so
[17.272s] -- Set runtime path of "/kanaloa_vorc/install/usv_gazebo_plugins/lib/libusv_gazebo_acoustic_pinger_plugin.so" to ""
[17.272s] -- Installing: /kanaloa_vorc/install/usv_gazebo_plugins/share/usv_gazebo_plugins/worlds/buoyancy_plugin_demo.world
[17.273s] -- Up-to-date: /kanaloa_vorc/install/usv_gazebo_plugins/share/usv_gazebo_plugins/worlds
[17.273s] -- Installing: /kanaloa_vorc/install/usv_gazebo_plugins/share/usv_gazebo_plugins/worlds/buoyancy_plugin_demo.world.xacro
[17.273s] -- Installing: /kanaloa_vorc/install/usv_gazebo_plugins/include/usv_gazebo_plugins
[17.273s] -- Installing: /kanaloa_vorc/install/usv_gazebo_plugins/include/usv_gazebo_plugins/usv_gazebo_thrust_plugin.hh
[17.273s] -- Installing: /kanaloa_vorc/install/usv_gazebo_plugins/include/usv_gazebo_plugins/acoustic_pinger_plugin.hh
[17.273s] -- Installing: /kanaloa_vorc/install/usv_gazebo_plugins/include/usv_gazebo_plugins/polyhedron_volume.hh
[17.273s] -- Installing: /kanaloa_vorc/install/usv_gazebo_plugins/include/usv_gazebo_plugins/usv_gazebo_wind_plugin.hh
[17.273s] -- Installing: /kanaloa_vorc/install/usv_gazebo_plugins/include/usv_gazebo_plugins/usv_gazebo_dynamics_plugin.hh
[17.273s] -- Installing: /kanaloa_vorc/install/usv_gazebo_plugins/include/usv_gazebo_plugins/shape_volume.hh
[17.273s] -- Installing: /kanaloa_vorc/install/usv_gazebo_plugins/include/usv_gazebo_plugins/buoyancy_gazebo_plugin.hh
[17.277s] Invoked command in '/kanaloa_vorc/build/usv_gazebo_plugins' returned '0': CMAKE_PREFIX_PATH=/kanaloa_vorc/install/wave_gazebo_plugins:/kanaloa_vorc/install/usv_msgs:${CMAKE_PREFIX_PATH} LD_LIBRARY_PATH=/kanaloa_vorc/install/wave_gazebo_plugins/lib:${LD_LIBRARY_PATH} PKG_CONFIG_PATH=/kanaloa_vorc/install/wave_gazebo_plugins/lib/x86_64-linux-gnu/pkgconfig:/kanaloa_vorc/install/wave_gazebo_plugins/lib/pkgconfig:/kanaloa_vorc/install/usv_msgs/lib/x86_64-linux-gnu/pkgconfig:/kanaloa_vorc/install/usv_msgs/lib/pkgconfig:${PKG_CONFIG_PATH} PYTHONPATH=/kanaloa_vorc/install/usv_msgs/lib/python2.7/dist-packages:${PYTHONPATH} ROS_PACKAGE_PATH=/kanaloa_vorc/install/wave_gazebo_plugins/share:/kanaloa_vorc/install/usv_msgs/share:${ROS_PACKAGE_PATH} /usr/bin/cmake --build /kanaloa_vorc/build/usv_gazebo_plugins --target install -- -j6 -l6
