[0.019s] Invoking command in '/kanaloa_vorc/build/wamv_description': /usr/bin/cmake --build /kanaloa_vorc/build/wamv_description -- -j6 -l6
[0.114s] [ 25%] Built target wamv_description__xacro_auto_generate
[0.141s] [100%] Built target wamv_description__xacro_auto_generate_to_devel_space_
[0.205s] [100%] Built target wamv_description_xacro_generated_to_devel_space_
[0.220s] Invoked command in '/kanaloa_vorc/build/wamv_description' returned '0': /usr/bin/cmake --build /kanaloa_vorc/build/wamv_description -- -j6 -l6
[0.258s] Invoking command in '/kanaloa_vorc/build/wamv_description': /usr/bin/cmake --build /kanaloa_vorc/build/wamv_description --target tests -- -j6 -l6
[0.307s] Built target tests
[0.317s] Invoked command in '/kanaloa_vorc/build/wamv_description' returned '0': /usr/bin/cmake --build /kanaloa_vorc/build/wamv_description --target tests -- -j6 -l6
[0.358s] Invoking command in '/kanaloa_vorc/build/wamv_description': /usr/bin/cmake --build /kanaloa_vorc/build/wamv_description --target install -- -j6 -l6
[0.405s] [ 75%] Built target wamv_description__xacro_auto_generate
[0.405s] [100%] Built target wamv_description__xacro_auto_generate_to_devel_space_
[0.425s] [100%] Built target wamv_description_xacro_generated_to_devel_space_
[0.438s] [36mInstall the project...[0m
[0.446s] -- Install configuration: ""
[0.446s] -- Up-to-date: /kanaloa_vorc/install/wamv_description/lib/pkgconfig/wamv_description.pc
[0.446s] -- Up-to-date: /kanaloa_vorc/install/wamv_description/share/wamv_description/cmake/wamv_descriptionConfig.cmake
[0.447s] -- Up-to-date: /kanaloa_vorc/install/wamv_description/share/wamv_description/cmake/wamv_descriptionConfig-version.cmake
[0.447s] -- Up-to-date: /kanaloa_vorc/install/wamv_description/share/wamv_description/package.xml
[0.447s] -- Up-to-date: /kanaloa_vorc/install/wamv_description/share/wamv_description/urdf/wamv_base.urdf
[0.447s] -- Up-to-date: /kanaloa_vorc/install/wamv_description/share/wamv_description/models
[0.447s] -- Up-to-date: /kanaloa_vorc/install/wamv_description/share/wamv_description/models/propeller
[0.447s] -- Up-to-date: /kanaloa_vorc/install/wamv_description/share/wamv_description/models/propeller/model.config
[0.447s] -- Up-to-date: /kanaloa_vorc/install/wamv_description/share/wamv_description/models/propeller/mesh
[0.447s] -- Up-to-date: /kanaloa_vorc/install/wamv_description/share/wamv_description/models/propeller/mesh/propeller.dae
[0.447s] -- Up-to-date: /kanaloa_vorc/install/wamv_description/share/wamv_description/models/engine
[0.447s] -- Up-to-date: /kanaloa_vorc/install/wamv_description/share/wamv_description/models/engine/model.config
[0.447s] -- Up-to-date: /kanaloa_vorc/install/wamv_description/share/wamv_description/models/engine/mesh
[0.447s] -- Up-to-date: /kanaloa_vorc/install/wamv_description/share/wamv_description/models/engine/mesh/engine.dae
[0.447s] -- Up-to-date: /kanaloa_vorc/install/wamv_description/share/wamv_description/models/WAM-V-Base
[0.447s] -- Up-to-date: /kanaloa_vorc/install/wamv_description/share/wamv_description/models/WAM-V-Base/model.config
[0.447s] -- Up-to-date: /kanaloa_vorc/install/wamv_description/share/wamv_description/models/WAM-V-Base/mesh
[0.447s] -- Up-to-date: /kanaloa_vorc/install/wamv_description/share/wamv_description/models/WAM-V-Base/mesh/WamV.png
[0.447s] -- Up-to-date: /kanaloa_vorc/install/wamv_description/share/wamv_description/models/WAM-V-Base/mesh/WAM-V-Base.dae
[0.447s] -- Up-to-date: /kanaloa_vorc/install/wamv_description/share/wamv_description/urdf
[0.447s] -- Up-to-date: /kanaloa_vorc/install/wamv_description/share/wamv_description/urdf/cpu_cases.xacro
[0.448s] -- Up-to-date: /kanaloa_vorc/install/wamv_description/share/wamv_description/urdf/wamv_base.urdf.xacro
[0.448s] -- Up-to-date: /kanaloa_vorc/install/wamv_description/share/wamv_description/urdf/thrusters
[0.448s] -- Up-to-date: /kanaloa_vorc/install/wamv_description/share/wamv_description/urdf/thrusters/engine.xacro
[0.448s] -- Up-to-date: /kanaloa_vorc/install/wamv_description/share/wamv_description/urdf/battery.xacro
[0.451s] Invoked command in '/kanaloa_vorc/build/wamv_description' returned '0': /usr/bin/cmake --build /kanaloa_vorc/build/wamv_description --target install -- -j6 -l6
